[0.366s] Invoking command in '/home/alex/ros2_ws/build/articubot_one': CMAKE_PREFIX_PATH=${CMAKE_PREFIX_PATH}:/home/alex/ros2_ws/install/people_pub:/home/alex/ros2_ws/install/get_state_human:/opt/ros/humble /usr/bin/cmake --build /home/alex/ros2_ws/build/articubot_one -- -j4 -l4
[1.710s] Invoked command in '/home/alex/ros2_ws/build/articubot_one' returned '0': CMAKE_PREFIX_PATH=${CMAKE_PREFIX_PATH}:/home/alex/ros2_ws/install/people_pub:/home/alex/ros2_ws/install/get_state_human:/opt/ros/humble /usr/bin/cmake --build /home/alex/ros2_ws/build/articubot_one -- -j4 -l4
[1.880s] Invoking command in '/home/alex/ros2_ws/build/articubot_one': CMAKE_PREFIX_PATH=${CMAKE_PREFIX_PATH}:/home/alex/ros2_ws/install/people_pub:/home/alex/ros2_ws/install/get_state_human:/opt/ros/humble /usr/bin/cmake --install /home/alex/ros2_ws/build/articubot_one
[1.905s] -- Install configuration: ""
[1.906s] -- Up-to-date: /home/alex/ros2_ws/install/articubot_one/share/articubot_one/config
[1.907s] -- Up-to-date: /home/alex/ros2_ws/install/articubot_one/share/articubot_one/config/drive_bot.rviz
[1.917s] -- Up-to-date: /home/alex/ros2_ws/install/articubot_one/share/articubot_one/config/mapping.rviz
[1.918s] -- Up-to-date: /home/alex/ros2_ws/install/articubot_one/share/articubot_one/config/social.rviz
[1.918s] -- Up-to-date: /home/alex/ros2_ws/install/articubot_one/share/articubot_one/config/main.rviz
[1.918s] -- Up-to-date: /home/alex/ros2_ws/install/articubot_one/share/articubot_one/config/mapper_params_online_async.yaml
[1.918s] -- Up-to-date: /home/alex/ros2_ws/install/articubot_one/share/articubot_one/config/empty.yaml
[1.918s] -- Up-to-date: /home/alex/ros2_ws/install/articubot_one/share/articubot_one/config/view_bot.rviz
[1.918s] -- Installing: /home/alex/ros2_ws/install/articubot_one/share/articubot_one/config/nav2_params.yaml
[1.918s] -- Up-to-date: /home/alex/ros2_ws/install/articubot_one/share/articubot_one/config/my_controllers.yaml
[1.918s] -- Up-to-date: /home/alex/ros2_ws/install/articubot_one/share/articubot_one/config/gazebo_params.yaml
[1.918s] -- Up-to-date: /home/alex/ros2_ws/install/articubot_one/share/articubot_one/description
[1.918s] -- Up-to-date: /home/alex/ros2_ws/install/articubot_one/share/articubot_one/description/camera.xacro
[1.918s] -- Up-to-date: /home/alex/ros2_ws/install/articubot_one/share/articubot_one/description/lidar.xacro
[1.919s] -- Up-to-date: /home/alex/ros2_ws/install/articubot_one/share/articubot_one/description/robot_core.xacro
[1.919s] -- Up-to-date: /home/alex/ros2_ws/install/articubot_one/share/articubot_one/description/inertial_macros.xacro
[1.919s] -- Up-to-date: /home/alex/ros2_ws/install/articubot_one/share/articubot_one/description/ros2_control.xacro
[1.920s] -- Up-to-date: /home/alex/ros2_ws/install/articubot_one/share/articubot_one/description/robot.urdf.xacro
[1.920s] -- Up-to-date: /home/alex/ros2_ws/install/articubot_one/share/articubot_one/description/gazebo_control.xacro
[1.920s] -- Up-to-date: /home/alex/ros2_ws/install/articubot_one/share/articubot_one/description/depth_camera.xacro
[1.921s] -- Up-to-date: /home/alex/ros2_ws/install/articubot_one/share/articubot_one/launch
[1.921s] -- Up-to-date: /home/alex/ros2_ws/install/articubot_one/share/articubot_one/launch/launch_sim.launch.py
[1.921s] -- Up-to-date: /home/alex/ros2_ws/install/articubot_one/share/articubot_one/launch/online_async_launch.py
[1.921s] -- Up-to-date: /home/alex/ros2_ws/install/articubot_one/share/articubot_one/launch/localization_launch.py
[1.931s] -- Up-to-date: /home/alex/ros2_ws/install/articubot_one/share/articubot_one/launch/rsp.launch.py
[1.932s] -- Up-to-date: /home/alex/ros2_ws/install/articubot_one/share/articubot_one/launch/navigation_launch.py
[1.932s] -- Up-to-date: /home/alex/ros2_ws/install/articubot_one/share/articubot_one/worlds
[1.933s] -- Up-to-date: /home/alex/ros2_ws/install/articubot_one/share/articubot_one/worlds/social.world
[1.933s] -- Up-to-date: /home/alex/ros2_ws/install/articubot_one/share/articubot_one/worlds/social_inter.world
[1.933s] -- Up-to-date: /home/alex/ros2_ws/install/articubot_one/share/articubot_one/worlds/obstacles.world
[1.933s] -- Up-to-date: /home/alex/ros2_ws/install/articubot_one/share/articubot_one/worlds/empty.world
[1.933s] -- Up-to-date: /home/alex/ros2_ws/install/articubot_one/share/articubot_one/src
[1.933s] -- Up-to-date: /home/alex/ros2_ws/install/articubot_one/share/articubot_one/src/get_state.cpp
[1.933s] -- Up-to-date: /home/alex/ros2_ws/install/articubot_one/share/ament_index/resource_index/package_run_dependencies/articubot_one
[1.933s] -- Up-to-date: /home/alex/ros2_ws/install/articubot_one/share/ament_index/resource_index/parent_prefix_path/articubot_one
[1.933s] -- Up-to-date: /home/alex/ros2_ws/install/articubot_one/share/articubot_one/environment/ament_prefix_path.sh
[1.933s] -- Up-to-date: /home/alex/ros2_ws/install/articubot_one/share/articubot_one/environment/ament_prefix_path.dsv
[1.933s] -- Up-to-date: /home/alex/ros2_ws/install/articubot_one/share/articubot_one/environment/path.sh
[1.934s] -- Up-to-date: /home/alex/ros2_ws/install/articubot_one/share/articubot_one/environment/path.dsv
[1.934s] -- Up-to-date: /home/alex/ros2_ws/install/articubot_one/share/articubot_one/local_setup.bash
[1.934s] -- Up-to-date: /home/alex/ros2_ws/install/articubot_one/share/articubot_one/local_setup.sh
[1.934s] -- Up-to-date: /home/alex/ros2_ws/install/articubot_one/share/articubot_one/local_setup.zsh
[1.934s] -- Up-to-date: /home/alex/ros2_ws/install/articubot_one/share/articubot_one/local_setup.dsv
[1.934s] -- Installing: /home/alex/ros2_ws/install/articubot_one/share/articubot_one/package.dsv
[1.934s] -- Up-to-date: /home/alex/ros2_ws/install/articubot_one/share/ament_index/resource_index/packages/articubot_one
[1.934s] -- Up-to-date: /home/alex/ros2_ws/install/articubot_one/share/articubot_one/cmake/articubot_oneConfig.cmake
[1.934s] -- Up-to-date: /home/alex/ros2_ws/install/articubot_one/share/articubot_one/cmake/articubot_oneConfig-version.cmake
[1.934s] -- Up-to-date: /home/alex/ros2_ws/install/articubot_one/share/articubot_one/package.xml
[1.953s] Invoked command in '/home/alex/ros2_ws/build/articubot_one' returned '0': CMAKE_PREFIX_PATH=${CMAKE_PREFIX_PATH}:/home/alex/ros2_ws/install/people_pub:/home/alex/ros2_ws/install/get_state_human:/opt/ros/humble /usr/bin/cmake --install /home/alex/ros2_ws/build/articubot_one
