[0.166s] Invoking command in '/home/alex/ros2_ws/build/articubot_one': CMAKE_PREFIX_PATH=/opt/ros/humble /usr/bin/cmake /home/alex/ros2_ws/src/articubot_one -DCMAKE_INSTALL_PREFIX=/home/alex/ros2_ws/install/articubot_one
[0.232s] -- The C compiler identification is GNU 11.4.0
[0.303s] -- The CXX compiler identification is GNU 11.4.0
[0.311s] -- Detecting C compiler ABI info
[0.401s] -- Detecting C compiler ABI info - done
[0.409s] -- Check for working C compiler: /usr/bin/cc - skipped
[0.410s] -- Detecting C compile features
[0.410s] -- Detecting C compile features - done
[0.414s] -- Detecting CXX compiler ABI info
[0.510s] -- Detecting CXX compiler ABI info - done
[0.518s] -- Check for working CXX compiler: /usr/bin/c++ - skipped
[0.519s] -- Detecting CXX compile features
[0.519s] -- Detecting CXX compile features - done
[0.523s] -- Found ament_cmake: 1.3.6 (/opt/ros/humble/share/ament_cmake/cmake)
[0.730s] -- Found Python3: /usr/bin/python3.10 (found version "3.10.12") found components: Interpreter 
[0.854s] -- Found ament_lint_auto: 0.12.9 (/opt/ros/humble/share/ament_lint_auto/cmake)
[0.963s] -- Added test 'copyright' to check source files copyright and LICENSE
[0.975s] -- Added test 'cppcheck' to perform static code analysis on C / C++ code
[0.976s] -- Configured cppcheck include dirs: 
[0.976s] -- Configured cppcheck exclude dirs and/or files: 
[0.988s] -- Added test 'cpplint' to check C / C++ code against the Google style
[0.988s] -- Configured cpplint exclude dirs and/or files: 
[0.990s] -- Added test 'flake8' to check Python code syntax and style conventions
[0.993s] -- Added test 'lint_cmake' to check CMake code style
[0.995s] -- Added test 'pep257' to check Python code against some of the docstring style conventions in PEP 257
[1.008s] -- Added test 'uncrustify' to check C / C++ code style
[1.008s] -- Configured uncrustify additional arguments: 
[1.010s] -- Added test 'xmllint' to check XML markup files
[1.011s] -- Configuring done
[1.015s] -- Generating done
[1.016s] -- Build files have been written to: /home/alex/ros2_ws/build/articubot_one
[1.023s] Invoked command in '/home/alex/ros2_ws/build/articubot_one' returned '0': CMAKE_PREFIX_PATH=/opt/ros/humble /usr/bin/cmake /home/alex/ros2_ws/src/articubot_one -DCMAKE_INSTALL_PREFIX=/home/alex/ros2_ws/install/articubot_one
[1.023s] Invoking command in '/home/alex/ros2_ws/build/articubot_one': CMAKE_PREFIX_PATH=/opt/ros/humble /usr/bin/cmake --build /home/alex/ros2_ws/build/articubot_one -- -j4 -l4
[1.068s] Invoked command in '/home/alex/ros2_ws/build/articubot_one' returned '0': CMAKE_PREFIX_PATH=/opt/ros/humble /usr/bin/cmake --build /home/alex/ros2_ws/build/articubot_one -- -j4 -l4
[1.105s] Invoking command in '/home/alex/ros2_ws/build/articubot_one': CMAKE_PREFIX_PATH=/opt/ros/humble /usr/bin/cmake --install /home/alex/ros2_ws/build/articubot_one
[1.113s] -- Install configuration: ""
[1.113s] -- Installing: /home/alex/ros2_ws/install/articubot_one/share/articubot_one/config
[1.113s] -- Installing: /home/alex/ros2_ws/install/articubot_one/share/articubot_one/config/drive_bot.rviz
[1.114s] -- Installing: /home/alex/ros2_ws/install/articubot_one/share/articubot_one/config/mapping.rviz
[1.114s] -- Installing: /home/alex/ros2_ws/install/articubot_one/share/articubot_one/config/social.rviz
[1.114s] -- Installing: /home/alex/ros2_ws/install/articubot_one/share/articubot_one/config/main.rviz
[1.114s] -- Installing: /home/alex/ros2_ws/install/articubot_one/share/articubot_one/config/mapper_params_online_async.yaml
[1.114s] -- Installing: /home/alex/ros2_ws/install/articubot_one/share/articubot_one/config/empty.yaml
[1.114s] -- Installing: /home/alex/ros2_ws/install/articubot_one/share/articubot_one/config/view_bot.rviz
[1.114s] -- Installing: /home/alex/ros2_ws/install/articubot_one/share/articubot_one/config/nav2_params.yaml
[1.115s] -- Installing: /home/alex/ros2_ws/install/articubot_one/share/articubot_one/config/my_controllers.yaml
[1.115s] -- Installing: /home/alex/ros2_ws/install/articubot_one/share/articubot_one/config/gazebo_params.yaml
[1.115s] -- Installing: /home/alex/ros2_ws/install/articubot_one/share/articubot_one/description
[1.115s] -- Installing: /home/alex/ros2_ws/install/articubot_one/share/articubot_one/description/camera.xacro
[1.115s] -- Installing: /home/alex/ros2_ws/install/articubot_one/share/articubot_one/description/lidar.xacro
[1.115s] -- Installing: /home/alex/ros2_ws/install/articubot_one/share/articubot_one/description/robot_core.xacro
[1.115s] -- Installing: /home/alex/ros2_ws/install/articubot_one/share/articubot_one/description/inertial_macros.xacro
[1.115s] -- Installing: /home/alex/ros2_ws/install/articubot_one/share/articubot_one/description/ros2_control.xacro
[1.116s] -- Installing: /home/alex/ros2_ws/install/articubot_one/share/articubot_one/description/robot.urdf.xacro
[1.116s] -- Installing: /home/alex/ros2_ws/install/articubot_one/share/articubot_one/description/gazebo_control.xacro
[1.116s] -- Installing: /home/alex/ros2_ws/install/articubot_one/share/articubot_one/description/depth_camera.xacro
[1.116s] -- Installing: /home/alex/ros2_ws/install/articubot_one/share/articubot_one/launch
[1.116s] -- Installing: /home/alex/ros2_ws/install/articubot_one/share/articubot_one/launch/launch_sim.launch.py
[1.116s] -- Installing: /home/alex/ros2_ws/install/articubot_one/share/articubot_one/launch/online_async_launch.py
[1.116s] -- Installing: /home/alex/ros2_ws/install/articubot_one/share/articubot_one/launch/localization_launch.py
[1.116s] -- Installing: /home/alex/ros2_ws/install/articubot_one/share/articubot_one/launch/rsp.launch.py
[1.117s] -- Installing: /home/alex/ros2_ws/install/articubot_one/share/articubot_one/launch/navigation_launch.py
[1.117s] -- Installing: /home/alex/ros2_ws/install/articubot_one/share/articubot_one/worlds
[1.117s] -- Installing: /home/alex/ros2_ws/install/articubot_one/share/articubot_one/worlds/social.world
[1.117s] -- Installing: /home/alex/ros2_ws/install/articubot_one/share/articubot_one/worlds/social_inter.world
[1.117s] -- Installing: /home/alex/ros2_ws/install/articubot_one/share/articubot_one/worlds/obstacles.world
[1.117s] -- Installing: /home/alex/ros2_ws/install/articubot_one/share/articubot_one/worlds/empty.world
[1.117s] -- Installing: /home/alex/ros2_ws/install/articubot_one/share/articubot_one/src
[1.118s] -- Installing: /home/alex/ros2_ws/install/articubot_one/share/articubot_one/src/get_state.cpp
[1.118s] -- Installing: /home/alex/ros2_ws/install/articubot_one/share/ament_index/resource_index/package_run_dependencies/articubot_one
[1.118s] -- Installing: /home/alex/ros2_ws/install/articubot_one/share/ament_index/resource_index/parent_prefix_path/articubot_one
[1.118s] -- Installing: /home/alex/ros2_ws/install/articubot_one/share/articubot_one/environment/ament_prefix_path.sh
[1.118s] -- Installing: /home/alex/ros2_ws/install/articubot_one/share/articubot_one/environment/ament_prefix_path.dsv
[1.119s] -- Installing: /home/alex/ros2_ws/install/articubot_one/share/articubot_one/environment/path.sh
[1.119s] -- Installing: /home/alex/ros2_ws/install/articubot_one/share/articubot_one/environment/path.dsv
[1.119s] -- Installing: /home/alex/ros2_ws/install/articubot_one/share/articubot_one/local_setup.bash
[1.119s] -- Installing: /home/alex/ros2_ws/install/articubot_one/share/articubot_one/local_setup.sh
[1.119s] -- Installing: /home/alex/ros2_ws/install/articubot_one/share/articubot_one/local_setup.zsh
[1.119s] -- Installing: /home/alex/ros2_ws/install/articubot_one/share/articubot_one/local_setup.dsv
[1.119s] -- Installing: /home/alex/ros2_ws/install/articubot_one/share/articubot_one/package.dsv
[1.120s] -- Installing: /home/alex/ros2_ws/install/articubot_one/share/ament_index/resource_index/packages/articubot_one
[1.120s] -- Installing: /home/alex/ros2_ws/install/articubot_one/share/articubot_one/cmake/articubot_oneConfig.cmake
[1.120s] -- Installing: /home/alex/ros2_ws/install/articubot_one/share/articubot_one/cmake/articubot_oneConfig-version.cmake
[1.120s] -- Installing: /home/alex/ros2_ws/install/articubot_one/share/articubot_one/package.xml
[1.123s] Invoked command in '/home/alex/ros2_ws/build/articubot_one' returned '0': CMAKE_PREFIX_PATH=/opt/ros/humble /usr/bin/cmake --install /home/alex/ros2_ws/build/articubot_one
