[2.347s] Invoking command in '/home/alex/ros2_ws/src/people_pub': CMAKE_PREFIX_PATH=/home/alex/ros2_ws/install/people_msgs:/home/alex/ros2_ws/install/leg_detector_msgs:/home/alex/ros2_ws/install/nav2_social_costmap_plugin:/home/alex/ros2_ws/install/leg_detector:/home/alex/ros2_ws/install/articubot_one LD_LIBRARY_PATH=/home/alex/ros2_ws/install/people_msgs/lib:/home/alex/ros2_ws/install/leg_detector_msgs/lib:/home/alex/ros2_ws/install/nav2_social_costmap_plugin/lib:/usr/lib/x86_64-linux-gnu/gazebo-11/plugins:/opt/ros/humble/opt/rviz_ogre_vendor/lib:/opt/ros/humble/lib/x86_64-linux-gnu:/opt/ros/humble/lib PYTHONPATH=/home/alex/ros2_ws/build/people_pub/prefix_override:/home/alex/ros2_ws/install/people_pub/lib/python3.10/site-packages:${PYTHONPATH} /usr/bin/python3 setup.py egg_info --egg-base ../../build/people_pub build --build-base /home/alex/ros2_ws/build/people_pub/build install --record /home/alex/ros2_ws/build/people_pub/install.log --single-version-externally-managed
[2.979s] running egg_info
[2.980s] writing ../../build/people_pub/people_pub.egg-info/PKG-INFO
[2.980s] writing dependency_links to ../../build/people_pub/people_pub.egg-info/dependency_links.txt
[2.980s] writing entry points to ../../build/people_pub/people_pub.egg-info/entry_points.txt
[2.980s] writing requirements to ../../build/people_pub/people_pub.egg-info/requires.txt
[2.980s] writing top-level names to ../../build/people_pub/people_pub.egg-info/top_level.txt
[2.984s] reading manifest file '../../build/people_pub/people_pub.egg-info/SOURCES.txt'
[2.984s] adding license file 'LICENSE'
[2.985s] writing manifest file '../../build/people_pub/people_pub.egg-info/SOURCES.txt'
[2.985s] running build
[2.985s] running build_py
[2.985s] copying people_pub/people_publisher.py -> /home/alex/ros2_ws/build/people_pub/build/lib/people_pub
[2.986s] running install
[2.986s] running install_lib
[2.987s] copying /home/alex/ros2_ws/build/people_pub/build/lib/people_pub/people_publisher.py -> /home/alex/ros2_ws/install/people_pub/lib/python3.10/site-packages/people_pub
[2.988s] byte-compiling /home/alex/ros2_ws/install/people_pub/lib/python3.10/site-packages/people_pub/people_publisher.py to people_publisher.cpython-310.pyc
[2.990s] running install_data
[2.992s] running install_egg_info
[2.995s] removing '/home/alex/ros2_ws/install/people_pub/lib/python3.10/site-packages/people_pub-0.0.0-py3.10.egg-info' (and everything under it)
[2.995s] Copying ../../build/people_pub/people_pub.egg-info to /home/alex/ros2_ws/install/people_pub/lib/python3.10/site-packages/people_pub-0.0.0-py3.10.egg-info
[3.000s] running install_scripts
[3.043s] Installing people_publish script to /home/alex/ros2_ws/install/people_pub/lib/people_pub
[3.043s] writing list of installed files to '/home/alex/ros2_ws/build/people_pub/install.log'
[3.129s] Invoked command in '/home/alex/ros2_ws/src/people_pub' returned '0': CMAKE_PREFIX_PATH=/home/alex/ros2_ws/install/people_msgs:/home/alex/ros2_ws/install/leg_detector_msgs:/home/alex/ros2_ws/install/nav2_social_costmap_plugin:/home/alex/ros2_ws/install/leg_detector:/home/alex/ros2_ws/install/articubot_one LD_LIBRARY_PATH=/home/alex/ros2_ws/install/people_msgs/lib:/home/alex/ros2_ws/install/leg_detector_msgs/lib:/home/alex/ros2_ws/install/nav2_social_costmap_plugin/lib:/usr/lib/x86_64-linux-gnu/gazebo-11/plugins:/opt/ros/humble/opt/rviz_ogre_vendor/lib:/opt/ros/humble/lib/x86_64-linux-gnu:/opt/ros/humble/lib PYTHONPATH=/home/alex/ros2_ws/build/people_pub/prefix_override:/home/alex/ros2_ws/install/people_pub/lib/python3.10/site-packages:${PYTHONPATH} /usr/bin/python3 setup.py egg_info --egg-base ../../build/people_pub build --build-base /home/alex/ros2_ws/build/people_pub/build install --record /home/alex/ros2_ws/build/people_pub/install.log --single-version-externally-managed
