[0.191s] Invoking command in '/home/alex/ros2_ws/build/articubot_one': CMAKE_PREFIX_PATH=${CMAKE_PREFIX_PATH}:/home/alex/ros2_ws/install/people_pub:/home/alex/ros2_ws/install/get_state_human:/opt/ros/humble /usr/bin/cmake --build /home/alex/ros2_ws/build/articubot_one -- -j4 -l4
[0.691s] Invoked command in '/home/alex/ros2_ws/build/articubot_one' returned '0': CMAKE_PREFIX_PATH=${CMAKE_PREFIX_PATH}:/home/alex/ros2_ws/install/people_pub:/home/alex/ros2_ws/install/get_state_human:/opt/ros/humble /usr/bin/cmake --build /home/alex/ros2_ws/build/articubot_one -- -j4 -l4
[0.753s] Invoking command in '/home/alex/ros2_ws/build/articubot_one': CMAKE_PREFIX_PATH=${CMAKE_PREFIX_PATH}:/home/alex/ros2_ws/install/people_pub:/home/alex/ros2_ws/install/get_state_human:/opt/ros/humble /usr/bin/cmake --install /home/alex/ros2_ws/build/articubot_one
[0.763s] -- Install configuration: ""
[0.764s] -- Up-to-date: /home/alex/ros2_ws/install/articubot_one/share/articubot_one/config
[0.764s] -- Up-to-date: /home/alex/ros2_ws/install/articubot_one/share/articubot_one/config/drive_bot.rviz
[0.764s] -- Up-to-date: /home/alex/ros2_ws/install/articubot_one/share/articubot_one/config/mapping.rviz
[0.764s] -- Up-to-date: /home/alex/ros2_ws/install/articubot_one/share/articubot_one/config/social.rviz
[0.764s] -- Up-to-date: /home/alex/ros2_ws/install/articubot_one/share/articubot_one/config/main.rviz
[0.765s] -- Up-to-date: /home/alex/ros2_ws/install/articubot_one/share/articubot_one/config/mapper_params_online_async.yaml
[0.765s] -- Up-to-date: /home/alex/ros2_ws/install/articubot_one/share/articubot_one/config/empty.yaml
[0.765s] -- Up-to-date: /home/alex/ros2_ws/install/articubot_one/share/articubot_one/config/view_bot.rviz
[0.765s] -- Installing: /home/alex/ros2_ws/install/articubot_one/share/articubot_one/config/nav2_params.yaml
[0.765s] -- Up-to-date: /home/alex/ros2_ws/install/articubot_one/share/articubot_one/config/my_controllers.yaml
[0.766s] -- Up-to-date: /home/alex/ros2_ws/install/articubot_one/share/articubot_one/config/gazebo_params.yaml
[0.766s] -- Up-to-date: /home/alex/ros2_ws/install/articubot_one/share/articubot_one/description
[0.766s] -- Up-to-date: /home/alex/ros2_ws/install/articubot_one/share/articubot_one/description/camera.xacro
[0.766s] -- Up-to-date: /home/alex/ros2_ws/install/articubot_one/share/articubot_one/description/lidar.xacro
[0.766s] -- Up-to-date: /home/alex/ros2_ws/install/articubot_one/share/articubot_one/description/robot_core.xacro
[0.766s] -- Up-to-date: /home/alex/ros2_ws/install/articubot_one/share/articubot_one/description/inertial_macros.xacro
[0.766s] -- Up-to-date: /home/alex/ros2_ws/install/articubot_one/share/articubot_one/description/ros2_control.xacro
[0.767s] -- Up-to-date: /home/alex/ros2_ws/install/articubot_one/share/articubot_one/description/robot.urdf.xacro
[0.767s] -- Up-to-date: /home/alex/ros2_ws/install/articubot_one/share/articubot_one/description/gazebo_control.xacro
[0.767s] -- Up-to-date: /home/alex/ros2_ws/install/articubot_one/share/articubot_one/description/depth_camera.xacro
[0.767s] -- Up-to-date: /home/alex/ros2_ws/install/articubot_one/share/articubot_one/launch
[0.767s] -- Up-to-date: /home/alex/ros2_ws/install/articubot_one/share/articubot_one/launch/launch_sim.launch.py
[0.767s] -- Up-to-date: /home/alex/ros2_ws/install/articubot_one/share/articubot_one/launch/online_async_launch.py
[0.767s] -- Up-to-date: /home/alex/ros2_ws/install/articubot_one/share/articubot_one/launch/localization_launch.py
[0.768s] -- Up-to-date: /home/alex/ros2_ws/install/articubot_one/share/articubot_one/launch/rsp.launch.py
[0.768s] -- Up-to-date: /home/alex/ros2_ws/install/articubot_one/share/articubot_one/launch/navigation_launch.py
[0.768s] -- Up-to-date: /home/alex/ros2_ws/install/articubot_one/share/articubot_one/worlds
[0.768s] -- Up-to-date: /home/alex/ros2_ws/install/articubot_one/share/articubot_one/worlds/social.world
[0.768s] -- Up-to-date: /home/alex/ros2_ws/install/articubot_one/share/articubot_one/worlds/social_inter.world
[0.768s] -- Up-to-date: /home/alex/ros2_ws/install/articubot_one/share/articubot_one/worlds/obstacles.world
[0.768s] -- Up-to-date: /home/alex/ros2_ws/install/articubot_one/share/articubot_one/worlds/empty.world
[0.768s] -- Up-to-date: /home/alex/ros2_ws/install/articubot_one/share/articubot_one/src
[0.769s] -- Up-to-date: /home/alex/ros2_ws/install/articubot_one/share/articubot_one/src/get_state.cpp
[0.769s] -- Up-to-date: /home/alex/ros2_ws/install/articubot_one/share/ament_index/resource_index/package_run_dependencies/articubot_one
[0.769s] -- Up-to-date: /home/alex/ros2_ws/install/articubot_one/share/ament_index/resource_index/parent_prefix_path/articubot_one
[0.769s] -- Up-to-date: /home/alex/ros2_ws/install/articubot_one/share/articubot_one/environment/ament_prefix_path.sh
[0.769s] -- Up-to-date: /home/alex/ros2_ws/install/articubot_one/share/articubot_one/environment/ament_prefix_path.dsv
[0.770s] -- Up-to-date: /home/alex/ros2_ws/install/articubot_one/share/articubot_one/environment/path.sh
[0.770s] -- Up-to-date: /home/alex/ros2_ws/install/articubot_one/share/articubot_one/environment/path.dsv
[0.770s] -- Up-to-date: /home/alex/ros2_ws/install/articubot_one/share/articubot_one/local_setup.bash
[0.770s] -- Up-to-date: /home/alex/ros2_ws/install/articubot_one/share/articubot_one/local_setup.sh
[0.770s] -- Up-to-date: /home/alex/ros2_ws/install/articubot_one/share/articubot_one/local_setup.zsh
[0.771s] -- Up-to-date: /home/alex/ros2_ws/install/articubot_one/share/articubot_one/local_setup.dsv
[0.771s] -- Installing: /home/alex/ros2_ws/install/articubot_one/share/articubot_one/package.dsv
[0.771s] -- Up-to-date: /home/alex/ros2_ws/install/articubot_one/share/ament_index/resource_index/packages/articubot_one
[0.771s] -- Up-to-date: /home/alex/ros2_ws/install/articubot_one/share/articubot_one/cmake/articubot_oneConfig.cmake
[0.772s] -- Up-to-date: /home/alex/ros2_ws/install/articubot_one/share/articubot_one/cmake/articubot_oneConfig-version.cmake
[0.772s] -- Up-to-date: /home/alex/ros2_ws/install/articubot_one/share/articubot_one/package.xml
[0.778s] Invoked command in '/home/alex/ros2_ws/build/articubot_one' returned '0': CMAKE_PREFIX_PATH=${CMAKE_PREFIX_PATH}:/home/alex/ros2_ws/install/people_pub:/home/alex/ros2_ws/install/get_state_human:/opt/ros/humble /usr/bin/cmake --install /home/alex/ros2_ws/build/articubot_one
