[1.116s] DEBUG:colcon:Command line arguments: ['/usr/bin/colcon', 'build']
[1.116s] DEBUG:colcon:Parsed command line arguments: Namespace(log_base=None, log_level=None, verb_name='build', build_base='build', install_base='install', merge_install=False, symlink_install=False, test_result_base=None, continue_on_error=False, executor='parallel', parallel_workers=4, event_handlers=None, ignore_user_meta=False, metas=['./colcon.meta'], base_paths=['.'], packages_ignore=None, packages_ignore_regex=None, paths=None, packages_up_to=None, packages_up_to_regex=None, packages_above=None, packages_above_and_dependencies=None, packages_above_depth=None, packages_select_by_dep=None, packages_skip_by_dep=None, packages_skip_up_to=None, packages_select_build_failed=False, packages_skip_build_finished=False, packages_select_test_failures=False, packages_skip_test_passed=False, packages_select=None, packages_skip=None, packages_select_regex=None, packages_skip_regex=None, packages_start=None, packages_end=None, allow_overriding=[], cmake_args=None, cmake_target=None, cmake_target_skip_unavailable=False, cmake_clean_cache=False, cmake_clean_first=False, cmake_force_configure=False, ament_cmake_args=None, catkin_cmake_args=None, catkin_skip_building_tests=False, verb_parser=<colcon_defaults.argument_parser.defaults.DefaultArgumentsDecorator object at 0x7ff0b69854e0>, verb_extension=<colcon_core.verb.build.BuildVerb object at 0x7ff0b6985780>, main=<bound method BuildVerb.main of <colcon_core.verb.build.BuildVerb object at 0x7ff0b6985780>>)
[1.166s] Level 1:colcon.colcon_core.package_discovery:discover_packages(colcon_meta) check parameters
[1.167s] Level 1:colcon.colcon_core.package_discovery:discover_packages(recursive) check parameters
[1.167s] Level 1:colcon.colcon_core.package_discovery:discover_packages(ignore) check parameters
[1.167s] Level 1:colcon.colcon_core.package_discovery:discover_packages(path) check parameters
[1.167s] Level 1:colcon.colcon_core.package_discovery:discover_packages(colcon_meta) discover
[1.167s] Level 1:colcon.colcon_core.package_discovery:discover_packages(recursive) discover
[1.167s] INFO:colcon.colcon_core.package_discovery:Crawling recursively for packages in '/home/alex/ros2_ws'
[1.167s] Level 1:colcon.colcon_core.package_identification:_identify(.) by extensions ['ignore', 'ignore_ament_install']
[1.167s] Level 1:colcon.colcon_core.package_identification:_identify(.) by extension 'ignore'
[1.167s] Level 1:colcon.colcon_core.package_identification:_identify(.) by extension 'ignore_ament_install'
[1.167s] Level 1:colcon.colcon_core.package_identification:_identify(.) by extensions ['colcon_pkg']
[1.167s] Level 1:colcon.colcon_core.package_identification:_identify(.) by extension 'colcon_pkg'
[1.167s] Level 1:colcon.colcon_core.package_identification:_identify(.) by extensions ['colcon_meta']
[1.167s] Level 1:colcon.colcon_core.package_identification:_identify(.) by extension 'colcon_meta'
[1.167s] Level 1:colcon.colcon_core.package_identification:_identify(.) by extensions ['ros']
[1.167s] Level 1:colcon.colcon_core.package_identification:_identify(.) by extension 'ros'
[1.178s] Level 1:colcon.colcon_core.package_identification:_identify(.) by extensions ['cmake', 'python']
[1.178s] Level 1:colcon.colcon_core.package_identification:_identify(.) by extension 'cmake'
[1.178s] Level 1:colcon.colcon_core.package_identification:_identify(.) by extension 'python'
[1.179s] Level 1:colcon.colcon_core.package_identification:_identify(.) by extensions ['python_setup_py']
[1.179s] Level 1:colcon.colcon_core.package_identification:_identify(.) by extension 'python_setup_py'
[1.179s] Level 1:colcon.colcon_core.package_identification:_identify(build) by extensions ['ignore', 'ignore_ament_install']
[1.179s] Level 1:colcon.colcon_core.package_identification:_identify(build) by extension 'ignore'
[1.179s] Level 1:colcon.colcon_core.package_identification:_identify(build) ignored
[1.179s] Level 1:colcon.colcon_core.package_identification:_identify(install) by extensions ['ignore', 'ignore_ament_install']
[1.179s] Level 1:colcon.colcon_core.package_identification:_identify(install) by extension 'ignore'
[1.179s] Level 1:colcon.colcon_core.package_identification:_identify(install) ignored
[1.179s] Level 1:colcon.colcon_core.package_identification:_identify(log) by extensions ['ignore', 'ignore_ament_install']
[1.179s] Level 1:colcon.colcon_core.package_identification:_identify(log) by extension 'ignore'
[1.179s] Level 1:colcon.colcon_core.package_identification:_identify(log) ignored
[1.179s] Level 1:colcon.colcon_core.package_identification:_identify(src) by extensions ['ignore', 'ignore_ament_install']
[1.180s] Level 1:colcon.colcon_core.package_identification:_identify(src) by extension 'ignore'
[1.180s] Level 1:colcon.colcon_core.package_identification:_identify(src) by extension 'ignore_ament_install'
[1.180s] Level 1:colcon.colcon_core.package_identification:_identify(src) by extensions ['colcon_pkg']
[1.180s] Level 1:colcon.colcon_core.package_identification:_identify(src) by extension 'colcon_pkg'
[1.180s] Level 1:colcon.colcon_core.package_identification:_identify(src) by extensions ['colcon_meta']
[1.180s] Level 1:colcon.colcon_core.package_identification:_identify(src) by extension 'colcon_meta'
[1.180s] Level 1:colcon.colcon_core.package_identification:_identify(src) by extensions ['ros']
[1.180s] Level 1:colcon.colcon_core.package_identification:_identify(src) by extension 'ros'
[1.180s] Level 1:colcon.colcon_core.package_identification:_identify(src) by extensions ['cmake', 'python']
[1.180s] Level 1:colcon.colcon_core.package_identification:_identify(src) by extension 'cmake'
[1.180s] Level 1:colcon.colcon_core.package_identification:_identify(src) by extension 'python'
[1.180s] Level 1:colcon.colcon_core.package_identification:_identify(src) by extensions ['python_setup_py']
[1.180s] Level 1:colcon.colcon_core.package_identification:_identify(src) by extension 'python_setup_py'
[1.180s] Level 1:colcon.colcon_core.package_identification:_identify(src/People_msgs) by extensions ['ignore', 'ignore_ament_install']
[1.180s] Level 1:colcon.colcon_core.package_identification:_identify(src/People_msgs) by extension 'ignore'
[1.180s] Level 1:colcon.colcon_core.package_identification:_identify(src/People_msgs) by extension 'ignore_ament_install'
[1.180s] Level 1:colcon.colcon_core.package_identification:_identify(src/People_msgs) by extensions ['colcon_pkg']
[1.181s] Level 1:colcon.colcon_core.package_identification:_identify(src/People_msgs) by extension 'colcon_pkg'
[1.181s] Level 1:colcon.colcon_core.package_identification:_identify(src/People_msgs) by extensions ['colcon_meta']
[1.181s] Level 1:colcon.colcon_core.package_identification:_identify(src/People_msgs) by extension 'colcon_meta'
[1.181s] Level 1:colcon.colcon_core.package_identification:_identify(src/People_msgs) by extensions ['ros']
[1.181s] Level 1:colcon.colcon_core.package_identification:_identify(src/People_msgs) by extension 'ros'
[1.183s] DEBUG:colcon.colcon_core.package_identification:Package 'src/People_msgs' with type 'ros.ament_cmake' and name 'people_msgs'
[1.183s] Level 1:colcon.colcon_core.package_identification:_identify(src/articubot_one) by extensions ['ignore', 'ignore_ament_install']
[1.183s] Level 1:colcon.colcon_core.package_identification:_identify(src/articubot_one) by extension 'ignore'
[1.183s] Level 1:colcon.colcon_core.package_identification:_identify(src/articubot_one) by extension 'ignore_ament_install'
[1.183s] Level 1:colcon.colcon_core.package_identification:_identify(src/articubot_one) by extensions ['colcon_pkg']
[1.183s] Level 1:colcon.colcon_core.package_identification:_identify(src/articubot_one) by extension 'colcon_pkg'
[1.184s] Level 1:colcon.colcon_core.package_identification:_identify(src/articubot_one) by extensions ['colcon_meta']
[1.184s] Level 1:colcon.colcon_core.package_identification:_identify(src/articubot_one) by extension 'colcon_meta'
[1.184s] Level 1:colcon.colcon_core.package_identification:_identify(src/articubot_one) by extensions ['ros']
[1.184s] Level 1:colcon.colcon_core.package_identification:_identify(src/articubot_one) by extension 'ros'
[1.184s] DEBUG:colcon.colcon_core.package_identification:Package 'src/articubot_one' with type 'ros.ament_cmake' and name 'articubot_one'
[1.184s] Level 1:colcon.colcon_core.package_identification:_identify(src/get_state_human) by extensions ['ignore', 'ignore_ament_install']
[1.184s] Level 1:colcon.colcon_core.package_identification:_identify(src/get_state_human) by extension 'ignore'
[1.184s] Level 1:colcon.colcon_core.package_identification:_identify(src/get_state_human) by extension 'ignore_ament_install'
[1.184s] Level 1:colcon.colcon_core.package_identification:_identify(src/get_state_human) by extensions ['colcon_pkg']
[1.184s] Level 1:colcon.colcon_core.package_identification:_identify(src/get_state_human) by extension 'colcon_pkg'
[1.184s] Level 1:colcon.colcon_core.package_identification:_identify(src/get_state_human) by extensions ['colcon_meta']
[1.185s] Level 1:colcon.colcon_core.package_identification:_identify(src/get_state_human) by extension 'colcon_meta'
[1.185s] Level 1:colcon.colcon_core.package_identification:_identify(src/get_state_human) by extensions ['ros']
[1.185s] Level 1:colcon.colcon_core.package_identification:_identify(src/get_state_human) by extension 'ros'
[1.185s] DEBUG:colcon.colcon_core.package_identification:Package 'src/get_state_human' with type 'ros.ament_python' and name 'get_state_human'
[1.185s] Level 1:colcon.colcon_core.package_identification:_identify(src/leg_detector) by extensions ['ignore', 'ignore_ament_install']
[1.185s] Level 1:colcon.colcon_core.package_identification:_identify(src/leg_detector) by extension 'ignore'
[1.186s] Level 1:colcon.colcon_core.package_identification:_identify(src/leg_detector) by extension 'ignore_ament_install'
[1.186s] Level 1:colcon.colcon_core.package_identification:_identify(src/leg_detector) by extensions ['colcon_pkg']
[1.186s] Level 1:colcon.colcon_core.package_identification:_identify(src/leg_detector) by extension 'colcon_pkg'
[1.186s] Level 1:colcon.colcon_core.package_identification:_identify(src/leg_detector) by extensions ['colcon_meta']
[1.186s] Level 1:colcon.colcon_core.package_identification:_identify(src/leg_detector) by extension 'colcon_meta'
[1.186s] Level 1:colcon.colcon_core.package_identification:_identify(src/leg_detector) by extensions ['ros']
[1.186s] Level 1:colcon.colcon_core.package_identification:_identify(src/leg_detector) by extension 'ros'
[1.187s] DEBUG:colcon.colcon_core.package_identification:Package 'src/leg_detector' with type 'ros.ament_cmake' and name 'leg_detector'
[1.187s] Level 1:colcon.colcon_core.package_identification:_identify(src/leg_detector_msgs) by extensions ['ignore', 'ignore_ament_install']
[1.187s] Level 1:colcon.colcon_core.package_identification:_identify(src/leg_detector_msgs) by extension 'ignore'
[1.187s] Level 1:colcon.colcon_core.package_identification:_identify(src/leg_detector_msgs) by extension 'ignore_ament_install'
[1.187s] Level 1:colcon.colcon_core.package_identification:_identify(src/leg_detector_msgs) by extensions ['colcon_pkg']
[1.187s] Level 1:colcon.colcon_core.package_identification:_identify(src/leg_detector_msgs) by extension 'colcon_pkg'
[1.187s] Level 1:colcon.colcon_core.package_identification:_identify(src/leg_detector_msgs) by extensions ['colcon_meta']
[1.187s] Level 1:colcon.colcon_core.package_identification:_identify(src/leg_detector_msgs) by extension 'colcon_meta'
[1.187s] Level 1:colcon.colcon_core.package_identification:_identify(src/leg_detector_msgs) by extensions ['ros']
[1.187s] Level 1:colcon.colcon_core.package_identification:_identify(src/leg_detector_msgs) by extension 'ros'
[1.189s] DEBUG:colcon.colcon_core.package_identification:Package 'src/leg_detector_msgs' with type 'ros.ament_cmake' and name 'leg_detector_msgs'
[1.189s] Level 1:colcon.colcon_core.package_identification:_identify(src/nav2_social_costmap_plugin) by extensions ['ignore', 'ignore_ament_install']
[1.189s] Level 1:colcon.colcon_core.package_identification:_identify(src/nav2_social_costmap_plugin) by extension 'ignore'
[1.189s] Level 1:colcon.colcon_core.package_identification:_identify(src/nav2_social_costmap_plugin) by extension 'ignore_ament_install'
[1.189s] Level 1:colcon.colcon_core.package_identification:_identify(src/nav2_social_costmap_plugin) by extensions ['colcon_pkg']
[1.189s] Level 1:colcon.colcon_core.package_identification:_identify(src/nav2_social_costmap_plugin) by extension 'colcon_pkg'
[1.189s] Level 1:colcon.colcon_core.package_identification:_identify(src/nav2_social_costmap_plugin) by extensions ['colcon_meta']
[1.189s] Level 1:colcon.colcon_core.package_identification:_identify(src/nav2_social_costmap_plugin) by extension 'colcon_meta'
[1.189s] Level 1:colcon.colcon_core.package_identification:_identify(src/nav2_social_costmap_plugin) by extensions ['ros']
[1.189s] Level 1:colcon.colcon_core.package_identification:_identify(src/nav2_social_costmap_plugin) by extension 'ros'
[1.190s] DEBUG:colcon.colcon_core.package_identification:Package 'src/nav2_social_costmap_plugin' with type 'ros.ament_cmake' and name 'nav2_social_costmap_plugin'
[1.190s] Level 1:colcon.colcon_core.package_identification:_identify(src/people_pub) by extensions ['ignore', 'ignore_ament_install']
[1.190s] Level 1:colcon.colcon_core.package_identification:_identify(src/people_pub) by extension 'ignore'
[1.190s] Level 1:colcon.colcon_core.package_identification:_identify(src/people_pub) by extension 'ignore_ament_install'
[1.190s] Level 1:colcon.colcon_core.package_identification:_identify(src/people_pub) by extensions ['colcon_pkg']
[1.190s] Level 1:colcon.colcon_core.package_identification:_identify(src/people_pub) by extension 'colcon_pkg'
[1.190s] Level 1:colcon.colcon_core.package_identification:_identify(src/people_pub) by extensions ['colcon_meta']
[1.190s] Level 1:colcon.colcon_core.package_identification:_identify(src/people_pub) by extension 'colcon_meta'
[1.190s] Level 1:colcon.colcon_core.package_identification:_identify(src/people_pub) by extensions ['ros']
[1.190s] Level 1:colcon.colcon_core.package_identification:_identify(src/people_pub) by extension 'ros'
[1.191s] DEBUG:colcon.colcon_core.package_identification:Package 'src/people_pub' with type 'ros.ament_python' and name 'people_pub'
[1.191s] Level 1:colcon.colcon_core.package_discovery:discover_packages(recursive) using defaults
[1.191s] Level 1:colcon.colcon_core.package_discovery:discover_packages(ignore) discover
[1.191s] Level 1:colcon.colcon_core.package_discovery:discover_packages(ignore) using defaults
[1.191s] Level 1:colcon.colcon_core.package_discovery:discover_packages(path) discover
[1.191s] Level 1:colcon.colcon_core.package_discovery:discover_packages(path) using defaults
[1.291s] Level 1:colcon.colcon_core.package_discovery:discover_packages(prefix_path) check parameters
[1.291s] Level 1:colcon.colcon_core.package_discovery:discover_packages(prefix_path) discover
[1.323s] DEBUG:colcon.colcon_installed_package_information.package_discovery:Found 7 installed packages in /home/alex/ros2_ws/install
[1.341s] DEBUG:colcon.colcon_installed_package_information.package_discovery:Found 387 installed packages in /opt/ros/humble
[1.342s] Level 1:colcon.colcon_core.package_discovery:discover_packages(prefix_path) using defaults
[1.465s] Level 5:colcon.colcon_core.verb:set package 'articubot_one' build argument 'cmake_args' from command line to 'None'
[1.465s] Level 5:colcon.colcon_core.verb:set package 'articubot_one' build argument 'cmake_target' from command line to 'None'
[1.465s] Level 5:colcon.colcon_core.verb:set package 'articubot_one' build argument 'cmake_target_skip_unavailable' from command line to 'False'
[1.465s] Level 5:colcon.colcon_core.verb:set package 'articubot_one' build argument 'cmake_clean_cache' from command line to 'False'
[1.465s] Level 5:colcon.colcon_core.verb:set package 'articubot_one' build argument 'cmake_clean_first' from command line to 'False'
[1.465s] Level 5:colcon.colcon_core.verb:set package 'articubot_one' build argument 'cmake_force_configure' from command line to 'False'
[1.465s] Level 5:colcon.colcon_core.verb:set package 'articubot_one' build argument 'ament_cmake_args' from command line to 'None'
[1.465s] Level 5:colcon.colcon_core.verb:set package 'articubot_one' build argument 'catkin_cmake_args' from command line to 'None'
[1.465s] Level 5:colcon.colcon_core.verb:set package 'articubot_one' build argument 'catkin_skip_building_tests' from command line to 'False'
[1.465s] DEBUG:colcon.colcon_core.verb:Building package 'articubot_one' with the following arguments: {'ament_cmake_args': None, 'build_base': '/home/alex/ros2_ws/build/articubot_one', 'catkin_cmake_args': None, 'catkin_skip_building_tests': False, 'cmake_args': None, 'cmake_clean_cache': False, 'cmake_clean_first': False, 'cmake_force_configure': False, 'cmake_target': None, 'cmake_target_skip_unavailable': False, 'install_base': '/home/alex/ros2_ws/install/articubot_one', 'merge_install': False, 'path': '/home/alex/ros2_ws/src/articubot_one', 'symlink_install': False, 'test_result_base': None}
[1.481s] Level 5:colcon.colcon_core.verb:set package 'get_state_human' build argument 'cmake_args' from command line to 'None'
[1.481s] Level 5:colcon.colcon_core.verb:set package 'get_state_human' build argument 'cmake_target' from command line to 'None'
[1.481s] Level 5:colcon.colcon_core.verb:set package 'get_state_human' build argument 'cmake_target_skip_unavailable' from command line to 'False'
[1.481s] Level 5:colcon.colcon_core.verb:set package 'get_state_human' build argument 'cmake_clean_cache' from command line to 'False'
[1.481s] Level 5:colcon.colcon_core.verb:set package 'get_state_human' build argument 'cmake_clean_first' from command line to 'False'
[1.481s] Level 5:colcon.colcon_core.verb:set package 'get_state_human' build argument 'cmake_force_configure' from command line to 'False'
[1.481s] Level 5:colcon.colcon_core.verb:set package 'get_state_human' build argument 'ament_cmake_args' from command line to 'None'
[1.481s] Level 5:colcon.colcon_core.verb:set package 'get_state_human' build argument 'catkin_cmake_args' from command line to 'None'
[1.481s] Level 5:colcon.colcon_core.verb:set package 'get_state_human' build argument 'catkin_skip_building_tests' from command line to 'False'
[1.481s] DEBUG:colcon.colcon_core.verb:Building package 'get_state_human' with the following arguments: {'ament_cmake_args': None, 'build_base': '/home/alex/ros2_ws/build/get_state_human', 'catkin_cmake_args': None, 'catkin_skip_building_tests': False, 'cmake_args': None, 'cmake_clean_cache': False, 'cmake_clean_first': False, 'cmake_force_configure': False, 'cmake_target': None, 'cmake_target_skip_unavailable': False, 'install_base': '/home/alex/ros2_ws/install/get_state_human', 'merge_install': False, 'path': '/home/alex/ros2_ws/src/get_state_human', 'symlink_install': False, 'test_result_base': None}
[1.497s] Level 5:colcon.colcon_core.verb:set package 'leg_detector_msgs' build argument 'cmake_args' from command line to 'None'
[1.497s] Level 5:colcon.colcon_core.verb:set package 'leg_detector_msgs' build argument 'cmake_target' from command line to 'None'
[1.497s] Level 5:colcon.colcon_core.verb:set package 'leg_detector_msgs' build argument 'cmake_target_skip_unavailable' from command line to 'False'
[1.497s] Level 5:colcon.colcon_core.verb:set package 'leg_detector_msgs' build argument 'cmake_clean_cache' from command line to 'False'
[1.498s] Level 5:colcon.colcon_core.verb:set package 'leg_detector_msgs' build argument 'cmake_clean_first' from command line to 'False'
[1.498s] Level 5:colcon.colcon_core.verb:set package 'leg_detector_msgs' build argument 'cmake_force_configure' from command line to 'False'
[1.498s] Level 5:colcon.colcon_core.verb:set package 'leg_detector_msgs' build argument 'ament_cmake_args' from command line to 'None'
[1.498s] Level 5:colcon.colcon_core.verb:set package 'leg_detector_msgs' build argument 'catkin_cmake_args' from command line to 'None'
[1.498s] Level 5:colcon.colcon_core.verb:set package 'leg_detector_msgs' build argument 'catkin_skip_building_tests' from command line to 'False'
[1.498s] DEBUG:colcon.colcon_core.verb:Building package 'leg_detector_msgs' with the following arguments: {'ament_cmake_args': None, 'build_base': '/home/alex/ros2_ws/build/leg_detector_msgs', 'catkin_cmake_args': None, 'catkin_skip_building_tests': False, 'cmake_args': None, 'cmake_clean_cache': False, 'cmake_clean_first': False, 'cmake_force_configure': False, 'cmake_target': None, 'cmake_target_skip_unavailable': False, 'install_base': '/home/alex/ros2_ws/install/leg_detector_msgs', 'merge_install': False, 'path': '/home/alex/ros2_ws/src/leg_detector_msgs', 'symlink_install': False, 'test_result_base': None}
[1.514s] Level 5:colcon.colcon_core.verb:set package 'people_msgs' build argument 'cmake_args' from command line to 'None'
[1.515s] Level 5:colcon.colcon_core.verb:set package 'people_msgs' build argument 'cmake_target' from command line to 'None'
[1.515s] Level 5:colcon.colcon_core.verb:set package 'people_msgs' build argument 'cmake_target_skip_unavailable' from command line to 'False'
[1.515s] Level 5:colcon.colcon_core.verb:set package 'people_msgs' build argument 'cmake_clean_cache' from command line to 'False'
[1.515s] Level 5:colcon.colcon_core.verb:set package 'people_msgs' build argument 'cmake_clean_first' from command line to 'False'
[1.515s] Level 5:colcon.colcon_core.verb:set package 'people_msgs' build argument 'cmake_force_configure' from command line to 'False'
[1.515s] Level 5:colcon.colcon_core.verb:set package 'people_msgs' build argument 'ament_cmake_args' from command line to 'None'
[1.515s] Level 5:colcon.colcon_core.verb:set package 'people_msgs' build argument 'catkin_cmake_args' from command line to 'None'
[1.515s] Level 5:colcon.colcon_core.verb:set package 'people_msgs' build argument 'catkin_skip_building_tests' from command line to 'False'
[1.515s] DEBUG:colcon.colcon_core.verb:Building package 'people_msgs' with the following arguments: {'ament_cmake_args': None, 'build_base': '/home/alex/ros2_ws/build/people_msgs', 'catkin_cmake_args': None, 'catkin_skip_building_tests': False, 'cmake_args': None, 'cmake_clean_cache': False, 'cmake_clean_first': False, 'cmake_force_configure': False, 'cmake_target': None, 'cmake_target_skip_unavailable': False, 'install_base': '/home/alex/ros2_ws/install/people_msgs', 'merge_install': False, 'path': '/home/alex/ros2_ws/src/People_msgs', 'symlink_install': False, 'test_result_base': None}
[1.531s] Level 5:colcon.colcon_core.verb:set package 'leg_detector' build argument 'cmake_args' from command line to 'None'
[1.531s] Level 5:colcon.colcon_core.verb:set package 'leg_detector' build argument 'cmake_target' from command line to 'None'
[1.531s] Level 5:colcon.colcon_core.verb:set package 'leg_detector' build argument 'cmake_target_skip_unavailable' from command line to 'False'
[1.531s] Level 5:colcon.colcon_core.verb:set package 'leg_detector' build argument 'cmake_clean_cache' from command line to 'False'
[1.531s] Level 5:colcon.colcon_core.verb:set package 'leg_detector' build argument 'cmake_clean_first' from command line to 'False'
[1.531s] Level 5:colcon.colcon_core.verb:set package 'leg_detector' build argument 'cmake_force_configure' from command line to 'False'
[1.531s] Level 5:colcon.colcon_core.verb:set package 'leg_detector' build argument 'ament_cmake_args' from command line to 'None'
[1.531s] Level 5:colcon.colcon_core.verb:set package 'leg_detector' build argument 'catkin_cmake_args' from command line to 'None'
[1.531s] Level 5:colcon.colcon_core.verb:set package 'leg_detector' build argument 'catkin_skip_building_tests' from command line to 'False'
[1.531s] DEBUG:colcon.colcon_core.verb:Building package 'leg_detector' with the following arguments: {'ament_cmake_args': None, 'build_base': '/home/alex/ros2_ws/build/leg_detector', 'catkin_cmake_args': None, 'catkin_skip_building_tests': False, 'cmake_args': None, 'cmake_clean_cache': False, 'cmake_clean_first': False, 'cmake_force_configure': False, 'cmake_target': None, 'cmake_target_skip_unavailable': False, 'install_base': '/home/alex/ros2_ws/install/leg_detector', 'merge_install': False, 'path': '/home/alex/ros2_ws/src/leg_detector', 'symlink_install': False, 'test_result_base': None}
[1.547s] Level 5:colcon.colcon_core.verb:set package 'nav2_social_costmap_plugin' build argument 'cmake_args' from command line to 'None'
[1.547s] Level 5:colcon.colcon_core.verb:set package 'nav2_social_costmap_plugin' build argument 'cmake_target' from command line to 'None'
[1.547s] Level 5:colcon.colcon_core.verb:set package 'nav2_social_costmap_plugin' build argument 'cmake_target_skip_unavailable' from command line to 'False'
[1.547s] Level 5:colcon.colcon_core.verb:set package 'nav2_social_costmap_plugin' build argument 'cmake_clean_cache' from command line to 'False'
[1.547s] Level 5:colcon.colcon_core.verb:set package 'nav2_social_costmap_plugin' build argument 'cmake_clean_first' from command line to 'False'
[1.547s] Level 5:colcon.colcon_core.verb:set package 'nav2_social_costmap_plugin' build argument 'cmake_force_configure' from command line to 'False'
[1.547s] Level 5:colcon.colcon_core.verb:set package 'nav2_social_costmap_plugin' build argument 'ament_cmake_args' from command line to 'None'
[1.547s] Level 5:colcon.colcon_core.verb:set package 'nav2_social_costmap_plugin' build argument 'catkin_cmake_args' from command line to 'None'
[1.547s] Level 5:colcon.colcon_core.verb:set package 'nav2_social_costmap_plugin' build argument 'catkin_skip_building_tests' from command line to 'False'
[1.547s] DEBUG:colcon.colcon_core.verb:Building package 'nav2_social_costmap_plugin' with the following arguments: {'ament_cmake_args': None, 'build_base': '/home/alex/ros2_ws/build/nav2_social_costmap_plugin', 'catkin_cmake_args': None, 'catkin_skip_building_tests': False, 'cmake_args': None, 'cmake_clean_cache': False, 'cmake_clean_first': False, 'cmake_force_configure': False, 'cmake_target': None, 'cmake_target_skip_unavailable': False, 'install_base': '/home/alex/ros2_ws/install/nav2_social_costmap_plugin', 'merge_install': False, 'path': '/home/alex/ros2_ws/src/nav2_social_costmap_plugin', 'symlink_install': False, 'test_result_base': None}
[1.563s] Level 5:colcon.colcon_core.verb:set package 'people_pub' build argument 'cmake_args' from command line to 'None'
[1.563s] Level 5:colcon.colcon_core.verb:set package 'people_pub' build argument 'cmake_target' from command line to 'None'
[1.563s] Level 5:colcon.colcon_core.verb:set package 'people_pub' build argument 'cmake_target_skip_unavailable' from command line to 'False'
[1.564s] Level 5:colcon.colcon_core.verb:set package 'people_pub' build argument 'cmake_clean_cache' from command line to 'False'
[1.564s] Level 5:colcon.colcon_core.verb:set package 'people_pub' build argument 'cmake_clean_first' from command line to 'False'
[1.564s] Level 5:colcon.colcon_core.verb:set package 'people_pub' build argument 'cmake_force_configure' from command line to 'False'
[1.564s] Level 5:colcon.colcon_core.verb:set package 'people_pub' build argument 'ament_cmake_args' from command line to 'None'
[1.564s] Level 5:colcon.colcon_core.verb:set package 'people_pub' build argument 'catkin_cmake_args' from command line to 'None'
[1.564s] Level 5:colcon.colcon_core.verb:set package 'people_pub' build argument 'catkin_skip_building_tests' from command line to 'False'
[1.564s] DEBUG:colcon.colcon_core.verb:Building package 'people_pub' with the following arguments: {'ament_cmake_args': None, 'build_base': '/home/alex/ros2_ws/build/people_pub', 'catkin_cmake_args': None, 'catkin_skip_building_tests': False, 'cmake_args': None, 'cmake_clean_cache': False, 'cmake_clean_first': False, 'cmake_force_configure': False, 'cmake_target': None, 'cmake_target_skip_unavailable': False, 'install_base': '/home/alex/ros2_ws/install/people_pub', 'merge_install': False, 'path': '/home/alex/ros2_ws/src/people_pub', 'symlink_install': False, 'test_result_base': None}
[1.579s] INFO:colcon.colcon_core.executor:Executing jobs using 'parallel' executor
[1.596s] DEBUG:colcon.colcon_parallel_executor.executor.parallel:run_until_complete
[1.596s] INFO:colcon.colcon_ros.task.ament_cmake.build:Building ROS package in '/home/alex/ros2_ws/src/leg_detector_msgs' with build type 'ament_cmake'
[1.596s] INFO:colcon.colcon_cmake.task.cmake.build:Building CMake package in '/home/alex/ros2_ws/src/leg_detector_msgs'
[1.616s] INFO:colcon.colcon_core.plugin_system:Skipping extension 'colcon_core.shell.bat': Not used on non-Windows systems
[1.616s] INFO:colcon.colcon_core.shell:Skip shell extension 'powershell' for command environment: Not usable outside of PowerShell
[1.616s] DEBUG:colcon.colcon_core.shell:Skip shell extension 'dsv' for command environment
[1.671s] INFO:colcon.colcon_ros.task.ament_cmake.build:Building ROS package in '/home/alex/ros2_ws/src/People_msgs' with build type 'ament_cmake'
[1.671s] INFO:colcon.colcon_cmake.task.cmake.build:Building CMake package in '/home/alex/ros2_ws/src/People_msgs'
[1.689s] INFO:colcon.colcon_core.shell:Skip shell extension 'powershell' for command environment: Not usable outside of PowerShell
[1.689s] DEBUG:colcon.colcon_core.shell:Skip shell extension 'dsv' for command environment
[1.743s] INFO:colcon.colcon_ros.task.ament_cmake.build:Building ROS package in '/home/alex/ros2_ws/src/articubot_one' with build type 'ament_cmake'
[1.744s] INFO:colcon.colcon_cmake.task.cmake.build:Building CMake package in '/home/alex/ros2_ws/src/articubot_one'
[1.762s] INFO:colcon.colcon_core.shell:Skip shell extension 'powershell' for command environment: Not usable outside of PowerShell
[1.762s] DEBUG:colcon.colcon_core.shell:Skip shell extension 'dsv' for command environment
[1.817s] INFO:colcon.colcon_ros.task.ament_python.build:Building ROS package in '/home/alex/ros2_ws/src/get_state_human' with build type 'ament_python'
[1.818s] Level 1:colcon.colcon_core.shell:create_environment_hook('get_state_human', 'ament_prefix_path')
[1.835s] INFO:colcon.colcon_core.shell:Creating environment hook '/home/alex/ros2_ws/install/get_state_human/share/get_state_human/hook/ament_prefix_path.ps1'
[1.836s] INFO:colcon.colcon_core.shell:Creating environment descriptor '/home/alex/ros2_ws/install/get_state_human/share/get_state_human/hook/ament_prefix_path.dsv'
[1.837s] INFO:colcon.colcon_core.shell:Creating environment hook '/home/alex/ros2_ws/install/get_state_human/share/get_state_human/hook/ament_prefix_path.sh'
[1.854s] INFO:colcon.colcon_core.shell:Skip shell extension 'powershell' for command environment: Not usable outside of PowerShell
[1.854s] DEBUG:colcon.colcon_core.shell:Skip shell extension 'dsv' for command environment
[1.910s] DEBUG:colcon.colcon_core.event_handler.log_command:Invoking command in '/home/alex/ros2_ws/build/leg_detector_msgs': CMAKE_PREFIX_PATH=${CMAKE_PREFIX_PATH}:/home/alex/ros2_ws/install/people_pub:/home/alex/ros2_ws/install/get_state_human:/opt/ros/humble /usr/bin/cmake --build /home/alex/ros2_ws/build/leg_detector_msgs -- -j4 -l4
[1.915s] DEBUG:colcon.colcon_core.event_handler.log_command:Invoking command in '/home/alex/ros2_ws/build/people_msgs': CMAKE_PREFIX_PATH=${CMAKE_PREFIX_PATH}:/home/alex/ros2_ws/install/people_pub:/home/alex/ros2_ws/install/get_state_human:/opt/ros/humble /usr/bin/cmake --build /home/alex/ros2_ws/build/people_msgs -- -j4 -l4
[1.918s] DEBUG:colcon.colcon_core.event_handler.log_command:Invoking command in '/home/alex/ros2_ws/build/articubot_one': CMAKE_PREFIX_PATH=${CMAKE_PREFIX_PATH}:/home/alex/ros2_ws/install/people_pub:/home/alex/ros2_ws/install/get_state_human:/opt/ros/humble /usr/bin/cmake --build /home/alex/ros2_ws/build/articubot_one -- -j4 -l4
[2.279s] INFO:colcon.colcon_core.task.python.build:Building Python package in '/home/alex/ros2_ws/src/get_state_human'
[2.299s] INFO:colcon.colcon_core.shell:Skip shell extension 'powershell' for command environment: Not usable outside of PowerShell
[2.300s] DEBUG:colcon.colcon_core.shell:Skip shell extension 'dsv' for command environment
[2.400s] DEBUG:colcon.colcon_core.event_handler.log_command:Invoked command in '/home/alex/ros2_ws/build/articubot_one' returned '0': CMAKE_PREFIX_PATH=${CMAKE_PREFIX_PATH}:/home/alex/ros2_ws/install/people_pub:/home/alex/ros2_ws/install/get_state_human:/opt/ros/humble /usr/bin/cmake --build /home/alex/ros2_ws/build/articubot_one -- -j4 -l4
[2.454s] DEBUG:colcon.colcon_core.event_handler.log_command:Invoking command in '/home/alex/ros2_ws/build/articubot_one': CMAKE_PREFIX_PATH=${CMAKE_PREFIX_PATH}:/home/alex/ros2_ws/install/people_pub:/home/alex/ros2_ws/install/get_state_human:/opt/ros/humble /usr/bin/cmake --install /home/alex/ros2_ws/build/articubot_one
[2.469s] Level 1:colcon.colcon_core.environment:create_environment_scripts_only(articubot_one)
[2.481s] DEBUG:colcon.colcon_core.event_handler.log_command:Invoked command in '/home/alex/ros2_ws/build/articubot_one' returned '0': CMAKE_PREFIX_PATH=${CMAKE_PREFIX_PATH}:/home/alex/ros2_ws/install/people_pub:/home/alex/ros2_ws/install/get_state_human:/opt/ros/humble /usr/bin/cmake --install /home/alex/ros2_ws/build/articubot_one
[2.492s] Level 1:colcon.colcon_core.environment:checking '/home/alex/ros2_ws/install/articubot_one' for CMake module files
[2.493s] Level 1:colcon.colcon_core.environment:checking '/home/alex/ros2_ws/install/articubot_one' for CMake config files
[2.493s] Level 1:colcon.colcon_core.shell:create_environment_hook('articubot_one', 'cmake_prefix_path')
[2.512s] INFO:colcon.colcon_core.shell:Creating environment hook '/home/alex/ros2_ws/install/articubot_one/share/articubot_one/hook/cmake_prefix_path.ps1'
[2.512s] INFO:colcon.colcon_core.shell:Creating environment descriptor '/home/alex/ros2_ws/install/articubot_one/share/articubot_one/hook/cmake_prefix_path.dsv'
[2.513s] INFO:colcon.colcon_core.shell:Creating environment hook '/home/alex/ros2_ws/install/articubot_one/share/articubot_one/hook/cmake_prefix_path.sh'
[2.513s] Level 1:colcon.colcon_core.environment:checking '/home/alex/ros2_ws/install/articubot_one/bin'
[2.513s] Level 1:colcon.colcon_core.environment:checking '/home/alex/ros2_ws/install/articubot_one/lib/pkgconfig/articubot_one.pc'
[2.514s] Level 1:colcon.colcon_core.environment:checking '/home/alex/ros2_ws/install/articubot_one/lib/python3.10/site-packages'
[2.514s] Level 1:colcon.colcon_core.environment:checking '/home/alex/ros2_ws/install/articubot_one/bin'
[2.531s] INFO:colcon.colcon_core.shell:Creating package script '/home/alex/ros2_ws/install/articubot_one/share/articubot_one/package.ps1'
[2.532s] INFO:colcon.colcon_core.shell:Creating package descriptor '/home/alex/ros2_ws/install/articubot_one/share/articubot_one/package.dsv'
[2.533s] INFO:colcon.colcon_core.shell:Creating package script '/home/alex/ros2_ws/install/articubot_one/share/articubot_one/package.sh'
[2.534s] INFO:colcon.colcon_core.shell:Creating package script '/home/alex/ros2_ws/install/articubot_one/share/articubot_one/package.bash'
[2.534s] INFO:colcon.colcon_core.shell:Creating package script '/home/alex/ros2_ws/install/articubot_one/share/articubot_one/package.zsh'
[2.535s] Level 1:colcon.colcon_core.environment:create_file_with_runtime_dependencies(/home/alex/ros2_ws/install/articubot_one/share/colcon-core/packages/articubot_one)
[2.537s] DEBUG:colcon.colcon_core.event_handler.log_command:Invoked command in '/home/alex/ros2_ws/build/leg_detector_msgs' returned '0': CMAKE_PREFIX_PATH=${CMAKE_PREFIX_PATH}:/home/alex/ros2_ws/install/people_pub:/home/alex/ros2_ws/install/get_state_human:/opt/ros/humble /usr/bin/cmake --build /home/alex/ros2_ws/build/leg_detector_msgs -- -j4 -l4
[2.547s] DEBUG:colcon.colcon_core.event_handler.log_command:Invoked command in '/home/alex/ros2_ws/build/people_msgs' returned '0': CMAKE_PREFIX_PATH=${CMAKE_PREFIX_PATH}:/home/alex/ros2_ws/install/people_pub:/home/alex/ros2_ws/install/get_state_human:/opt/ros/humble /usr/bin/cmake --build /home/alex/ros2_ws/build/people_msgs -- -j4 -l4
[2.584s] Level 1:colcon.colcon_core.environment:create_environment_scripts_only(articubot_one)
[2.601s] Level 1:colcon.colcon_core.environment:checking '/home/alex/ros2_ws/install/articubot_one' for CMake module files
[2.602s] Level 1:colcon.colcon_core.environment:checking '/home/alex/ros2_ws/install/articubot_one' for CMake config files
[2.602s] Level 1:colcon.colcon_core.shell:create_environment_hook('articubot_one', 'cmake_prefix_path')
[2.620s] INFO:colcon.colcon_core.shell:Creating environment hook '/home/alex/ros2_ws/install/articubot_one/share/articubot_one/hook/cmake_prefix_path.ps1'
[2.620s] INFO:colcon.colcon_core.shell:Creating environment descriptor '/home/alex/ros2_ws/install/articubot_one/share/articubot_one/hook/cmake_prefix_path.dsv'
[2.621s] INFO:colcon.colcon_core.shell:Creating environment hook '/home/alex/ros2_ws/install/articubot_one/share/articubot_one/hook/cmake_prefix_path.sh'
[2.621s] Level 1:colcon.colcon_core.environment:checking '/home/alex/ros2_ws/install/articubot_one/bin'
[2.621s] Level 1:colcon.colcon_core.environment:checking '/home/alex/ros2_ws/install/articubot_one/lib/pkgconfig/articubot_one.pc'
[2.621s] Level 1:colcon.colcon_core.environment:checking '/home/alex/ros2_ws/install/articubot_one/lib/python3.10/site-packages'
[2.622s] Level 1:colcon.colcon_core.environment:checking '/home/alex/ros2_ws/install/articubot_one/bin'
[2.640s] INFO:colcon.colcon_core.shell:Creating package script '/home/alex/ros2_ws/install/articubot_one/share/articubot_one/package.ps1'
[2.641s] INFO:colcon.colcon_core.shell:Creating package descriptor '/home/alex/ros2_ws/install/articubot_one/share/articubot_one/package.dsv'
[2.641s] INFO:colcon.colcon_core.shell:Creating package script '/home/alex/ros2_ws/install/articubot_one/share/articubot_one/package.sh'
[2.642s] INFO:colcon.colcon_core.shell:Creating package script '/home/alex/ros2_ws/install/articubot_one/share/articubot_one/package.bash'
[2.642s] INFO:colcon.colcon_core.shell:Creating package script '/home/alex/ros2_ws/install/articubot_one/share/articubot_one/package.zsh'
[2.642s] Level 1:colcon.colcon_core.environment:create_file_with_runtime_dependencies(/home/alex/ros2_ws/install/articubot_one/share/colcon-core/packages/articubot_one)
[2.693s] DEBUG:colcon.colcon_core.event_handler.log_command:Invoking command in '/home/alex/ros2_ws/build/leg_detector_msgs': CMAKE_PREFIX_PATH=${CMAKE_PREFIX_PATH}:/home/alex/ros2_ws/install/people_pub:/home/alex/ros2_ws/install/get_state_human:/opt/ros/humble /usr/bin/cmake --install /home/alex/ros2_ws/build/leg_detector_msgs
[2.737s] DEBUG:colcon.colcon_core.event_handler.log_command:Invoking command in '/home/alex/ros2_ws/build/people_msgs': CMAKE_PREFIX_PATH=${CMAKE_PREFIX_PATH}:/home/alex/ros2_ws/install/people_pub:/home/alex/ros2_ws/install/get_state_human:/opt/ros/humble /usr/bin/cmake --install /home/alex/ros2_ws/build/people_msgs
[2.770s] Level 1:colcon.colcon_core.environment:create_environment_scripts_only(leg_detector_msgs)
[2.770s] DEBUG:colcon.colcon_core.event_handler.log_command:Invoked command in '/home/alex/ros2_ws/build/leg_detector_msgs' returned '0': CMAKE_PREFIX_PATH=${CMAKE_PREFIX_PATH}:/home/alex/ros2_ws/install/people_pub:/home/alex/ros2_ws/install/get_state_human:/opt/ros/humble /usr/bin/cmake --install /home/alex/ros2_ws/build/leg_detector_msgs
[2.788s] Level 1:colcon.colcon_core.environment:checking '/home/alex/ros2_ws/install/leg_detector_msgs' for CMake module files
[2.788s] Level 1:colcon.colcon_core.environment:checking '/home/alex/ros2_ws/install/leg_detector_msgs' for CMake config files
[2.789s] Level 1:colcon.colcon_core.shell:create_environment_hook('leg_detector_msgs', 'cmake_prefix_path')
[2.815s] INFO:colcon.colcon_core.shell:Creating environment hook '/home/alex/ros2_ws/install/leg_detector_msgs/share/leg_detector_msgs/hook/cmake_prefix_path.ps1'
[2.816s] INFO:colcon.colcon_core.shell:Creating environment descriptor '/home/alex/ros2_ws/install/leg_detector_msgs/share/leg_detector_msgs/hook/cmake_prefix_path.dsv'
[2.817s] INFO:colcon.colcon_core.shell:Creating environment hook '/home/alex/ros2_ws/install/leg_detector_msgs/share/leg_detector_msgs/hook/cmake_prefix_path.sh'
[2.818s] Level 1:colcon.colcon_core.environment:checking '/home/alex/ros2_ws/install/leg_detector_msgs/lib'
[2.818s] Level 1:colcon.colcon_core.shell:create_environment_hook('leg_detector_msgs', 'ld_library_path_lib')
[2.837s] INFO:colcon.colcon_core.shell:Creating environment hook '/home/alex/ros2_ws/install/leg_detector_msgs/share/leg_detector_msgs/hook/ld_library_path_lib.ps1'
[2.837s] INFO:colcon.colcon_core.shell:Creating environment descriptor '/home/alex/ros2_ws/install/leg_detector_msgs/share/leg_detector_msgs/hook/ld_library_path_lib.dsv'
[2.838s] INFO:colcon.colcon_core.shell:Creating environment hook '/home/alex/ros2_ws/install/leg_detector_msgs/share/leg_detector_msgs/hook/ld_library_path_lib.sh'
[2.838s] Level 1:colcon.colcon_core.environment:checking '/home/alex/ros2_ws/install/leg_detector_msgs/bin'
[2.838s] Level 1:colcon.colcon_core.environment:checking '/home/alex/ros2_ws/install/leg_detector_msgs/lib/pkgconfig/leg_detector_msgs.pc'
[2.838s] Level 1:colcon.colcon_core.environment:checking '/home/alex/ros2_ws/install/leg_detector_msgs/lib/python3.10/site-packages'
[2.839s] Level 1:colcon.colcon_core.environment:checking '/home/alex/ros2_ws/install/leg_detector_msgs/bin'
[2.856s] INFO:colcon.colcon_core.shell:Creating package script '/home/alex/ros2_ws/install/leg_detector_msgs/share/leg_detector_msgs/package.ps1'
[2.856s] INFO:colcon.colcon_core.shell:Creating package descriptor '/home/alex/ros2_ws/install/leg_detector_msgs/share/leg_detector_msgs/package.dsv'
[2.857s] INFO:colcon.colcon_core.shell:Creating package script '/home/alex/ros2_ws/install/leg_detector_msgs/share/leg_detector_msgs/package.sh'
[2.857s] INFO:colcon.colcon_core.shell:Creating package script '/home/alex/ros2_ws/install/leg_detector_msgs/share/leg_detector_msgs/package.bash'
[2.858s] INFO:colcon.colcon_core.shell:Creating package script '/home/alex/ros2_ws/install/leg_detector_msgs/share/leg_detector_msgs/package.zsh'
[2.858s] Level 1:colcon.colcon_core.environment:create_file_with_runtime_dependencies(/home/alex/ros2_ws/install/leg_detector_msgs/share/colcon-core/packages/leg_detector_msgs)
[2.862s] Level 1:colcon.colcon_core.environment:create_environment_scripts_only(people_msgs)
[2.863s] DEBUG:colcon.colcon_core.event_handler.log_command:Invoking command in '/home/alex/ros2_ws/src/get_state_human': PYTHONPATH=/home/alex/ros2_ws/build/get_state_human/prefix_override:/home/alex/ros2_ws/install/get_state_human/lib/python3.10/site-packages:${PYTHONPATH} /usr/bin/python3 setup.py egg_info --egg-base ../../build/get_state_human build --build-base /home/alex/ros2_ws/build/get_state_human/build install --record /home/alex/ros2_ws/build/get_state_human/install.log --single-version-externally-managed
[2.863s] DEBUG:colcon.colcon_core.event_handler.log_command:Invoked command in '/home/alex/ros2_ws/build/people_msgs' returned '0': CMAKE_PREFIX_PATH=${CMAKE_PREFIX_PATH}:/home/alex/ros2_ws/install/people_pub:/home/alex/ros2_ws/install/get_state_human:/opt/ros/humble /usr/bin/cmake --install /home/alex/ros2_ws/build/people_msgs
[2.882s] Level 1:colcon.colcon_core.environment:checking '/home/alex/ros2_ws/install/people_msgs' for CMake module files
[2.882s] Level 1:colcon.colcon_core.environment:checking '/home/alex/ros2_ws/install/people_msgs' for CMake config files
[2.883s] Level 1:colcon.colcon_core.shell:create_environment_hook('people_msgs', 'cmake_prefix_path')
[2.902s] INFO:colcon.colcon_core.shell:Creating environment hook '/home/alex/ros2_ws/install/people_msgs/share/people_msgs/hook/cmake_prefix_path.ps1'
[2.903s] INFO:colcon.colcon_core.shell:Creating environment descriptor '/home/alex/ros2_ws/install/people_msgs/share/people_msgs/hook/cmake_prefix_path.dsv'
[2.903s] INFO:colcon.colcon_core.shell:Creating environment hook '/home/alex/ros2_ws/install/people_msgs/share/people_msgs/hook/cmake_prefix_path.sh'
[2.904s] Level 1:colcon.colcon_core.environment:checking '/home/alex/ros2_ws/install/people_msgs/lib'
[2.904s] Level 1:colcon.colcon_core.shell:create_environment_hook('people_msgs', 'ld_library_path_lib')
[2.922s] INFO:colcon.colcon_core.shell:Creating environment hook '/home/alex/ros2_ws/install/people_msgs/share/people_msgs/hook/ld_library_path_lib.ps1'
[2.923s] INFO:colcon.colcon_core.shell:Creating environment descriptor '/home/alex/ros2_ws/install/people_msgs/share/people_msgs/hook/ld_library_path_lib.dsv'
[2.923s] INFO:colcon.colcon_core.shell:Creating environment hook '/home/alex/ros2_ws/install/people_msgs/share/people_msgs/hook/ld_library_path_lib.sh'
[2.924s] Level 1:colcon.colcon_core.environment:checking '/home/alex/ros2_ws/install/people_msgs/bin'
[2.924s] Level 1:colcon.colcon_core.environment:checking '/home/alex/ros2_ws/install/people_msgs/lib/pkgconfig/people_msgs.pc'
[2.924s] Level 1:colcon.colcon_core.environment:checking '/home/alex/ros2_ws/install/people_msgs/lib/python3.10/site-packages'
[2.924s] Level 1:colcon.colcon_core.environment:checking '/home/alex/ros2_ws/install/people_msgs/bin'
[2.943s] INFO:colcon.colcon_core.shell:Creating package script '/home/alex/ros2_ws/install/people_msgs/share/people_msgs/package.ps1'
[2.944s] INFO:colcon.colcon_core.shell:Creating package descriptor '/home/alex/ros2_ws/install/people_msgs/share/people_msgs/package.dsv'
[2.944s] INFO:colcon.colcon_core.shell:Creating package script '/home/alex/ros2_ws/install/people_msgs/share/people_msgs/package.sh'
[2.945s] INFO:colcon.colcon_core.shell:Creating package script '/home/alex/ros2_ws/install/people_msgs/share/people_msgs/package.bash'
[2.945s] INFO:colcon.colcon_core.shell:Creating package script '/home/alex/ros2_ws/install/people_msgs/share/people_msgs/package.zsh'
[2.945s] Level 1:colcon.colcon_core.environment:create_file_with_runtime_dependencies(/home/alex/ros2_ws/install/people_msgs/share/colcon-core/packages/people_msgs)
[3.041s] Level 1:colcon.colcon_core.environment:create_environment_scripts_only(leg_detector_msgs)
[3.060s] Level 1:colcon.colcon_core.environment:checking '/home/alex/ros2_ws/install/leg_detector_msgs' for CMake module files
[3.061s] Level 1:colcon.colcon_core.environment:checking '/home/alex/ros2_ws/install/leg_detector_msgs' for CMake config files
[3.062s] Level 1:colcon.colcon_core.shell:create_environment_hook('leg_detector_msgs', 'cmake_prefix_path')
[3.080s] INFO:colcon.colcon_core.shell:Creating environment hook '/home/alex/ros2_ws/install/leg_detector_msgs/share/leg_detector_msgs/hook/cmake_prefix_path.ps1'
[3.080s] INFO:colcon.colcon_core.shell:Creating environment descriptor '/home/alex/ros2_ws/install/leg_detector_msgs/share/leg_detector_msgs/hook/cmake_prefix_path.dsv'
[3.081s] INFO:colcon.colcon_core.shell:Creating environment hook '/home/alex/ros2_ws/install/leg_detector_msgs/share/leg_detector_msgs/hook/cmake_prefix_path.sh'
[3.081s] Level 1:colcon.colcon_core.environment:checking '/home/alex/ros2_ws/install/leg_detector_msgs/lib'
[3.081s] Level 1:colcon.colcon_core.shell:create_environment_hook('leg_detector_msgs', 'ld_library_path_lib')
[3.100s] INFO:colcon.colcon_core.shell:Creating environment hook '/home/alex/ros2_ws/install/leg_detector_msgs/share/leg_detector_msgs/hook/ld_library_path_lib.ps1'
[3.100s] INFO:colcon.colcon_core.shell:Creating environment descriptor '/home/alex/ros2_ws/install/leg_detector_msgs/share/leg_detector_msgs/hook/ld_library_path_lib.dsv'
[3.101s] INFO:colcon.colcon_core.shell:Creating environment hook '/home/alex/ros2_ws/install/leg_detector_msgs/share/leg_detector_msgs/hook/ld_library_path_lib.sh'
[3.101s] Level 1:colcon.colcon_core.environment:checking '/home/alex/ros2_ws/install/leg_detector_msgs/bin'
[3.101s] Level 1:colcon.colcon_core.environment:checking '/home/alex/ros2_ws/install/leg_detector_msgs/lib/pkgconfig/leg_detector_msgs.pc'
[3.102s] Level 1:colcon.colcon_core.environment:checking '/home/alex/ros2_ws/install/leg_detector_msgs/lib/python3.10/site-packages'
[3.102s] Level 1:colcon.colcon_core.environment:checking '/home/alex/ros2_ws/install/leg_detector_msgs/bin'
[3.121s] INFO:colcon.colcon_core.shell:Creating package script '/home/alex/ros2_ws/install/leg_detector_msgs/share/leg_detector_msgs/package.ps1'
[3.122s] INFO:colcon.colcon_core.shell:Creating package descriptor '/home/alex/ros2_ws/install/leg_detector_msgs/share/leg_detector_msgs/package.dsv'
[3.122s] INFO:colcon.colcon_core.shell:Creating package script '/home/alex/ros2_ws/install/leg_detector_msgs/share/leg_detector_msgs/package.sh'
[3.123s] INFO:colcon.colcon_core.shell:Creating package script '/home/alex/ros2_ws/install/leg_detector_msgs/share/leg_detector_msgs/package.bash'
[3.123s] INFO:colcon.colcon_core.shell:Creating package script '/home/alex/ros2_ws/install/leg_detector_msgs/share/leg_detector_msgs/package.zsh'
[3.124s] Level 1:colcon.colcon_core.environment:create_file_with_runtime_dependencies(/home/alex/ros2_ws/install/leg_detector_msgs/share/colcon-core/packages/leg_detector_msgs)
[3.124s] INFO:colcon.colcon_ros.task.ament_cmake.build:Building ROS package in '/home/alex/ros2_ws/src/leg_detector' with build type 'ament_cmake'
[3.124s] INFO:colcon.colcon_cmake.task.cmake.build:Building CMake package in '/home/alex/ros2_ws/src/leg_detector'
[3.145s] INFO:colcon.colcon_core.shell:Skip shell extension 'powershell' for command environment: Not usable outside of PowerShell
[3.145s] DEBUG:colcon.colcon_core.shell:Skip shell extension 'dsv' for command environment
[3.224s] Level 1:colcon.colcon_core.environment:create_environment_scripts_only(people_msgs)
[3.242s] Level 1:colcon.colcon_core.environment:checking '/home/alex/ros2_ws/install/people_msgs' for CMake module files
[3.243s] Level 1:colcon.colcon_core.environment:checking '/home/alex/ros2_ws/install/people_msgs' for CMake config files
[3.243s] Level 1:colcon.colcon_core.shell:create_environment_hook('people_msgs', 'cmake_prefix_path')
[3.260s] INFO:colcon.colcon_core.shell:Creating environment hook '/home/alex/ros2_ws/install/people_msgs/share/people_msgs/hook/cmake_prefix_path.ps1'
[3.260s] INFO:colcon.colcon_core.shell:Creating environment descriptor '/home/alex/ros2_ws/install/people_msgs/share/people_msgs/hook/cmake_prefix_path.dsv'
[3.261s] INFO:colcon.colcon_core.shell:Creating environment hook '/home/alex/ros2_ws/install/people_msgs/share/people_msgs/hook/cmake_prefix_path.sh'
[3.261s] Level 1:colcon.colcon_core.environment:checking '/home/alex/ros2_ws/install/people_msgs/lib'
[3.261s] Level 1:colcon.colcon_core.shell:create_environment_hook('people_msgs', 'ld_library_path_lib')
[3.277s] INFO:colcon.colcon_core.shell:Creating environment hook '/home/alex/ros2_ws/install/people_msgs/share/people_msgs/hook/ld_library_path_lib.ps1'
[3.278s] INFO:colcon.colcon_core.shell:Creating environment descriptor '/home/alex/ros2_ws/install/people_msgs/share/people_msgs/hook/ld_library_path_lib.dsv'
[3.278s] INFO:colcon.colcon_core.shell:Creating environment hook '/home/alex/ros2_ws/install/people_msgs/share/people_msgs/hook/ld_library_path_lib.sh'
[3.279s] Level 1:colcon.colcon_core.environment:checking '/home/alex/ros2_ws/install/people_msgs/bin'
[3.279s] Level 1:colcon.colcon_core.environment:checking '/home/alex/ros2_ws/install/people_msgs/lib/pkgconfig/people_msgs.pc'
[3.279s] Level 1:colcon.colcon_core.environment:checking '/home/alex/ros2_ws/install/people_msgs/lib/python3.10/site-packages'
[3.279s] Level 1:colcon.colcon_core.environment:checking '/home/alex/ros2_ws/install/people_msgs/bin'
[3.295s] INFO:colcon.colcon_core.shell:Creating package script '/home/alex/ros2_ws/install/people_msgs/share/people_msgs/package.ps1'
[3.296s] INFO:colcon.colcon_core.shell:Creating package descriptor '/home/alex/ros2_ws/install/people_msgs/share/people_msgs/package.dsv'
[3.296s] INFO:colcon.colcon_core.shell:Creating package script '/home/alex/ros2_ws/install/people_msgs/share/people_msgs/package.sh'
[3.297s] INFO:colcon.colcon_core.shell:Creating package script '/home/alex/ros2_ws/install/people_msgs/share/people_msgs/package.bash'
[3.297s] INFO:colcon.colcon_core.shell:Creating package script '/home/alex/ros2_ws/install/people_msgs/share/people_msgs/package.zsh'
[3.297s] Level 1:colcon.colcon_core.environment:create_file_with_runtime_dependencies(/home/alex/ros2_ws/install/people_msgs/share/colcon-core/packages/people_msgs)
[3.298s] INFO:colcon.colcon_ros.task.ament_cmake.build:Building ROS package in '/home/alex/ros2_ws/src/nav2_social_costmap_plugin' with build type 'ament_cmake'
[3.298s] INFO:colcon.colcon_cmake.task.cmake.build:Building CMake package in '/home/alex/ros2_ws/src/nav2_social_costmap_plugin'
[3.317s] INFO:colcon.colcon_core.shell:Skip shell extension 'powershell' for command environment: Not usable outside of PowerShell
[3.317s] DEBUG:colcon.colcon_core.shell:Skip shell extension 'dsv' for command environment
[3.371s] INFO:colcon.colcon_ros.task.ament_python.build:Building ROS package in '/home/alex/ros2_ws/src/people_pub' with build type 'ament_python'
[3.371s] Level 1:colcon.colcon_core.shell:create_environment_hook('people_pub', 'ament_prefix_path')
[3.389s] INFO:colcon.colcon_core.shell:Creating environment hook '/home/alex/ros2_ws/install/people_pub/share/people_pub/hook/ament_prefix_path.ps1'
[3.390s] INFO:colcon.colcon_core.shell:Creating environment descriptor '/home/alex/ros2_ws/install/people_pub/share/people_pub/hook/ament_prefix_path.dsv'
[3.390s] INFO:colcon.colcon_core.shell:Creating environment hook '/home/alex/ros2_ws/install/people_pub/share/people_pub/hook/ament_prefix_path.sh'
[3.408s] INFO:colcon.colcon_core.shell:Skip shell extension 'powershell' for command environment: Not usable outside of PowerShell
[3.408s] DEBUG:colcon.colcon_core.shell:Skip shell extension 'dsv' for command environment
[3.465s] DEBUG:colcon.colcon_core.event_handler.log_command:Invoked command in '/home/alex/ros2_ws/src/get_state_human' returned '0': PYTHONPATH=/home/alex/ros2_ws/build/get_state_human/prefix_override:/home/alex/ros2_ws/install/get_state_human/lib/python3.10/site-packages:${PYTHONPATH} /usr/bin/python3 setup.py egg_info --egg-base ../../build/get_state_human build --build-base /home/alex/ros2_ws/build/get_state_human/build install --record /home/alex/ros2_ws/build/get_state_human/install.log --single-version-externally-managed
[3.482s] Level 1:colcon.colcon_core.environment:checking '/home/alex/ros2_ws/install/get_state_human' for CMake module files
[3.482s] Level 1:colcon.colcon_core.environment:checking '/home/alex/ros2_ws/install/get_state_human' for CMake config files
[3.482s] Level 1:colcon.colcon_core.environment:checking '/home/alex/ros2_ws/install/get_state_human/lib'
[3.483s] Level 1:colcon.colcon_core.environment:checking '/home/alex/ros2_ws/install/get_state_human/bin'
[3.483s] Level 1:colcon.colcon_core.environment:checking '/home/alex/ros2_ws/install/get_state_human/lib/pkgconfig/get_state_human.pc'
[3.483s] Level 1:colcon.colcon_core.environment:checking '/home/alex/ros2_ws/install/get_state_human/lib/python3.10/site-packages'
[3.483s] Level 1:colcon.colcon_core.shell:create_environment_hook('get_state_human', 'pythonpath')
[3.499s] INFO:colcon.colcon_core.shell:Creating environment hook '/home/alex/ros2_ws/install/get_state_human/share/get_state_human/hook/pythonpath.ps1'
[3.499s] INFO:colcon.colcon_core.shell:Creating environment descriptor '/home/alex/ros2_ws/install/get_state_human/share/get_state_human/hook/pythonpath.dsv'
[3.500s] INFO:colcon.colcon_core.shell:Creating environment hook '/home/alex/ros2_ws/install/get_state_human/share/get_state_human/hook/pythonpath.sh'
[3.500s] Level 1:colcon.colcon_core.environment:checking '/home/alex/ros2_ws/install/get_state_human/bin'
[3.500s] Level 1:colcon.colcon_core.environment:create_environment_scripts_only(get_state_human)
[3.517s] INFO:colcon.colcon_core.shell:Creating package script '/home/alex/ros2_ws/install/get_state_human/share/get_state_human/package.ps1'
[3.517s] INFO:colcon.colcon_core.shell:Creating package descriptor '/home/alex/ros2_ws/install/get_state_human/share/get_state_human/package.dsv'
[3.518s] INFO:colcon.colcon_core.shell:Creating package script '/home/alex/ros2_ws/install/get_state_human/share/get_state_human/package.sh'
[3.518s] INFO:colcon.colcon_core.shell:Creating package script '/home/alex/ros2_ws/install/get_state_human/share/get_state_human/package.bash'
[3.519s] INFO:colcon.colcon_core.shell:Creating package script '/home/alex/ros2_ws/install/get_state_human/share/get_state_human/package.zsh'
[3.519s] Level 1:colcon.colcon_core.environment:create_file_with_runtime_dependencies(/home/alex/ros2_ws/install/get_state_human/share/colcon-core/packages/get_state_human)
[3.525s] DEBUG:colcon.colcon_core.event_handler.log_command:Invoking command in '/home/alex/ros2_ws/build/leg_detector': CMAKE_PREFIX_PATH=/home/alex/ros2_ws/install/leg_detector_msgs:/home/alex/ros2_ws/install/nav2_social_costmap_plugin:/home/alex/ros2_ws/install/people_msgs:/home/alex/ros2_ws/install/leg_detector:/home/alex/ros2_ws/install/articubot_one:/home/alex/ros2_ws/install/people_pub:/home/alex/ros2_ws/install/get_state_human:/opt/ros/humble LD_LIBRARY_PATH=/home/alex/ros2_ws/install/leg_detector_msgs/lib:/home/alex/ros2_ws/install/nav2_social_costmap_plugin/lib:/home/alex/ros2_ws/install/people_msgs/lib:/usr/lib/x86_64-linux-gnu/gazebo-11/plugins:/opt/ros/humble/opt/rviz_ogre_vendor/lib:/opt/ros/humble/lib/x86_64-linux-gnu:/opt/ros/humble/lib /usr/bin/cmake --build /home/alex/ros2_ws/build/leg_detector -- -j4 -l4
[3.528s] DEBUG:colcon.colcon_core.event_handler.log_command:Invoking command in '/home/alex/ros2_ws/build/nav2_social_costmap_plugin': CMAKE_PREFIX_PATH=/home/alex/ros2_ws/install/people_msgs:/home/alex/ros2_ws/install/nav2_social_costmap_plugin:/home/alex/ros2_ws/install/leg_detector:/home/alex/ros2_ws/install/leg_detector_msgs:/home/alex/ros2_ws/install/articubot_one:/home/alex/ros2_ws/install/people_pub:/home/alex/ros2_ws/install/get_state_human:/opt/ros/humble LD_LIBRARY_PATH=/home/alex/ros2_ws/install/people_msgs/lib:/home/alex/ros2_ws/install/nav2_social_costmap_plugin/lib:/home/alex/ros2_ws/install/leg_detector_msgs/lib:/usr/lib/x86_64-linux-gnu/gazebo-11/plugins:/opt/ros/humble/opt/rviz_ogre_vendor/lib:/opt/ros/humble/lib/x86_64-linux-gnu:/opt/ros/humble/lib /usr/bin/cmake --build /home/alex/ros2_ws/build/nav2_social_costmap_plugin -- -j4 -l4
[3.832s] INFO:colcon.colcon_core.task.python.build:Building Python package in '/home/alex/ros2_ws/src/people_pub'
[3.849s] INFO:colcon.colcon_core.shell:Skip shell extension 'powershell' for command environment: Not usable outside of PowerShell
[3.849s] DEBUG:colcon.colcon_core.shell:Skip shell extension 'dsv' for command environment
[3.903s] DEBUG:colcon.colcon_core.event_handler.log_command:Invoked command in '/home/alex/ros2_ws/build/leg_detector' returned '0': CMAKE_PREFIX_PATH=/home/alex/ros2_ws/install/leg_detector_msgs:/home/alex/ros2_ws/install/nav2_social_costmap_plugin:/home/alex/ros2_ws/install/people_msgs:/home/alex/ros2_ws/install/leg_detector:/home/alex/ros2_ws/install/articubot_one:/home/alex/ros2_ws/install/people_pub:/home/alex/ros2_ws/install/get_state_human:/opt/ros/humble LD_LIBRARY_PATH=/home/alex/ros2_ws/install/leg_detector_msgs/lib:/home/alex/ros2_ws/install/nav2_social_costmap_plugin/lib:/home/alex/ros2_ws/install/people_msgs/lib:/usr/lib/x86_64-linux-gnu/gazebo-11/plugins:/opt/ros/humble/opt/rviz_ogre_vendor/lib:/opt/ros/humble/lib/x86_64-linux-gnu:/opt/ros/humble/lib /usr/bin/cmake --build /home/alex/ros2_ws/build/leg_detector -- -j4 -l4
[3.905s] DEBUG:colcon.colcon_core.event_handler.log_command:Invoked command in '/home/alex/ros2_ws/build/nav2_social_costmap_plugin' returned '0': CMAKE_PREFIX_PATH=/home/alex/ros2_ws/install/people_msgs:/home/alex/ros2_ws/install/nav2_social_costmap_plugin:/home/alex/ros2_ws/install/leg_detector:/home/alex/ros2_ws/install/leg_detector_msgs:/home/alex/ros2_ws/install/articubot_one:/home/alex/ros2_ws/install/people_pub:/home/alex/ros2_ws/install/get_state_human:/opt/ros/humble LD_LIBRARY_PATH=/home/alex/ros2_ws/install/people_msgs/lib:/home/alex/ros2_ws/install/nav2_social_costmap_plugin/lib:/home/alex/ros2_ws/install/leg_detector_msgs/lib:/usr/lib/x86_64-linux-gnu/gazebo-11/plugins:/opt/ros/humble/opt/rviz_ogre_vendor/lib:/opt/ros/humble/lib/x86_64-linux-gnu:/opt/ros/humble/lib /usr/bin/cmake --build /home/alex/ros2_ws/build/nav2_social_costmap_plugin -- -j4 -l4
[3.940s] DEBUG:colcon.colcon_core.event_handler.log_command:Invoking command in '/home/alex/ros2_ws/build/nav2_social_costmap_plugin': CMAKE_PREFIX_PATH=/home/alex/ros2_ws/install/people_msgs:/home/alex/ros2_ws/install/nav2_social_costmap_plugin:/home/alex/ros2_ws/install/leg_detector:/home/alex/ros2_ws/install/leg_detector_msgs:/home/alex/ros2_ws/install/articubot_one:/home/alex/ros2_ws/install/people_pub:/home/alex/ros2_ws/install/get_state_human:/opt/ros/humble LD_LIBRARY_PATH=/home/alex/ros2_ws/install/people_msgs/lib:/home/alex/ros2_ws/install/nav2_social_costmap_plugin/lib:/home/alex/ros2_ws/install/leg_detector_msgs/lib:/usr/lib/x86_64-linux-gnu/gazebo-11/plugins:/opt/ros/humble/opt/rviz_ogre_vendor/lib:/opt/ros/humble/lib/x86_64-linux-gnu:/opt/ros/humble/lib /usr/bin/cmake --install /home/alex/ros2_ws/build/nav2_social_costmap_plugin
[3.953s] Level 1:colcon.colcon_core.environment:create_environment_scripts_only(nav2_social_costmap_plugin)
[3.953s] DEBUG:colcon.colcon_core.event_handler.log_command:Invoked command in '/home/alex/ros2_ws/build/nav2_social_costmap_plugin' returned '0': CMAKE_PREFIX_PATH=/home/alex/ros2_ws/install/people_msgs:/home/alex/ros2_ws/install/nav2_social_costmap_plugin:/home/alex/ros2_ws/install/leg_detector:/home/alex/ros2_ws/install/leg_detector_msgs:/home/alex/ros2_ws/install/articubot_one:/home/alex/ros2_ws/install/people_pub:/home/alex/ros2_ws/install/get_state_human:/opt/ros/humble LD_LIBRARY_PATH=/home/alex/ros2_ws/install/people_msgs/lib:/home/alex/ros2_ws/install/nav2_social_costmap_plugin/lib:/home/alex/ros2_ws/install/leg_detector_msgs/lib:/usr/lib/x86_64-linux-gnu/gazebo-11/plugins:/opt/ros/humble/opt/rviz_ogre_vendor/lib:/opt/ros/humble/lib/x86_64-linux-gnu:/opt/ros/humble/lib /usr/bin/cmake --install /home/alex/ros2_ws/build/nav2_social_costmap_plugin
[3.971s] Level 1:colcon.colcon_core.environment:checking '/home/alex/ros2_ws/install/nav2_social_costmap_plugin' for CMake module files
[3.972s] Level 1:colcon.colcon_core.environment:checking '/home/alex/ros2_ws/install/nav2_social_costmap_plugin' for CMake config files
[3.972s] Level 1:colcon.colcon_core.shell:create_environment_hook('nav2_social_costmap_plugin', 'cmake_prefix_path')
[3.989s] INFO:colcon.colcon_core.shell:Creating environment hook '/home/alex/ros2_ws/install/nav2_social_costmap_plugin/share/nav2_social_costmap_plugin/hook/cmake_prefix_path.ps1'
[3.990s] INFO:colcon.colcon_core.shell:Creating environment descriptor '/home/alex/ros2_ws/install/nav2_social_costmap_plugin/share/nav2_social_costmap_plugin/hook/cmake_prefix_path.dsv'
[3.990s] INFO:colcon.colcon_core.shell:Creating environment hook '/home/alex/ros2_ws/install/nav2_social_costmap_plugin/share/nav2_social_costmap_plugin/hook/cmake_prefix_path.sh'
[3.991s] Level 1:colcon.colcon_core.environment:checking '/home/alex/ros2_ws/install/nav2_social_costmap_plugin/lib'
[3.991s] Level 1:colcon.colcon_core.shell:create_environment_hook('nav2_social_costmap_plugin', 'ld_library_path_lib')
[4.009s] INFO:colcon.colcon_core.shell:Creating environment hook '/home/alex/ros2_ws/install/nav2_social_costmap_plugin/share/nav2_social_costmap_plugin/hook/ld_library_path_lib.ps1'
[4.009s] INFO:colcon.colcon_core.shell:Creating environment descriptor '/home/alex/ros2_ws/install/nav2_social_costmap_plugin/share/nav2_social_costmap_plugin/hook/ld_library_path_lib.dsv'
[4.009s] INFO:colcon.colcon_core.shell:Creating environment hook '/home/alex/ros2_ws/install/nav2_social_costmap_plugin/share/nav2_social_costmap_plugin/hook/ld_library_path_lib.sh'
[4.010s] Level 1:colcon.colcon_core.environment:checking '/home/alex/ros2_ws/install/nav2_social_costmap_plugin/bin'
[4.010s] Level 1:colcon.colcon_core.environment:checking '/home/alex/ros2_ws/install/nav2_social_costmap_plugin/lib/pkgconfig/nav2_social_costmap_plugin.pc'
[4.010s] Level 1:colcon.colcon_core.environment:checking '/home/alex/ros2_ws/install/nav2_social_costmap_plugin/lib/python3.10/site-packages'
[4.010s] Level 1:colcon.colcon_core.environment:checking '/home/alex/ros2_ws/install/nav2_social_costmap_plugin/bin'
[4.027s] INFO:colcon.colcon_core.shell:Creating package script '/home/alex/ros2_ws/install/nav2_social_costmap_plugin/share/nav2_social_costmap_plugin/package.ps1'
[4.028s] INFO:colcon.colcon_core.shell:Creating package descriptor '/home/alex/ros2_ws/install/nav2_social_costmap_plugin/share/nav2_social_costmap_plugin/package.dsv'
[4.029s] INFO:colcon.colcon_core.shell:Creating package script '/home/alex/ros2_ws/install/nav2_social_costmap_plugin/share/nav2_social_costmap_plugin/package.sh'
[4.029s] INFO:colcon.colcon_core.shell:Creating package script '/home/alex/ros2_ws/install/nav2_social_costmap_plugin/share/nav2_social_costmap_plugin/package.bash'
[4.029s] INFO:colcon.colcon_core.shell:Creating package script '/home/alex/ros2_ws/install/nav2_social_costmap_plugin/share/nav2_social_costmap_plugin/package.zsh'
[4.030s] Level 1:colcon.colcon_core.environment:create_file_with_runtime_dependencies(/home/alex/ros2_ws/install/nav2_social_costmap_plugin/share/colcon-core/packages/nav2_social_costmap_plugin)
[4.033s] DEBUG:colcon.colcon_core.event_handler.log_command:Invoking command in '/home/alex/ros2_ws/build/leg_detector': CMAKE_PREFIX_PATH=/home/alex/ros2_ws/install/leg_detector_msgs:/home/alex/ros2_ws/install/nav2_social_costmap_plugin:/home/alex/ros2_ws/install/people_msgs:/home/alex/ros2_ws/install/leg_detector:/home/alex/ros2_ws/install/articubot_one:/home/alex/ros2_ws/install/people_pub:/home/alex/ros2_ws/install/get_state_human:/opt/ros/humble LD_LIBRARY_PATH=/home/alex/ros2_ws/install/leg_detector_msgs/lib:/home/alex/ros2_ws/install/nav2_social_costmap_plugin/lib:/home/alex/ros2_ws/install/people_msgs/lib:/usr/lib/x86_64-linux-gnu/gazebo-11/plugins:/opt/ros/humble/opt/rviz_ogre_vendor/lib:/opt/ros/humble/lib/x86_64-linux-gnu:/opt/ros/humble/lib /usr/bin/cmake --install /home/alex/ros2_ws/build/leg_detector
[4.049s] Level 1:colcon.colcon_core.environment:create_environment_scripts_only(leg_detector)
[4.049s] DEBUG:colcon.colcon_core.event_handler.log_command:Invoked command in '/home/alex/ros2_ws/build/leg_detector' returned '0': CMAKE_PREFIX_PATH=/home/alex/ros2_ws/install/leg_detector_msgs:/home/alex/ros2_ws/install/nav2_social_costmap_plugin:/home/alex/ros2_ws/install/people_msgs:/home/alex/ros2_ws/install/leg_detector:/home/alex/ros2_ws/install/articubot_one:/home/alex/ros2_ws/install/people_pub:/home/alex/ros2_ws/install/get_state_human:/opt/ros/humble LD_LIBRARY_PATH=/home/alex/ros2_ws/install/leg_detector_msgs/lib:/home/alex/ros2_ws/install/nav2_social_costmap_plugin/lib:/home/alex/ros2_ws/install/people_msgs/lib:/usr/lib/x86_64-linux-gnu/gazebo-11/plugins:/opt/ros/humble/opt/rviz_ogre_vendor/lib:/opt/ros/humble/lib/x86_64-linux-gnu:/opt/ros/humble/lib /usr/bin/cmake --install /home/alex/ros2_ws/build/leg_detector
[4.068s] Level 1:colcon.colcon_core.environment:checking '/home/alex/ros2_ws/install/leg_detector' for CMake module files
[4.068s] Level 1:colcon.colcon_core.environment:checking '/home/alex/ros2_ws/install/leg_detector' for CMake config files
[4.069s] Level 1:colcon.colcon_core.shell:create_environment_hook('leg_detector', 'cmake_prefix_path')
[4.087s] INFO:colcon.colcon_core.shell:Creating environment hook '/home/alex/ros2_ws/install/leg_detector/share/leg_detector/hook/cmake_prefix_path.ps1'
[4.088s] INFO:colcon.colcon_core.shell:Creating environment descriptor '/home/alex/ros2_ws/install/leg_detector/share/leg_detector/hook/cmake_prefix_path.dsv'
[4.088s] INFO:colcon.colcon_core.shell:Creating environment hook '/home/alex/ros2_ws/install/leg_detector/share/leg_detector/hook/cmake_prefix_path.sh'
[4.089s] Level 1:colcon.colcon_core.environment:checking '/home/alex/ros2_ws/install/leg_detector/lib'
[4.089s] Level 1:colcon.colcon_core.environment:checking '/home/alex/ros2_ws/install/leg_detector/bin'
[4.089s] Level 1:colcon.colcon_core.environment:checking '/home/alex/ros2_ws/install/leg_detector/lib/pkgconfig/leg_detector.pc'
[4.089s] Level 1:colcon.colcon_core.environment:checking '/home/alex/ros2_ws/install/leg_detector/lib/python3.10/site-packages'
[4.089s] Level 1:colcon.colcon_core.environment:checking '/home/alex/ros2_ws/install/leg_detector/bin'
[4.107s] INFO:colcon.colcon_core.shell:Creating package script '/home/alex/ros2_ws/install/leg_detector/share/leg_detector/package.ps1'
[4.107s] INFO:colcon.colcon_core.shell:Creating package descriptor '/home/alex/ros2_ws/install/leg_detector/share/leg_detector/package.dsv'
[4.108s] INFO:colcon.colcon_core.shell:Creating package script '/home/alex/ros2_ws/install/leg_detector/share/leg_detector/package.sh'
[4.108s] INFO:colcon.colcon_core.shell:Creating package script '/home/alex/ros2_ws/install/leg_detector/share/leg_detector/package.bash'
[4.108s] INFO:colcon.colcon_core.shell:Creating package script '/home/alex/ros2_ws/install/leg_detector/share/leg_detector/package.zsh'
[4.109s] Level 1:colcon.colcon_core.environment:create_file_with_runtime_dependencies(/home/alex/ros2_ws/install/leg_detector/share/colcon-core/packages/leg_detector)
[4.129s] Level 1:colcon.colcon_core.environment:create_environment_scripts_only(nav2_social_costmap_plugin)
[4.147s] Level 1:colcon.colcon_core.environment:checking '/home/alex/ros2_ws/install/nav2_social_costmap_plugin' for CMake module files
[4.148s] Level 1:colcon.colcon_core.environment:checking '/home/alex/ros2_ws/install/nav2_social_costmap_plugin' for CMake config files
[4.148s] Level 1:colcon.colcon_core.shell:create_environment_hook('nav2_social_costmap_plugin', 'cmake_prefix_path')
[4.166s] INFO:colcon.colcon_core.shell:Creating environment hook '/home/alex/ros2_ws/install/nav2_social_costmap_plugin/share/nav2_social_costmap_plugin/hook/cmake_prefix_path.ps1'
[4.167s] INFO:colcon.colcon_core.shell:Creating environment descriptor '/home/alex/ros2_ws/install/nav2_social_costmap_plugin/share/nav2_social_costmap_plugin/hook/cmake_prefix_path.dsv'
[4.167s] INFO:colcon.colcon_core.shell:Creating environment hook '/home/alex/ros2_ws/install/nav2_social_costmap_plugin/share/nav2_social_costmap_plugin/hook/cmake_prefix_path.sh'
[4.168s] Level 1:colcon.colcon_core.environment:checking '/home/alex/ros2_ws/install/nav2_social_costmap_plugin/lib'
[4.168s] Level 1:colcon.colcon_core.shell:create_environment_hook('nav2_social_costmap_plugin', 'ld_library_path_lib')
[4.185s] INFO:colcon.colcon_core.shell:Creating environment hook '/home/alex/ros2_ws/install/nav2_social_costmap_plugin/share/nav2_social_costmap_plugin/hook/ld_library_path_lib.ps1'
[4.186s] INFO:colcon.colcon_core.shell:Creating environment descriptor '/home/alex/ros2_ws/install/nav2_social_costmap_plugin/share/nav2_social_costmap_plugin/hook/ld_library_path_lib.dsv'
[4.186s] INFO:colcon.colcon_core.shell:Creating environment hook '/home/alex/ros2_ws/install/nav2_social_costmap_plugin/share/nav2_social_costmap_plugin/hook/ld_library_path_lib.sh'
[4.187s] Level 1:colcon.colcon_core.environment:checking '/home/alex/ros2_ws/install/nav2_social_costmap_plugin/bin'
[4.187s] Level 1:colcon.colcon_core.environment:checking '/home/alex/ros2_ws/install/nav2_social_costmap_plugin/lib/pkgconfig/nav2_social_costmap_plugin.pc'
[4.187s] Level 1:colcon.colcon_core.environment:checking '/home/alex/ros2_ws/install/nav2_social_costmap_plugin/lib/python3.10/site-packages'
[4.187s] Level 1:colcon.colcon_core.environment:checking '/home/alex/ros2_ws/install/nav2_social_costmap_plugin/bin'
[4.204s] INFO:colcon.colcon_core.shell:Creating package script '/home/alex/ros2_ws/install/nav2_social_costmap_plugin/share/nav2_social_costmap_plugin/package.ps1'
[4.205s] INFO:colcon.colcon_core.shell:Creating package descriptor '/home/alex/ros2_ws/install/nav2_social_costmap_plugin/share/nav2_social_costmap_plugin/package.dsv'
[4.206s] INFO:colcon.colcon_core.shell:Creating package script '/home/alex/ros2_ws/install/nav2_social_costmap_plugin/share/nav2_social_costmap_plugin/package.sh'
[4.206s] INFO:colcon.colcon_core.shell:Creating package script '/home/alex/ros2_ws/install/nav2_social_costmap_plugin/share/nav2_social_costmap_plugin/package.bash'
[4.207s] INFO:colcon.colcon_core.shell:Creating package script '/home/alex/ros2_ws/install/nav2_social_costmap_plugin/share/nav2_social_costmap_plugin/package.zsh'
[4.207s] Level 1:colcon.colcon_core.environment:create_file_with_runtime_dependencies(/home/alex/ros2_ws/install/nav2_social_costmap_plugin/share/colcon-core/packages/nav2_social_costmap_plugin)
[4.226s] Level 1:colcon.colcon_core.environment:create_environment_scripts_only(leg_detector)
[4.244s] Level 1:colcon.colcon_core.environment:checking '/home/alex/ros2_ws/install/leg_detector' for CMake module files
[4.245s] Level 1:colcon.colcon_core.environment:checking '/home/alex/ros2_ws/install/leg_detector' for CMake config files
[4.245s] Level 1:colcon.colcon_core.shell:create_environment_hook('leg_detector', 'cmake_prefix_path')
[4.262s] INFO:colcon.colcon_core.shell:Creating environment hook '/home/alex/ros2_ws/install/leg_detector/share/leg_detector/hook/cmake_prefix_path.ps1'
[4.263s] INFO:colcon.colcon_core.shell:Creating environment descriptor '/home/alex/ros2_ws/install/leg_detector/share/leg_detector/hook/cmake_prefix_path.dsv'
[4.263s] INFO:colcon.colcon_core.shell:Creating environment hook '/home/alex/ros2_ws/install/leg_detector/share/leg_detector/hook/cmake_prefix_path.sh'
[4.264s] Level 1:colcon.colcon_core.environment:checking '/home/alex/ros2_ws/install/leg_detector/lib'
[4.264s] Level 1:colcon.colcon_core.environment:checking '/home/alex/ros2_ws/install/leg_detector/bin'
[4.264s] Level 1:colcon.colcon_core.environment:checking '/home/alex/ros2_ws/install/leg_detector/lib/pkgconfig/leg_detector.pc'
[4.264s] Level 1:colcon.colcon_core.environment:checking '/home/alex/ros2_ws/install/leg_detector/lib/python3.10/site-packages'
[4.265s] Level 1:colcon.colcon_core.environment:checking '/home/alex/ros2_ws/install/leg_detector/bin'
[4.282s] INFO:colcon.colcon_core.shell:Creating package script '/home/alex/ros2_ws/install/leg_detector/share/leg_detector/package.ps1'
[4.282s] INFO:colcon.colcon_core.shell:Creating package descriptor '/home/alex/ros2_ws/install/leg_detector/share/leg_detector/package.dsv'
[4.283s] INFO:colcon.colcon_core.shell:Creating package script '/home/alex/ros2_ws/install/leg_detector/share/leg_detector/package.sh'
[4.283s] INFO:colcon.colcon_core.shell:Creating package script '/home/alex/ros2_ws/install/leg_detector/share/leg_detector/package.bash'
[4.283s] INFO:colcon.colcon_core.shell:Creating package script '/home/alex/ros2_ws/install/leg_detector/share/leg_detector/package.zsh'
[4.284s] Level 1:colcon.colcon_core.environment:create_file_with_runtime_dependencies(/home/alex/ros2_ws/install/leg_detector/share/colcon-core/packages/leg_detector)
[4.341s] DEBUG:colcon.colcon_core.event_handler.log_command:Invoking command in '/home/alex/ros2_ws/src/people_pub': CMAKE_PREFIX_PATH=/home/alex/ros2_ws/install/people_msgs:/home/alex/ros2_ws/install/leg_detector_msgs:/home/alex/ros2_ws/install/nav2_social_costmap_plugin:/home/alex/ros2_ws/install/leg_detector:/home/alex/ros2_ws/install/articubot_one LD_LIBRARY_PATH=/home/alex/ros2_ws/install/people_msgs/lib:/home/alex/ros2_ws/install/leg_detector_msgs/lib:/home/alex/ros2_ws/install/nav2_social_costmap_plugin/lib:/usr/lib/x86_64-linux-gnu/gazebo-11/plugins:/opt/ros/humble/opt/rviz_ogre_vendor/lib:/opt/ros/humble/lib/x86_64-linux-gnu:/opt/ros/humble/lib PYTHONPATH=/home/alex/ros2_ws/build/people_pub/prefix_override:/home/alex/ros2_ws/install/people_pub/lib/python3.10/site-packages:${PYTHONPATH} /usr/bin/python3 setup.py egg_info --egg-base ../../build/people_pub build --build-base /home/alex/ros2_ws/build/people_pub/build install --record /home/alex/ros2_ws/build/people_pub/install.log --single-version-externally-managed
[4.670s] DEBUG:colcon.colcon_core.event_handler.log_command:Invoked command in '/home/alex/ros2_ws/src/people_pub' returned '0': CMAKE_PREFIX_PATH=/home/alex/ros2_ws/install/people_msgs:/home/alex/ros2_ws/install/leg_detector_msgs:/home/alex/ros2_ws/install/nav2_social_costmap_plugin:/home/alex/ros2_ws/install/leg_detector:/home/alex/ros2_ws/install/articubot_one LD_LIBRARY_PATH=/home/alex/ros2_ws/install/people_msgs/lib:/home/alex/ros2_ws/install/leg_detector_msgs/lib:/home/alex/ros2_ws/install/nav2_social_costmap_plugin/lib:/usr/lib/x86_64-linux-gnu/gazebo-11/plugins:/opt/ros/humble/opt/rviz_ogre_vendor/lib:/opt/ros/humble/lib/x86_64-linux-gnu:/opt/ros/humble/lib PYTHONPATH=/home/alex/ros2_ws/build/people_pub/prefix_override:/home/alex/ros2_ws/install/people_pub/lib/python3.10/site-packages:${PYTHONPATH} /usr/bin/python3 setup.py egg_info --egg-base ../../build/people_pub build --build-base /home/alex/ros2_ws/build/people_pub/build install --record /home/alex/ros2_ws/build/people_pub/install.log --single-version-externally-managed
[4.686s] Level 1:colcon.colcon_core.environment:checking '/home/alex/ros2_ws/install/people_pub' for CMake module files
[4.687s] Level 1:colcon.colcon_core.environment:checking '/home/alex/ros2_ws/install/people_pub' for CMake config files
[4.687s] Level 1:colcon.colcon_core.environment:checking '/home/alex/ros2_ws/install/people_pub/lib'
[4.687s] Level 1:colcon.colcon_core.environment:checking '/home/alex/ros2_ws/install/people_pub/bin'
[4.687s] Level 1:colcon.colcon_core.environment:checking '/home/alex/ros2_ws/install/people_pub/lib/pkgconfig/people_pub.pc'
[4.688s] Level 1:colcon.colcon_core.environment:checking '/home/alex/ros2_ws/install/people_pub/lib/python3.10/site-packages'
[4.688s] Level 1:colcon.colcon_core.shell:create_environment_hook('people_pub', 'pythonpath')
[4.713s] INFO:colcon.colcon_core.shell:Creating environment hook '/home/alex/ros2_ws/install/people_pub/share/people_pub/hook/pythonpath.ps1'
[4.714s] INFO:colcon.colcon_core.shell:Creating environment descriptor '/home/alex/ros2_ws/install/people_pub/share/people_pub/hook/pythonpath.dsv'
[4.714s] INFO:colcon.colcon_core.shell:Creating environment hook '/home/alex/ros2_ws/install/people_pub/share/people_pub/hook/pythonpath.sh'
[4.714s] Level 1:colcon.colcon_core.environment:checking '/home/alex/ros2_ws/install/people_pub/bin'
[4.715s] Level 1:colcon.colcon_core.environment:create_environment_scripts_only(people_pub)
[4.731s] INFO:colcon.colcon_core.shell:Creating package script '/home/alex/ros2_ws/install/people_pub/share/people_pub/package.ps1'
[4.731s] INFO:colcon.colcon_core.shell:Creating package descriptor '/home/alex/ros2_ws/install/people_pub/share/people_pub/package.dsv'
[4.731s] INFO:colcon.colcon_core.shell:Creating package script '/home/alex/ros2_ws/install/people_pub/share/people_pub/package.sh'
[4.732s] INFO:colcon.colcon_core.shell:Creating package script '/home/alex/ros2_ws/install/people_pub/share/people_pub/package.bash'
[4.732s] INFO:colcon.colcon_core.shell:Creating package script '/home/alex/ros2_ws/install/people_pub/share/people_pub/package.zsh'
[4.733s] Level 1:colcon.colcon_core.environment:create_file_with_runtime_dependencies(/home/alex/ros2_ws/install/people_pub/share/colcon-core/packages/people_pub)
[4.733s] DEBUG:colcon.colcon_parallel_executor.executor.parallel:closing loop
[4.734s] DEBUG:colcon.colcon_parallel_executor.executor.parallel:loop closed
[4.734s] DEBUG:colcon.colcon_parallel_executor.executor.parallel:run_until_complete finished with '0'
[4.734s] DEBUG:colcon.colcon_core.event_reactor:joining thread
[4.756s] INFO:colcon.colcon_core.plugin_system:Skipping extension 'colcon_notification.desktop_notification.terminal_notifier': Not used on non-Darwin systems
[4.756s] INFO:colcon.colcon_core.plugin_system:Skipping extension 'colcon_notification.desktop_notification.win32': Not used on non-Windows systems
[4.756s] INFO:colcon.colcon_notification.desktop_notification:Sending desktop notification using 'notify2'
[4.768s] DEBUG:colcon.colcon_core.event_reactor:joined thread
[4.786s] INFO:colcon.colcon_core.shell:Creating prefix script '/home/alex/ros2_ws/install/local_setup.ps1'
[4.787s] INFO:colcon.colcon_core.shell:Creating prefix util module '/home/alex/ros2_ws/install/_local_setup_util_ps1.py'
[4.789s] INFO:colcon.colcon_core.shell:Creating prefix chain script '/home/alex/ros2_ws/install/setup.ps1'
[4.808s] INFO:colcon.colcon_core.shell:Creating prefix script '/home/alex/ros2_ws/install/local_setup.sh'
[4.809s] INFO:colcon.colcon_core.shell:Creating prefix util module '/home/alex/ros2_ws/install/_local_setup_util_sh.py'
[4.809s] INFO:colcon.colcon_core.shell:Creating prefix chain script '/home/alex/ros2_ws/install/setup.sh'
[4.827s] INFO:colcon.colcon_core.shell:Creating prefix script '/home/alex/ros2_ws/install/local_setup.bash'
[4.828s] INFO:colcon.colcon_core.shell:Creating prefix chain script '/home/alex/ros2_ws/install/setup.bash'
[4.846s] INFO:colcon.colcon_core.shell:Creating prefix script '/home/alex/ros2_ws/install/local_setup.zsh'
[4.846s] INFO:colcon.colcon_core.shell:Creating prefix chain script '/home/alex/ros2_ws/install/setup.zsh'
