[1.840s] Invoking command in '/home/alex/ros2_ws/src/people_pub': CMAKE_PREFIX_PATH=/home/alex/ros2_ws/install/people_msgs:/home/alex/ros2_ws/install/leg_detector_msgs:/home/alex/ros2_ws/install/nav2_social_costmap_plugin:/home/alex/ros2_ws/install/leg_detector:/home/alex/ros2_ws/install/articubot_one LD_LIBRARY_PATH=/home/alex/ros2_ws/install/people_msgs/lib:/home/alex/ros2_ws/install/leg_detector_msgs/lib:/home/alex/ros2_ws/install/nav2_social_costmap_plugin/lib:/usr/lib/x86_64-linux-gnu/gazebo-11/plugins:/opt/ros/humble/opt/rviz_ogre_vendor/lib:/opt/ros/humble/lib/x86_64-linux-gnu:/opt/ros/humble/lib PYTHONPATH=/home/alex/ros2_ws/build/people_pub/prefix_override:/home/alex/ros2_ws/install/people_pub/lib/python3.10/site-packages:${PYTHONPATH} /usr/bin/python3 setup.py egg_info --egg-base ../../build/people_pub build --build-base /home/alex/ros2_ws/build/people_pub/build install --record /home/alex/ros2_ws/build/people_pub/install.log --single-version-externally-managed
[2.369s] running egg_info
[2.370s] writing ../../build/people_pub/people_pub.egg-info/PKG-INFO
[2.372s] writing dependency_links to ../../build/people_pub/people_pub.egg-info/dependency_links.txt
[2.372s] writing entry points to ../../build/people_pub/people_pub.egg-info/entry_points.txt
[2.373s] writing requirements to ../../build/people_pub/people_pub.egg-info/requires.txt
[2.375s] writing top-level names to ../../build/people_pub/people_pub.egg-info/top_level.txt
[2.378s] reading manifest file '../../build/people_pub/people_pub.egg-info/SOURCES.txt'
[2.379s] adding license file 'LICENSE'
[2.381s] writing manifest file '../../build/people_pub/people_pub.egg-info/SOURCES.txt'
[2.381s] running build
[2.381s] running build_py
[2.382s] copying people_pub/people_publisher.py -> /home/alex/ros2_ws/build/people_pub/build/lib/people_pub
[2.384s] running install
[2.385s] running install_lib
[2.387s] copying /home/alex/ros2_ws/build/people_pub/build/lib/people_pub/people_publisher.py -> /home/alex/ros2_ws/install/people_pub/lib/python3.10/site-packages/people_pub
[2.391s] byte-compiling /home/alex/ros2_ws/install/people_pub/lib/python3.10/site-packages/people_pub/people_publisher.py to people_publisher.cpython-310.pyc
[2.393s] running install_data
[2.393s] running install_egg_info
[2.397s] removing '/home/alex/ros2_ws/install/people_pub/lib/python3.10/site-packages/people_pub-0.0.0-py3.10.egg-info' (and everything under it)
[2.397s] Copying ../../build/people_pub/people_pub.egg-info to /home/alex/ros2_ws/install/people_pub/lib/python3.10/site-packages/people_pub-0.0.0-py3.10.egg-info
[2.399s] running install_scripts
[2.439s] Installing people_publish script to /home/alex/ros2_ws/install/people_pub/lib/people_pub
[2.440s] writing list of installed files to '/home/alex/ros2_ws/build/people_pub/install.log'
[2.503s] Invoked command in '/home/alex/ros2_ws/src/people_pub' returned '0': CMAKE_PREFIX_PATH=/home/alex/ros2_ws/install/people_msgs:/home/alex/ros2_ws/install/leg_detector_msgs:/home/alex/ros2_ws/install/nav2_social_costmap_plugin:/home/alex/ros2_ws/install/leg_detector:/home/alex/ros2_ws/install/articubot_one LD_LIBRARY_PATH=/home/alex/ros2_ws/install/people_msgs/lib:/home/alex/ros2_ws/install/leg_detector_msgs/lib:/home/alex/ros2_ws/install/nav2_social_costmap_plugin/lib:/usr/lib/x86_64-linux-gnu/gazebo-11/plugins:/opt/ros/humble/opt/rviz_ogre_vendor/lib:/opt/ros/humble/lib/x86_64-linux-gnu:/opt/ros/humble/lib PYTHONPATH=/home/alex/ros2_ws/build/people_pub/prefix_override:/home/alex/ros2_ws/install/people_pub/lib/python3.10/site-packages:${PYTHONPATH} /usr/bin/python3 setup.py egg_info --egg-base ../../build/people_pub build --build-base /home/alex/ros2_ws/build/people_pub/build install --record /home/alex/ros2_ws/build/people_pub/install.log --single-version-externally-managed
