running egg_info
creating ../../build/get_state_human/get_state_human.egg-info
writing ../../build/get_state_human/get_state_human.egg-info/PKG-INFO
writing dependency_links to ../../build/get_state_human/get_state_human.egg-info/dependency_links.txt
writing entry points to ../../build/get_state_human/get_state_human.egg-info/entry_points.txt
writing requirements to ../../build/get_state_human/get_state_human.egg-info/requires.txt
writing top-level names to ../../build/get_state_human/get_state_human.egg-info/top_level.txt
writing manifest file '../../build/get_state_human/get_state_human.egg-info/SOURCES.txt'
reading manifest file '../../build/get_state_human/get_state_human.egg-info/SOURCES.txt'
adding license file 'LICENSE'
writing manifest file '../../build/get_state_human/get_state_human.egg-info/SOURCES.txt'
running build
running build_py
creating /home/alex/ros2_ws/build/get_state_human/build
creating /home/alex/ros2_ws/build/get_state_human/build/lib
creating /home/alex/ros2_ws/build/get_state_human/build/lib/get_state_human
copying get_state_human/get_state.py -> /home/alex/ros2_ws/build/get_state_human/build/lib/get_state_human
copying get_state_human/__init__.py -> /home/alex/ros2_ws/build/get_state_human/build/lib/get_state_human
running install
running install_lib
creating /home/alex/ros2_ws/install/get_state_human/lib/python3.10/site-packages/get_state_human
copying /home/alex/ros2_ws/build/get_state_human/build/lib/get_state_human/get_state.py -> /home/alex/ros2_ws/install/get_state_human/lib/python3.10/site-packages/get_state_human
copying /home/alex/ros2_ws/build/get_state_human/build/lib/get_state_human/__init__.py -> /home/alex/ros2_ws/install/get_state_human/lib/python3.10/site-packages/get_state_human
byte-compiling /home/alex/ros2_ws/install/get_state_human/lib/python3.10/site-packages/get_state_human/get_state.py to get_state.cpython-310.pyc
byte-compiling /home/alex/ros2_ws/install/get_state_human/lib/python3.10/site-packages/get_state_human/__init__.py to __init__.cpython-310.pyc
running install_data
creating /home/alex/ros2_ws/install/get_state_human/share/ament_index
creating /home/alex/ros2_ws/install/get_state_human/share/ament_index/resource_index
creating /home/alex/ros2_ws/install/get_state_human/share/ament_index/resource_index/packages
copying resource/get_state_human -> /home/alex/ros2_ws/install/get_state_human/share/ament_index/resource_index/packages
copying package.xml -> /home/alex/ros2_ws/install/get_state_human/share/get_state_human
running install_egg_info
Copying ../../build/get_state_human/get_state_human.egg-info to /home/alex/ros2_ws/install/get_state_human/lib/python3.10/site-packages/get_state_human-0.0.0-py3.10.egg-info
running install_scripts
Installing social script to /home/alex/ros2_ws/install/get_state_human/lib/get_state_human
writing list of installed files to '/home/alex/ros2_ws/build/get_state_human/install.log'
