[0.971s] Invoking command in '/home/alex/ros2_ws/src/get_state_human': PYTHONPATH=/home/alex/ros2_ws/build/get_state_human/prefix_override:/home/alex/ros2_ws/install/get_state_human/lib/python3.10/site-packages:${PYTHONPATH} /usr/bin/python3 setup.py egg_info --egg-base ../../build/get_state_human build --build-base /home/alex/ros2_ws/build/get_state_human/build install --record /home/alex/ros2_ws/build/get_state_human/install.log --single-version-externally-managed
[1.278s] running egg_info
[1.279s] creating ../../build/get_state_human/get_state_human.egg-info
[1.279s] writing ../../build/get_state_human/get_state_human.egg-info/PKG-INFO
[1.279s] writing dependency_links to ../../build/get_state_human/get_state_human.egg-info/dependency_links.txt
[1.279s] writing entry points to ../../build/get_state_human/get_state_human.egg-info/entry_points.txt
[1.280s] writing requirements to ../../build/get_state_human/get_state_human.egg-info/requires.txt
[1.280s] writing top-level names to ../../build/get_state_human/get_state_human.egg-info/top_level.txt
[1.280s] writing manifest file '../../build/get_state_human/get_state_human.egg-info/SOURCES.txt'
[1.283s] reading manifest file '../../build/get_state_human/get_state_human.egg-info/SOURCES.txt'
[1.283s] adding license file 'LICENSE'
[1.284s] writing manifest file '../../build/get_state_human/get_state_human.egg-info/SOURCES.txt'
[1.284s] running build
[1.284s] running build_py
[1.284s] creating /home/alex/ros2_ws/build/get_state_human/build
[1.285s] creating /home/alex/ros2_ws/build/get_state_human/build/lib
[1.285s] creating /home/alex/ros2_ws/build/get_state_human/build/lib/get_state_human
[1.285s] copying get_state_human/get_state.py -> /home/alex/ros2_ws/build/get_state_human/build/lib/get_state_human
[1.285s] copying get_state_human/__init__.py -> /home/alex/ros2_ws/build/get_state_human/build/lib/get_state_human
[1.285s] running install
[1.285s] running install_lib
[1.286s] creating /home/alex/ros2_ws/install/get_state_human/lib/python3.10/site-packages/get_state_human
[1.286s] copying /home/alex/ros2_ws/build/get_state_human/build/lib/get_state_human/get_state.py -> /home/alex/ros2_ws/install/get_state_human/lib/python3.10/site-packages/get_state_human
[1.286s] copying /home/alex/ros2_ws/build/get_state_human/build/lib/get_state_human/__init__.py -> /home/alex/ros2_ws/install/get_state_human/lib/python3.10/site-packages/get_state_human
[1.287s] byte-compiling /home/alex/ros2_ws/install/get_state_human/lib/python3.10/site-packages/get_state_human/get_state.py to get_state.cpython-310.pyc
[1.288s] byte-compiling /home/alex/ros2_ws/install/get_state_human/lib/python3.10/site-packages/get_state_human/__init__.py to __init__.cpython-310.pyc
[1.288s] running install_data
[1.288s] creating /home/alex/ros2_ws/install/get_state_human/share/ament_index
[1.289s] creating /home/alex/ros2_ws/install/get_state_human/share/ament_index/resource_index
[1.289s] creating /home/alex/ros2_ws/install/get_state_human/share/ament_index/resource_index/packages
[1.289s] copying resource/get_state_human -> /home/alex/ros2_ws/install/get_state_human/share/ament_index/resource_index/packages
[1.289s] copying package.xml -> /home/alex/ros2_ws/install/get_state_human/share/get_state_human
[1.289s] running install_egg_info
[1.291s] Copying ../../build/get_state_human/get_state_human.egg-info to /home/alex/ros2_ws/install/get_state_human/lib/python3.10/site-packages/get_state_human-0.0.0-py3.10.egg-info
[1.292s] running install_scripts
[1.319s] Installing social script to /home/alex/ros2_ws/install/get_state_human/lib/get_state_human
[1.319s] writing list of installed files to '/home/alex/ros2_ws/build/get_state_human/install.log'
[1.350s] Invoked command in '/home/alex/ros2_ws/src/get_state_human' returned '0': PYTHONPATH=/home/alex/ros2_ws/build/get_state_human/prefix_override:/home/alex/ros2_ws/install/get_state_human/lib/python3.10/site-packages:${PYTHONPATH} /usr/bin/python3 setup.py egg_info --egg-base ../../build/get_state_human build --build-base /home/alex/ros2_ws/build/get_state_human/build install --record /home/alex/ros2_ws/build/get_state_human/install.log --single-version-externally-managed
