[0.224s] Invoking command in '/home/alex/ros2_ws/build/nav2_social_costmap_plugin': AMENT_PREFIX_PATH=/home/alex/ros2_ws/install/people_msgs:${AMENT_PREFIX_PATH} CMAKE_PREFIX_PATH=/home/alex/ros2_ws/install/people_msgs:/opt/ros/humble LD_LIBRARY_PATH=/home/alex/ros2_ws/install/people_msgs/lib:${LD_LIBRARY_PATH} PYTHONPATH=/home/alex/ros2_ws/install/people_msgs/local/lib/python3.10/dist-packages:${PYTHONPATH} /usr/bin/cmake --build /home/alex/ros2_ws/build/nav2_social_costmap_plugin -- -j4 -l4
[0.413s] [100%] Built target nav2_social_costmap_plugin_core
[0.598s] Invoked command in '/home/alex/ros2_ws/build/nav2_social_costmap_plugin' returned '0': AMENT_PREFIX_PATH=/home/alex/ros2_ws/install/people_msgs:${AMENT_PREFIX_PATH} CMAKE_PREFIX_PATH=/home/alex/ros2_ws/install/people_msgs:/opt/ros/humble LD_LIBRARY_PATH=/home/alex/ros2_ws/install/people_msgs/lib:${LD_LIBRARY_PATH} PYTHONPATH=/home/alex/ros2_ws/install/people_msgs/local/lib/python3.10/dist-packages:${PYTHONPATH} /usr/bin/cmake --build /home/alex/ros2_ws/build/nav2_social_costmap_plugin -- -j4 -l4
[0.629s] Invoking command in '/home/alex/ros2_ws/build/nav2_social_costmap_plugin': AMENT_PREFIX_PATH=/home/alex/ros2_ws/install/people_msgs:${AMENT_PREFIX_PATH} CMAKE_PREFIX_PATH=/home/alex/ros2_ws/install/people_msgs:/opt/ros/humble LD_LIBRARY_PATH=/home/alex/ros2_ws/install/people_msgs/lib:${LD_LIBRARY_PATH} PYTHONPATH=/home/alex/ros2_ws/install/people_msgs/local/lib/python3.10/dist-packages:${PYTHONPATH} /usr/bin/cmake --install /home/alex/ros2_ws/build/nav2_social_costmap_plugin
[0.640s] -- Install configuration: ""
[0.642s] -- Up-to-date: /home/alex/ros2_ws/install/nav2_social_costmap_plugin/lib/libnav2_social_costmap_plugin_core.so
[0.643s] -- Up-to-date: /home/alex/ros2_ws/install/nav2_social_costmap_plugin/share/nav2_social_costmap_plugin/social_layer.xml
[0.643s] -- Up-to-date: /home/alex/ros2_ws/install/nav2_social_costmap_plugin/share/ament_index/resource_index/package_run_dependencies/nav2_social_costmap_plugin
[0.643s] -- Up-to-date: /home/alex/ros2_ws/install/nav2_social_costmap_plugin/share/ament_index/resource_index/parent_prefix_path/nav2_social_costmap_plugin
[0.644s] -- Up-to-date: /home/alex/ros2_ws/install/nav2_social_costmap_plugin/share/nav2_social_costmap_plugin/environment/ament_prefix_path.sh
[0.644s] -- Up-to-date: /home/alex/ros2_ws/install/nav2_social_costmap_plugin/share/nav2_social_costmap_plugin/environment/ament_prefix_path.dsv
[0.644s] -- Up-to-date: /home/alex/ros2_ws/install/nav2_social_costmap_plugin/share/nav2_social_costmap_plugin/environment/path.sh
[0.645s] -- Up-to-date: /home/alex/ros2_ws/install/nav2_social_costmap_plugin/share/nav2_social_costmap_plugin/environment/path.dsv
[0.645s] -- Up-to-date: /home/alex/ros2_ws/install/nav2_social_costmap_plugin/share/nav2_social_costmap_plugin/local_setup.bash
[0.645s] -- Up-to-date: /home/alex/ros2_ws/install/nav2_social_costmap_plugin/share/nav2_social_costmap_plugin/local_setup.sh
[0.645s] -- Up-to-date: /home/alex/ros2_ws/install/nav2_social_costmap_plugin/share/nav2_social_costmap_plugin/local_setup.zsh
[0.645s] -- Up-to-date: /home/alex/ros2_ws/install/nav2_social_costmap_plugin/share/nav2_social_costmap_plugin/local_setup.dsv
[0.645s] -- Installing: /home/alex/ros2_ws/install/nav2_social_costmap_plugin/share/nav2_social_costmap_plugin/package.dsv
[0.645s] -- Up-to-date: /home/alex/ros2_ws/install/nav2_social_costmap_plugin/share/ament_index/resource_index/packages/nav2_social_costmap_plugin
[0.649s] -- Up-to-date: /home/alex/ros2_ws/install/nav2_social_costmap_plugin/share/ament_index/resource_index/nav2_costmap_2d__pluginlib__plugin/nav2_social_costmap_plugin
[0.649s] -- Up-to-date: /home/alex/ros2_ws/install/nav2_social_costmap_plugin/share/nav2_social_costmap_plugin/cmake/nav2_social_costmap_pluginConfig.cmake
[0.649s] -- Up-to-date: /home/alex/ros2_ws/install/nav2_social_costmap_plugin/share/nav2_social_costmap_plugin/cmake/nav2_social_costmap_pluginConfig-version.cmake
[0.650s] -- Up-to-date: /home/alex/ros2_ws/install/nav2_social_costmap_plugin/share/nav2_social_costmap_plugin/package.xml
[0.650s] Invoked command in '/home/alex/ros2_ws/build/nav2_social_costmap_plugin' returned '0': AMENT_PREFIX_PATH=/home/alex/ros2_ws/install/people_msgs:${AMENT_PREFIX_PATH} CMAKE_PREFIX_PATH=/home/alex/ros2_ws/install/people_msgs:/opt/ros/humble LD_LIBRARY_PATH=/home/alex/ros2_ws/install/people_msgs/lib:${LD_LIBRARY_PATH} PYTHONPATH=/home/alex/ros2_ws/install/people_msgs/local/lib/python3.10/dist-packages:${PYTHONPATH} /usr/bin/cmake --install /home/alex/ros2_ws/build/nav2_social_costmap_plugin
