[0.077s] Invoking command in '/home/alex/ros2_ws/build/leg_detector_msgs': CMAKE_PREFIX_PATH=/opt/ros/humble /usr/bin/cmake --build /home/alex/ros2_ws/build/leg_detector_msgs -- -j4 -l4
[0.109s] -- Found ament_cmake: 1.3.6 (/opt/ros/humble/share/ament_cmake/cmake)
[0.292s] -- Found std_msgs: 4.2.3 (/opt/ros/humble/share/std_msgs/cmake)
[0.326s] -- Found rosidl_generator_c: 3.1.5 (/opt/ros/humble/share/rosidl_generator_c/cmake)
[0.329s] -- Found rosidl_adapter: 3.1.5 (/opt/ros/humble/share/rosidl_adapter/cmake)
[0.336s] -- Found rosidl_generator_cpp: 3.1.5 (/opt/ros/humble/share/rosidl_generator_cpp/cmake)
[0.348s] -- Using all available rosidl_typesupport_c: rosidl_typesupport_fastrtps_c;rosidl_typesupport_introspection_c
[0.364s] -- Using all available rosidl_typesupport_cpp: rosidl_typesupport_fastrtps_cpp;rosidl_typesupport_introspection_cpp
[0.422s] -- Found geometry_msgs: 4.2.3 (/opt/ros/humble/share/geometry_msgs/cmake)
[0.471s] -- Found rosidl_default_generators: 1.2.0 (/opt/ros/humble/share/rosidl_default_generators/cmake)
[0.846s] -- Found ament_cmake_ros: 0.10.0 (/opt/ros/humble/share/ament_cmake_ros/cmake)
[1.318s] -- Using all available rosidl_typesupport_c: rosidl_typesupport_fastrtps_c;rosidl_typesupport_introspection_c
[1.506s] -- Using all available rosidl_typesupport_cpp: rosidl_typesupport_fastrtps_cpp;rosidl_typesupport_introspection_cpp
[1.537s] -- Found python_cmake_module: 0.10.0 (/opt/ros/humble/share/python_cmake_module/cmake)
[1.567s] -- Using PYTHON_EXECUTABLE: /usr/bin/python3
[1.567s] -- Using PYTHON_INCLUDE_DIRS: /usr/include/python3.10
[1.567s] -- Using PYTHON_LIBRARIES: /usr/lib/x86_64-linux-gnu/libpython3.10.so
[1.619s] -- Configuring done
[1.664s] -- Generating done
[1.668s] -- Build files have been written to: /home/alex/ros2_ws/build/leg_detector_msgs
[1.694s] [  1%] [34m[1mGenerating C code for ROS interfaces[0m
[1.706s] [  3%] [34m[1mGenerating C++ code for ROS interfaces[0m
[1.716s] [  3%] Built target ament_cmake_python_copy_leg_detector_msgs
[2.009s] running egg_info
[2.010s] writing leg_detector_msgs.egg-info/PKG-INFO
[2.010s] writing dependency_links to leg_detector_msgs.egg-info/dependency_links.txt
[2.010s] writing top-level names to leg_detector_msgs.egg-info/top_level.txt
[2.012s] reading manifest file 'leg_detector_msgs.egg-info/SOURCES.txt'
[2.013s] writing manifest file 'leg_detector_msgs.egg-info/SOURCES.txt'
[2.041s] [  3%] Built target ament_cmake_python_build_leg_detector_msgs_egg
[2.156s] [  3%] Built target leg_detector_msgs__cpp
[2.167s] [  5%] [34m[1mGenerating C++ type support dispatch for ROS interfaces[0m
[2.177s] [  7%] [34m[1mGenerating C++ type support for eProsima Fast-RTPS[0m
[2.205s] [  9%] [34m[1mGenerating C++ introspection for ROS interfaces[0m
[2.210s] [35m[1mConsolidate compiler generated dependencies of target leg_detector_msgs__rosidl_generator_c[0m
[2.225s] [ 10%] [32mBuilding C object CMakeFiles/leg_detector_msgs__rosidl_generator_c.dir/rosidl_generator_c/leg_detector_msgs/msg/detail/human__functions.c.o[0m
[2.281s] [ 12%] [32mBuilding C object CMakeFiles/leg_detector_msgs__rosidl_generator_c.dir/rosidl_generator_c/leg_detector_msgs/msg/detail/human_array__functions.c.o[0m
[2.339s] [ 14%] [32mBuilding C object CMakeFiles/leg_detector_msgs__rosidl_generator_c.dir/rosidl_generator_c/leg_detector_msgs/msg/detail/leg__functions.c.o[0m
[2.394s] [ 16%] [32mBuilding C object CMakeFiles/leg_detector_msgs__rosidl_generator_c.dir/rosidl_generator_c/leg_detector_msgs/msg/detail/leg_array__functions.c.o[0m
[2.453s] [ 18%] [32m[1mLinking C shared library libleg_detector_msgs__rosidl_generator_c.so[0m
[2.498s] [ 18%] Built target leg_detector_msgs__rosidl_generator_c
[2.506s] [35m[1mConsolidate compiler generated dependencies of target leg_detector_msgs__rosidl_typesupport_cpp[0m
[2.510s] [ 20%] [34m[1mGenerating C type support for eProsima Fast-RTPS[0m
[2.523s] [ 21%] [32mBuilding CXX object CMakeFiles/leg_detector_msgs__rosidl_typesupport_cpp.dir/rosidl_typesupport_cpp/leg_detector_msgs/msg/human__type_support.cpp.o[0m
[2.621s] [35m[1mConsolidate compiler generated dependencies of target leg_detector_msgs__rosidl_typesupport_introspection_cpp[0m
[2.630s] [35m[1mConsolidate compiler generated dependencies of target leg_detector_msgs__rosidl_typesupport_fastrtps_cpp[0m
[2.640s] [ 23%] [32mBuilding CXX object CMakeFiles/leg_detector_msgs__rosidl_typesupport_introspection_cpp.dir/rosidl_typesupport_introspection_cpp/leg_detector_msgs/msg/detail/human__type_support.cpp.o[0m
[2.648s] [ 25%] [32mBuilding CXX object CMakeFiles/leg_detector_msgs__rosidl_typesupport_fastrtps_cpp.dir/rosidl_typesupport_fastrtps_cpp/leg_detector_msgs/msg/detail/dds_fastrtps/human__type_support.cpp.o[0m
[2.832s] [ 27%] [32mBuilding CXX object CMakeFiles/leg_detector_msgs__rosidl_typesupport_cpp.dir/rosidl_typesupport_cpp/leg_detector_msgs/msg/human_array__type_support.cpp.o[0m
[2.969s] [35m[1mConsolidate compiler generated dependencies of target leg_detector_msgs__rosidl_typesupport_fastrtps_c[0m
[2.987s] [ 29%] [32mBuilding CXX object CMakeFiles/leg_detector_msgs__rosidl_typesupport_fastrtps_c.dir/rosidl_typesupport_fastrtps_c/leg_detector_msgs/msg/detail/human__type_support_c.cpp.o[0m
[3.070s] [ 30%] [32mBuilding CXX object CMakeFiles/leg_detector_msgs__rosidl_typesupport_introspection_cpp.dir/rosidl_typesupport_introspection_cpp/leg_detector_msgs/msg/detail/human_array__type_support.cpp.o[0m
[3.094s] [ 32%] [32mBuilding CXX object CMakeFiles/leg_detector_msgs__rosidl_typesupport_fastrtps_cpp.dir/rosidl_typesupport_fastrtps_cpp/leg_detector_msgs/msg/detail/dds_fastrtps/human_array__type_support.cpp.o[0m
[3.140s] [ 34%] [32mBuilding CXX object CMakeFiles/leg_detector_msgs__rosidl_typesupport_cpp.dir/rosidl_typesupport_cpp/leg_detector_msgs/msg/leg__type_support.cpp.o[0m
[3.387s] [ 36%] [32mBuilding CXX object CMakeFiles/leg_detector_msgs__rosidl_typesupport_fastrtps_c.dir/rosidl_typesupport_fastrtps_c/leg_detector_msgs/msg/detail/human_array__type_support_c.cpp.o[0m
[3.445s] [ 38%] [32mBuilding CXX object CMakeFiles/leg_detector_msgs__rosidl_typesupport_cpp.dir/rosidl_typesupport_cpp/leg_detector_msgs/msg/leg_array__type_support.cpp.o[0m
[3.547s] [ 40%] [32mBuilding CXX object CMakeFiles/leg_detector_msgs__rosidl_typesupport_introspection_cpp.dir/rosidl_typesupport_introspection_cpp/leg_detector_msgs/msg/detail/leg__type_support.cpp.o[0m
[3.591s] [ 41%] [32mBuilding CXX object CMakeFiles/leg_detector_msgs__rosidl_typesupport_fastrtps_cpp.dir/rosidl_typesupport_fastrtps_cpp/leg_detector_msgs/msg/detail/dds_fastrtps/leg__type_support.cpp.o[0m
[3.751s] [ 43%] [32m[1mLinking CXX shared library libleg_detector_msgs__rosidl_typesupport_cpp.so[0m
[3.783s] [ 45%] [32mBuilding CXX object CMakeFiles/leg_detector_msgs__rosidl_typesupport_fastrtps_c.dir/rosidl_typesupport_fastrtps_c/leg_detector_msgs/msg/detail/leg__type_support_c.cpp.o[0m
[3.801s] [ 45%] Built target leg_detector_msgs__rosidl_typesupport_cpp
[3.814s] [ 47%] [34m[1mGenerating C introspection for ROS interfaces[0m
[3.999s] [ 49%] [32mBuilding CXX object CMakeFiles/leg_detector_msgs__rosidl_typesupport_introspection_cpp.dir/rosidl_typesupport_introspection_cpp/leg_detector_msgs/msg/detail/leg_array__type_support.cpp.o[0m
[4.059s] [ 50%] [32mBuilding CXX object CMakeFiles/leg_detector_msgs__rosidl_typesupport_fastrtps_cpp.dir/rosidl_typesupport_fastrtps_cpp/leg_detector_msgs/msg/detail/dds_fastrtps/leg_array__type_support.cpp.o[0m
[4.177s] [ 52%] [32mBuilding CXX object CMakeFiles/leg_detector_msgs__rosidl_typesupport_fastrtps_c.dir/rosidl_typesupport_fastrtps_c/leg_detector_msgs/msg/detail/leg_array__type_support_c.cpp.o[0m
[4.257s] [35m[1mConsolidate compiler generated dependencies of target leg_detector_msgs__rosidl_typesupport_introspection_c[0m
[4.272s] [ 54%] [32mBuilding C object CMakeFiles/leg_detector_msgs__rosidl_typesupport_introspection_c.dir/rosidl_typesupport_introspection_c/leg_detector_msgs/msg/detail/human__type_support.c.o[0m
[4.314s] [ 56%] [32mBuilding C object CMakeFiles/leg_detector_msgs__rosidl_typesupport_introspection_c.dir/rosidl_typesupport_introspection_c/leg_detector_msgs/msg/detail/human_array__type_support.c.o[0m
[4.361s] [ 58%] [32mBuilding C object CMakeFiles/leg_detector_msgs__rosidl_typesupport_introspection_c.dir/rosidl_typesupport_introspection_c/leg_detector_msgs/msg/detail/leg__type_support.c.o[0m
[4.403s] [ 60%] [32mBuilding C object CMakeFiles/leg_detector_msgs__rosidl_typesupport_introspection_c.dir/rosidl_typesupport_introspection_c/leg_detector_msgs/msg/detail/leg_array__type_support.c.o[0m
[4.453s] [ 61%] [32m[1mLinking C shared library libleg_detector_msgs__rosidl_typesupport_introspection_c.so[0m
[4.482s] [ 63%] [32m[1mLinking CXX shared library libleg_detector_msgs__rosidl_typesupport_introspection_cpp.so[0m
[4.499s] [ 63%] Built target leg_detector_msgs__rosidl_typesupport_introspection_c
[4.512s] [ 65%] [34m[1mGenerating C type support dispatch for ROS interfaces[0m
[4.559s] [ 67%] [32m[1mLinking CXX shared library libleg_detector_msgs__rosidl_typesupport_fastrtps_cpp.so[0m
[4.571s] [ 69%] [32m[1mLinking CXX shared library libleg_detector_msgs__rosidl_typesupport_fastrtps_c.so[0m
[4.581s] [ 69%] Built target leg_detector_msgs__rosidl_typesupport_introspection_cpp
[4.657s] [ 69%] Built target leg_detector_msgs__rosidl_typesupport_fastrtps_cpp
[4.669s] [ 69%] Built target leg_detector_msgs__rosidl_typesupport_fastrtps_c
[4.866s] [35m[1mConsolidate compiler generated dependencies of target leg_detector_msgs__rosidl_typesupport_c[0m
[4.882s] [ 72%] [32mBuilding CXX object CMakeFiles/leg_detector_msgs__rosidl_typesupport_c.dir/rosidl_typesupport_c/leg_detector_msgs/msg/human__type_support.cpp.o[0m
[4.882s] [ 72%] [32mBuilding CXX object CMakeFiles/leg_detector_msgs__rosidl_typesupport_c.dir/rosidl_typesupport_c/leg_detector_msgs/msg/human_array__type_support.cpp.o[0m
[4.882s] [ 74%] [32mBuilding CXX object CMakeFiles/leg_detector_msgs__rosidl_typesupport_c.dir/rosidl_typesupport_c/leg_detector_msgs/msg/leg__type_support.cpp.o[0m
[4.882s] [ 76%] [32mBuilding CXX object CMakeFiles/leg_detector_msgs__rosidl_typesupport_c.dir/rosidl_typesupport_c/leg_detector_msgs/msg/leg_array__type_support.cpp.o[0m
[4.920s] [ 78%] [32m[1mLinking CXX shared library libleg_detector_msgs__rosidl_typesupport_c.so[0m
[4.966s] [ 78%] Built target leg_detector_msgs__rosidl_typesupport_c
[4.993s] [ 78%] Built target leg_detector_msgs
[5.021s] [ 80%] [34m[1mGenerating Python code for ROS interfaces[0m
[5.777s] [ 80%] Built target leg_detector_msgs__py
[5.790s] [35m[1mConsolidate compiler generated dependencies of target leg_detector_msgs__rosidl_generator_py[0m
[5.811s] [ 83%] [32mBuilding C object CMakeFiles/leg_detector_msgs__rosidl_generator_py.dir/rosidl_generator_py/leg_detector_msgs/msg/_human_s.c.o[0m
[5.811s] [ 83%] [32mBuilding C object CMakeFiles/leg_detector_msgs__rosidl_generator_py.dir/rosidl_generator_py/leg_detector_msgs/msg/_human_array_s.c.o[0m
[5.811s] [ 85%] [32mBuilding C object CMakeFiles/leg_detector_msgs__rosidl_generator_py.dir/rosidl_generator_py/leg_detector_msgs/msg/_leg_s.c.o[0m
[5.812s] [ 87%] [32mBuilding C object CMakeFiles/leg_detector_msgs__rosidl_generator_py.dir/rosidl_generator_py/leg_detector_msgs/msg/_leg_array_s.c.o[0m
[5.939s] [ 89%] [32m[1mLinking C shared library rosidl_generator_py/leg_detector_msgs/libleg_detector_msgs__rosidl_generator_py.so[0m
[5.987s] [ 89%] Built target leg_detector_msgs__rosidl_generator_py
[6.000s] [35m[1mConsolidate compiler generated dependencies of target leg_detector_msgs__rosidl_typesupport_fastrtps_c__pyext[0m
[6.001s] [35m[1mConsolidate compiler generated dependencies of target leg_detector_msgs__rosidl_typesupport_introspection_c__pyext[0m
[6.001s] [35m[1mConsolidate compiler generated dependencies of target leg_detector_msgs__rosidl_typesupport_c__pyext[0m
[6.019s] [ 94%] [32mBuilding C object CMakeFiles/leg_detector_msgs__rosidl_typesupport_c__pyext.dir/rosidl_generator_py/leg_detector_msgs/_leg_detector_msgs_s.ep.rosidl_typesupport_c.c.o[0m
[6.019s] [ 94%] [32mBuilding C object CMakeFiles/leg_detector_msgs__rosidl_typesupport_fastrtps_c__pyext.dir/rosidl_generator_py/leg_detector_msgs/_leg_detector_msgs_s.ep.rosidl_typesupport_fastrtps_c.c.o[0m
[6.019s] [ 94%] [32mBuilding C object CMakeFiles/leg_detector_msgs__rosidl_typesupport_introspection_c__pyext.dir/rosidl_generator_py/leg_detector_msgs/_leg_detector_msgs_s.ep.rosidl_typesupport_introspection_c.c.o[0m
[6.167s] [ 98%] [32m[1mLinking C shared library rosidl_generator_py/leg_detector_msgs/leg_detector_msgs_s__rosidl_typesupport_fastrtps_c.cpython-310-x86_64-linux-gnu.so[0m
[6.167s] [ 98%] [32m[1mLinking C shared library rosidl_generator_py/leg_detector_msgs/leg_detector_msgs_s__rosidl_typesupport_c.cpython-310-x86_64-linux-gnu.so[0m
[6.167s] [100%] [32m[1mLinking C shared library rosidl_generator_py/leg_detector_msgs/leg_detector_msgs_s__rosidl_typesupport_introspection_c.cpython-310-x86_64-linux-gnu.so[0m
[6.215s] [100%] Built target leg_detector_msgs__rosidl_typesupport_introspection_c__pyext
[6.215s] [100%] Built target leg_detector_msgs__rosidl_typesupport_fastrtps_c__pyext
[6.215s] [100%] Built target leg_detector_msgs__rosidl_typesupport_c__pyext
[6.229s] Invoked command in '/home/alex/ros2_ws/build/leg_detector_msgs' returned '0': CMAKE_PREFIX_PATH=/opt/ros/humble /usr/bin/cmake --build /home/alex/ros2_ws/build/leg_detector_msgs -- -j4 -l4
[6.401s] Invoking command in '/home/alex/ros2_ws/build/leg_detector_msgs': CMAKE_PREFIX_PATH=/opt/ros/humble /usr/bin/cmake --install /home/alex/ros2_ws/build/leg_detector_msgs
[6.411s] -- Install configuration: ""
[6.412s] -- Up-to-date: /home/alex/ros2_ws/install/leg_detector_msgs/share/ament_index/resource_index/rosidl_interfaces/leg_detector_msgs
[6.412s] -- Up-to-date: /home/alex/ros2_ws/install/leg_detector_msgs/include/leg_detector_msgs/leg_detector_msgs
[6.412s] -- Up-to-date: /home/alex/ros2_ws/install/leg_detector_msgs/include/leg_detector_msgs/leg_detector_msgs/msg
[6.412s] -- Installing: /home/alex/ros2_ws/install/leg_detector_msgs/include/leg_detector_msgs/leg_detector_msgs/msg/human_array.h
[6.412s] -- Installing: /home/alex/ros2_ws/install/leg_detector_msgs/include/leg_detector_msgs/leg_detector_msgs/msg/human.h
[6.412s] -- Up-to-date: /home/alex/ros2_ws/install/leg_detector_msgs/include/leg_detector_msgs/leg_detector_msgs/msg/detail
[6.412s] -- Installing: /home/alex/ros2_ws/install/leg_detector_msgs/include/leg_detector_msgs/leg_detector_msgs/msg/detail/leg__functions.h
[6.413s] -- Installing: /home/alex/ros2_ws/install/leg_detector_msgs/include/leg_detector_msgs/leg_detector_msgs/msg/detail/human__functions.h
[6.413s] -- Installing: /home/alex/ros2_ws/install/leg_detector_msgs/include/leg_detector_msgs/leg_detector_msgs/msg/detail/human_array__struct.h
[6.413s] -- Installing: /home/alex/ros2_ws/install/leg_detector_msgs/include/leg_detector_msgs/leg_detector_msgs/msg/detail/leg__functions.c
[6.413s] -- Installing: /home/alex/ros2_ws/install/leg_detector_msgs/include/leg_detector_msgs/leg_detector_msgs/msg/detail/leg_array__functions.c
[6.413s] -- Installing: /home/alex/ros2_ws/install/leg_detector_msgs/include/leg_detector_msgs/leg_detector_msgs/msg/detail/human_array__functions.c
[6.413s] -- Installing: /home/alex/ros2_ws/install/leg_detector_msgs/include/leg_detector_msgs/leg_detector_msgs/msg/detail/leg__struct.h
[6.413s] -- Installing: /home/alex/ros2_ws/install/leg_detector_msgs/include/leg_detector_msgs/leg_detector_msgs/msg/detail/human__functions.c
[6.413s] -- Installing: /home/alex/ros2_ws/install/leg_detector_msgs/include/leg_detector_msgs/leg_detector_msgs/msg/detail/leg_array__functions.h
[6.414s] -- Installing: /home/alex/ros2_ws/install/leg_detector_msgs/include/leg_detector_msgs/leg_detector_msgs/msg/detail/human__struct.h
[6.414s] -- Installing: /home/alex/ros2_ws/install/leg_detector_msgs/include/leg_detector_msgs/leg_detector_msgs/msg/detail/human_array__functions.h
[6.414s] -- Installing: /home/alex/ros2_ws/install/leg_detector_msgs/include/leg_detector_msgs/leg_detector_msgs/msg/detail/human__type_support.h
[6.414s] -- Installing: /home/alex/ros2_ws/install/leg_detector_msgs/include/leg_detector_msgs/leg_detector_msgs/msg/detail/leg__type_support.h
[6.414s] -- Installing: /home/alex/ros2_ws/install/leg_detector_msgs/include/leg_detector_msgs/leg_detector_msgs/msg/detail/human_array__type_support.h
[6.415s] -- Installing: /home/alex/ros2_ws/install/leg_detector_msgs/include/leg_detector_msgs/leg_detector_msgs/msg/detail/leg_array__struct.h
[6.415s] -- Installing: /home/alex/ros2_ws/install/leg_detector_msgs/include/leg_detector_msgs/leg_detector_msgs/msg/detail/leg_array__type_support.h
[6.415s] -- Installing: /home/alex/ros2_ws/install/leg_detector_msgs/include/leg_detector_msgs/leg_detector_msgs/msg/leg_array.h
[6.415s] -- Up-to-date: /home/alex/ros2_ws/install/leg_detector_msgs/include/leg_detector_msgs/leg_detector_msgs/msg/rosidl_generator_c__visibility_control.h
[6.415s] -- Installing: /home/alex/ros2_ws/install/leg_detector_msgs/include/leg_detector_msgs/leg_detector_msgs/msg/leg.h
[6.415s] -- Up-to-date: /home/alex/ros2_ws/install/leg_detector_msgs/share/leg_detector_msgs/environment/library_path.sh
[6.415s] -- Installing: /home/alex/ros2_ws/install/leg_detector_msgs/share/leg_detector_msgs/environment/library_path.dsv
[6.416s] -- Installing: /home/alex/ros2_ws/install/leg_detector_msgs/lib/libleg_detector_msgs__rosidl_generator_c.so
[6.416s] -- Set runtime path of "/home/alex/ros2_ws/install/leg_detector_msgs/lib/libleg_detector_msgs__rosidl_generator_c.so" to ""
[6.417s] -- Up-to-date: /home/alex/ros2_ws/install/leg_detector_msgs/include/leg_detector_msgs/leg_detector_msgs
[6.417s] -- Up-to-date: /home/alex/ros2_ws/install/leg_detector_msgs/include/leg_detector_msgs/leg_detector_msgs/msg
[6.417s] -- Up-to-date: /home/alex/ros2_ws/install/leg_detector_msgs/include/leg_detector_msgs/leg_detector_msgs/msg/detail
[6.417s] -- Installing: /home/alex/ros2_ws/install/leg_detector_msgs/include/leg_detector_msgs/leg_detector_msgs/msg/detail/human__rosidl_typesupport_fastrtps_c.h
[6.417s] -- Installing: /home/alex/ros2_ws/install/leg_detector_msgs/include/leg_detector_msgs/leg_detector_msgs/msg/detail/leg_array__rosidl_typesupport_fastrtps_c.h
[6.417s] -- Installing: /home/alex/ros2_ws/install/leg_detector_msgs/include/leg_detector_msgs/leg_detector_msgs/msg/detail/human_array__rosidl_typesupport_fastrtps_c.h
[6.417s] -- Installing: /home/alex/ros2_ws/install/leg_detector_msgs/include/leg_detector_msgs/leg_detector_msgs/msg/detail/leg__rosidl_typesupport_fastrtps_c.h
[6.417s] -- Up-to-date: /home/alex/ros2_ws/install/leg_detector_msgs/include/leg_detector_msgs/leg_detector_msgs/msg/rosidl_typesupport_fastrtps_c__visibility_control.h
[6.418s] -- Installing: /home/alex/ros2_ws/install/leg_detector_msgs/lib/libleg_detector_msgs__rosidl_typesupport_fastrtps_c.so
[6.418s] -- Set runtime path of "/home/alex/ros2_ws/install/leg_detector_msgs/lib/libleg_detector_msgs__rosidl_typesupport_fastrtps_c.so" to ""
[6.418s] -- Up-to-date: /home/alex/ros2_ws/install/leg_detector_msgs/include/leg_detector_msgs/leg_detector_msgs
[6.418s] -- Up-to-date: /home/alex/ros2_ws/install/leg_detector_msgs/include/leg_detector_msgs/leg_detector_msgs/msg
[6.419s] -- Installing: /home/alex/ros2_ws/install/leg_detector_msgs/include/leg_detector_msgs/leg_detector_msgs/msg/leg.hpp
[6.419s] -- Up-to-date: /home/alex/ros2_ws/install/leg_detector_msgs/include/leg_detector_msgs/leg_detector_msgs/msg/detail
[6.419s] -- Installing: /home/alex/ros2_ws/install/leg_detector_msgs/include/leg_detector_msgs/leg_detector_msgs/msg/detail/human_array__struct.hpp
[6.419s] -- Installing: /home/alex/ros2_ws/install/leg_detector_msgs/include/leg_detector_msgs/leg_detector_msgs/msg/detail/leg__builder.hpp
[6.419s] -- Installing: /home/alex/ros2_ws/install/leg_detector_msgs/include/leg_detector_msgs/leg_detector_msgs/msg/detail/leg_array__builder.hpp
[6.419s] -- Installing: /home/alex/ros2_ws/install/leg_detector_msgs/include/leg_detector_msgs/leg_detector_msgs/msg/detail/human__builder.hpp
[6.419s] -- Installing: /home/alex/ros2_ws/install/leg_detector_msgs/include/leg_detector_msgs/leg_detector_msgs/msg/detail/leg_array__struct.hpp
[6.420s] -- Installing: /home/alex/ros2_ws/install/leg_detector_msgs/include/leg_detector_msgs/leg_detector_msgs/msg/detail/leg_array__traits.hpp
[6.420s] -- Installing: /home/alex/ros2_ws/install/leg_detector_msgs/include/leg_detector_msgs/leg_detector_msgs/msg/detail/leg__struct.hpp
[6.420s] -- Installing: /home/alex/ros2_ws/install/leg_detector_msgs/include/leg_detector_msgs/leg_detector_msgs/msg/detail/human_array__builder.hpp
[6.420s] -- Installing: /home/alex/ros2_ws/install/leg_detector_msgs/include/leg_detector_msgs/leg_detector_msgs/msg/detail/human_array__traits.hpp
[6.421s] -- Installing: /home/alex/ros2_ws/install/leg_detector_msgs/include/leg_detector_msgs/leg_detector_msgs/msg/detail/human__traits.hpp
[6.421s] -- Installing: /home/alex/ros2_ws/install/leg_detector_msgs/include/leg_detector_msgs/leg_detector_msgs/msg/detail/leg__traits.hpp
[6.421s] -- Installing: /home/alex/ros2_ws/install/leg_detector_msgs/include/leg_detector_msgs/leg_detector_msgs/msg/detail/human__struct.hpp
[6.421s] -- Installing: /home/alex/ros2_ws/install/leg_detector_msgs/include/leg_detector_msgs/leg_detector_msgs/msg/human.hpp
[6.421s] -- Installing: /home/alex/ros2_ws/install/leg_detector_msgs/include/leg_detector_msgs/leg_detector_msgs/msg/leg_array.hpp
[6.421s] -- Installing: /home/alex/ros2_ws/install/leg_detector_msgs/include/leg_detector_msgs/leg_detector_msgs/msg/human_array.hpp
[6.422s] -- Up-to-date: /home/alex/ros2_ws/install/leg_detector_msgs/include/leg_detector_msgs/leg_detector_msgs
[6.422s] -- Up-to-date: /home/alex/ros2_ws/install/leg_detector_msgs/include/leg_detector_msgs/leg_detector_msgs/msg
[6.422s] -- Up-to-date: /home/alex/ros2_ws/install/leg_detector_msgs/include/leg_detector_msgs/leg_detector_msgs/msg/detail
[6.422s] -- Installing: /home/alex/ros2_ws/install/leg_detector_msgs/include/leg_detector_msgs/leg_detector_msgs/msg/detail/leg_array__rosidl_typesupport_fastrtps_cpp.hpp
[6.422s] -- Installing: /home/alex/ros2_ws/install/leg_detector_msgs/include/leg_detector_msgs/leg_detector_msgs/msg/detail/leg__rosidl_typesupport_fastrtps_cpp.hpp
[6.422s] -- Up-to-date: /home/alex/ros2_ws/install/leg_detector_msgs/include/leg_detector_msgs/leg_detector_msgs/msg/detail/dds_fastrtps
[6.422s] -- Installing: /home/alex/ros2_ws/install/leg_detector_msgs/include/leg_detector_msgs/leg_detector_msgs/msg/detail/human_array__rosidl_typesupport_fastrtps_cpp.hpp
[6.422s] -- Installing: /home/alex/ros2_ws/install/leg_detector_msgs/include/leg_detector_msgs/leg_detector_msgs/msg/detail/human__rosidl_typesupport_fastrtps_cpp.hpp
[6.422s] -- Up-to-date: /home/alex/ros2_ws/install/leg_detector_msgs/include/leg_detector_msgs/leg_detector_msgs/msg/rosidl_typesupport_fastrtps_cpp__visibility_control.h
[6.423s] -- Installing: /home/alex/ros2_ws/install/leg_detector_msgs/lib/libleg_detector_msgs__rosidl_typesupport_fastrtps_cpp.so
[6.424s] -- Set runtime path of "/home/alex/ros2_ws/install/leg_detector_msgs/lib/libleg_detector_msgs__rosidl_typesupport_fastrtps_cpp.so" to ""
[6.424s] -- Up-to-date: /home/alex/ros2_ws/install/leg_detector_msgs/include/leg_detector_msgs/leg_detector_msgs
[6.424s] -- Up-to-date: /home/alex/ros2_ws/install/leg_detector_msgs/include/leg_detector_msgs/leg_detector_msgs/msg
[6.424s] -- Up-to-date: /home/alex/ros2_ws/install/leg_detector_msgs/include/leg_detector_msgs/leg_detector_msgs/msg/detail
[6.424s] -- Installing: /home/alex/ros2_ws/install/leg_detector_msgs/include/leg_detector_msgs/leg_detector_msgs/msg/detail/human__type_support.c
[6.424s] -- Installing: /home/alex/ros2_ws/install/leg_detector_msgs/include/leg_detector_msgs/leg_detector_msgs/msg/detail/human__rosidl_typesupport_introspection_c.h
[6.424s] -- Installing: /home/alex/ros2_ws/install/leg_detector_msgs/include/leg_detector_msgs/leg_detector_msgs/msg/detail/human_array__type_support.c
[6.424s] -- Installing: /home/alex/ros2_ws/install/leg_detector_msgs/include/leg_detector_msgs/leg_detector_msgs/msg/detail/leg__rosidl_typesupport_introspection_c.h
[6.425s] -- Installing: /home/alex/ros2_ws/install/leg_detector_msgs/include/leg_detector_msgs/leg_detector_msgs/msg/detail/human_array__rosidl_typesupport_introspection_c.h
[6.425s] -- Installing: /home/alex/ros2_ws/install/leg_detector_msgs/include/leg_detector_msgs/leg_detector_msgs/msg/detail/leg__type_support.c
[6.425s] -- Installing: /home/alex/ros2_ws/install/leg_detector_msgs/include/leg_detector_msgs/leg_detector_msgs/msg/detail/leg_array__rosidl_typesupport_introspection_c.h
[6.425s] -- Installing: /home/alex/ros2_ws/install/leg_detector_msgs/include/leg_detector_msgs/leg_detector_msgs/msg/detail/leg_array__type_support.c
[6.425s] -- Up-to-date: /home/alex/ros2_ws/install/leg_detector_msgs/include/leg_detector_msgs/leg_detector_msgs/msg/rosidl_typesupport_introspection_c__visibility_control.h
[6.426s] -- Installing: /home/alex/ros2_ws/install/leg_detector_msgs/lib/libleg_detector_msgs__rosidl_typesupport_introspection_c.so
[6.426s] -- Set runtime path of "/home/alex/ros2_ws/install/leg_detector_msgs/lib/libleg_detector_msgs__rosidl_typesupport_introspection_c.so" to ""
[6.426s] -- Installing: /home/alex/ros2_ws/install/leg_detector_msgs/lib/libleg_detector_msgs__rosidl_typesupport_c.so
[6.427s] -- Set runtime path of "/home/alex/ros2_ws/install/leg_detector_msgs/lib/libleg_detector_msgs__rosidl_typesupport_c.so" to ""
[6.427s] -- Up-to-date: /home/alex/ros2_ws/install/leg_detector_msgs/include/leg_detector_msgs/leg_detector_msgs
[6.427s] -- Up-to-date: /home/alex/ros2_ws/install/leg_detector_msgs/include/leg_detector_msgs/leg_detector_msgs/msg
[6.427s] -- Up-to-date: /home/alex/ros2_ws/install/leg_detector_msgs/include/leg_detector_msgs/leg_detector_msgs/msg/detail
[6.427s] -- Installing: /home/alex/ros2_ws/install/leg_detector_msgs/include/leg_detector_msgs/leg_detector_msgs/msg/detail/leg__rosidl_typesupport_introspection_cpp.hpp
[6.427s] -- Installing: /home/alex/ros2_ws/install/leg_detector_msgs/include/leg_detector_msgs/leg_detector_msgs/msg/detail/human_array__type_support.cpp
[6.428s] -- Installing: /home/alex/ros2_ws/install/leg_detector_msgs/include/leg_detector_msgs/leg_detector_msgs/msg/detail/human_array__rosidl_typesupport_introspection_cpp.hpp
[6.428s] -- Installing: /home/alex/ros2_ws/install/leg_detector_msgs/include/leg_detector_msgs/leg_detector_msgs/msg/detail/human__rosidl_typesupport_introspection_cpp.hpp
[6.428s] -- Installing: /home/alex/ros2_ws/install/leg_detector_msgs/include/leg_detector_msgs/leg_detector_msgs/msg/detail/leg_array__rosidl_typesupport_introspection_cpp.hpp
[6.428s] -- Installing: /home/alex/ros2_ws/install/leg_detector_msgs/include/leg_detector_msgs/leg_detector_msgs/msg/detail/leg_array__type_support.cpp
[6.428s] -- Installing: /home/alex/ros2_ws/install/leg_detector_msgs/include/leg_detector_msgs/leg_detector_msgs/msg/detail/leg__type_support.cpp
[6.428s] -- Installing: /home/alex/ros2_ws/install/leg_detector_msgs/include/leg_detector_msgs/leg_detector_msgs/msg/detail/human__type_support.cpp
[6.429s] -- Installing: /home/alex/ros2_ws/install/leg_detector_msgs/lib/libleg_detector_msgs__rosidl_typesupport_introspection_cpp.so
[6.430s] -- Set runtime path of "/home/alex/ros2_ws/install/leg_detector_msgs/lib/libleg_detector_msgs__rosidl_typesupport_introspection_cpp.so" to ""
[6.430s] -- Installing: /home/alex/ros2_ws/install/leg_detector_msgs/lib/libleg_detector_msgs__rosidl_typesupport_cpp.so
[6.430s] -- Set runtime path of "/home/alex/ros2_ws/install/leg_detector_msgs/lib/libleg_detector_msgs__rosidl_typesupport_cpp.so" to ""
[6.431s] -- Up-to-date: /home/alex/ros2_ws/install/leg_detector_msgs/share/leg_detector_msgs/environment/pythonpath.sh
[6.431s] -- Installing: /home/alex/ros2_ws/install/leg_detector_msgs/share/leg_detector_msgs/environment/pythonpath.dsv
[6.431s] -- Up-to-date: /home/alex/ros2_ws/install/leg_detector_msgs/local/lib/python3.10/dist-packages/leg_detector_msgs-0.0.0-py3.10.egg-info
[6.431s] -- Installing: /home/alex/ros2_ws/install/leg_detector_msgs/local/lib/python3.10/dist-packages/leg_detector_msgs-0.0.0-py3.10.egg-info/dependency_links.txt
[6.431s] -- Installing: /home/alex/ros2_ws/install/leg_detector_msgs/local/lib/python3.10/dist-packages/leg_detector_msgs-0.0.0-py3.10.egg-info/PKG-INFO
[6.431s] -- Installing: /home/alex/ros2_ws/install/leg_detector_msgs/local/lib/python3.10/dist-packages/leg_detector_msgs-0.0.0-py3.10.egg-info/top_level.txt
[6.431s] -- Installing: /home/alex/ros2_ws/install/leg_detector_msgs/local/lib/python3.10/dist-packages/leg_detector_msgs-0.0.0-py3.10.egg-info/SOURCES.txt
[6.431s] -- Up-to-date: /home/alex/ros2_ws/install/leg_detector_msgs/local/lib/python3.10/dist-packages/leg_detector_msgs
[6.432s] -- Installing: /home/alex/ros2_ws/install/leg_detector_msgs/local/lib/python3.10/dist-packages/leg_detector_msgs/_leg_detector_msgs_s.ep.rosidl_typesupport_c.c
[6.432s] -- Up-to-date: /home/alex/ros2_ws/install/leg_detector_msgs/local/lib/python3.10/dist-packages/leg_detector_msgs/msg
[6.432s] -- Installing: /home/alex/ros2_ws/install/leg_detector_msgs/local/lib/python3.10/dist-packages/leg_detector_msgs/msg/_leg_array.py
[6.432s] -- Installing: /home/alex/ros2_ws/install/leg_detector_msgs/local/lib/python3.10/dist-packages/leg_detector_msgs/msg/_leg_array_s.c
[6.432s] -- Installing: /home/alex/ros2_ws/install/leg_detector_msgs/local/lib/python3.10/dist-packages/leg_detector_msgs/msg/__init__.py
[6.432s] -- Installing: /home/alex/ros2_ws/install/leg_detector_msgs/local/lib/python3.10/dist-packages/leg_detector_msgs/msg/_human_s.c
[6.433s] -- Installing: /home/alex/ros2_ws/install/leg_detector_msgs/local/lib/python3.10/dist-packages/leg_detector_msgs/msg/_leg_s.c
[6.433s] -- Installing: /home/alex/ros2_ws/install/leg_detector_msgs/local/lib/python3.10/dist-packages/leg_detector_msgs/msg/_human_array_s.c
[6.433s] -- Installing: /home/alex/ros2_ws/install/leg_detector_msgs/local/lib/python3.10/dist-packages/leg_detector_msgs/msg/_human.py
[6.433s] -- Installing: /home/alex/ros2_ws/install/leg_detector_msgs/local/lib/python3.10/dist-packages/leg_detector_msgs/msg/_leg.py
[6.433s] -- Installing: /home/alex/ros2_ws/install/leg_detector_msgs/local/lib/python3.10/dist-packages/leg_detector_msgs/msg/_human_array.py
[6.434s] -- Installing: /home/alex/ros2_ws/install/leg_detector_msgs/local/lib/python3.10/dist-packages/leg_detector_msgs/leg_detector_msgs_s__rosidl_typesupport_introspection_c.cpython-310-x86_64-linux-gnu.so
[6.434s] -- Installing: /home/alex/ros2_ws/install/leg_detector_msgs/local/lib/python3.10/dist-packages/leg_detector_msgs/__init__.py
[6.434s] -- Installing: /home/alex/ros2_ws/install/leg_detector_msgs/local/lib/python3.10/dist-packages/leg_detector_msgs/libleg_detector_msgs__rosidl_generator_py.so
[6.434s] -- Installing: /home/alex/ros2_ws/install/leg_detector_msgs/local/lib/python3.10/dist-packages/leg_detector_msgs/leg_detector_msgs_s__rosidl_typesupport_fastrtps_c.cpython-310-x86_64-linux-gnu.so
[6.434s] -- Installing: /home/alex/ros2_ws/install/leg_detector_msgs/local/lib/python3.10/dist-packages/leg_detector_msgs/_leg_detector_msgs_s.ep.rosidl_typesupport_fastrtps_c.c
[6.435s] -- Installing: /home/alex/ros2_ws/install/leg_detector_msgs/local/lib/python3.10/dist-packages/leg_detector_msgs/_leg_detector_msgs_s.ep.rosidl_typesupport_introspection_c.c
[6.435s] -- Installing: /home/alex/ros2_ws/install/leg_detector_msgs/local/lib/python3.10/dist-packages/leg_detector_msgs/leg_detector_msgs_s__rosidl_typesupport_c.cpython-310-x86_64-linux-gnu.so
[6.483s] Listing '/home/alex/ros2_ws/install/leg_detector_msgs/local/lib/python3.10/dist-packages/leg_detector_msgs'...
[6.483s] Compiling '/home/alex/ros2_ws/install/leg_detector_msgs/local/lib/python3.10/dist-packages/leg_detector_msgs/__init__.py'...
[6.483s] Listing '/home/alex/ros2_ws/install/leg_detector_msgs/local/lib/python3.10/dist-packages/leg_detector_msgs/msg'...
[6.483s] Compiling '/home/alex/ros2_ws/install/leg_detector_msgs/local/lib/python3.10/dist-packages/leg_detector_msgs/msg/__init__.py'...
[6.483s] Compiling '/home/alex/ros2_ws/install/leg_detector_msgs/local/lib/python3.10/dist-packages/leg_detector_msgs/msg/_human.py'...
[6.483s] Compiling '/home/alex/ros2_ws/install/leg_detector_msgs/local/lib/python3.10/dist-packages/leg_detector_msgs/msg/_human_array.py'...
[6.483s] Compiling '/home/alex/ros2_ws/install/leg_detector_msgs/local/lib/python3.10/dist-packages/leg_detector_msgs/msg/_leg.py'...
[6.484s] Compiling '/home/alex/ros2_ws/install/leg_detector_msgs/local/lib/python3.10/dist-packages/leg_detector_msgs/msg/_leg_array.py'...
[6.489s] -- Installing: /home/alex/ros2_ws/install/leg_detector_msgs/local/lib/python3.10/dist-packages/leg_detector_msgs/leg_detector_msgs_s__rosidl_typesupport_fastrtps_c.cpython-310-x86_64-linux-gnu.so
[6.489s] -- Set runtime path of "/home/alex/ros2_ws/install/leg_detector_msgs/local/lib/python3.10/dist-packages/leg_detector_msgs/leg_detector_msgs_s__rosidl_typesupport_fastrtps_c.cpython-310-x86_64-linux-gnu.so" to ""
[6.490s] -- Installing: /home/alex/ros2_ws/install/leg_detector_msgs/local/lib/python3.10/dist-packages/leg_detector_msgs/leg_detector_msgs_s__rosidl_typesupport_introspection_c.cpython-310-x86_64-linux-gnu.so
[6.490s] -- Set runtime path of "/home/alex/ros2_ws/install/leg_detector_msgs/local/lib/python3.10/dist-packages/leg_detector_msgs/leg_detector_msgs_s__rosidl_typesupport_introspection_c.cpython-310-x86_64-linux-gnu.so" to ""
[6.491s] -- Installing: /home/alex/ros2_ws/install/leg_detector_msgs/local/lib/python3.10/dist-packages/leg_detector_msgs/leg_detector_msgs_s__rosidl_typesupport_c.cpython-310-x86_64-linux-gnu.so
[6.491s] -- Set runtime path of "/home/alex/ros2_ws/install/leg_detector_msgs/local/lib/python3.10/dist-packages/leg_detector_msgs/leg_detector_msgs_s__rosidl_typesupport_c.cpython-310-x86_64-linux-gnu.so" to ""
[6.491s] -- Installing: /home/alex/ros2_ws/install/leg_detector_msgs/lib/libleg_detector_msgs__rosidl_generator_py.so
[6.492s] -- Set runtime path of "/home/alex/ros2_ws/install/leg_detector_msgs/lib/libleg_detector_msgs__rosidl_generator_py.so" to ""
[6.492s] -- Up-to-date: /home/alex/ros2_ws/install/leg_detector_msgs/share/leg_detector_msgs/msg/Human.idl
[6.492s] -- Installing: /home/alex/ros2_ws/install/leg_detector_msgs/share/leg_detector_msgs/msg/HumanArray.idl
[6.492s] -- Up-to-date: /home/alex/ros2_ws/install/leg_detector_msgs/share/leg_detector_msgs/msg/Leg.idl
[6.493s] -- Up-to-date: /home/alex/ros2_ws/install/leg_detector_msgs/share/leg_detector_msgs/msg/LegArray.idl
[6.493s] -- Up-to-date: /home/alex/ros2_ws/install/leg_detector_msgs/share/leg_detector_msgs/msg/Human.msg
[6.493s] -- Installing: /home/alex/ros2_ws/install/leg_detector_msgs/share/leg_detector_msgs/msg/HumanArray.msg
[6.493s] -- Up-to-date: /home/alex/ros2_ws/install/leg_detector_msgs/share/leg_detector_msgs/msg/Leg.msg
[6.493s] -- Up-to-date: /home/alex/ros2_ws/install/leg_detector_msgs/share/leg_detector_msgs/msg/LegArray.msg
[6.493s] -- Up-to-date: /home/alex/ros2_ws/install/leg_detector_msgs/share/ament_index/resource_index/package_run_dependencies/leg_detector_msgs
[6.493s] -- Installing: /home/alex/ros2_ws/install/leg_detector_msgs/share/ament_index/resource_index/parent_prefix_path/leg_detector_msgs
[6.493s] -- Up-to-date: /home/alex/ros2_ws/install/leg_detector_msgs/share/leg_detector_msgs/environment/ament_prefix_path.sh
[6.493s] -- Installing: /home/alex/ros2_ws/install/leg_detector_msgs/share/leg_detector_msgs/environment/ament_prefix_path.dsv
[6.494s] -- Up-to-date: /home/alex/ros2_ws/install/leg_detector_msgs/share/leg_detector_msgs/environment/path.sh
[6.494s] -- Installing: /home/alex/ros2_ws/install/leg_detector_msgs/share/leg_detector_msgs/environment/path.dsv
[6.494s] -- Up-to-date: /home/alex/ros2_ws/install/leg_detector_msgs/share/leg_detector_msgs/local_setup.bash
[6.494s] -- Up-to-date: /home/alex/ros2_ws/install/leg_detector_msgs/share/leg_detector_msgs/local_setup.sh
[6.494s] -- Up-to-date: /home/alex/ros2_ws/install/leg_detector_msgs/share/leg_detector_msgs/local_setup.zsh
[6.494s] -- Installing: /home/alex/ros2_ws/install/leg_detector_msgs/share/leg_detector_msgs/local_setup.dsv
[6.494s] -- Installing: /home/alex/ros2_ws/install/leg_detector_msgs/share/leg_detector_msgs/package.dsv
[6.494s] -- Up-to-date: /home/alex/ros2_ws/install/leg_detector_msgs/share/ament_index/resource_index/packages/leg_detector_msgs
[6.494s] -- Up-to-date: /home/alex/ros2_ws/install/leg_detector_msgs/share/leg_detector_msgs/cmake/export_leg_detector_msgs__rosidl_generator_cExport.cmake
[6.494s] -- Up-to-date: /home/alex/ros2_ws/install/leg_detector_msgs/share/leg_detector_msgs/cmake/export_leg_detector_msgs__rosidl_generator_cExport-noconfig.cmake
[6.495s] -- Up-to-date: /home/alex/ros2_ws/install/leg_detector_msgs/share/leg_detector_msgs/cmake/export_leg_detector_msgs__rosidl_typesupport_fastrtps_cExport.cmake
[6.495s] -- Up-to-date: /home/alex/ros2_ws/install/leg_detector_msgs/share/leg_detector_msgs/cmake/export_leg_detector_msgs__rosidl_typesupport_fastrtps_cExport-noconfig.cmake
[6.495s] -- Up-to-date: /home/alex/ros2_ws/install/leg_detector_msgs/share/leg_detector_msgs/cmake/export_leg_detector_msgs__rosidl_generator_cppExport.cmake
[6.495s] -- Up-to-date: /home/alex/ros2_ws/install/leg_detector_msgs/share/leg_detector_msgs/cmake/export_leg_detector_msgs__rosidl_typesupport_fastrtps_cppExport.cmake
[6.495s] -- Up-to-date: /home/alex/ros2_ws/install/leg_detector_msgs/share/leg_detector_msgs/cmake/export_leg_detector_msgs__rosidl_typesupport_fastrtps_cppExport-noconfig.cmake
[6.495s] -- Up-to-date: /home/alex/ros2_ws/install/leg_detector_msgs/share/leg_detector_msgs/cmake/leg_detector_msgs__rosidl_typesupport_introspection_cExport.cmake
[6.495s] -- Up-to-date: /home/alex/ros2_ws/install/leg_detector_msgs/share/leg_detector_msgs/cmake/leg_detector_msgs__rosidl_typesupport_introspection_cExport-noconfig.cmake
[6.495s] -- Up-to-date: /home/alex/ros2_ws/install/leg_detector_msgs/share/leg_detector_msgs/cmake/leg_detector_msgs__rosidl_typesupport_cExport.cmake
[6.495s] -- Up-to-date: /home/alex/ros2_ws/install/leg_detector_msgs/share/leg_detector_msgs/cmake/leg_detector_msgs__rosidl_typesupport_cExport-noconfig.cmake
[6.496s] -- Up-to-date: /home/alex/ros2_ws/install/leg_detector_msgs/share/leg_detector_msgs/cmake/leg_detector_msgs__rosidl_typesupport_introspection_cppExport.cmake
[6.496s] -- Up-to-date: /home/alex/ros2_ws/install/leg_detector_msgs/share/leg_detector_msgs/cmake/leg_detector_msgs__rosidl_typesupport_introspection_cppExport-noconfig.cmake
[6.496s] -- Up-to-date: /home/alex/ros2_ws/install/leg_detector_msgs/share/leg_detector_msgs/cmake/leg_detector_msgs__rosidl_typesupport_cppExport.cmake
[6.496s] -- Up-to-date: /home/alex/ros2_ws/install/leg_detector_msgs/share/leg_detector_msgs/cmake/leg_detector_msgs__rosidl_typesupport_cppExport-noconfig.cmake
[6.496s] -- Up-to-date: /home/alex/ros2_ws/install/leg_detector_msgs/share/leg_detector_msgs/cmake/export_leg_detector_msgs__rosidl_generator_pyExport.cmake
[6.496s] -- Up-to-date: /home/alex/ros2_ws/install/leg_detector_msgs/share/leg_detector_msgs/cmake/export_leg_detector_msgs__rosidl_generator_pyExport-noconfig.cmake
[6.496s] -- Up-to-date: /home/alex/ros2_ws/install/leg_detector_msgs/share/leg_detector_msgs/cmake/rosidl_cmake-extras.cmake
[6.496s] -- Up-to-date: /home/alex/ros2_ws/install/leg_detector_msgs/share/leg_detector_msgs/cmake/ament_cmake_export_dependencies-extras.cmake
[6.496s] -- Up-to-date: /home/alex/ros2_ws/install/leg_detector_msgs/share/leg_detector_msgs/cmake/ament_cmake_export_include_directories-extras.cmake
[6.497s] -- Up-to-date: /home/alex/ros2_ws/install/leg_detector_msgs/share/leg_detector_msgs/cmake/ament_cmake_export_libraries-extras.cmake
[6.497s] -- Up-to-date: /home/alex/ros2_ws/install/leg_detector_msgs/share/leg_detector_msgs/cmake/ament_cmake_export_targets-extras.cmake
[6.497s] -- Up-to-date: /home/alex/ros2_ws/install/leg_detector_msgs/share/leg_detector_msgs/cmake/rosidl_cmake_export_typesupport_targets-extras.cmake
[6.497s] -- Up-to-date: /home/alex/ros2_ws/install/leg_detector_msgs/share/leg_detector_msgs/cmake/rosidl_cmake_export_typesupport_libraries-extras.cmake
[6.497s] -- Up-to-date: /home/alex/ros2_ws/install/leg_detector_msgs/share/leg_detector_msgs/cmake/leg_detector_msgsConfig.cmake
[6.497s] -- Up-to-date: /home/alex/ros2_ws/install/leg_detector_msgs/share/leg_detector_msgs/cmake/leg_detector_msgsConfig-version.cmake
[6.497s] -- Up-to-date: /home/alex/ros2_ws/install/leg_detector_msgs/share/leg_detector_msgs/package.xml
[6.499s] Invoked command in '/home/alex/ros2_ws/build/leg_detector_msgs' returned '0': CMAKE_PREFIX_PATH=/opt/ros/humble /usr/bin/cmake --install /home/alex/ros2_ws/build/leg_detector_msgs
