[1.061s] Invoking command in '/home/alex/ros2_ws/src/get_state_human': PYTHONPATH=/home/alex/ros2_ws/build/get_state_human/prefix_override:/home/alex/ros2_ws/install/get_state_human/lib/python3.10/site-packages:${PYTHONPATH} /usr/bin/python3 setup.py egg_info --egg-base ../../build/get_state_human build --build-base /home/alex/ros2_ws/build/get_state_human/build install --record /home/alex/ros2_ws/build/get_state_human/install.log --single-version-externally-managed
[1.375s] running egg_info
[1.376s] writing ../../build/get_state_human/get_state_human.egg-info/PKG-INFO
[1.377s] writing dependency_links to ../../build/get_state_human/get_state_human.egg-info/dependency_links.txt
[1.377s] writing entry points to ../../build/get_state_human/get_state_human.egg-info/entry_points.txt
[1.377s] writing requirements to ../../build/get_state_human/get_state_human.egg-info/requires.txt
[1.377s] writing top-level names to ../../build/get_state_human/get_state_human.egg-info/top_level.txt
[1.379s] reading manifest file '../../build/get_state_human/get_state_human.egg-info/SOURCES.txt'
[1.379s] adding license file 'LICENSE'
[1.380s] writing manifest file '../../build/get_state_human/get_state_human.egg-info/SOURCES.txt'
[1.380s] running build
[1.380s] running build_py
[1.381s] running install
[1.381s] running install_lib
[1.382s] running install_data
[1.383s] running install_egg_info
[1.385s] removing '/home/alex/ros2_ws/install/get_state_human/lib/python3.10/site-packages/get_state_human-0.0.0-py3.10.egg-info' (and everything under it)
[1.385s] Copying ../../build/get_state_human/get_state_human.egg-info to /home/alex/ros2_ws/install/get_state_human/lib/python3.10/site-packages/get_state_human-0.0.0-py3.10.egg-info
[1.386s] running install_scripts
[1.409s] Installing social script to /home/alex/ros2_ws/install/get_state_human/lib/get_state_human
[1.409s] writing list of installed files to '/home/alex/ros2_ws/build/get_state_human/install.log'
[1.662s] Invoked command in '/home/alex/ros2_ws/src/get_state_human' returned '0': PYTHONPATH=/home/alex/ros2_ws/build/get_state_human/prefix_override:/home/alex/ros2_ws/install/get_state_human/lib/python3.10/site-packages:${PYTHONPATH} /usr/bin/python3 setup.py egg_info --egg-base ../../build/get_state_human build --build-base /home/alex/ros2_ws/build/get_state_human/build install --record /home/alex/ros2_ws/build/get_state_human/install.log --single-version-externally-managed
