[3.462s] Invoking command in '/home/alex/ros2_ws/src/get_state_human': PYTHONPATH=/home/alex/ros2_ws/build/get_state_human/prefix_override:/home/alex/ros2_ws/install/get_state_human/lib/python3.10/site-packages:${PYTHONPATH} /usr/bin/python3 setup.py egg_info --egg-base ../../build/get_state_human build --build-base /home/alex/ros2_ws/build/get_state_human/build install --record /home/alex/ros2_ws/build/get_state_human/install.log --single-version-externally-managed
[4.058s] running egg_info
[4.059s] writing ../../build/get_state_human/get_state_human.egg-info/PKG-INFO
[4.059s] writing dependency_links to ../../build/get_state_human/get_state_human.egg-info/dependency_links.txt
[4.059s] writing entry points to ../../build/get_state_human/get_state_human.egg-info/entry_points.txt
[4.059s] writing requirements to ../../build/get_state_human/get_state_human.egg-info/requires.txt
[4.059s] writing top-level names to ../../build/get_state_human/get_state_human.egg-info/top_level.txt
[4.063s] reading manifest file '../../build/get_state_human/get_state_human.egg-info/SOURCES.txt'
[4.063s] adding license file 'LICENSE'
[4.105s] writing manifest file '../../build/get_state_human/get_state_human.egg-info/SOURCES.txt'
[4.106s] running build
[4.106s] running build_py
[4.106s] running install
[4.106s] running install_lib
[4.106s] running install_data
[4.106s] running install_egg_info
[4.106s] removing '/home/alex/ros2_ws/install/get_state_human/lib/python3.10/site-packages/get_state_human-0.0.0-py3.10.egg-info' (and everything under it)
[4.106s] Copying ../../build/get_state_human/get_state_human.egg-info to /home/alex/ros2_ws/install/get_state_human/lib/python3.10/site-packages/get_state_human-0.0.0-py3.10.egg-info
[4.106s] running install_scripts
[4.114s] Installing social script to /home/alex/ros2_ws/install/get_state_human/lib/get_state_human
[4.115s] writing list of installed files to '/home/alex/ros2_ws/build/get_state_human/install.log'
[4.235s] Invoked command in '/home/alex/ros2_ws/src/get_state_human' returned '0': PYTHONPATH=/home/alex/ros2_ws/build/get_state_human/prefix_override:/home/alex/ros2_ws/install/get_state_human/lib/python3.10/site-packages:${PYTHONPATH} /usr/bin/python3 setup.py egg_info --egg-base ../../build/get_state_human build --build-base /home/alex/ros2_ws/build/get_state_human/build install --record /home/alex/ros2_ws/build/get_state_human/install.log --single-version-externally-managed
