[0.255s] Invoking command in '/home/alex/ros2_ws/build/leg_detector_msgs': CMAKE_PREFIX_PATH=/opt/ros/humble /usr/bin/cmake --build /home/alex/ros2_ws/build/leg_detector_msgs -- -j4 -l4
[0.358s] [  1%] Built target leg_detector_msgs__cpp
[0.373s] [  1%] Built target ament_cmake_python_copy_leg_detector_msgs
[0.383s] [ 12%] Built target leg_detector_msgs__rosidl_generator_c
[0.452s] [ 23%] Built target leg_detector_msgs__rosidl_typesupport_cpp
[0.458s] [ 45%] Built target leg_detector_msgs__rosidl_typesupport_introspection_cpp
[0.459s] [ 34%] Built target leg_detector_msgs__rosidl_typesupport_fastrtps_cpp
[0.508s] [ 56%] Built target leg_detector_msgs__rosidl_typesupport_fastrtps_c
[0.524s] [ 67%] Built target leg_detector_msgs__rosidl_typesupport_introspection_c
[0.530s] [ 78%] Built target leg_detector_msgs__rosidl_typesupport_c
[0.568s] [ 78%] Built target leg_detector_msgs
[0.611s] [ 80%] Built target leg_detector_msgs__py
[0.655s] [ 89%] Built target leg_detector_msgs__rosidl_generator_py
[0.723s] [ 92%] Built target leg_detector_msgs__rosidl_typesupport_fastrtps_c__pyext
[0.744s] [ 96%] Built target leg_detector_msgs__rosidl_typesupport_c__pyext
[0.744s] [100%] Built target leg_detector_msgs__rosidl_typesupport_introspection_c__pyext
[0.794s] running egg_info
[0.794s] writing leg_detector_msgs.egg-info/PKG-INFO
[0.794s] writing dependency_links to leg_detector_msgs.egg-info/dependency_links.txt
[0.795s] writing top-level names to leg_detector_msgs.egg-info/top_level.txt
[0.797s] reading manifest file 'leg_detector_msgs.egg-info/SOURCES.txt'
[0.798s] writing manifest file 'leg_detector_msgs.egg-info/SOURCES.txt'
[0.830s] [100%] Built target ament_cmake_python_build_leg_detector_msgs_egg
[0.888s] Invoked command in '/home/alex/ros2_ws/build/leg_detector_msgs' returned '0': CMAKE_PREFIX_PATH=/opt/ros/humble /usr/bin/cmake --build /home/alex/ros2_ws/build/leg_detector_msgs -- -j4 -l4
[1.041s] Invoking command in '/home/alex/ros2_ws/build/leg_detector_msgs': CMAKE_PREFIX_PATH=/opt/ros/humble /usr/bin/cmake --install /home/alex/ros2_ws/build/leg_detector_msgs
[1.050s] -- Install configuration: ""
[1.051s] -- Up-to-date: /home/alex/ros2_ws/install/leg_detector_msgs/share/ament_index/resource_index/rosidl_interfaces/leg_detector_msgs
[1.051s] -- Up-to-date: /home/alex/ros2_ws/install/leg_detector_msgs/include/leg_detector_msgs/leg_detector_msgs
[1.051s] -- Up-to-date: /home/alex/ros2_ws/install/leg_detector_msgs/include/leg_detector_msgs/leg_detector_msgs/msg
[1.052s] -- Up-to-date: /home/alex/ros2_ws/install/leg_detector_msgs/include/leg_detector_msgs/leg_detector_msgs/msg/human_array.h
[1.052s] -- Up-to-date: /home/alex/ros2_ws/install/leg_detector_msgs/include/leg_detector_msgs/leg_detector_msgs/msg/human.h
[1.052s] -- Up-to-date: /home/alex/ros2_ws/install/leg_detector_msgs/include/leg_detector_msgs/leg_detector_msgs/msg/detail
[1.052s] -- Up-to-date: /home/alex/ros2_ws/install/leg_detector_msgs/include/leg_detector_msgs/leg_detector_msgs/msg/detail/leg__functions.h
[1.052s] -- Up-to-date: /home/alex/ros2_ws/install/leg_detector_msgs/include/leg_detector_msgs/leg_detector_msgs/msg/detail/human__functions.h
[1.052s] -- Up-to-date: /home/alex/ros2_ws/install/leg_detector_msgs/include/leg_detector_msgs/leg_detector_msgs/msg/detail/human_array__struct.h
[1.052s] -- Up-to-date: /home/alex/ros2_ws/install/leg_detector_msgs/include/leg_detector_msgs/leg_detector_msgs/msg/detail/leg__functions.c
[1.053s] -- Up-to-date: /home/alex/ros2_ws/install/leg_detector_msgs/include/leg_detector_msgs/leg_detector_msgs/msg/detail/leg_array__functions.c
[1.053s] -- Up-to-date: /home/alex/ros2_ws/install/leg_detector_msgs/include/leg_detector_msgs/leg_detector_msgs/msg/detail/human_array__functions.c
[1.053s] -- Up-to-date: /home/alex/ros2_ws/install/leg_detector_msgs/include/leg_detector_msgs/leg_detector_msgs/msg/detail/leg__struct.h
[1.053s] -- Up-to-date: /home/alex/ros2_ws/install/leg_detector_msgs/include/leg_detector_msgs/leg_detector_msgs/msg/detail/human__functions.c
[1.053s] -- Up-to-date: /home/alex/ros2_ws/install/leg_detector_msgs/include/leg_detector_msgs/leg_detector_msgs/msg/detail/leg_array__functions.h
[1.053s] -- Up-to-date: /home/alex/ros2_ws/install/leg_detector_msgs/include/leg_detector_msgs/leg_detector_msgs/msg/detail/human__struct.h
[1.053s] -- Up-to-date: /home/alex/ros2_ws/install/leg_detector_msgs/include/leg_detector_msgs/leg_detector_msgs/msg/detail/human_array__functions.h
[1.053s] -- Up-to-date: /home/alex/ros2_ws/install/leg_detector_msgs/include/leg_detector_msgs/leg_detector_msgs/msg/detail/human__type_support.h
[1.053s] -- Up-to-date: /home/alex/ros2_ws/install/leg_detector_msgs/include/leg_detector_msgs/leg_detector_msgs/msg/detail/leg__type_support.h
[1.053s] -- Up-to-date: /home/alex/ros2_ws/install/leg_detector_msgs/include/leg_detector_msgs/leg_detector_msgs/msg/detail/human_array__type_support.h
[1.053s] -- Up-to-date: /home/alex/ros2_ws/install/leg_detector_msgs/include/leg_detector_msgs/leg_detector_msgs/msg/detail/leg_array__struct.h
[1.054s] -- Up-to-date: /home/alex/ros2_ws/install/leg_detector_msgs/include/leg_detector_msgs/leg_detector_msgs/msg/detail/leg_array__type_support.h
[1.054s] -- Up-to-date: /home/alex/ros2_ws/install/leg_detector_msgs/include/leg_detector_msgs/leg_detector_msgs/msg/leg_array.h
[1.054s] -- Up-to-date: /home/alex/ros2_ws/install/leg_detector_msgs/include/leg_detector_msgs/leg_detector_msgs/msg/rosidl_generator_c__visibility_control.h
[1.054s] -- Up-to-date: /home/alex/ros2_ws/install/leg_detector_msgs/include/leg_detector_msgs/leg_detector_msgs/msg/leg.h
[1.054s] -- Up-to-date: /home/alex/ros2_ws/install/leg_detector_msgs/share/leg_detector_msgs/environment/library_path.sh
[1.054s] -- Up-to-date: /home/alex/ros2_ws/install/leg_detector_msgs/share/leg_detector_msgs/environment/library_path.dsv
[1.054s] -- Up-to-date: /home/alex/ros2_ws/install/leg_detector_msgs/lib/libleg_detector_msgs__rosidl_generator_c.so
[1.054s] -- Up-to-date: /home/alex/ros2_ws/install/leg_detector_msgs/include/leg_detector_msgs/leg_detector_msgs
[1.054s] -- Up-to-date: /home/alex/ros2_ws/install/leg_detector_msgs/include/leg_detector_msgs/leg_detector_msgs/msg
[1.054s] -- Up-to-date: /home/alex/ros2_ws/install/leg_detector_msgs/include/leg_detector_msgs/leg_detector_msgs/msg/detail
[1.054s] -- Up-to-date: /home/alex/ros2_ws/install/leg_detector_msgs/include/leg_detector_msgs/leg_detector_msgs/msg/detail/human__rosidl_typesupport_fastrtps_c.h
[1.054s] -- Up-to-date: /home/alex/ros2_ws/install/leg_detector_msgs/include/leg_detector_msgs/leg_detector_msgs/msg/detail/leg_array__rosidl_typesupport_fastrtps_c.h
[1.055s] -- Up-to-date: /home/alex/ros2_ws/install/leg_detector_msgs/include/leg_detector_msgs/leg_detector_msgs/msg/detail/human_array__rosidl_typesupport_fastrtps_c.h
[1.055s] -- Up-to-date: /home/alex/ros2_ws/install/leg_detector_msgs/include/leg_detector_msgs/leg_detector_msgs/msg/detail/leg__rosidl_typesupport_fastrtps_c.h
[1.055s] -- Up-to-date: /home/alex/ros2_ws/install/leg_detector_msgs/include/leg_detector_msgs/leg_detector_msgs/msg/rosidl_typesupport_fastrtps_c__visibility_control.h
[1.055s] -- Up-to-date: /home/alex/ros2_ws/install/leg_detector_msgs/lib/libleg_detector_msgs__rosidl_typesupport_fastrtps_c.so
[1.055s] -- Up-to-date: /home/alex/ros2_ws/install/leg_detector_msgs/include/leg_detector_msgs/leg_detector_msgs
[1.056s] -- Up-to-date: /home/alex/ros2_ws/install/leg_detector_msgs/include/leg_detector_msgs/leg_detector_msgs/msg
[1.056s] -- Up-to-date: /home/alex/ros2_ws/install/leg_detector_msgs/include/leg_detector_msgs/leg_detector_msgs/msg/leg.hpp
[1.056s] -- Up-to-date: /home/alex/ros2_ws/install/leg_detector_msgs/include/leg_detector_msgs/leg_detector_msgs/msg/detail
[1.056s] -- Up-to-date: /home/alex/ros2_ws/install/leg_detector_msgs/include/leg_detector_msgs/leg_detector_msgs/msg/detail/human_array__struct.hpp
[1.056s] -- Up-to-date: /home/alex/ros2_ws/install/leg_detector_msgs/include/leg_detector_msgs/leg_detector_msgs/msg/detail/leg__builder.hpp
[1.056s] -- Up-to-date: /home/alex/ros2_ws/install/leg_detector_msgs/include/leg_detector_msgs/leg_detector_msgs/msg/detail/leg_array__builder.hpp
[1.056s] -- Up-to-date: /home/alex/ros2_ws/install/leg_detector_msgs/include/leg_detector_msgs/leg_detector_msgs/msg/detail/human__builder.hpp
[1.056s] -- Up-to-date: /home/alex/ros2_ws/install/leg_detector_msgs/include/leg_detector_msgs/leg_detector_msgs/msg/detail/leg_array__struct.hpp
[1.057s] -- Up-to-date: /home/alex/ros2_ws/install/leg_detector_msgs/include/leg_detector_msgs/leg_detector_msgs/msg/detail/leg_array__traits.hpp
[1.057s] -- Up-to-date: /home/alex/ros2_ws/install/leg_detector_msgs/include/leg_detector_msgs/leg_detector_msgs/msg/detail/leg__struct.hpp
[1.057s] -- Up-to-date: /home/alex/ros2_ws/install/leg_detector_msgs/include/leg_detector_msgs/leg_detector_msgs/msg/detail/human_array__builder.hpp
[1.057s] -- Up-to-date: /home/alex/ros2_ws/install/leg_detector_msgs/include/leg_detector_msgs/leg_detector_msgs/msg/detail/human_array__traits.hpp
[1.057s] -- Up-to-date: /home/alex/ros2_ws/install/leg_detector_msgs/include/leg_detector_msgs/leg_detector_msgs/msg/detail/human__traits.hpp
[1.057s] -- Up-to-date: /home/alex/ros2_ws/install/leg_detector_msgs/include/leg_detector_msgs/leg_detector_msgs/msg/detail/leg__traits.hpp
[1.057s] -- Up-to-date: /home/alex/ros2_ws/install/leg_detector_msgs/include/leg_detector_msgs/leg_detector_msgs/msg/detail/human__struct.hpp
[1.057s] -- Up-to-date: /home/alex/ros2_ws/install/leg_detector_msgs/include/leg_detector_msgs/leg_detector_msgs/msg/human.hpp
[1.057s] -- Up-to-date: /home/alex/ros2_ws/install/leg_detector_msgs/include/leg_detector_msgs/leg_detector_msgs/msg/leg_array.hpp
[1.058s] -- Up-to-date: /home/alex/ros2_ws/install/leg_detector_msgs/include/leg_detector_msgs/leg_detector_msgs/msg/human_array.hpp
[1.058s] -- Up-to-date: /home/alex/ros2_ws/install/leg_detector_msgs/include/leg_detector_msgs/leg_detector_msgs
[1.058s] -- Up-to-date: /home/alex/ros2_ws/install/leg_detector_msgs/include/leg_detector_msgs/leg_detector_msgs/msg
[1.058s] -- Up-to-date: /home/alex/ros2_ws/install/leg_detector_msgs/include/leg_detector_msgs/leg_detector_msgs/msg/detail
[1.058s] -- Up-to-date: /home/alex/ros2_ws/install/leg_detector_msgs/include/leg_detector_msgs/leg_detector_msgs/msg/detail/leg_array__rosidl_typesupport_fastrtps_cpp.hpp
[1.058s] -- Up-to-date: /home/alex/ros2_ws/install/leg_detector_msgs/include/leg_detector_msgs/leg_detector_msgs/msg/detail/leg__rosidl_typesupport_fastrtps_cpp.hpp
[1.058s] -- Up-to-date: /home/alex/ros2_ws/install/leg_detector_msgs/include/leg_detector_msgs/leg_detector_msgs/msg/detail/dds_fastrtps
[1.058s] -- Up-to-date: /home/alex/ros2_ws/install/leg_detector_msgs/include/leg_detector_msgs/leg_detector_msgs/msg/detail/human_array__rosidl_typesupport_fastrtps_cpp.hpp
[1.058s] -- Up-to-date: /home/alex/ros2_ws/install/leg_detector_msgs/include/leg_detector_msgs/leg_detector_msgs/msg/detail/human__rosidl_typesupport_fastrtps_cpp.hpp
[1.058s] -- Up-to-date: /home/alex/ros2_ws/install/leg_detector_msgs/include/leg_detector_msgs/leg_detector_msgs/msg/rosidl_typesupport_fastrtps_cpp__visibility_control.h
[1.058s] -- Up-to-date: /home/alex/ros2_ws/install/leg_detector_msgs/lib/libleg_detector_msgs__rosidl_typesupport_fastrtps_cpp.so
[1.058s] -- Up-to-date: /home/alex/ros2_ws/install/leg_detector_msgs/include/leg_detector_msgs/leg_detector_msgs
[1.058s] -- Up-to-date: /home/alex/ros2_ws/install/leg_detector_msgs/include/leg_detector_msgs/leg_detector_msgs/msg
[1.058s] -- Up-to-date: /home/alex/ros2_ws/install/leg_detector_msgs/include/leg_detector_msgs/leg_detector_msgs/msg/detail
[1.059s] -- Up-to-date: /home/alex/ros2_ws/install/leg_detector_msgs/include/leg_detector_msgs/leg_detector_msgs/msg/detail/human__type_support.c
[1.059s] -- Up-to-date: /home/alex/ros2_ws/install/leg_detector_msgs/include/leg_detector_msgs/leg_detector_msgs/msg/detail/human__rosidl_typesupport_introspection_c.h
[1.059s] -- Up-to-date: /home/alex/ros2_ws/install/leg_detector_msgs/include/leg_detector_msgs/leg_detector_msgs/msg/detail/human_array__type_support.c
[1.059s] -- Up-to-date: /home/alex/ros2_ws/install/leg_detector_msgs/include/leg_detector_msgs/leg_detector_msgs/msg/detail/leg__rosidl_typesupport_introspection_c.h
[1.059s] -- Up-to-date: /home/alex/ros2_ws/install/leg_detector_msgs/include/leg_detector_msgs/leg_detector_msgs/msg/detail/human_array__rosidl_typesupport_introspection_c.h
[1.059s] -- Up-to-date: /home/alex/ros2_ws/install/leg_detector_msgs/include/leg_detector_msgs/leg_detector_msgs/msg/detail/leg__type_support.c
[1.059s] -- Up-to-date: /home/alex/ros2_ws/install/leg_detector_msgs/include/leg_detector_msgs/leg_detector_msgs/msg/detail/leg_array__rosidl_typesupport_introspection_c.h
[1.059s] -- Up-to-date: /home/alex/ros2_ws/install/leg_detector_msgs/include/leg_detector_msgs/leg_detector_msgs/msg/detail/leg_array__type_support.c
[1.059s] -- Up-to-date: /home/alex/ros2_ws/install/leg_detector_msgs/include/leg_detector_msgs/leg_detector_msgs/msg/rosidl_typesupport_introspection_c__visibility_control.h
[1.059s] -- Up-to-date: /home/alex/ros2_ws/install/leg_detector_msgs/lib/libleg_detector_msgs__rosidl_typesupport_introspection_c.so
[1.060s] -- Up-to-date: /home/alex/ros2_ws/install/leg_detector_msgs/lib/libleg_detector_msgs__rosidl_typesupport_c.so
[1.060s] -- Up-to-date: /home/alex/ros2_ws/install/leg_detector_msgs/include/leg_detector_msgs/leg_detector_msgs
[1.060s] -- Up-to-date: /home/alex/ros2_ws/install/leg_detector_msgs/include/leg_detector_msgs/leg_detector_msgs/msg
[1.060s] -- Up-to-date: /home/alex/ros2_ws/install/leg_detector_msgs/include/leg_detector_msgs/leg_detector_msgs/msg/detail
[1.060s] -- Up-to-date: /home/alex/ros2_ws/install/leg_detector_msgs/include/leg_detector_msgs/leg_detector_msgs/msg/detail/leg__rosidl_typesupport_introspection_cpp.hpp
[1.060s] -- Up-to-date: /home/alex/ros2_ws/install/leg_detector_msgs/include/leg_detector_msgs/leg_detector_msgs/msg/detail/human_array__type_support.cpp
[1.060s] -- Up-to-date: /home/alex/ros2_ws/install/leg_detector_msgs/include/leg_detector_msgs/leg_detector_msgs/msg/detail/human_array__rosidl_typesupport_introspection_cpp.hpp
[1.060s] -- Up-to-date: /home/alex/ros2_ws/install/leg_detector_msgs/include/leg_detector_msgs/leg_detector_msgs/msg/detail/human__rosidl_typesupport_introspection_cpp.hpp
[1.060s] -- Up-to-date: /home/alex/ros2_ws/install/leg_detector_msgs/include/leg_detector_msgs/leg_detector_msgs/msg/detail/leg_array__rosidl_typesupport_introspection_cpp.hpp
[1.060s] -- Up-to-date: /home/alex/ros2_ws/install/leg_detector_msgs/include/leg_detector_msgs/leg_detector_msgs/msg/detail/leg_array__type_support.cpp
[1.060s] -- Up-to-date: /home/alex/ros2_ws/install/leg_detector_msgs/include/leg_detector_msgs/leg_detector_msgs/msg/detail/leg__type_support.cpp
[1.060s] -- Up-to-date: /home/alex/ros2_ws/install/leg_detector_msgs/include/leg_detector_msgs/leg_detector_msgs/msg/detail/human__type_support.cpp
[1.061s] -- Up-to-date: /home/alex/ros2_ws/install/leg_detector_msgs/lib/libleg_detector_msgs__rosidl_typesupport_introspection_cpp.so
[1.062s] -- Up-to-date: /home/alex/ros2_ws/install/leg_detector_msgs/lib/libleg_detector_msgs__rosidl_typesupport_cpp.so
[1.062s] -- Up-to-date: /home/alex/ros2_ws/install/leg_detector_msgs/share/leg_detector_msgs/environment/pythonpath.sh
[1.062s] -- Up-to-date: /home/alex/ros2_ws/install/leg_detector_msgs/share/leg_detector_msgs/environment/pythonpath.dsv
[1.062s] -- Up-to-date: /home/alex/ros2_ws/install/leg_detector_msgs/local/lib/python3.10/dist-packages/leg_detector_msgs-0.0.0-py3.10.egg-info
[1.063s] -- Installing: /home/alex/ros2_ws/install/leg_detector_msgs/local/lib/python3.10/dist-packages/leg_detector_msgs-0.0.0-py3.10.egg-info/dependency_links.txt
[1.063s] -- Installing: /home/alex/ros2_ws/install/leg_detector_msgs/local/lib/python3.10/dist-packages/leg_detector_msgs-0.0.0-py3.10.egg-info/PKG-INFO
[1.063s] -- Installing: /home/alex/ros2_ws/install/leg_detector_msgs/local/lib/python3.10/dist-packages/leg_detector_msgs-0.0.0-py3.10.egg-info/top_level.txt
[1.063s] -- Installing: /home/alex/ros2_ws/install/leg_detector_msgs/local/lib/python3.10/dist-packages/leg_detector_msgs-0.0.0-py3.10.egg-info/SOURCES.txt
[1.063s] -- Up-to-date: /home/alex/ros2_ws/install/leg_detector_msgs/local/lib/python3.10/dist-packages/leg_detector_msgs
[1.063s] -- Up-to-date: /home/alex/ros2_ws/install/leg_detector_msgs/local/lib/python3.10/dist-packages/leg_detector_msgs/_leg_detector_msgs_s.ep.rosidl_typesupport_c.c
[1.064s] -- Up-to-date: /home/alex/ros2_ws/install/leg_detector_msgs/local/lib/python3.10/dist-packages/leg_detector_msgs/msg
[1.064s] -- Up-to-date: /home/alex/ros2_ws/install/leg_detector_msgs/local/lib/python3.10/dist-packages/leg_detector_msgs/msg/_leg_array.py
[1.064s] -- Up-to-date: /home/alex/ros2_ws/install/leg_detector_msgs/local/lib/python3.10/dist-packages/leg_detector_msgs/msg/_leg_array_s.c
[1.064s] -- Up-to-date: /home/alex/ros2_ws/install/leg_detector_msgs/local/lib/python3.10/dist-packages/leg_detector_msgs/msg/__init__.py
[1.064s] -- Up-to-date: /home/alex/ros2_ws/install/leg_detector_msgs/local/lib/python3.10/dist-packages/leg_detector_msgs/msg/_human_s.c
[1.064s] -- Up-to-date: /home/alex/ros2_ws/install/leg_detector_msgs/local/lib/python3.10/dist-packages/leg_detector_msgs/msg/_leg_s.c
[1.065s] -- Up-to-date: /home/alex/ros2_ws/install/leg_detector_msgs/local/lib/python3.10/dist-packages/leg_detector_msgs/msg/_human_array_s.c
[1.065s] -- Up-to-date: /home/alex/ros2_ws/install/leg_detector_msgs/local/lib/python3.10/dist-packages/leg_detector_msgs/msg/_human.py
[1.065s] -- Up-to-date: /home/alex/ros2_ws/install/leg_detector_msgs/local/lib/python3.10/dist-packages/leg_detector_msgs/msg/_leg.py
[1.065s] -- Up-to-date: /home/alex/ros2_ws/install/leg_detector_msgs/local/lib/python3.10/dist-packages/leg_detector_msgs/msg/_human_array.py
[1.065s] -- Up-to-date: /home/alex/ros2_ws/install/leg_detector_msgs/local/lib/python3.10/dist-packages/leg_detector_msgs/leg_detector_msgs_s__rosidl_typesupport_introspection_c.cpython-310-x86_64-linux-gnu.so
[1.065s] -- Up-to-date: /home/alex/ros2_ws/install/leg_detector_msgs/local/lib/python3.10/dist-packages/leg_detector_msgs/__init__.py
[1.065s] -- Up-to-date: /home/alex/ros2_ws/install/leg_detector_msgs/local/lib/python3.10/dist-packages/leg_detector_msgs/libleg_detector_msgs__rosidl_generator_py.so
[1.065s] -- Up-to-date: /home/alex/ros2_ws/install/leg_detector_msgs/local/lib/python3.10/dist-packages/leg_detector_msgs/leg_detector_msgs_s__rosidl_typesupport_fastrtps_c.cpython-310-x86_64-linux-gnu.so
[1.065s] -- Up-to-date: /home/alex/ros2_ws/install/leg_detector_msgs/local/lib/python3.10/dist-packages/leg_detector_msgs/_leg_detector_msgs_s.ep.rosidl_typesupport_fastrtps_c.c
[1.065s] -- Up-to-date: /home/alex/ros2_ws/install/leg_detector_msgs/local/lib/python3.10/dist-packages/leg_detector_msgs/_leg_detector_msgs_s.ep.rosidl_typesupport_introspection_c.c
[1.065s] -- Up-to-date: /home/alex/ros2_ws/install/leg_detector_msgs/local/lib/python3.10/dist-packages/leg_detector_msgs/leg_detector_msgs_s__rosidl_typesupport_c.cpython-310-x86_64-linux-gnu.so
[1.101s] Listing '/home/alex/ros2_ws/install/leg_detector_msgs/local/lib/python3.10/dist-packages/leg_detector_msgs'...
[1.101s] Listing '/home/alex/ros2_ws/install/leg_detector_msgs/local/lib/python3.10/dist-packages/leg_detector_msgs/msg'...
[1.106s] -- Up-to-date: /home/alex/ros2_ws/install/leg_detector_msgs/local/lib/python3.10/dist-packages/leg_detector_msgs/leg_detector_msgs_s__rosidl_typesupport_fastrtps_c.cpython-310-x86_64-linux-gnu.so
[1.107s] -- Up-to-date: /home/alex/ros2_ws/install/leg_detector_msgs/local/lib/python3.10/dist-packages/leg_detector_msgs/leg_detector_msgs_s__rosidl_typesupport_introspection_c.cpython-310-x86_64-linux-gnu.so
[1.108s] -- Up-to-date: /home/alex/ros2_ws/install/leg_detector_msgs/local/lib/python3.10/dist-packages/leg_detector_msgs/leg_detector_msgs_s__rosidl_typesupport_c.cpython-310-x86_64-linux-gnu.so
[1.109s] -- Up-to-date: /home/alex/ros2_ws/install/leg_detector_msgs/lib/libleg_detector_msgs__rosidl_generator_py.so
[1.110s] -- Up-to-date: /home/alex/ros2_ws/install/leg_detector_msgs/share/leg_detector_msgs/msg/Human.idl
[1.110s] -- Up-to-date: /home/alex/ros2_ws/install/leg_detector_msgs/share/leg_detector_msgs/msg/HumanArray.idl
[1.110s] -- Up-to-date: /home/alex/ros2_ws/install/leg_detector_msgs/share/leg_detector_msgs/msg/Leg.idl
[1.111s] -- Up-to-date: /home/alex/ros2_ws/install/leg_detector_msgs/share/leg_detector_msgs/msg/LegArray.idl
[1.111s] -- Up-to-date: /home/alex/ros2_ws/install/leg_detector_msgs/share/leg_detector_msgs/msg/Human.msg
[1.111s] -- Up-to-date: /home/alex/ros2_ws/install/leg_detector_msgs/share/leg_detector_msgs/msg/HumanArray.msg
[1.111s] -- Up-to-date: /home/alex/ros2_ws/install/leg_detector_msgs/share/leg_detector_msgs/msg/Leg.msg
[1.112s] -- Up-to-date: /home/alex/ros2_ws/install/leg_detector_msgs/share/leg_detector_msgs/msg/LegArray.msg
[1.112s] -- Up-to-date: /home/alex/ros2_ws/install/leg_detector_msgs/share/ament_index/resource_index/package_run_dependencies/leg_detector_msgs
[1.112s] -- Up-to-date: /home/alex/ros2_ws/install/leg_detector_msgs/share/ament_index/resource_index/parent_prefix_path/leg_detector_msgs
[1.112s] -- Up-to-date: /home/alex/ros2_ws/install/leg_detector_msgs/share/leg_detector_msgs/environment/ament_prefix_path.sh
[1.113s] -- Up-to-date: /home/alex/ros2_ws/install/leg_detector_msgs/share/leg_detector_msgs/environment/ament_prefix_path.dsv
[1.113s] -- Up-to-date: /home/alex/ros2_ws/install/leg_detector_msgs/share/leg_detector_msgs/environment/path.sh
[1.113s] -- Up-to-date: /home/alex/ros2_ws/install/leg_detector_msgs/share/leg_detector_msgs/environment/path.dsv
[1.113s] -- Up-to-date: /home/alex/ros2_ws/install/leg_detector_msgs/share/leg_detector_msgs/local_setup.bash
[1.113s] -- Up-to-date: /home/alex/ros2_ws/install/leg_detector_msgs/share/leg_detector_msgs/local_setup.sh
[1.113s] -- Up-to-date: /home/alex/ros2_ws/install/leg_detector_msgs/share/leg_detector_msgs/local_setup.zsh
[1.114s] -- Up-to-date: /home/alex/ros2_ws/install/leg_detector_msgs/share/leg_detector_msgs/local_setup.dsv
[1.114s] -- Installing: /home/alex/ros2_ws/install/leg_detector_msgs/share/leg_detector_msgs/package.dsv
[1.114s] -- Up-to-date: /home/alex/ros2_ws/install/leg_detector_msgs/share/ament_index/resource_index/packages/leg_detector_msgs
[1.115s] -- Up-to-date: /home/alex/ros2_ws/install/leg_detector_msgs/share/leg_detector_msgs/cmake/export_leg_detector_msgs__rosidl_generator_cExport.cmake
[1.115s] -- Up-to-date: /home/alex/ros2_ws/install/leg_detector_msgs/share/leg_detector_msgs/cmake/export_leg_detector_msgs__rosidl_generator_cExport-noconfig.cmake
[1.115s] -- Up-to-date: /home/alex/ros2_ws/install/leg_detector_msgs/share/leg_detector_msgs/cmake/export_leg_detector_msgs__rosidl_typesupport_fastrtps_cExport.cmake
[1.115s] -- Up-to-date: /home/alex/ros2_ws/install/leg_detector_msgs/share/leg_detector_msgs/cmake/export_leg_detector_msgs__rosidl_typesupport_fastrtps_cExport-noconfig.cmake
[1.116s] -- Up-to-date: /home/alex/ros2_ws/install/leg_detector_msgs/share/leg_detector_msgs/cmake/export_leg_detector_msgs__rosidl_generator_cppExport.cmake
[1.116s] -- Up-to-date: /home/alex/ros2_ws/install/leg_detector_msgs/share/leg_detector_msgs/cmake/export_leg_detector_msgs__rosidl_typesupport_fastrtps_cppExport.cmake
[1.116s] -- Up-to-date: /home/alex/ros2_ws/install/leg_detector_msgs/share/leg_detector_msgs/cmake/export_leg_detector_msgs__rosidl_typesupport_fastrtps_cppExport-noconfig.cmake
[1.116s] -- Up-to-date: /home/alex/ros2_ws/install/leg_detector_msgs/share/leg_detector_msgs/cmake/leg_detector_msgs__rosidl_typesupport_introspection_cExport.cmake
[1.117s] -- Up-to-date: /home/alex/ros2_ws/install/leg_detector_msgs/share/leg_detector_msgs/cmake/leg_detector_msgs__rosidl_typesupport_introspection_cExport-noconfig.cmake
[1.117s] -- Up-to-date: /home/alex/ros2_ws/install/leg_detector_msgs/share/leg_detector_msgs/cmake/leg_detector_msgs__rosidl_typesupport_cExport.cmake
[1.117s] -- Up-to-date: /home/alex/ros2_ws/install/leg_detector_msgs/share/leg_detector_msgs/cmake/leg_detector_msgs__rosidl_typesupport_cExport-noconfig.cmake
[1.117s] -- Up-to-date: /home/alex/ros2_ws/install/leg_detector_msgs/share/leg_detector_msgs/cmake/leg_detector_msgs__rosidl_typesupport_introspection_cppExport.cmake
[1.117s] -- Up-to-date: /home/alex/ros2_ws/install/leg_detector_msgs/share/leg_detector_msgs/cmake/leg_detector_msgs__rosidl_typesupport_introspection_cppExport-noconfig.cmake
[1.118s] -- Up-to-date: /home/alex/ros2_ws/install/leg_detector_msgs/share/leg_detector_msgs/cmake/leg_detector_msgs__rosidl_typesupport_cppExport.cmake
[1.118s] -- Up-to-date: /home/alex/ros2_ws/install/leg_detector_msgs/share/leg_detector_msgs/cmake/leg_detector_msgs__rosidl_typesupport_cppExport-noconfig.cmake
[1.118s] -- Up-to-date: /home/alex/ros2_ws/install/leg_detector_msgs/share/leg_detector_msgs/cmake/export_leg_detector_msgs__rosidl_generator_pyExport.cmake
[1.118s] -- Up-to-date: /home/alex/ros2_ws/install/leg_detector_msgs/share/leg_detector_msgs/cmake/export_leg_detector_msgs__rosidl_generator_pyExport-noconfig.cmake
[1.119s] -- Up-to-date: /home/alex/ros2_ws/install/leg_detector_msgs/share/leg_detector_msgs/cmake/rosidl_cmake-extras.cmake
[1.119s] -- Up-to-date: /home/alex/ros2_ws/install/leg_detector_msgs/share/leg_detector_msgs/cmake/ament_cmake_export_dependencies-extras.cmake
[1.119s] -- Up-to-date: /home/alex/ros2_ws/install/leg_detector_msgs/share/leg_detector_msgs/cmake/ament_cmake_export_include_directories-extras.cmake
[1.119s] -- Up-to-date: /home/alex/ros2_ws/install/leg_detector_msgs/share/leg_detector_msgs/cmake/ament_cmake_export_libraries-extras.cmake
[1.120s] -- Up-to-date: /home/alex/ros2_ws/install/leg_detector_msgs/share/leg_detector_msgs/cmake/ament_cmake_export_targets-extras.cmake
[1.120s] -- Up-to-date: /home/alex/ros2_ws/install/leg_detector_msgs/share/leg_detector_msgs/cmake/rosidl_cmake_export_typesupport_targets-extras.cmake
[1.120s] -- Up-to-date: /home/alex/ros2_ws/install/leg_detector_msgs/share/leg_detector_msgs/cmake/rosidl_cmake_export_typesupport_libraries-extras.cmake
[1.120s] -- Up-to-date: /home/alex/ros2_ws/install/leg_detector_msgs/share/leg_detector_msgs/cmake/leg_detector_msgsConfig.cmake
[1.121s] -- Up-to-date: /home/alex/ros2_ws/install/leg_detector_msgs/share/leg_detector_msgs/cmake/leg_detector_msgsConfig-version.cmake
[1.121s] -- Up-to-date: /home/alex/ros2_ws/install/leg_detector_msgs/share/leg_detector_msgs/package.xml
[1.173s] Invoked command in '/home/alex/ros2_ws/build/leg_detector_msgs' returned '0': CMAKE_PREFIX_PATH=/opt/ros/humble /usr/bin/cmake --install /home/alex/ros2_ws/build/leg_detector_msgs
