[0.220s] Invoking command in '/home/alex/ros2_ws/build/nav2_social_costmap_plugin': CMAKE_PREFIX_PATH=/home/alex/ros2_ws/install/people_msgs:/home/alex/ros2_ws/install/nav2_social_costmap_plugin:/home/alex/ros2_ws/install/leg_detector:/home/alex/ros2_ws/install/leg_detector_msgs:/home/alex/ros2_ws/install/articubot_one:/home/alex/ros2_ws/install/people_pub:/home/alex/ros2_ws/install/get_state_human:/opt/ros/humble LD_LIBRARY_PATH=/home/alex/ros2_ws/install/people_msgs/lib:/home/alex/ros2_ws/install/nav2_social_costmap_plugin/lib:/home/alex/ros2_ws/install/leg_detector_msgs/lib:/usr/lib/x86_64-linux-gnu/gazebo-11/plugins:/opt/ros/humble/opt/rviz_ogre_vendor/lib:/opt/ros/humble/lib/x86_64-linux-gnu:/opt/ros/humble/lib /usr/bin/cmake --build /home/alex/ros2_ws/build/nav2_social_costmap_plugin -- -j4 -l4
[0.307s] [100%] Built target nav2_social_costmap_plugin_core
[0.682s] Invoked command in '/home/alex/ros2_ws/build/nav2_social_costmap_plugin' returned '0': CMAKE_PREFIX_PATH=/home/alex/ros2_ws/install/people_msgs:/home/alex/ros2_ws/install/nav2_social_costmap_plugin:/home/alex/ros2_ws/install/leg_detector:/home/alex/ros2_ws/install/leg_detector_msgs:/home/alex/ros2_ws/install/articubot_one:/home/alex/ros2_ws/install/people_pub:/home/alex/ros2_ws/install/get_state_human:/opt/ros/humble LD_LIBRARY_PATH=/home/alex/ros2_ws/install/people_msgs/lib:/home/alex/ros2_ws/install/nav2_social_costmap_plugin/lib:/home/alex/ros2_ws/install/leg_detector_msgs/lib:/usr/lib/x86_64-linux-gnu/gazebo-11/plugins:/opt/ros/humble/opt/rviz_ogre_vendor/lib:/opt/ros/humble/lib/x86_64-linux-gnu:/opt/ros/humble/lib /usr/bin/cmake --build /home/alex/ros2_ws/build/nav2_social_costmap_plugin -- -j4 -l4
[0.721s] Invoking command in '/home/alex/ros2_ws/build/nav2_social_costmap_plugin': CMAKE_PREFIX_PATH=/home/alex/ros2_ws/install/people_msgs:/home/alex/ros2_ws/install/nav2_social_costmap_plugin:/home/alex/ros2_ws/install/leg_detector:/home/alex/ros2_ws/install/leg_detector_msgs:/home/alex/ros2_ws/install/articubot_one:/home/alex/ros2_ws/install/people_pub:/home/alex/ros2_ws/install/get_state_human:/opt/ros/humble LD_LIBRARY_PATH=/home/alex/ros2_ws/install/people_msgs/lib:/home/alex/ros2_ws/install/nav2_social_costmap_plugin/lib:/home/alex/ros2_ws/install/leg_detector_msgs/lib:/usr/lib/x86_64-linux-gnu/gazebo-11/plugins:/opt/ros/humble/opt/rviz_ogre_vendor/lib:/opt/ros/humble/lib/x86_64-linux-gnu:/opt/ros/humble/lib /usr/bin/cmake --install /home/alex/ros2_ws/build/nav2_social_costmap_plugin
[0.733s] -- Install configuration: ""
[0.733s] -- Up-to-date: /home/alex/ros2_ws/install/nav2_social_costmap_plugin/lib/libnav2_social_costmap_plugin_core.so
[0.734s] -- Up-to-date: /home/alex/ros2_ws/install/nav2_social_costmap_plugin/share/nav2_social_costmap_plugin/social_layer.xml
[0.734s] -- Up-to-date: /home/alex/ros2_ws/install/nav2_social_costmap_plugin/share/ament_index/resource_index/package_run_dependencies/nav2_social_costmap_plugin
[0.734s] -- Up-to-date: /home/alex/ros2_ws/install/nav2_social_costmap_plugin/share/ament_index/resource_index/parent_prefix_path/nav2_social_costmap_plugin
[0.734s] -- Up-to-date: /home/alex/ros2_ws/install/nav2_social_costmap_plugin/share/nav2_social_costmap_plugin/environment/ament_prefix_path.sh
[0.734s] -- Up-to-date: /home/alex/ros2_ws/install/nav2_social_costmap_plugin/share/nav2_social_costmap_plugin/environment/ament_prefix_path.dsv
[0.734s] -- Up-to-date: /home/alex/ros2_ws/install/nav2_social_costmap_plugin/share/nav2_social_costmap_plugin/environment/path.sh
[0.735s] -- Up-to-date: /home/alex/ros2_ws/install/nav2_social_costmap_plugin/share/nav2_social_costmap_plugin/environment/path.dsv
[0.735s] -- Up-to-date: /home/alex/ros2_ws/install/nav2_social_costmap_plugin/share/nav2_social_costmap_plugin/local_setup.bash
[0.735s] -- Up-to-date: /home/alex/ros2_ws/install/nav2_social_costmap_plugin/share/nav2_social_costmap_plugin/local_setup.sh
[0.735s] -- Up-to-date: /home/alex/ros2_ws/install/nav2_social_costmap_plugin/share/nav2_social_costmap_plugin/local_setup.zsh
[0.735s] -- Up-to-date: /home/alex/ros2_ws/install/nav2_social_costmap_plugin/share/nav2_social_costmap_plugin/local_setup.dsv
[0.736s] -- Installing: /home/alex/ros2_ws/install/nav2_social_costmap_plugin/share/nav2_social_costmap_plugin/package.dsv
[0.737s] -- Up-to-date: /home/alex/ros2_ws/install/nav2_social_costmap_plugin/share/ament_index/resource_index/packages/nav2_social_costmap_plugin
[0.738s] -- Up-to-date: /home/alex/ros2_ws/install/nav2_social_costmap_plugin/share/ament_index/resource_index/nav2_costmap_2d__pluginlib__plugin/nav2_social_costmap_plugin
[0.739s] -- Up-to-date: /home/alex/ros2_ws/install/nav2_social_costmap_plugin/share/nav2_social_costmap_plugin/cmake/nav2_social_costmap_pluginConfig.cmake
[0.739s] -- Up-to-date: /home/alex/ros2_ws/install/nav2_social_costmap_plugin/share/nav2_social_costmap_plugin/cmake/nav2_social_costmap_pluginConfig-version.cmake
[0.740s] -- Up-to-date: /home/alex/ros2_ws/install/nav2_social_costmap_plugin/share/nav2_social_costmap_plugin/package.xml
[0.740s] Invoked command in '/home/alex/ros2_ws/build/nav2_social_costmap_plugin' returned '0': CMAKE_PREFIX_PATH=/home/alex/ros2_ws/install/people_msgs:/home/alex/ros2_ws/install/nav2_social_costmap_plugin:/home/alex/ros2_ws/install/leg_detector:/home/alex/ros2_ws/install/leg_detector_msgs:/home/alex/ros2_ws/install/articubot_one:/home/alex/ros2_ws/install/people_pub:/home/alex/ros2_ws/install/get_state_human:/opt/ros/humble LD_LIBRARY_PATH=/home/alex/ros2_ws/install/people_msgs/lib:/home/alex/ros2_ws/install/nav2_social_costmap_plugin/lib:/home/alex/ros2_ws/install/leg_detector_msgs/lib:/usr/lib/x86_64-linux-gnu/gazebo-11/plugins:/opt/ros/humble/opt/rviz_ogre_vendor/lib:/opt/ros/humble/lib/x86_64-linux-gnu:/opt/ros/humble/lib /usr/bin/cmake --install /home/alex/ros2_ws/build/nav2_social_costmap_plugin
