running egg_info
writing ../../build/get_state_human/get_state_human.egg-info/PKG-INFO
writing dependency_links to ../../build/get_state_human/get_state_human.egg-info/dependency_links.txt
writing entry points to ../../build/get_state_human/get_state_human.egg-info/entry_points.txt
writing requirements to ../../build/get_state_human/get_state_human.egg-info/requires.txt
writing top-level names to ../../build/get_state_human/get_state_human.egg-info/top_level.txt
reading manifest file '../../build/get_state_human/get_state_human.egg-info/SOURCES.txt'
adding license file 'LICENSE'
writing manifest file '../../build/get_state_human/get_state_human.egg-info/SOURCES.txt'
running build
running build_py
running install
running install_lib
running install_data
running install_egg_info
removing '/home/alex/ros2_ws/install/get_state_human/lib/python3.10/site-packages/get_state_human-0.0.0-py3.10.egg-info' (and everything under it)
Copying ../../build/get_state_human/get_state_human.egg-info to /home/alex/ros2_ws/install/get_state_human/lib/python3.10/site-packages/get_state_human-0.0.0-py3.10.egg-info
running install_scripts
Installing social script to /home/alex/ros2_ws/install/get_state_human/lib/get_state_human
writing list of installed files to '/home/alex/ros2_ws/build/get_state_human/install.log'
