[0.630s] Invoking command in '/home/alex/ros2_ws/build/leg_detector_msgs': CMAKE_PREFIX_PATH=${CMAKE_PREFIX_PATH}:/home/alex/ros2_ws/install/people_pub:/home/alex/ros2_ws/install/get_state_human:/opt/ros/humble /usr/bin/cmake --build /home/alex/ros2_ws/build/leg_detector_msgs -- -j4 -l4
[0.873s] [  1%] Built target leg_detector_msgs__cpp
[0.979s] [  1%] Built target ament_cmake_python_copy_leg_detector_msgs
[1.076s] [ 12%] Built target leg_detector_msgs__rosidl_typesupport_fastrtps_cpp
[1.173s] [ 23%] Built target leg_detector_msgs__rosidl_typesupport_introspection_cpp
[2.237s] running egg_info
[2.238s] writing leg_detector_msgs.egg-info/PKG-INFO
[2.238s] writing dependency_links to leg_detector_msgs.egg-info/dependency_links.txt
[2.239s] writing top-level names to leg_detector_msgs.egg-info/top_level.txt
[2.242s] reading manifest file 'leg_detector_msgs.egg-info/SOURCES.txt'
[2.243s] writing manifest file 'leg_detector_msgs.egg-info/SOURCES.txt'
[2.393s] [ 23%] Built target ament_cmake_python_build_leg_detector_msgs_egg
[2.519s] [ 34%] Built target leg_detector_msgs__rosidl_typesupport_cpp
[2.640s] [ 45%] Built target leg_detector_msgs__rosidl_generator_c
[2.737s] [ 56%] Built target leg_detector_msgs__rosidl_typesupport_fastrtps_c
[2.856s] [ 67%] Built target leg_detector_msgs__rosidl_typesupport_c
[2.980s] [ 78%] Built target leg_detector_msgs__rosidl_typesupport_introspection_c
[3.075s] [ 78%] Built target leg_detector_msgs
[3.151s] [ 80%] Built target leg_detector_msgs__py
[3.207s] [ 89%] Built target leg_detector_msgs__rosidl_generator_py
[3.308s] [ 92%] Built target leg_detector_msgs__rosidl_typesupport_fastrtps_c__pyext
[3.387s] [ 96%] Built target leg_detector_msgs__rosidl_typesupport_c__pyext
[3.463s] [100%] Built target leg_detector_msgs__rosidl_typesupport_introspection_c__pyext
[3.500s] Invoked command in '/home/alex/ros2_ws/build/leg_detector_msgs' returned '0': CMAKE_PREFIX_PATH=${CMAKE_PREFIX_PATH}:/home/alex/ros2_ws/install/people_pub:/home/alex/ros2_ws/install/get_state_human:/opt/ros/humble /usr/bin/cmake --build /home/alex/ros2_ws/build/leg_detector_msgs -- -j4 -l4
[4.439s] Invoking command in '/home/alex/ros2_ws/build/leg_detector_msgs': CMAKE_PREFIX_PATH=${CMAKE_PREFIX_PATH}:/home/alex/ros2_ws/install/people_pub:/home/alex/ros2_ws/install/get_state_human:/opt/ros/humble /usr/bin/cmake --install /home/alex/ros2_ws/build/leg_detector_msgs
[4.458s] -- Install configuration: ""
[4.458s] -- Up-to-date: /home/alex/ros2_ws/install/leg_detector_msgs/share/ament_index/resource_index/rosidl_interfaces/leg_detector_msgs
[4.459s] -- Up-to-date: /home/alex/ros2_ws/install/leg_detector_msgs/include/leg_detector_msgs/leg_detector_msgs
[4.459s] -- Up-to-date: /home/alex/ros2_ws/install/leg_detector_msgs/include/leg_detector_msgs/leg_detector_msgs/msg
[4.459s] -- Up-to-date: /home/alex/ros2_ws/install/leg_detector_msgs/include/leg_detector_msgs/leg_detector_msgs/msg/human_array.h
[4.459s] -- Up-to-date: /home/alex/ros2_ws/install/leg_detector_msgs/include/leg_detector_msgs/leg_detector_msgs/msg/human.h
[4.459s] -- Up-to-date: /home/alex/ros2_ws/install/leg_detector_msgs/include/leg_detector_msgs/leg_detector_msgs/msg/detail
[4.459s] -- Up-to-date: /home/alex/ros2_ws/install/leg_detector_msgs/include/leg_detector_msgs/leg_detector_msgs/msg/detail/leg__functions.h
[4.460s] -- Up-to-date: /home/alex/ros2_ws/install/leg_detector_msgs/include/leg_detector_msgs/leg_detector_msgs/msg/detail/human__functions.h
[4.460s] -- Up-to-date: /home/alex/ros2_ws/install/leg_detector_msgs/include/leg_detector_msgs/leg_detector_msgs/msg/detail/human_array__struct.h
[4.460s] -- Up-to-date: /home/alex/ros2_ws/install/leg_detector_msgs/include/leg_detector_msgs/leg_detector_msgs/msg/detail/leg__functions.c
[4.460s] -- Up-to-date: /home/alex/ros2_ws/install/leg_detector_msgs/include/leg_detector_msgs/leg_detector_msgs/msg/detail/leg_array__functions.c
[4.460s] -- Up-to-date: /home/alex/ros2_ws/install/leg_detector_msgs/include/leg_detector_msgs/leg_detector_msgs/msg/detail/human_array__functions.c
[4.460s] -- Up-to-date: /home/alex/ros2_ws/install/leg_detector_msgs/include/leg_detector_msgs/leg_detector_msgs/msg/detail/leg__struct.h
[4.461s] -- Up-to-date: /home/alex/ros2_ws/install/leg_detector_msgs/include/leg_detector_msgs/leg_detector_msgs/msg/detail/human__functions.c
[4.462s] -- Up-to-date: /home/alex/ros2_ws/install/leg_detector_msgs/include/leg_detector_msgs/leg_detector_msgs/msg/detail/leg_array__functions.h
[4.474s] -- Up-to-date: /home/alex/ros2_ws/install/leg_detector_msgs/include/leg_detector_msgs/leg_detector_msgs/msg/detail/human__struct.h
[4.474s] -- Up-to-date: /home/alex/ros2_ws/install/leg_detector_msgs/include/leg_detector_msgs/leg_detector_msgs/msg/detail/human_array__functions.h
[4.474s] -- Up-to-date: /home/alex/ros2_ws/install/leg_detector_msgs/include/leg_detector_msgs/leg_detector_msgs/msg/detail/human__type_support.h
[4.475s] -- Up-to-date: /home/alex/ros2_ws/install/leg_detector_msgs/include/leg_detector_msgs/leg_detector_msgs/msg/detail/leg__type_support.h
[4.475s] -- Up-to-date: /home/alex/ros2_ws/install/leg_detector_msgs/include/leg_detector_msgs/leg_detector_msgs/msg/detail/human_array__type_support.h
[4.475s] -- Up-to-date: /home/alex/ros2_ws/install/leg_detector_msgs/include/leg_detector_msgs/leg_detector_msgs/msg/detail/leg_array__struct.h
[4.475s] -- Up-to-date: /home/alex/ros2_ws/install/leg_detector_msgs/include/leg_detector_msgs/leg_detector_msgs/msg/detail/leg_array__type_support.h
[4.475s] -- Up-to-date: /home/alex/ros2_ws/install/leg_detector_msgs/include/leg_detector_msgs/leg_detector_msgs/msg/leg_array.h
[4.475s] -- Up-to-date: /home/alex/ros2_ws/install/leg_detector_msgs/include/leg_detector_msgs/leg_detector_msgs/msg/rosidl_generator_c__visibility_control.h
[4.475s] -- Up-to-date: /home/alex/ros2_ws/install/leg_detector_msgs/include/leg_detector_msgs/leg_detector_msgs/msg/leg.h
[4.475s] -- Up-to-date: /home/alex/ros2_ws/install/leg_detector_msgs/share/leg_detector_msgs/environment/library_path.sh
[4.476s] -- Up-to-date: /home/alex/ros2_ws/install/leg_detector_msgs/share/leg_detector_msgs/environment/library_path.dsv
[4.476s] -- Up-to-date: /home/alex/ros2_ws/install/leg_detector_msgs/lib/libleg_detector_msgs__rosidl_generator_c.so
[4.476s] -- Up-to-date: /home/alex/ros2_ws/install/leg_detector_msgs/include/leg_detector_msgs/leg_detector_msgs
[4.476s] -- Up-to-date: /home/alex/ros2_ws/install/leg_detector_msgs/include/leg_detector_msgs/leg_detector_msgs/msg
[4.476s] -- Up-to-date: /home/alex/ros2_ws/install/leg_detector_msgs/include/leg_detector_msgs/leg_detector_msgs/msg/detail
[4.476s] -- Up-to-date: /home/alex/ros2_ws/install/leg_detector_msgs/include/leg_detector_msgs/leg_detector_msgs/msg/detail/human__rosidl_typesupport_fastrtps_c.h
[4.476s] -- Up-to-date: /home/alex/ros2_ws/install/leg_detector_msgs/include/leg_detector_msgs/leg_detector_msgs/msg/detail/leg_array__rosidl_typesupport_fastrtps_c.h
[4.476s] -- Up-to-date: /home/alex/ros2_ws/install/leg_detector_msgs/include/leg_detector_msgs/leg_detector_msgs/msg/detail/human_array__rosidl_typesupport_fastrtps_c.h
[4.476s] -- Up-to-date: /home/alex/ros2_ws/install/leg_detector_msgs/include/leg_detector_msgs/leg_detector_msgs/msg/detail/leg__rosidl_typesupport_fastrtps_c.h
[4.477s] -- Up-to-date: /home/alex/ros2_ws/install/leg_detector_msgs/include/leg_detector_msgs/leg_detector_msgs/msg/rosidl_typesupport_fastrtps_c__visibility_control.h
[4.477s] -- Up-to-date: /home/alex/ros2_ws/install/leg_detector_msgs/lib/libleg_detector_msgs__rosidl_typesupport_fastrtps_c.so
[4.477s] -- Up-to-date: /home/alex/ros2_ws/install/leg_detector_msgs/include/leg_detector_msgs/leg_detector_msgs
[4.477s] -- Up-to-date: /home/alex/ros2_ws/install/leg_detector_msgs/include/leg_detector_msgs/leg_detector_msgs/msg
[4.477s] -- Up-to-date: /home/alex/ros2_ws/install/leg_detector_msgs/include/leg_detector_msgs/leg_detector_msgs/msg/leg.hpp
[4.477s] -- Up-to-date: /home/alex/ros2_ws/install/leg_detector_msgs/include/leg_detector_msgs/leg_detector_msgs/msg/detail
[4.477s] -- Up-to-date: /home/alex/ros2_ws/install/leg_detector_msgs/include/leg_detector_msgs/leg_detector_msgs/msg/detail/human_array__struct.hpp
[4.477s] -- Up-to-date: /home/alex/ros2_ws/install/leg_detector_msgs/include/leg_detector_msgs/leg_detector_msgs/msg/detail/leg__builder.hpp
[4.478s] -- Up-to-date: /home/alex/ros2_ws/install/leg_detector_msgs/include/leg_detector_msgs/leg_detector_msgs/msg/detail/leg_array__builder.hpp
[4.478s] -- Up-to-date: /home/alex/ros2_ws/install/leg_detector_msgs/include/leg_detector_msgs/leg_detector_msgs/msg/detail/human__builder.hpp
[4.478s] -- Up-to-date: /home/alex/ros2_ws/install/leg_detector_msgs/include/leg_detector_msgs/leg_detector_msgs/msg/detail/leg_array__struct.hpp
[4.478s] -- Up-to-date: /home/alex/ros2_ws/install/leg_detector_msgs/include/leg_detector_msgs/leg_detector_msgs/msg/detail/leg_array__traits.hpp
[4.478s] -- Up-to-date: /home/alex/ros2_ws/install/leg_detector_msgs/include/leg_detector_msgs/leg_detector_msgs/msg/detail/leg__struct.hpp
[4.478s] -- Up-to-date: /home/alex/ros2_ws/install/leg_detector_msgs/include/leg_detector_msgs/leg_detector_msgs/msg/detail/human_array__builder.hpp
[4.478s] -- Up-to-date: /home/alex/ros2_ws/install/leg_detector_msgs/include/leg_detector_msgs/leg_detector_msgs/msg/detail/human_array__traits.hpp
[4.478s] -- Up-to-date: /home/alex/ros2_ws/install/leg_detector_msgs/include/leg_detector_msgs/leg_detector_msgs/msg/detail/human__traits.hpp
[4.478s] -- Up-to-date: /home/alex/ros2_ws/install/leg_detector_msgs/include/leg_detector_msgs/leg_detector_msgs/msg/detail/leg__traits.hpp
[4.478s] -- Up-to-date: /home/alex/ros2_ws/install/leg_detector_msgs/include/leg_detector_msgs/leg_detector_msgs/msg/detail/human__struct.hpp
[4.478s] -- Up-to-date: /home/alex/ros2_ws/install/leg_detector_msgs/include/leg_detector_msgs/leg_detector_msgs/msg/human.hpp
[4.478s] -- Up-to-date: /home/alex/ros2_ws/install/leg_detector_msgs/include/leg_detector_msgs/leg_detector_msgs/msg/leg_array.hpp
[4.479s] -- Up-to-date: /home/alex/ros2_ws/install/leg_detector_msgs/include/leg_detector_msgs/leg_detector_msgs/msg/human_array.hpp
[4.479s] -- Up-to-date: /home/alex/ros2_ws/install/leg_detector_msgs/include/leg_detector_msgs/leg_detector_msgs
[4.479s] -- Up-to-date: /home/alex/ros2_ws/install/leg_detector_msgs/include/leg_detector_msgs/leg_detector_msgs/msg
[4.479s] -- Up-to-date: /home/alex/ros2_ws/install/leg_detector_msgs/include/leg_detector_msgs/leg_detector_msgs/msg/detail
[4.479s] -- Up-to-date: /home/alex/ros2_ws/install/leg_detector_msgs/include/leg_detector_msgs/leg_detector_msgs/msg/detail/leg_array__rosidl_typesupport_fastrtps_cpp.hpp
[4.479s] -- Up-to-date: /home/alex/ros2_ws/install/leg_detector_msgs/include/leg_detector_msgs/leg_detector_msgs/msg/detail/leg__rosidl_typesupport_fastrtps_cpp.hpp
[4.479s] -- Up-to-date: /home/alex/ros2_ws/install/leg_detector_msgs/include/leg_detector_msgs/leg_detector_msgs/msg/detail/dds_fastrtps
[4.479s] -- Up-to-date: /home/alex/ros2_ws/install/leg_detector_msgs/include/leg_detector_msgs/leg_detector_msgs/msg/detail/human_array__rosidl_typesupport_fastrtps_cpp.hpp
[4.479s] -- Up-to-date: /home/alex/ros2_ws/install/leg_detector_msgs/include/leg_detector_msgs/leg_detector_msgs/msg/detail/human__rosidl_typesupport_fastrtps_cpp.hpp
[4.479s] -- Up-to-date: /home/alex/ros2_ws/install/leg_detector_msgs/include/leg_detector_msgs/leg_detector_msgs/msg/rosidl_typesupport_fastrtps_cpp__visibility_control.h
[4.479s] -- Up-to-date: /home/alex/ros2_ws/install/leg_detector_msgs/lib/libleg_detector_msgs__rosidl_typesupport_fastrtps_cpp.so
[4.479s] -- Up-to-date: /home/alex/ros2_ws/install/leg_detector_msgs/include/leg_detector_msgs/leg_detector_msgs
[4.479s] -- Up-to-date: /home/alex/ros2_ws/install/leg_detector_msgs/include/leg_detector_msgs/leg_detector_msgs/msg
[4.479s] -- Up-to-date: /home/alex/ros2_ws/install/leg_detector_msgs/include/leg_detector_msgs/leg_detector_msgs/msg/detail
[4.480s] -- Up-to-date: /home/alex/ros2_ws/install/leg_detector_msgs/include/leg_detector_msgs/leg_detector_msgs/msg/detail/human__type_support.c
[4.480s] -- Up-to-date: /home/alex/ros2_ws/install/leg_detector_msgs/include/leg_detector_msgs/leg_detector_msgs/msg/detail/human__rosidl_typesupport_introspection_c.h
[4.480s] -- Up-to-date: /home/alex/ros2_ws/install/leg_detector_msgs/include/leg_detector_msgs/leg_detector_msgs/msg/detail/human_array__type_support.c
[4.480s] -- Up-to-date: /home/alex/ros2_ws/install/leg_detector_msgs/include/leg_detector_msgs/leg_detector_msgs/msg/detail/leg__rosidl_typesupport_introspection_c.h
[4.480s] -- Up-to-date: /home/alex/ros2_ws/install/leg_detector_msgs/include/leg_detector_msgs/leg_detector_msgs/msg/detail/human_array__rosidl_typesupport_introspection_c.h
[4.480s] -- Up-to-date: /home/alex/ros2_ws/install/leg_detector_msgs/include/leg_detector_msgs/leg_detector_msgs/msg/detail/leg__type_support.c
[4.480s] -- Up-to-date: /home/alex/ros2_ws/install/leg_detector_msgs/include/leg_detector_msgs/leg_detector_msgs/msg/detail/leg_array__rosidl_typesupport_introspection_c.h
[4.480s] -- Up-to-date: /home/alex/ros2_ws/install/leg_detector_msgs/include/leg_detector_msgs/leg_detector_msgs/msg/detail/leg_array__type_support.c
[4.480s] -- Up-to-date: /home/alex/ros2_ws/install/leg_detector_msgs/include/leg_detector_msgs/leg_detector_msgs/msg/rosidl_typesupport_introspection_c__visibility_control.h
[4.480s] -- Up-to-date: /home/alex/ros2_ws/install/leg_detector_msgs/lib/libleg_detector_msgs__rosidl_typesupport_introspection_c.so
[4.480s] -- Up-to-date: /home/alex/ros2_ws/install/leg_detector_msgs/lib/libleg_detector_msgs__rosidl_typesupport_c.so
[4.480s] -- Up-to-date: /home/alex/ros2_ws/install/leg_detector_msgs/include/leg_detector_msgs/leg_detector_msgs
[4.480s] -- Up-to-date: /home/alex/ros2_ws/install/leg_detector_msgs/include/leg_detector_msgs/leg_detector_msgs/msg
[4.480s] -- Up-to-date: /home/alex/ros2_ws/install/leg_detector_msgs/include/leg_detector_msgs/leg_detector_msgs/msg/detail
[4.480s] -- Up-to-date: /home/alex/ros2_ws/install/leg_detector_msgs/include/leg_detector_msgs/leg_detector_msgs/msg/detail/leg__rosidl_typesupport_introspection_cpp.hpp
[4.481s] -- Up-to-date: /home/alex/ros2_ws/install/leg_detector_msgs/include/leg_detector_msgs/leg_detector_msgs/msg/detail/human_array__type_support.cpp
[4.481s] -- Up-to-date: /home/alex/ros2_ws/install/leg_detector_msgs/include/leg_detector_msgs/leg_detector_msgs/msg/detail/human_array__rosidl_typesupport_introspection_cpp.hpp
[4.481s] -- Up-to-date: /home/alex/ros2_ws/install/leg_detector_msgs/include/leg_detector_msgs/leg_detector_msgs/msg/detail/human__rosidl_typesupport_introspection_cpp.hpp
[4.481s] -- Up-to-date: /home/alex/ros2_ws/install/leg_detector_msgs/include/leg_detector_msgs/leg_detector_msgs/msg/detail/leg_array__rosidl_typesupport_introspection_cpp.hpp
[4.481s] -- Up-to-date: /home/alex/ros2_ws/install/leg_detector_msgs/include/leg_detector_msgs/leg_detector_msgs/msg/detail/leg_array__type_support.cpp
[4.481s] -- Up-to-date: /home/alex/ros2_ws/install/leg_detector_msgs/include/leg_detector_msgs/leg_detector_msgs/msg/detail/leg__type_support.cpp
[4.481s] -- Up-to-date: /home/alex/ros2_ws/install/leg_detector_msgs/include/leg_detector_msgs/leg_detector_msgs/msg/detail/human__type_support.cpp
[4.481s] -- Up-to-date: /home/alex/ros2_ws/install/leg_detector_msgs/lib/libleg_detector_msgs__rosidl_typesupport_introspection_cpp.so
[4.481s] -- Up-to-date: /home/alex/ros2_ws/install/leg_detector_msgs/lib/libleg_detector_msgs__rosidl_typesupport_cpp.so
[4.481s] -- Up-to-date: /home/alex/ros2_ws/install/leg_detector_msgs/share/leg_detector_msgs/environment/pythonpath.sh
[4.481s] -- Up-to-date: /home/alex/ros2_ws/install/leg_detector_msgs/share/leg_detector_msgs/environment/pythonpath.dsv
[4.481s] -- Up-to-date: /home/alex/ros2_ws/install/leg_detector_msgs/local/lib/python3.10/dist-packages/leg_detector_msgs-0.0.0-py3.10.egg-info
[4.481s] -- Installing: /home/alex/ros2_ws/install/leg_detector_msgs/local/lib/python3.10/dist-packages/leg_detector_msgs-0.0.0-py3.10.egg-info/dependency_links.txt
[4.481s] -- Installing: /home/alex/ros2_ws/install/leg_detector_msgs/local/lib/python3.10/dist-packages/leg_detector_msgs-0.0.0-py3.10.egg-info/PKG-INFO
[4.482s] -- Installing: /home/alex/ros2_ws/install/leg_detector_msgs/local/lib/python3.10/dist-packages/leg_detector_msgs-0.0.0-py3.10.egg-info/top_level.txt
[4.482s] -- Installing: /home/alex/ros2_ws/install/leg_detector_msgs/local/lib/python3.10/dist-packages/leg_detector_msgs-0.0.0-py3.10.egg-info/SOURCES.txt
[4.482s] -- Up-to-date: /home/alex/ros2_ws/install/leg_detector_msgs/local/lib/python3.10/dist-packages/leg_detector_msgs
[4.482s] -- Up-to-date: /home/alex/ros2_ws/install/leg_detector_msgs/local/lib/python3.10/dist-packages/leg_detector_msgs/_leg_detector_msgs_s.ep.rosidl_typesupport_c.c
[4.482s] -- Up-to-date: /home/alex/ros2_ws/install/leg_detector_msgs/local/lib/python3.10/dist-packages/leg_detector_msgs/msg
[4.491s] -- Up-to-date: /home/alex/ros2_ws/install/leg_detector_msgs/local/lib/python3.10/dist-packages/leg_detector_msgs/msg/_leg_array.py
[4.491s] -- Up-to-date: /home/alex/ros2_ws/install/leg_detector_msgs/local/lib/python3.10/dist-packages/leg_detector_msgs/msg/_leg_array_s.c
[4.491s] -- Up-to-date: /home/alex/ros2_ws/install/leg_detector_msgs/local/lib/python3.10/dist-packages/leg_detector_msgs/msg/__init__.py
[4.492s] -- Up-to-date: /home/alex/ros2_ws/install/leg_detector_msgs/local/lib/python3.10/dist-packages/leg_detector_msgs/msg/_human_s.c
[4.492s] -- Up-to-date: /home/alex/ros2_ws/install/leg_detector_msgs/local/lib/python3.10/dist-packages/leg_detector_msgs/msg/_leg_s.c
[4.492s] -- Up-to-date: /home/alex/ros2_ws/install/leg_detector_msgs/local/lib/python3.10/dist-packages/leg_detector_msgs/msg/_human_array_s.c
[4.492s] -- Up-to-date: /home/alex/ros2_ws/install/leg_detector_msgs/local/lib/python3.10/dist-packages/leg_detector_msgs/msg/_human.py
[4.492s] -- Up-to-date: /home/alex/ros2_ws/install/leg_detector_msgs/local/lib/python3.10/dist-packages/leg_detector_msgs/msg/_leg.py
[4.492s] -- Up-to-date: /home/alex/ros2_ws/install/leg_detector_msgs/local/lib/python3.10/dist-packages/leg_detector_msgs/msg/_human_array.py
[4.492s] -- Up-to-date: /home/alex/ros2_ws/install/leg_detector_msgs/local/lib/python3.10/dist-packages/leg_detector_msgs/leg_detector_msgs_s__rosidl_typesupport_introspection_c.cpython-310-x86_64-linux-gnu.so
[4.492s] -- Up-to-date: /home/alex/ros2_ws/install/leg_detector_msgs/local/lib/python3.10/dist-packages/leg_detector_msgs/__init__.py
[4.492s] -- Up-to-date: /home/alex/ros2_ws/install/leg_detector_msgs/local/lib/python3.10/dist-packages/leg_detector_msgs/libleg_detector_msgs__rosidl_generator_py.so
[4.493s] -- Up-to-date: /home/alex/ros2_ws/install/leg_detector_msgs/local/lib/python3.10/dist-packages/leg_detector_msgs/leg_detector_msgs_s__rosidl_typesupport_fastrtps_c.cpython-310-x86_64-linux-gnu.so
[4.493s] -- Up-to-date: /home/alex/ros2_ws/install/leg_detector_msgs/local/lib/python3.10/dist-packages/leg_detector_msgs/_leg_detector_msgs_s.ep.rosidl_typesupport_fastrtps_c.c
[4.493s] -- Up-to-date: /home/alex/ros2_ws/install/leg_detector_msgs/local/lib/python3.10/dist-packages/leg_detector_msgs/_leg_detector_msgs_s.ep.rosidl_typesupport_introspection_c.c
[4.493s] -- Up-to-date: /home/alex/ros2_ws/install/leg_detector_msgs/local/lib/python3.10/dist-packages/leg_detector_msgs/leg_detector_msgs_s__rosidl_typesupport_c.cpython-310-x86_64-linux-gnu.so
[4.557s] Listing '/home/alex/ros2_ws/install/leg_detector_msgs/local/lib/python3.10/dist-packages/leg_detector_msgs'...
[4.557s] Listing '/home/alex/ros2_ws/install/leg_detector_msgs/local/lib/python3.10/dist-packages/leg_detector_msgs/msg'...
[4.565s] -- Up-to-date: /home/alex/ros2_ws/install/leg_detector_msgs/local/lib/python3.10/dist-packages/leg_detector_msgs/leg_detector_msgs_s__rosidl_typesupport_fastrtps_c.cpython-310-x86_64-linux-gnu.so
[4.565s] -- Up-to-date: /home/alex/ros2_ws/install/leg_detector_msgs/local/lib/python3.10/dist-packages/leg_detector_msgs/leg_detector_msgs_s__rosidl_typesupport_introspection_c.cpython-310-x86_64-linux-gnu.so
[4.565s] -- Up-to-date: /home/alex/ros2_ws/install/leg_detector_msgs/local/lib/python3.10/dist-packages/leg_detector_msgs/leg_detector_msgs_s__rosidl_typesupport_c.cpython-310-x86_64-linux-gnu.so
[4.565s] -- Up-to-date: /home/alex/ros2_ws/install/leg_detector_msgs/lib/libleg_detector_msgs__rosidl_generator_py.so
[4.565s] -- Up-to-date: /home/alex/ros2_ws/install/leg_detector_msgs/share/leg_detector_msgs/msg/Human.idl
[4.565s] -- Up-to-date: /home/alex/ros2_ws/install/leg_detector_msgs/share/leg_detector_msgs/msg/HumanArray.idl
[4.570s] -- Up-to-date: /home/alex/ros2_ws/install/leg_detector_msgs/share/leg_detector_msgs/msg/Leg.idl
[4.570s] -- Up-to-date: /home/alex/ros2_ws/install/leg_detector_msgs/share/leg_detector_msgs/msg/LegArray.idl
[4.570s] -- Up-to-date: /home/alex/ros2_ws/install/leg_detector_msgs/share/leg_detector_msgs/msg/Human.msg
[4.570s] -- Up-to-date: /home/alex/ros2_ws/install/leg_detector_msgs/share/leg_detector_msgs/msg/HumanArray.msg
[4.570s] -- Up-to-date: /home/alex/ros2_ws/install/leg_detector_msgs/share/leg_detector_msgs/msg/Leg.msg
[4.570s] -- Up-to-date: /home/alex/ros2_ws/install/leg_detector_msgs/share/leg_detector_msgs/msg/LegArray.msg
[4.571s] -- Up-to-date: /home/alex/ros2_ws/install/leg_detector_msgs/share/ament_index/resource_index/package_run_dependencies/leg_detector_msgs
[4.571s] -- Up-to-date: /home/alex/ros2_ws/install/leg_detector_msgs/share/ament_index/resource_index/parent_prefix_path/leg_detector_msgs
[4.571s] -- Up-to-date: /home/alex/ros2_ws/install/leg_detector_msgs/share/leg_detector_msgs/environment/ament_prefix_path.sh
[4.571s] -- Up-to-date: /home/alex/ros2_ws/install/leg_detector_msgs/share/leg_detector_msgs/environment/ament_prefix_path.dsv
[4.571s] -- Up-to-date: /home/alex/ros2_ws/install/leg_detector_msgs/share/leg_detector_msgs/environment/path.sh
[4.571s] -- Up-to-date: /home/alex/ros2_ws/install/leg_detector_msgs/share/leg_detector_msgs/environment/path.dsv
[4.571s] -- Up-to-date: /home/alex/ros2_ws/install/leg_detector_msgs/share/leg_detector_msgs/local_setup.bash
[4.571s] -- Up-to-date: /home/alex/ros2_ws/install/leg_detector_msgs/share/leg_detector_msgs/local_setup.sh
[4.571s] -- Up-to-date: /home/alex/ros2_ws/install/leg_detector_msgs/share/leg_detector_msgs/local_setup.zsh
[4.572s] -- Up-to-date: /home/alex/ros2_ws/install/leg_detector_msgs/share/leg_detector_msgs/local_setup.dsv
[4.572s] -- Installing: /home/alex/ros2_ws/install/leg_detector_msgs/share/leg_detector_msgs/package.dsv
[4.572s] -- Up-to-date: /home/alex/ros2_ws/install/leg_detector_msgs/share/ament_index/resource_index/packages/leg_detector_msgs
[4.572s] -- Up-to-date: /home/alex/ros2_ws/install/leg_detector_msgs/share/leg_detector_msgs/cmake/export_leg_detector_msgs__rosidl_generator_cExport.cmake
[4.572s] -- Up-to-date: /home/alex/ros2_ws/install/leg_detector_msgs/share/leg_detector_msgs/cmake/export_leg_detector_msgs__rosidl_generator_cExport-noconfig.cmake
[4.572s] -- Up-to-date: /home/alex/ros2_ws/install/leg_detector_msgs/share/leg_detector_msgs/cmake/export_leg_detector_msgs__rosidl_typesupport_fastrtps_cExport.cmake
[4.572s] -- Up-to-date: /home/alex/ros2_ws/install/leg_detector_msgs/share/leg_detector_msgs/cmake/export_leg_detector_msgs__rosidl_typesupport_fastrtps_cExport-noconfig.cmake
[4.572s] -- Up-to-date: /home/alex/ros2_ws/install/leg_detector_msgs/share/leg_detector_msgs/cmake/export_leg_detector_msgs__rosidl_generator_cppExport.cmake
[4.572s] -- Up-to-date: /home/alex/ros2_ws/install/leg_detector_msgs/share/leg_detector_msgs/cmake/export_leg_detector_msgs__rosidl_typesupport_fastrtps_cppExport.cmake
[4.572s] -- Up-to-date: /home/alex/ros2_ws/install/leg_detector_msgs/share/leg_detector_msgs/cmake/export_leg_detector_msgs__rosidl_typesupport_fastrtps_cppExport-noconfig.cmake
[4.572s] -- Up-to-date: /home/alex/ros2_ws/install/leg_detector_msgs/share/leg_detector_msgs/cmake/leg_detector_msgs__rosidl_typesupport_introspection_cExport.cmake
[4.572s] -- Up-to-date: /home/alex/ros2_ws/install/leg_detector_msgs/share/leg_detector_msgs/cmake/leg_detector_msgs__rosidl_typesupport_introspection_cExport-noconfig.cmake
[4.573s] -- Up-to-date: /home/alex/ros2_ws/install/leg_detector_msgs/share/leg_detector_msgs/cmake/leg_detector_msgs__rosidl_typesupport_cExport.cmake
[4.573s] -- Up-to-date: /home/alex/ros2_ws/install/leg_detector_msgs/share/leg_detector_msgs/cmake/leg_detector_msgs__rosidl_typesupport_cExport-noconfig.cmake
[4.573s] -- Up-to-date: /home/alex/ros2_ws/install/leg_detector_msgs/share/leg_detector_msgs/cmake/leg_detector_msgs__rosidl_typesupport_introspection_cppExport.cmake
[4.573s] -- Up-to-date: /home/alex/ros2_ws/install/leg_detector_msgs/share/leg_detector_msgs/cmake/leg_detector_msgs__rosidl_typesupport_introspection_cppExport-noconfig.cmake
[4.573s] -- Up-to-date: /home/alex/ros2_ws/install/leg_detector_msgs/share/leg_detector_msgs/cmake/leg_detector_msgs__rosidl_typesupport_cppExport.cmake
[4.573s] -- Up-to-date: /home/alex/ros2_ws/install/leg_detector_msgs/share/leg_detector_msgs/cmake/leg_detector_msgs__rosidl_typesupport_cppExport-noconfig.cmake
[4.573s] -- Up-to-date: /home/alex/ros2_ws/install/leg_detector_msgs/share/leg_detector_msgs/cmake/export_leg_detector_msgs__rosidl_generator_pyExport.cmake
[4.573s] -- Up-to-date: /home/alex/ros2_ws/install/leg_detector_msgs/share/leg_detector_msgs/cmake/export_leg_detector_msgs__rosidl_generator_pyExport-noconfig.cmake
[4.573s] -- Up-to-date: /home/alex/ros2_ws/install/leg_detector_msgs/share/leg_detector_msgs/cmake/rosidl_cmake-extras.cmake
[4.573s] -- Up-to-date: /home/alex/ros2_ws/install/leg_detector_msgs/share/leg_detector_msgs/cmake/ament_cmake_export_dependencies-extras.cmake
[4.574s] -- Up-to-date: /home/alex/ros2_ws/install/leg_detector_msgs/share/leg_detector_msgs/cmake/ament_cmake_export_include_directories-extras.cmake
[4.574s] -- Up-to-date: /home/alex/ros2_ws/install/leg_detector_msgs/share/leg_detector_msgs/cmake/ament_cmake_export_libraries-extras.cmake
[4.574s] -- Up-to-date: /home/alex/ros2_ws/install/leg_detector_msgs/share/leg_detector_msgs/cmake/ament_cmake_export_targets-extras.cmake
[4.588s] -- Up-to-date: /home/alex/ros2_ws/install/leg_detector_msgs/share/leg_detector_msgs/cmake/rosidl_cmake_export_typesupport_targets-extras.cmake
[4.589s] -- Up-to-date: /home/alex/ros2_ws/install/leg_detector_msgs/share/leg_detector_msgs/cmake/rosidl_cmake_export_typesupport_libraries-extras.cmake
[4.590s] -- Up-to-date: /home/alex/ros2_ws/install/leg_detector_msgs/share/leg_detector_msgs/cmake/leg_detector_msgsConfig.cmake
[4.590s] -- Up-to-date: /home/alex/ros2_ws/install/leg_detector_msgs/share/leg_detector_msgs/cmake/leg_detector_msgsConfig-version.cmake
[4.590s] -- Up-to-date: /home/alex/ros2_ws/install/leg_detector_msgs/share/leg_detector_msgs/package.xml
[4.595s] Invoked command in '/home/alex/ros2_ws/build/leg_detector_msgs' returned '0': CMAKE_PREFIX_PATH=${CMAKE_PREFIX_PATH}:/home/alex/ros2_ws/install/people_pub:/home/alex/ros2_ws/install/get_state_human:/opt/ros/humble /usr/bin/cmake --install /home/alex/ros2_ws/build/leg_detector_msgs
