[0.521s] Invoking command in '/home/alex/ros2_ws/build/people_msgs': CMAKE_PREFIX_PATH=${CMAKE_PREFIX_PATH}:/home/alex/ros2_ws/install/people_pub:/home/alex/ros2_ws/install/get_state_human:/opt/ros/humble /usr/bin/cmake --build /home/alex/ros2_ws/build/people_msgs -- -j4 -l4
[0.830s] [  1%] Built target people_msgs__cpp
[1.021s] [  1%] Built target ament_cmake_python_copy_people_msgs
[1.121s] [ 12%] Built target people_msgs__rosidl_typesupport_fastrtps_cpp
[1.304s] [ 23%] Built target people_msgs__rosidl_typesupport_introspection_cpp
[2.356s] running egg_info
[2.357s] writing people_msgs.egg-info/PKG-INFO
[2.358s] writing dependency_links to people_msgs.egg-info/dependency_links.txt
[2.358s] writing top-level names to people_msgs.egg-info/top_level.txt
[2.376s] reading manifest file 'people_msgs.egg-info/SOURCES.txt'
[2.376s] writing manifest file 'people_msgs.egg-info/SOURCES.txt'
[2.524s] [ 23%] Built target ament_cmake_python_build_people_msgs_egg
[2.618s] [ 34%] Built target people_msgs__rosidl_typesupport_cpp
[2.755s] [ 46%] Built target people_msgs__rosidl_generator_c
[2.911s] [ 57%] Built target people_msgs__rosidl_typesupport_fastrtps_c
[3.016s] [ 68%] Built target people_msgs__rosidl_typesupport_c
[3.112s] [ 79%] Built target people_msgs__rosidl_typesupport_introspection_c
[3.231s] [ 79%] Built target people_msgs
[3.365s] [ 80%] Built target people_msgs__py
[3.456s] [ 90%] Built target people_msgs__rosidl_generator_py
[3.558s] [ 93%] Built target people_msgs__rosidl_typesupport_fastrtps_c__pyext
[3.609s] [ 96%] Built target people_msgs__rosidl_typesupport_c__pyext
[3.681s] [100%] Built target people_msgs__rosidl_typesupport_introspection_c__pyext
[3.731s] Invoked command in '/home/alex/ros2_ws/build/people_msgs' returned '0': CMAKE_PREFIX_PATH=${CMAKE_PREFIX_PATH}:/home/alex/ros2_ws/install/people_pub:/home/alex/ros2_ws/install/get_state_human:/opt/ros/humble /usr/bin/cmake --build /home/alex/ros2_ws/build/people_msgs -- -j4 -l4
[4.492s] Invoking command in '/home/alex/ros2_ws/build/people_msgs': CMAKE_PREFIX_PATH=${CMAKE_PREFIX_PATH}:/home/alex/ros2_ws/install/people_pub:/home/alex/ros2_ws/install/get_state_human:/opt/ros/humble /usr/bin/cmake --install /home/alex/ros2_ws/build/people_msgs
[4.525s] -- Install configuration: ""
[4.525s] -- Up-to-date: /home/alex/ros2_ws/install/people_msgs/share/ament_index/resource_index/rosidl_interfaces/people_msgs
[4.525s] -- Up-to-date: /home/alex/ros2_ws/install/people_msgs/include/people_msgs/people_msgs
[4.525s] -- Up-to-date: /home/alex/ros2_ws/install/people_msgs/include/people_msgs/people_msgs/msg
[4.525s] -- Up-to-date: /home/alex/ros2_ws/install/people_msgs/include/people_msgs/people_msgs/msg/person.h
[4.525s] -- Up-to-date: /home/alex/ros2_ws/install/people_msgs/include/people_msgs/people_msgs/msg/person_stamped.h
[4.525s] -- Up-to-date: /home/alex/ros2_ws/install/people_msgs/include/people_msgs/people_msgs/msg/detail
[4.525s] -- Up-to-date: /home/alex/ros2_ws/install/people_msgs/include/people_msgs/people_msgs/msg/detail/person__struct.h
[4.526s] -- Up-to-date: /home/alex/ros2_ws/install/people_msgs/include/people_msgs/people_msgs/msg/detail/person_stamped__functions.c
[4.527s] -- Up-to-date: /home/alex/ros2_ws/install/people_msgs/include/people_msgs/people_msgs/msg/detail/person_stamped__struct.h
[4.527s] -- Up-to-date: /home/alex/ros2_ws/install/people_msgs/include/people_msgs/people_msgs/msg/detail/position_measurement__functions.h
[4.528s] -- Up-to-date: /home/alex/ros2_ws/install/people_msgs/include/people_msgs/people_msgs/msg/detail/person__type_support.h
[4.529s] -- Up-to-date: /home/alex/ros2_ws/install/people_msgs/include/people_msgs/people_msgs/msg/detail/person__functions.h
[4.529s] -- Up-to-date: /home/alex/ros2_ws/install/people_msgs/include/people_msgs/people_msgs/msg/detail/person_stamped__functions.h
[4.529s] -- Up-to-date: /home/alex/ros2_ws/install/people_msgs/include/people_msgs/people_msgs/msg/detail/people__functions.h
[4.529s] -- Up-to-date: /home/alex/ros2_ws/install/people_msgs/include/people_msgs/people_msgs/msg/detail/position_measurement_array__type_support.h
[4.529s] -- Up-to-date: /home/alex/ros2_ws/install/people_msgs/include/people_msgs/people_msgs/msg/detail/people__functions.c
[4.529s] -- Up-to-date: /home/alex/ros2_ws/install/people_msgs/include/people_msgs/people_msgs/msg/detail/people__type_support.h
[4.529s] -- Up-to-date: /home/alex/ros2_ws/install/people_msgs/include/people_msgs/people_msgs/msg/detail/position_measurement__functions.c
[4.529s] -- Up-to-date: /home/alex/ros2_ws/install/people_msgs/include/people_msgs/people_msgs/msg/detail/person__functions.c
[4.529s] -- Up-to-date: /home/alex/ros2_ws/install/people_msgs/include/people_msgs/people_msgs/msg/detail/people__struct.h
[4.529s] -- Up-to-date: /home/alex/ros2_ws/install/people_msgs/include/people_msgs/people_msgs/msg/detail/position_measurement_array__functions.c
[4.529s] -- Up-to-date: /home/alex/ros2_ws/install/people_msgs/include/people_msgs/people_msgs/msg/detail/person_stamped__type_support.h
[4.529s] -- Up-to-date: /home/alex/ros2_ws/install/people_msgs/include/people_msgs/people_msgs/msg/detail/position_measurement__struct.h
[4.530s] -- Up-to-date: /home/alex/ros2_ws/install/people_msgs/include/people_msgs/people_msgs/msg/detail/position_measurement__type_support.h
[4.536s] -- Up-to-date: /home/alex/ros2_ws/install/people_msgs/include/people_msgs/people_msgs/msg/detail/position_measurement_array__struct.h
[4.536s] -- Up-to-date: /home/alex/ros2_ws/install/people_msgs/include/people_msgs/people_msgs/msg/detail/position_measurement_array__functions.h
[4.537s] -- Up-to-date: /home/alex/ros2_ws/install/people_msgs/include/people_msgs/people_msgs/msg/rosidl_generator_c__visibility_control.h
[4.537s] -- Up-to-date: /home/alex/ros2_ws/install/people_msgs/include/people_msgs/people_msgs/msg/people.h
[4.537s] -- Up-to-date: /home/alex/ros2_ws/install/people_msgs/include/people_msgs/people_msgs/msg/position_measurement_array.h
[4.537s] -- Up-to-date: /home/alex/ros2_ws/install/people_msgs/include/people_msgs/people_msgs/msg/position_measurement.h
[4.537s] -- Up-to-date: /home/alex/ros2_ws/install/people_msgs/share/people_msgs/environment/library_path.sh
[4.537s] -- Up-to-date: /home/alex/ros2_ws/install/people_msgs/share/people_msgs/environment/library_path.dsv
[4.537s] -- Up-to-date: /home/alex/ros2_ws/install/people_msgs/lib/libpeople_msgs__rosidl_generator_c.so
[4.537s] -- Up-to-date: /home/alex/ros2_ws/install/people_msgs/include/people_msgs/people_msgs
[4.537s] -- Up-to-date: /home/alex/ros2_ws/install/people_msgs/include/people_msgs/people_msgs/msg
[4.537s] -- Up-to-date: /home/alex/ros2_ws/install/people_msgs/include/people_msgs/people_msgs/msg/detail
[4.537s] -- Up-to-date: /home/alex/ros2_ws/install/people_msgs/include/people_msgs/people_msgs/msg/detail/position_measurement__rosidl_typesupport_fastrtps_c.h
[4.537s] -- Up-to-date: /home/alex/ros2_ws/install/people_msgs/include/people_msgs/people_msgs/msg/detail/position_measurement_array__rosidl_typesupport_fastrtps_c.h
[4.538s] -- Up-to-date: /home/alex/ros2_ws/install/people_msgs/include/people_msgs/people_msgs/msg/detail/person__rosidl_typesupport_fastrtps_c.h
[4.538s] -- Up-to-date: /home/alex/ros2_ws/install/people_msgs/include/people_msgs/people_msgs/msg/detail/people__rosidl_typesupport_fastrtps_c.h
[4.538s] -- Up-to-date: /home/alex/ros2_ws/install/people_msgs/include/people_msgs/people_msgs/msg/detail/person_stamped__rosidl_typesupport_fastrtps_c.h
[4.538s] -- Up-to-date: /home/alex/ros2_ws/install/people_msgs/include/people_msgs/people_msgs/msg/rosidl_typesupport_fastrtps_c__visibility_control.h
[4.538s] -- Up-to-date: /home/alex/ros2_ws/install/people_msgs/lib/libpeople_msgs__rosidl_typesupport_fastrtps_c.so
[4.538s] -- Up-to-date: /home/alex/ros2_ws/install/people_msgs/include/people_msgs/people_msgs
[4.538s] -- Up-to-date: /home/alex/ros2_ws/install/people_msgs/include/people_msgs/people_msgs/msg
[4.538s] -- Up-to-date: /home/alex/ros2_ws/install/people_msgs/include/people_msgs/people_msgs/msg/position_measurement_array.hpp
[4.538s] -- Up-to-date: /home/alex/ros2_ws/install/people_msgs/include/people_msgs/people_msgs/msg/people.hpp
[4.538s] -- Up-to-date: /home/alex/ros2_ws/install/people_msgs/include/people_msgs/people_msgs/msg/detail
[4.538s] -- Up-to-date: /home/alex/ros2_ws/install/people_msgs/include/people_msgs/people_msgs/msg/detail/people__builder.hpp
[4.538s] -- Up-to-date: /home/alex/ros2_ws/install/people_msgs/include/people_msgs/people_msgs/msg/detail/position_measurement_array__builder.hpp
[4.538s] -- Up-to-date: /home/alex/ros2_ws/install/people_msgs/include/people_msgs/people_msgs/msg/detail/person__struct.hpp
[4.538s] -- Up-to-date: /home/alex/ros2_ws/install/people_msgs/include/people_msgs/people_msgs/msg/detail/person_stamped__builder.hpp
[4.539s] -- Up-to-date: /home/alex/ros2_ws/install/people_msgs/include/people_msgs/people_msgs/msg/detail/position_measurement_array__traits.hpp
[4.539s] -- Up-to-date: /home/alex/ros2_ws/install/people_msgs/include/people_msgs/people_msgs/msg/detail/position_measurement__struct.hpp
[4.539s] -- Up-to-date: /home/alex/ros2_ws/install/people_msgs/include/people_msgs/people_msgs/msg/detail/person_stamped__struct.hpp
[4.539s] -- Up-to-date: /home/alex/ros2_ws/install/people_msgs/include/people_msgs/people_msgs/msg/detail/position_measurement__traits.hpp
[4.539s] -- Up-to-date: /home/alex/ros2_ws/install/people_msgs/include/people_msgs/people_msgs/msg/detail/position_measurement_array__struct.hpp
[4.539s] -- Up-to-date: /home/alex/ros2_ws/install/people_msgs/include/people_msgs/people_msgs/msg/detail/person__traits.hpp
[4.539s] -- Up-to-date: /home/alex/ros2_ws/install/people_msgs/include/people_msgs/people_msgs/msg/detail/position_measurement__builder.hpp
[4.539s] -- Up-to-date: /home/alex/ros2_ws/install/people_msgs/include/people_msgs/people_msgs/msg/detail/person_stamped__traits.hpp
[4.539s] -- Up-to-date: /home/alex/ros2_ws/install/people_msgs/include/people_msgs/people_msgs/msg/detail/people__struct.hpp
[4.539s] -- Up-to-date: /home/alex/ros2_ws/install/people_msgs/include/people_msgs/people_msgs/msg/detail/person__builder.hpp
[4.539s] -- Up-to-date: /home/alex/ros2_ws/install/people_msgs/include/people_msgs/people_msgs/msg/detail/people__traits.hpp
[4.539s] -- Up-to-date: /home/alex/ros2_ws/install/people_msgs/include/people_msgs/people_msgs/msg/person.hpp
[4.539s] -- Up-to-date: /home/alex/ros2_ws/install/people_msgs/include/people_msgs/people_msgs/msg/person_stamped.hpp
[4.540s] -- Up-to-date: /home/alex/ros2_ws/install/people_msgs/include/people_msgs/people_msgs/msg/position_measurement.hpp
[4.540s] -- Up-to-date: /home/alex/ros2_ws/install/people_msgs/include/people_msgs/people_msgs
[4.540s] -- Up-to-date: /home/alex/ros2_ws/install/people_msgs/include/people_msgs/people_msgs/msg
[4.540s] -- Up-to-date: /home/alex/ros2_ws/install/people_msgs/include/people_msgs/people_msgs/msg/detail
[4.540s] -- Up-to-date: /home/alex/ros2_ws/install/people_msgs/include/people_msgs/people_msgs/msg/detail/people__rosidl_typesupport_fastrtps_cpp.hpp
[4.540s] -- Up-to-date: /home/alex/ros2_ws/install/people_msgs/include/people_msgs/people_msgs/msg/detail/dds_fastrtps
[4.540s] -- Up-to-date: /home/alex/ros2_ws/install/people_msgs/include/people_msgs/people_msgs/msg/detail/person__rosidl_typesupport_fastrtps_cpp.hpp
[4.540s] -- Up-to-date: /home/alex/ros2_ws/install/people_msgs/include/people_msgs/people_msgs/msg/detail/position_measurement__rosidl_typesupport_fastrtps_cpp.hpp
[4.546s] -- Up-to-date: /home/alex/ros2_ws/install/people_msgs/include/people_msgs/people_msgs/msg/detail/person_stamped__rosidl_typesupport_fastrtps_cpp.hpp
[4.546s] -- Up-to-date: /home/alex/ros2_ws/install/people_msgs/include/people_msgs/people_msgs/msg/detail/position_measurement_array__rosidl_typesupport_fastrtps_cpp.hpp
[4.546s] -- Up-to-date: /home/alex/ros2_ws/install/people_msgs/include/people_msgs/people_msgs/msg/rosidl_typesupport_fastrtps_cpp__visibility_control.h
[4.546s] -- Up-to-date: /home/alex/ros2_ws/install/people_msgs/lib/libpeople_msgs__rosidl_typesupport_fastrtps_cpp.so
[4.546s] -- Up-to-date: /home/alex/ros2_ws/install/people_msgs/include/people_msgs/people_msgs
[4.546s] -- Up-to-date: /home/alex/ros2_ws/install/people_msgs/include/people_msgs/people_msgs/msg
[4.546s] -- Up-to-date: /home/alex/ros2_ws/install/people_msgs/include/people_msgs/people_msgs/msg/detail
[4.546s] -- Up-to-date: /home/alex/ros2_ws/install/people_msgs/include/people_msgs/people_msgs/msg/detail/people__rosidl_typesupport_introspection_c.h
[4.546s] -- Up-to-date: /home/alex/ros2_ws/install/people_msgs/include/people_msgs/people_msgs/msg/detail/position_measurement_array__rosidl_typesupport_introspection_c.h
[4.547s] -- Up-to-date: /home/alex/ros2_ws/install/people_msgs/include/people_msgs/people_msgs/msg/detail/position_measurement__type_support.c
[4.547s] -- Up-to-date: /home/alex/ros2_ws/install/people_msgs/include/people_msgs/people_msgs/msg/detail/person__rosidl_typesupport_introspection_c.h
[4.548s] -- Up-to-date: /home/alex/ros2_ws/install/people_msgs/include/people_msgs/people_msgs/msg/detail/person__type_support.c
[4.549s] -- Up-to-date: /home/alex/ros2_ws/install/people_msgs/include/people_msgs/people_msgs/msg/detail/position_measurement__rosidl_typesupport_introspection_c.h
[4.549s] -- Up-to-date: /home/alex/ros2_ws/install/people_msgs/include/people_msgs/people_msgs/msg/detail/people__type_support.c
[4.550s] -- Up-to-date: /home/alex/ros2_ws/install/people_msgs/include/people_msgs/people_msgs/msg/detail/person_stamped__rosidl_typesupport_introspection_c.h
[4.550s] -- Up-to-date: /home/alex/ros2_ws/install/people_msgs/include/people_msgs/people_msgs/msg/detail/person_stamped__type_support.c
[4.550s] -- Up-to-date: /home/alex/ros2_ws/install/people_msgs/include/people_msgs/people_msgs/msg/detail/position_measurement_array__type_support.c
[4.550s] -- Up-to-date: /home/alex/ros2_ws/install/people_msgs/include/people_msgs/people_msgs/msg/rosidl_typesupport_introspection_c__visibility_control.h
[4.550s] -- Up-to-date: /home/alex/ros2_ws/install/people_msgs/lib/libpeople_msgs__rosidl_typesupport_introspection_c.so
[4.550s] -- Up-to-date: /home/alex/ros2_ws/install/people_msgs/lib/libpeople_msgs__rosidl_typesupport_c.so
[4.550s] -- Up-to-date: /home/alex/ros2_ws/install/people_msgs/include/people_msgs/people_msgs
[4.550s] -- Up-to-date: /home/alex/ros2_ws/install/people_msgs/include/people_msgs/people_msgs/msg
[4.552s] -- Up-to-date: /home/alex/ros2_ws/install/people_msgs/include/people_msgs/people_msgs/msg/detail
[4.553s] -- Up-to-date: /home/alex/ros2_ws/install/people_msgs/include/people_msgs/people_msgs/msg/detail/people__rosidl_typesupport_introspection_cpp.hpp
[4.553s] -- Up-to-date: /home/alex/ros2_ws/install/people_msgs/include/people_msgs/people_msgs/msg/detail/person_stamped__rosidl_typesupport_introspection_cpp.hpp
[4.553s] -- Up-to-date: /home/alex/ros2_ws/install/people_msgs/include/people_msgs/people_msgs/msg/detail/person__type_support.cpp
[4.553s] -- Up-to-date: /home/alex/ros2_ws/install/people_msgs/include/people_msgs/people_msgs/msg/detail/people__type_support.cpp
[4.553s] -- Up-to-date: /home/alex/ros2_ws/install/people_msgs/include/people_msgs/people_msgs/msg/detail/position_measurement__rosidl_typesupport_introspection_cpp.hpp
[4.553s] -- Up-to-date: /home/alex/ros2_ws/install/people_msgs/include/people_msgs/people_msgs/msg/detail/position_measurement_array__type_support.cpp
[4.553s] -- Up-to-date: /home/alex/ros2_ws/install/people_msgs/include/people_msgs/people_msgs/msg/detail/person__rosidl_typesupport_introspection_cpp.hpp
[4.553s] -- Up-to-date: /home/alex/ros2_ws/install/people_msgs/include/people_msgs/people_msgs/msg/detail/person_stamped__type_support.cpp
[4.553s] -- Up-to-date: /home/alex/ros2_ws/install/people_msgs/include/people_msgs/people_msgs/msg/detail/position_measurement__type_support.cpp
[4.553s] -- Up-to-date: /home/alex/ros2_ws/install/people_msgs/include/people_msgs/people_msgs/msg/detail/position_measurement_array__rosidl_typesupport_introspection_cpp.hpp
[4.553s] -- Up-to-date: /home/alex/ros2_ws/install/people_msgs/lib/libpeople_msgs__rosidl_typesupport_introspection_cpp.so
[4.553s] -- Up-to-date: /home/alex/ros2_ws/install/people_msgs/lib/libpeople_msgs__rosidl_typesupport_cpp.so
[4.554s] -- Up-to-date: /home/alex/ros2_ws/install/people_msgs/share/people_msgs/environment/pythonpath.sh
[4.554s] -- Up-to-date: /home/alex/ros2_ws/install/people_msgs/share/people_msgs/environment/pythonpath.dsv
[4.554s] -- Up-to-date: /home/alex/ros2_ws/install/people_msgs/local/lib/python3.10/dist-packages/people_msgs-0.0.0-py3.10.egg-info
[4.554s] -- Installing: /home/alex/ros2_ws/install/people_msgs/local/lib/python3.10/dist-packages/people_msgs-0.0.0-py3.10.egg-info/dependency_links.txt
[4.554s] -- Installing: /home/alex/ros2_ws/install/people_msgs/local/lib/python3.10/dist-packages/people_msgs-0.0.0-py3.10.egg-info/PKG-INFO
[4.554s] -- Installing: /home/alex/ros2_ws/install/people_msgs/local/lib/python3.10/dist-packages/people_msgs-0.0.0-py3.10.egg-info/top_level.txt
[4.554s] -- Installing: /home/alex/ros2_ws/install/people_msgs/local/lib/python3.10/dist-packages/people_msgs-0.0.0-py3.10.egg-info/SOURCES.txt
[4.554s] -- Up-to-date: /home/alex/ros2_ws/install/people_msgs/local/lib/python3.10/dist-packages/people_msgs
[4.554s] -- Up-to-date: /home/alex/ros2_ws/install/people_msgs/local/lib/python3.10/dist-packages/people_msgs/_people_msgs_s.ep.rosidl_typesupport_introspection_c.c
[4.554s] -- Up-to-date: /home/alex/ros2_ws/install/people_msgs/local/lib/python3.10/dist-packages/people_msgs/people_msgs_s__rosidl_typesupport_introspection_c.cpython-310-x86_64-linux-gnu.so
[4.554s] -- Up-to-date: /home/alex/ros2_ws/install/people_msgs/local/lib/python3.10/dist-packages/people_msgs/libpeople_msgs__rosidl_generator_py.so
[4.554s] -- Up-to-date: /home/alex/ros2_ws/install/people_msgs/local/lib/python3.10/dist-packages/people_msgs/_people_msgs_s.ep.rosidl_typesupport_fastrtps_c.c
[4.554s] -- Up-to-date: /home/alex/ros2_ws/install/people_msgs/local/lib/python3.10/dist-packages/people_msgs/msg
[4.555s] -- Up-to-date: /home/alex/ros2_ws/install/people_msgs/local/lib/python3.10/dist-packages/people_msgs/msg/_people.py
[4.555s] -- Up-to-date: /home/alex/ros2_ws/install/people_msgs/local/lib/python3.10/dist-packages/people_msgs/msg/_people_s.c
[4.555s] -- Up-to-date: /home/alex/ros2_ws/install/people_msgs/local/lib/python3.10/dist-packages/people_msgs/msg/_position_measurement_s.c
[4.555s] -- Up-to-date: /home/alex/ros2_ws/install/people_msgs/local/lib/python3.10/dist-packages/people_msgs/msg/_position_measurement_array.py
[4.555s] -- Up-to-date: /home/alex/ros2_ws/install/people_msgs/local/lib/python3.10/dist-packages/people_msgs/msg/_person_stamped.py
[4.555s] -- Up-to-date: /home/alex/ros2_ws/install/people_msgs/local/lib/python3.10/dist-packages/people_msgs/msg/_person_s.c
[4.555s] -- Up-to-date: /home/alex/ros2_ws/install/people_msgs/local/lib/python3.10/dist-packages/people_msgs/msg/_position_measurement_array_s.c
[4.555s] -- Up-to-date: /home/alex/ros2_ws/install/people_msgs/local/lib/python3.10/dist-packages/people_msgs/msg/_person_stamped_s.c
[4.555s] -- Up-to-date: /home/alex/ros2_ws/install/people_msgs/local/lib/python3.10/dist-packages/people_msgs/msg/__init__.py
[4.555s] -- Up-to-date: /home/alex/ros2_ws/install/people_msgs/local/lib/python3.10/dist-packages/people_msgs/msg/_person.py
[4.555s] -- Up-to-date: /home/alex/ros2_ws/install/people_msgs/local/lib/python3.10/dist-packages/people_msgs/msg/_position_measurement.py
[4.555s] -- Up-to-date: /home/alex/ros2_ws/install/people_msgs/local/lib/python3.10/dist-packages/people_msgs/people_msgs_s__rosidl_typesupport_fastrtps_c.cpython-310-x86_64-linux-gnu.so
[4.555s] -- Up-to-date: /home/alex/ros2_ws/install/people_msgs/local/lib/python3.10/dist-packages/people_msgs/__init__.py
[4.555s] -- Up-to-date: /home/alex/ros2_ws/install/people_msgs/local/lib/python3.10/dist-packages/people_msgs/people_msgs_s__rosidl_typesupport_c.cpython-310-x86_64-linux-gnu.so
[4.555s] -- Up-to-date: /home/alex/ros2_ws/install/people_msgs/local/lib/python3.10/dist-packages/people_msgs/_people_msgs_s.ep.rosidl_typesupport_c.c
[4.626s] Listing '/home/alex/ros2_ws/install/people_msgs/local/lib/python3.10/dist-packages/people_msgs'...
[4.626s] Listing '/home/alex/ros2_ws/install/people_msgs/local/lib/python3.10/dist-packages/people_msgs/msg'...
[4.670s] -- Up-to-date: /home/alex/ros2_ws/install/people_msgs/local/lib/python3.10/dist-packages/people_msgs/people_msgs_s__rosidl_typesupport_fastrtps_c.cpython-310-x86_64-linux-gnu.so
[4.673s] -- Up-to-date: /home/alex/ros2_ws/install/people_msgs/local/lib/python3.10/dist-packages/people_msgs/people_msgs_s__rosidl_typesupport_introspection_c.cpython-310-x86_64-linux-gnu.so
[4.673s] -- Up-to-date: /home/alex/ros2_ws/install/people_msgs/local/lib/python3.10/dist-packages/people_msgs/people_msgs_s__rosidl_typesupport_c.cpython-310-x86_64-linux-gnu.so
[4.673s] -- Up-to-date: /home/alex/ros2_ws/install/people_msgs/lib/libpeople_msgs__rosidl_generator_py.so
[4.674s] -- Up-to-date: /home/alex/ros2_ws/install/people_msgs/share/people_msgs/msg/People.idl
[4.674s] -- Up-to-date: /home/alex/ros2_ws/install/people_msgs/share/people_msgs/msg/Person.idl
[4.674s] -- Up-to-date: /home/alex/ros2_ws/install/people_msgs/share/people_msgs/msg/PersonStamped.idl
[4.674s] -- Up-to-date: /home/alex/ros2_ws/install/people_msgs/share/people_msgs/msg/PositionMeasurement.idl
[4.675s] -- Up-to-date: /home/alex/ros2_ws/install/people_msgs/share/people_msgs/msg/PositionMeasurementArray.idl
[4.675s] -- Up-to-date: /home/alex/ros2_ws/install/people_msgs/share/people_msgs/msg/People.msg
[4.675s] -- Up-to-date: /home/alex/ros2_ws/install/people_msgs/share/people_msgs/msg/Person.msg
[4.676s] -- Up-to-date: /home/alex/ros2_ws/install/people_msgs/share/people_msgs/msg/PersonStamped.msg
[4.676s] -- Up-to-date: /home/alex/ros2_ws/install/people_msgs/share/people_msgs/msg/PositionMeasurement.msg
[4.676s] -- Up-to-date: /home/alex/ros2_ws/install/people_msgs/share/people_msgs/msg/PositionMeasurementArray.msg
[4.676s] -- Up-to-date: /home/alex/ros2_ws/install/people_msgs/share/ament_index/resource_index/package_run_dependencies/people_msgs
[4.676s] -- Up-to-date: /home/alex/ros2_ws/install/people_msgs/share/ament_index/resource_index/parent_prefix_path/people_msgs
[4.677s] -- Up-to-date: /home/alex/ros2_ws/install/people_msgs/share/people_msgs/environment/ament_prefix_path.sh
[4.677s] -- Up-to-date: /home/alex/ros2_ws/install/people_msgs/share/people_msgs/environment/ament_prefix_path.dsv
[4.677s] -- Up-to-date: /home/alex/ros2_ws/install/people_msgs/share/people_msgs/environment/path.sh
[4.677s] -- Up-to-date: /home/alex/ros2_ws/install/people_msgs/share/people_msgs/environment/path.dsv
[4.679s] -- Up-to-date: /home/alex/ros2_ws/install/people_msgs/share/people_msgs/local_setup.bash
[4.679s] -- Up-to-date: /home/alex/ros2_ws/install/people_msgs/share/people_msgs/local_setup.sh
[4.680s] -- Up-to-date: /home/alex/ros2_ws/install/people_msgs/share/people_msgs/local_setup.zsh
[4.681s] -- Up-to-date: /home/alex/ros2_ws/install/people_msgs/share/people_msgs/local_setup.dsv
[4.681s] -- Installing: /home/alex/ros2_ws/install/people_msgs/share/people_msgs/package.dsv
[4.681s] -- Up-to-date: /home/alex/ros2_ws/install/people_msgs/share/ament_index/resource_index/packages/people_msgs
[4.681s] -- Up-to-date: /home/alex/ros2_ws/install/people_msgs/share/people_msgs/cmake/export_people_msgs__rosidl_generator_cExport.cmake
[4.681s] -- Up-to-date: /home/alex/ros2_ws/install/people_msgs/share/people_msgs/cmake/export_people_msgs__rosidl_generator_cExport-noconfig.cmake
[4.681s] -- Up-to-date: /home/alex/ros2_ws/install/people_msgs/share/people_msgs/cmake/export_people_msgs__rosidl_typesupport_fastrtps_cExport.cmake
[4.691s] -- Up-to-date: /home/alex/ros2_ws/install/people_msgs/share/people_msgs/cmake/export_people_msgs__rosidl_typesupport_fastrtps_cExport-noconfig.cmake
[4.691s] -- Up-to-date: /home/alex/ros2_ws/install/people_msgs/share/people_msgs/cmake/export_people_msgs__rosidl_generator_cppExport.cmake
[4.691s] -- Up-to-date: /home/alex/ros2_ws/install/people_msgs/share/people_msgs/cmake/export_people_msgs__rosidl_typesupport_fastrtps_cppExport.cmake
[4.692s] -- Up-to-date: /home/alex/ros2_ws/install/people_msgs/share/people_msgs/cmake/export_people_msgs__rosidl_typesupport_fastrtps_cppExport-noconfig.cmake
[4.692s] -- Up-to-date: /home/alex/ros2_ws/install/people_msgs/share/people_msgs/cmake/people_msgs__rosidl_typesupport_introspection_cExport.cmake
[4.692s] -- Up-to-date: /home/alex/ros2_ws/install/people_msgs/share/people_msgs/cmake/people_msgs__rosidl_typesupport_introspection_cExport-noconfig.cmake
[4.692s] -- Up-to-date: /home/alex/ros2_ws/install/people_msgs/share/people_msgs/cmake/people_msgs__rosidl_typesupport_cExport.cmake
[4.692s] -- Up-to-date: /home/alex/ros2_ws/install/people_msgs/share/people_msgs/cmake/people_msgs__rosidl_typesupport_cExport-noconfig.cmake
[4.692s] -- Up-to-date: /home/alex/ros2_ws/install/people_msgs/share/people_msgs/cmake/people_msgs__rosidl_typesupport_introspection_cppExport.cmake
[4.692s] -- Up-to-date: /home/alex/ros2_ws/install/people_msgs/share/people_msgs/cmake/people_msgs__rosidl_typesupport_introspection_cppExport-noconfig.cmake
[4.692s] -- Up-to-date: /home/alex/ros2_ws/install/people_msgs/share/people_msgs/cmake/people_msgs__rosidl_typesupport_cppExport.cmake
[4.692s] -- Up-to-date: /home/alex/ros2_ws/install/people_msgs/share/people_msgs/cmake/people_msgs__rosidl_typesupport_cppExport-noconfig.cmake
[4.692s] -- Up-to-date: /home/alex/ros2_ws/install/people_msgs/share/people_msgs/cmake/export_people_msgs__rosidl_generator_pyExport.cmake
[4.693s] -- Up-to-date: /home/alex/ros2_ws/install/people_msgs/share/people_msgs/cmake/export_people_msgs__rosidl_generator_pyExport-noconfig.cmake
[4.693s] -- Up-to-date: /home/alex/ros2_ws/install/people_msgs/share/people_msgs/cmake/rosidl_cmake-extras.cmake
[4.693s] -- Up-to-date: /home/alex/ros2_ws/install/people_msgs/share/people_msgs/cmake/ament_cmake_export_dependencies-extras.cmake
[4.693s] -- Up-to-date: /home/alex/ros2_ws/install/people_msgs/share/people_msgs/cmake/ament_cmake_export_include_directories-extras.cmake
[4.694s] -- Up-to-date: /home/alex/ros2_ws/install/people_msgs/share/people_msgs/cmake/ament_cmake_export_libraries-extras.cmake
[4.694s] -- Up-to-date: /home/alex/ros2_ws/install/people_msgs/share/people_msgs/cmake/ament_cmake_export_targets-extras.cmake
[4.694s] -- Up-to-date: /home/alex/ros2_ws/install/people_msgs/share/people_msgs/cmake/rosidl_cmake_export_typesupport_targets-extras.cmake
[4.694s] -- Up-to-date: /home/alex/ros2_ws/install/people_msgs/share/people_msgs/cmake/rosidl_cmake_export_typesupport_libraries-extras.cmake
[4.695s] -- Up-to-date: /home/alex/ros2_ws/install/people_msgs/share/people_msgs/cmake/people_msgsConfig.cmake
[4.695s] -- Up-to-date: /home/alex/ros2_ws/install/people_msgs/share/people_msgs/cmake/people_msgsConfig-version.cmake
[4.695s] -- Up-to-date: /home/alex/ros2_ws/install/people_msgs/share/people_msgs/package.xml
[4.829s] Invoked command in '/home/alex/ros2_ws/build/people_msgs' returned '0': CMAKE_PREFIX_PATH=${CMAKE_PREFIX_PATH}:/home/alex/ros2_ws/install/people_pub:/home/alex/ros2_ws/install/get_state_human:/opt/ros/humble /usr/bin/cmake --install /home/alex/ros2_ws/build/people_msgs
