[0.367s] Invoking command in '/home/alex/ros2_ws/build/articubot_one': CMAKE_PREFIX_PATH=${CMAKE_PREFIX_PATH}:/home/alex/ros2_ws/install/people_pub:/home/alex/ros2_ws/install/get_state_human:/opt/ros/humble /usr/bin/cmake --build /home/alex/ros2_ws/build/articubot_one -- -j4 -l4
[1.935s] Invoked command in '/home/alex/ros2_ws/build/articubot_one' returned '0': CMAKE_PREFIX_PATH=${CMAKE_PREFIX_PATH}:/home/alex/ros2_ws/install/people_pub:/home/alex/ros2_ws/install/get_state_human:/opt/ros/humble /usr/bin/cmake --build /home/alex/ros2_ws/build/articubot_one -- -j4 -l4
[2.095s] Invoking command in '/home/alex/ros2_ws/build/articubot_one': CMAKE_PREFIX_PATH=${CMAKE_PREFIX_PATH}:/home/alex/ros2_ws/install/people_pub:/home/alex/ros2_ws/install/get_state_human:/opt/ros/humble /usr/bin/cmake --install /home/alex/ros2_ws/build/articubot_one
[2.131s] -- Install configuration: ""
[2.131s] -- Up-to-date: /home/alex/ros2_ws/install/articubot_one/share/articubot_one/config
[2.131s] -- Up-to-date: /home/alex/ros2_ws/install/articubot_one/share/articubot_one/config/drive_bot.rviz
[2.132s] -- Up-to-date: /home/alex/ros2_ws/install/articubot_one/share/articubot_one/config/mapping.rviz
[2.140s] -- Up-to-date: /home/alex/ros2_ws/install/articubot_one/share/articubot_one/config/social.rviz
[2.141s] -- Up-to-date: /home/alex/ros2_ws/install/articubot_one/share/articubot_one/config/main.rviz
[2.141s] -- Up-to-date: /home/alex/ros2_ws/install/articubot_one/share/articubot_one/config/mapper_params_online_async.yaml
[2.141s] -- Up-to-date: /home/alex/ros2_ws/install/articubot_one/share/articubot_one/config/empty.yaml
[2.141s] -- Up-to-date: /home/alex/ros2_ws/install/articubot_one/share/articubot_one/config/view_bot.rviz
[2.141s] -- Up-to-date: /home/alex/ros2_ws/install/articubot_one/share/articubot_one/config/nav2_params.yaml
[2.141s] -- Up-to-date: /home/alex/ros2_ws/install/articubot_one/share/articubot_one/config/my_controllers.yaml
[2.141s] -- Up-to-date: /home/alex/ros2_ws/install/articubot_one/share/articubot_one/config/gazebo_params.yaml
[2.141s] -- Up-to-date: /home/alex/ros2_ws/install/articubot_one/share/articubot_one/description
[2.141s] -- Up-to-date: /home/alex/ros2_ws/install/articubot_one/share/articubot_one/description/camera.xacro
[2.169s] -- Up-to-date: /home/alex/ros2_ws/install/articubot_one/share/articubot_one/description/lidar.xacro
[2.169s] -- Up-to-date: /home/alex/ros2_ws/install/articubot_one/share/articubot_one/description/robot_core.xacro
[2.169s] -- Up-to-date: /home/alex/ros2_ws/install/articubot_one/share/articubot_one/description/inertial_macros.xacro
[2.169s] -- Up-to-date: /home/alex/ros2_ws/install/articubot_one/share/articubot_one/description/ros2_control.xacro
[2.169s] -- Up-to-date: /home/alex/ros2_ws/install/articubot_one/share/articubot_one/description/robot.urdf.xacro
[2.169s] -- Up-to-date: /home/alex/ros2_ws/install/articubot_one/share/articubot_one/description/gazebo_control.xacro
[2.169s] -- Up-to-date: /home/alex/ros2_ws/install/articubot_one/share/articubot_one/description/depth_camera.xacro
[2.169s] -- Up-to-date: /home/alex/ros2_ws/install/articubot_one/share/articubot_one/launch
[2.178s] -- Up-to-date: /home/alex/ros2_ws/install/articubot_one/share/articubot_one/launch/launch_sim.launch.py
[2.179s] -- Up-to-date: /home/alex/ros2_ws/install/articubot_one/share/articubot_one/launch/online_async_launch.py
[2.179s] -- Up-to-date: /home/alex/ros2_ws/install/articubot_one/share/articubot_one/launch/localization_launch.py
[2.179s] -- Up-to-date: /home/alex/ros2_ws/install/articubot_one/share/articubot_one/launch/rsp.launch.py
[2.179s] -- Up-to-date: /home/alex/ros2_ws/install/articubot_one/share/articubot_one/launch/navigation_launch.py
[2.179s] -- Up-to-date: /home/alex/ros2_ws/install/articubot_one/share/articubot_one/worlds
[2.179s] -- Up-to-date: /home/alex/ros2_ws/install/articubot_one/share/articubot_one/worlds/social.world
[2.179s] -- Up-to-date: /home/alex/ros2_ws/install/articubot_one/share/articubot_one/worlds/social_inter.world
[2.179s] -- Up-to-date: /home/alex/ros2_ws/install/articubot_one/share/articubot_one/worlds/obstacles.world
[2.179s] -- Up-to-date: /home/alex/ros2_ws/install/articubot_one/share/articubot_one/worlds/empty.world
[2.179s] -- Up-to-date: /home/alex/ros2_ws/install/articubot_one/share/articubot_one/src
[2.179s] -- Up-to-date: /home/alex/ros2_ws/install/articubot_one/share/articubot_one/src/get_state.cpp
[2.179s] -- Up-to-date: /home/alex/ros2_ws/install/articubot_one/share/ament_index/resource_index/package_run_dependencies/articubot_one
[2.180s] -- Up-to-date: /home/alex/ros2_ws/install/articubot_one/share/ament_index/resource_index/parent_prefix_path/articubot_one
[2.180s] -- Up-to-date: /home/alex/ros2_ws/install/articubot_one/share/articubot_one/environment/ament_prefix_path.sh
[2.180s] -- Up-to-date: /home/alex/ros2_ws/install/articubot_one/share/articubot_one/environment/ament_prefix_path.dsv
[2.180s] -- Up-to-date: /home/alex/ros2_ws/install/articubot_one/share/articubot_one/environment/path.sh
[2.180s] -- Up-to-date: /home/alex/ros2_ws/install/articubot_one/share/articubot_one/environment/path.dsv
[2.180s] -- Up-to-date: /home/alex/ros2_ws/install/articubot_one/share/articubot_one/local_setup.bash
[2.180s] -- Up-to-date: /home/alex/ros2_ws/install/articubot_one/share/articubot_one/local_setup.sh
[2.180s] -- Up-to-date: /home/alex/ros2_ws/install/articubot_one/share/articubot_one/local_setup.zsh
[2.180s] -- Up-to-date: /home/alex/ros2_ws/install/articubot_one/share/articubot_one/local_setup.dsv
[2.180s] -- Installing: /home/alex/ros2_ws/install/articubot_one/share/articubot_one/package.dsv
[2.180s] -- Up-to-date: /home/alex/ros2_ws/install/articubot_one/share/ament_index/resource_index/packages/articubot_one
[2.181s] -- Up-to-date: /home/alex/ros2_ws/install/articubot_one/share/articubot_one/cmake/articubot_oneConfig.cmake
[2.181s] -- Up-to-date: /home/alex/ros2_ws/install/articubot_one/share/articubot_one/cmake/articubot_oneConfig-version.cmake
[2.181s] -- Up-to-date: /home/alex/ros2_ws/install/articubot_one/share/articubot_one/package.xml
[2.181s] Invoked command in '/home/alex/ros2_ws/build/articubot_one' returned '0': CMAKE_PREFIX_PATH=${CMAKE_PREFIX_PATH}:/home/alex/ros2_ws/install/people_pub:/home/alex/ros2_ws/install/get_state_human:/opt/ros/humble /usr/bin/cmake --install /home/alex/ros2_ws/build/articubot_one
