[2.499s] DEBUG:colcon:Command line arguments: ['/usr/bin/colcon', 'build']
[2.500s] DEBUG:colcon:Parsed command line arguments: Namespace(log_base=None, log_level=None, verb_name='build', build_base='build', install_base='install', merge_install=False, symlink_install=False, test_result_base=None, continue_on_error=False, executor='parallel', parallel_workers=4, event_handlers=None, ignore_user_meta=False, metas=['./colcon.meta'], base_paths=['.'], packages_ignore=None, packages_ignore_regex=None, paths=None, packages_up_to=None, packages_up_to_regex=None, packages_above=None, packages_above_and_dependencies=None, packages_above_depth=None, packages_select_by_dep=None, packages_skip_by_dep=None, packages_skip_up_to=None, packages_select_build_failed=False, packages_skip_build_finished=False, packages_select_test_failures=False, packages_skip_test_passed=False, packages_select=None, packages_skip=None, packages_select_regex=None, packages_skip_regex=None, packages_start=None, packages_end=None, allow_overriding=[], cmake_args=None, cmake_target=None, cmake_target_skip_unavailable=False, cmake_clean_cache=False, cmake_clean_first=False, cmake_force_configure=False, ament_cmake_args=None, catkin_cmake_args=None, catkin_skip_building_tests=False, verb_parser=<colcon_defaults.argument_parser.defaults.DefaultArgumentsDecorator object at 0x7f3eadf9ca30>, verb_extension=<colcon_core.verb.build.BuildVerb object at 0x7f3eadf9c9d0>, main=<bound method BuildVerb.main of <colcon_core.verb.build.BuildVerb object at 0x7f3eadf9c9d0>>)
[2.616s] Level 1:colcon.colcon_core.package_discovery:discover_packages(colcon_meta) check parameters
[2.616s] Level 1:colcon.colcon_core.package_discovery:discover_packages(recursive) check parameters
[2.616s] Level 1:colcon.colcon_core.package_discovery:discover_packages(ignore) check parameters
[2.616s] Level 1:colcon.colcon_core.package_discovery:discover_packages(path) check parameters
[2.616s] Level 1:colcon.colcon_core.package_discovery:discover_packages(colcon_meta) discover
[2.617s] Level 1:colcon.colcon_core.package_discovery:discover_packages(recursive) discover
[2.617s] INFO:colcon.colcon_core.package_discovery:Crawling recursively for packages in '/home/alex/ros2_ws'
[2.617s] Level 1:colcon.colcon_core.package_identification:_identify(.) by extensions ['ignore', 'ignore_ament_install']
[2.617s] Level 1:colcon.colcon_core.package_identification:_identify(.) by extension 'ignore'
[2.617s] Level 1:colcon.colcon_core.package_identification:_identify(.) by extension 'ignore_ament_install'
[2.617s] Level 1:colcon.colcon_core.package_identification:_identify(.) by extensions ['colcon_pkg']
[2.617s] Level 1:colcon.colcon_core.package_identification:_identify(.) by extension 'colcon_pkg'
[2.617s] Level 1:colcon.colcon_core.package_identification:_identify(.) by extensions ['colcon_meta']
[2.617s] Level 1:colcon.colcon_core.package_identification:_identify(.) by extension 'colcon_meta'
[2.617s] Level 1:colcon.colcon_core.package_identification:_identify(.) by extensions ['ros']
[2.617s] Level 1:colcon.colcon_core.package_identification:_identify(.) by extension 'ros'
[2.646s] Level 1:colcon.colcon_core.package_identification:_identify(.) by extensions ['cmake', 'python']
[2.647s] Level 1:colcon.colcon_core.package_identification:_identify(.) by extension 'cmake'
[2.647s] Level 1:colcon.colcon_core.package_identification:_identify(.) by extension 'python'
[2.647s] Level 1:colcon.colcon_core.package_identification:_identify(.) by extensions ['python_setup_py']
[2.647s] Level 1:colcon.colcon_core.package_identification:_identify(.) by extension 'python_setup_py'
[2.647s] Level 1:colcon.colcon_core.package_identification:_identify(build) by extensions ['ignore', 'ignore_ament_install']
[2.647s] Level 1:colcon.colcon_core.package_identification:_identify(build) by extension 'ignore'
[2.647s] Level 1:colcon.colcon_core.package_identification:_identify(build) ignored
[2.648s] Level 1:colcon.colcon_core.package_identification:_identify(install) by extensions ['ignore', 'ignore_ament_install']
[2.648s] Level 1:colcon.colcon_core.package_identification:_identify(install) by extension 'ignore'
[2.648s] Level 1:colcon.colcon_core.package_identification:_identify(install) ignored
[2.648s] Level 1:colcon.colcon_core.package_identification:_identify(log) by extensions ['ignore', 'ignore_ament_install']
[2.648s] Level 1:colcon.colcon_core.package_identification:_identify(log) by extension 'ignore'
[2.649s] Level 1:colcon.colcon_core.package_identification:_identify(log) ignored
[2.649s] Level 1:colcon.colcon_core.package_identification:_identify(src) by extensions ['ignore', 'ignore_ament_install']
[2.649s] Level 1:colcon.colcon_core.package_identification:_identify(src) by extension 'ignore'
[2.649s] Level 1:colcon.colcon_core.package_identification:_identify(src) by extension 'ignore_ament_install'
[2.649s] Level 1:colcon.colcon_core.package_identification:_identify(src) by extensions ['colcon_pkg']
[2.649s] Level 1:colcon.colcon_core.package_identification:_identify(src) by extension 'colcon_pkg'
[2.649s] Level 1:colcon.colcon_core.package_identification:_identify(src) by extensions ['colcon_meta']
[2.650s] Level 1:colcon.colcon_core.package_identification:_identify(src) by extension 'colcon_meta'
[2.650s] Level 1:colcon.colcon_core.package_identification:_identify(src) by extensions ['ros']
[2.651s] Level 1:colcon.colcon_core.package_identification:_identify(src) by extension 'ros'
[2.652s] Level 1:colcon.colcon_core.package_identification:_identify(src) by extensions ['cmake', 'python']
[2.652s] Level 1:colcon.colcon_core.package_identification:_identify(src) by extension 'cmake'
[2.652s] Level 1:colcon.colcon_core.package_identification:_identify(src) by extension 'python'
[2.652s] Level 1:colcon.colcon_core.package_identification:_identify(src) by extensions ['python_setup_py']
[2.652s] Level 1:colcon.colcon_core.package_identification:_identify(src) by extension 'python_setup_py'
[2.652s] Level 1:colcon.colcon_core.package_identification:_identify(src/People_msgs) by extensions ['ignore', 'ignore_ament_install']
[2.653s] Level 1:colcon.colcon_core.package_identification:_identify(src/People_msgs) by extension 'ignore'
[2.653s] Level 1:colcon.colcon_core.package_identification:_identify(src/People_msgs) by extension 'ignore_ament_install'
[2.653s] Level 1:colcon.colcon_core.package_identification:_identify(src/People_msgs) by extensions ['colcon_pkg']
[2.653s] Level 1:colcon.colcon_core.package_identification:_identify(src/People_msgs) by extension 'colcon_pkg'
[2.653s] Level 1:colcon.colcon_core.package_identification:_identify(src/People_msgs) by extensions ['colcon_meta']
[2.653s] Level 1:colcon.colcon_core.package_identification:_identify(src/People_msgs) by extension 'colcon_meta'
[2.653s] Level 1:colcon.colcon_core.package_identification:_identify(src/People_msgs) by extensions ['ros']
[2.653s] Level 1:colcon.colcon_core.package_identification:_identify(src/People_msgs) by extension 'ros'
[2.660s] DEBUG:colcon.colcon_core.package_identification:Package 'src/People_msgs' with type 'ros.ament_cmake' and name 'people_msgs'
[2.660s] Level 1:colcon.colcon_core.package_identification:_identify(src/articubot_one) by extensions ['ignore', 'ignore_ament_install']
[2.660s] Level 1:colcon.colcon_core.package_identification:_identify(src/articubot_one) by extension 'ignore'
[2.660s] Level 1:colcon.colcon_core.package_identification:_identify(src/articubot_one) by extension 'ignore_ament_install'
[2.660s] Level 1:colcon.colcon_core.package_identification:_identify(src/articubot_one) by extensions ['colcon_pkg']
[2.660s] Level 1:colcon.colcon_core.package_identification:_identify(src/articubot_one) by extension 'colcon_pkg'
[2.660s] Level 1:colcon.colcon_core.package_identification:_identify(src/articubot_one) by extensions ['colcon_meta']
[2.660s] Level 1:colcon.colcon_core.package_identification:_identify(src/articubot_one) by extension 'colcon_meta'
[2.661s] Level 1:colcon.colcon_core.package_identification:_identify(src/articubot_one) by extensions ['ros']
[2.661s] Level 1:colcon.colcon_core.package_identification:_identify(src/articubot_one) by extension 'ros'
[2.662s] DEBUG:colcon.colcon_core.package_identification:Package 'src/articubot_one' with type 'ros.ament_cmake' and name 'articubot_one'
[2.662s] Level 1:colcon.colcon_core.package_identification:_identify(src/get_state_human) by extensions ['ignore', 'ignore_ament_install']
[2.662s] Level 1:colcon.colcon_core.package_identification:_identify(src/get_state_human) by extension 'ignore'
[2.662s] Level 1:colcon.colcon_core.package_identification:_identify(src/get_state_human) by extension 'ignore_ament_install'
[2.663s] Level 1:colcon.colcon_core.package_identification:_identify(src/get_state_human) by extensions ['colcon_pkg']
[2.663s] Level 1:colcon.colcon_core.package_identification:_identify(src/get_state_human) by extension 'colcon_pkg'
[2.663s] Level 1:colcon.colcon_core.package_identification:_identify(src/get_state_human) by extensions ['colcon_meta']
[2.663s] Level 1:colcon.colcon_core.package_identification:_identify(src/get_state_human) by extension 'colcon_meta'
[2.663s] Level 1:colcon.colcon_core.package_identification:_identify(src/get_state_human) by extensions ['ros']
[2.663s] Level 1:colcon.colcon_core.package_identification:_identify(src/get_state_human) by extension 'ros'
[2.664s] DEBUG:colcon.colcon_core.package_identification:Package 'src/get_state_human' with type 'ros.ament_python' and name 'get_state_human'
[2.664s] Level 1:colcon.colcon_core.package_identification:_identify(src/leg_detector) by extensions ['ignore', 'ignore_ament_install']
[2.665s] Level 1:colcon.colcon_core.package_identification:_identify(src/leg_detector) by extension 'ignore'
[2.666s] Level 1:colcon.colcon_core.package_identification:_identify(src/leg_detector) by extension 'ignore_ament_install'
[2.666s] Level 1:colcon.colcon_core.package_identification:_identify(src/leg_detector) by extensions ['colcon_pkg']
[2.667s] Level 1:colcon.colcon_core.package_identification:_identify(src/leg_detector) by extension 'colcon_pkg'
[2.667s] Level 1:colcon.colcon_core.package_identification:_identify(src/leg_detector) by extensions ['colcon_meta']
[2.667s] Level 1:colcon.colcon_core.package_identification:_identify(src/leg_detector) by extension 'colcon_meta'
[2.667s] Level 1:colcon.colcon_core.package_identification:_identify(src/leg_detector) by extensions ['ros']
[2.667s] Level 1:colcon.colcon_core.package_identification:_identify(src/leg_detector) by extension 'ros'
[2.669s] DEBUG:colcon.colcon_core.package_identification:Package 'src/leg_detector' with type 'ros.ament_cmake' and name 'leg_detector'
[2.669s] Level 1:colcon.colcon_core.package_identification:_identify(src/leg_detector_msgs) by extensions ['ignore', 'ignore_ament_install']
[2.670s] Level 1:colcon.colcon_core.package_identification:_identify(src/leg_detector_msgs) by extension 'ignore'
[2.671s] Level 1:colcon.colcon_core.package_identification:_identify(src/leg_detector_msgs) by extension 'ignore_ament_install'
[2.671s] Level 1:colcon.colcon_core.package_identification:_identify(src/leg_detector_msgs) by extensions ['colcon_pkg']
[2.672s] Level 1:colcon.colcon_core.package_identification:_identify(src/leg_detector_msgs) by extension 'colcon_pkg'
[2.672s] Level 1:colcon.colcon_core.package_identification:_identify(src/leg_detector_msgs) by extensions ['colcon_meta']
[2.672s] Level 1:colcon.colcon_core.package_identification:_identify(src/leg_detector_msgs) by extension 'colcon_meta'
[2.673s] Level 1:colcon.colcon_core.package_identification:_identify(src/leg_detector_msgs) by extensions ['ros']
[2.673s] Level 1:colcon.colcon_core.package_identification:_identify(src/leg_detector_msgs) by extension 'ros'
[2.675s] DEBUG:colcon.colcon_core.package_identification:Package 'src/leg_detector_msgs' with type 'ros.ament_cmake' and name 'leg_detector_msgs'
[2.676s] Level 1:colcon.colcon_core.package_identification:_identify(src/nav2_social_costmap_plugin) by extensions ['ignore', 'ignore_ament_install']
[2.676s] Level 1:colcon.colcon_core.package_identification:_identify(src/nav2_social_costmap_plugin) by extension 'ignore'
[2.676s] Level 1:colcon.colcon_core.package_identification:_identify(src/nav2_social_costmap_plugin) by extension 'ignore_ament_install'
[2.676s] Level 1:colcon.colcon_core.package_identification:_identify(src/nav2_social_costmap_plugin) by extensions ['colcon_pkg']
[2.676s] Level 1:colcon.colcon_core.package_identification:_identify(src/nav2_social_costmap_plugin) by extension 'colcon_pkg'
[2.676s] Level 1:colcon.colcon_core.package_identification:_identify(src/nav2_social_costmap_plugin) by extensions ['colcon_meta']
[2.676s] Level 1:colcon.colcon_core.package_identification:_identify(src/nav2_social_costmap_plugin) by extension 'colcon_meta'
[2.677s] Level 1:colcon.colcon_core.package_identification:_identify(src/nav2_social_costmap_plugin) by extensions ['ros']
[2.677s] Level 1:colcon.colcon_core.package_identification:_identify(src/nav2_social_costmap_plugin) by extension 'ros'
[2.678s] DEBUG:colcon.colcon_core.package_identification:Package 'src/nav2_social_costmap_plugin' with type 'ros.ament_cmake' and name 'nav2_social_costmap_plugin'
[2.678s] Level 1:colcon.colcon_core.package_identification:_identify(src/people_pub) by extensions ['ignore', 'ignore_ament_install']
[2.678s] Level 1:colcon.colcon_core.package_identification:_identify(src/people_pub) by extension 'ignore'
[2.678s] Level 1:colcon.colcon_core.package_identification:_identify(src/people_pub) by extension 'ignore_ament_install'
[2.678s] Level 1:colcon.colcon_core.package_identification:_identify(src/people_pub) by extensions ['colcon_pkg']
[2.678s] Level 1:colcon.colcon_core.package_identification:_identify(src/people_pub) by extension 'colcon_pkg'
[2.678s] Level 1:colcon.colcon_core.package_identification:_identify(src/people_pub) by extensions ['colcon_meta']
[2.678s] Level 1:colcon.colcon_core.package_identification:_identify(src/people_pub) by extension 'colcon_meta'
[2.678s] Level 1:colcon.colcon_core.package_identification:_identify(src/people_pub) by extensions ['ros']
[2.678s] Level 1:colcon.colcon_core.package_identification:_identify(src/people_pub) by extension 'ros'
[2.679s] DEBUG:colcon.colcon_core.package_identification:Package 'src/people_pub' with type 'ros.ament_python' and name 'people_pub'
[2.679s] Level 1:colcon.colcon_core.package_discovery:discover_packages(recursive) using defaults
[2.680s] Level 1:colcon.colcon_core.package_discovery:discover_packages(ignore) discover
[2.680s] Level 1:colcon.colcon_core.package_discovery:discover_packages(ignore) using defaults
[2.680s] Level 1:colcon.colcon_core.package_discovery:discover_packages(path) discover
[2.680s] Level 1:colcon.colcon_core.package_discovery:discover_packages(path) using defaults
[2.908s] Level 1:colcon.colcon_core.package_discovery:discover_packages(prefix_path) check parameters
[2.908s] Level 1:colcon.colcon_core.package_discovery:discover_packages(prefix_path) discover
[2.978s] DEBUG:colcon.colcon_installed_package_information.package_discovery:Found 7 installed packages in /home/alex/ros2_ws/install
[3.009s] DEBUG:colcon.colcon_installed_package_information.package_discovery:Found 387 installed packages in /opt/ros/humble
[3.017s] Level 1:colcon.colcon_core.package_discovery:discover_packages(prefix_path) using defaults
[3.294s] Level 5:colcon.colcon_core.verb:set package 'articubot_one' build argument 'cmake_args' from command line to 'None'
[3.294s] Level 5:colcon.colcon_core.verb:set package 'articubot_one' build argument 'cmake_target' from command line to 'None'
[3.294s] Level 5:colcon.colcon_core.verb:set package 'articubot_one' build argument 'cmake_target_skip_unavailable' from command line to 'False'
[3.294s] Level 5:colcon.colcon_core.verb:set package 'articubot_one' build argument 'cmake_clean_cache' from command line to 'False'
[3.294s] Level 5:colcon.colcon_core.verb:set package 'articubot_one' build argument 'cmake_clean_first' from command line to 'False'
[3.294s] Level 5:colcon.colcon_core.verb:set package 'articubot_one' build argument 'cmake_force_configure' from command line to 'False'
[3.294s] Level 5:colcon.colcon_core.verb:set package 'articubot_one' build argument 'ament_cmake_args' from command line to 'None'
[3.294s] Level 5:colcon.colcon_core.verb:set package 'articubot_one' build argument 'catkin_cmake_args' from command line to 'None'
[3.294s] Level 5:colcon.colcon_core.verb:set package 'articubot_one' build argument 'catkin_skip_building_tests' from command line to 'False'
[3.294s] DEBUG:colcon.colcon_core.verb:Building package 'articubot_one' with the following arguments: {'ament_cmake_args': None, 'build_base': '/home/alex/ros2_ws/build/articubot_one', 'catkin_cmake_args': None, 'catkin_skip_building_tests': False, 'cmake_args': None, 'cmake_clean_cache': False, 'cmake_clean_first': False, 'cmake_force_configure': False, 'cmake_target': None, 'cmake_target_skip_unavailable': False, 'install_base': '/home/alex/ros2_ws/install/articubot_one', 'merge_install': False, 'path': '/home/alex/ros2_ws/src/articubot_one', 'symlink_install': False, 'test_result_base': None}
[3.330s] Level 5:colcon.colcon_core.verb:set package 'get_state_human' build argument 'cmake_args' from command line to 'None'
[3.330s] Level 5:colcon.colcon_core.verb:set package 'get_state_human' build argument 'cmake_target' from command line to 'None'
[3.331s] Level 5:colcon.colcon_core.verb:set package 'get_state_human' build argument 'cmake_target_skip_unavailable' from command line to 'False'
[3.331s] Level 5:colcon.colcon_core.verb:set package 'get_state_human' build argument 'cmake_clean_cache' from command line to 'False'
[3.331s] Level 5:colcon.colcon_core.verb:set package 'get_state_human' build argument 'cmake_clean_first' from command line to 'False'
[3.331s] Level 5:colcon.colcon_core.verb:set package 'get_state_human' build argument 'cmake_force_configure' from command line to 'False'
[3.331s] Level 5:colcon.colcon_core.verb:set package 'get_state_human' build argument 'ament_cmake_args' from command line to 'None'
[3.331s] Level 5:colcon.colcon_core.verb:set package 'get_state_human' build argument 'catkin_cmake_args' from command line to 'None'
[3.331s] Level 5:colcon.colcon_core.verb:set package 'get_state_human' build argument 'catkin_skip_building_tests' from command line to 'False'
[3.331s] DEBUG:colcon.colcon_core.verb:Building package 'get_state_human' with the following arguments: {'ament_cmake_args': None, 'build_base': '/home/alex/ros2_ws/build/get_state_human', 'catkin_cmake_args': None, 'catkin_skip_building_tests': False, 'cmake_args': None, 'cmake_clean_cache': False, 'cmake_clean_first': False, 'cmake_force_configure': False, 'cmake_target': None, 'cmake_target_skip_unavailable': False, 'install_base': '/home/alex/ros2_ws/install/get_state_human', 'merge_install': False, 'path': '/home/alex/ros2_ws/src/get_state_human', 'symlink_install': False, 'test_result_base': None}
[3.366s] Level 5:colcon.colcon_core.verb:set package 'leg_detector_msgs' build argument 'cmake_args' from command line to 'None'
[3.366s] Level 5:colcon.colcon_core.verb:set package 'leg_detector_msgs' build argument 'cmake_target' from command line to 'None'
[3.367s] Level 5:colcon.colcon_core.verb:set package 'leg_detector_msgs' build argument 'cmake_target_skip_unavailable' from command line to 'False'
[3.367s] Level 5:colcon.colcon_core.verb:set package 'leg_detector_msgs' build argument 'cmake_clean_cache' from command line to 'False'
[3.368s] Level 5:colcon.colcon_core.verb:set package 'leg_detector_msgs' build argument 'cmake_clean_first' from command line to 'False'
[3.368s] Level 5:colcon.colcon_core.verb:set package 'leg_detector_msgs' build argument 'cmake_force_configure' from command line to 'False'
[3.368s] Level 5:colcon.colcon_core.verb:set package 'leg_detector_msgs' build argument 'ament_cmake_args' from command line to 'None'
[3.368s] Level 5:colcon.colcon_core.verb:set package 'leg_detector_msgs' build argument 'catkin_cmake_args' from command line to 'None'
[3.368s] Level 5:colcon.colcon_core.verb:set package 'leg_detector_msgs' build argument 'catkin_skip_building_tests' from command line to 'False'
[3.368s] DEBUG:colcon.colcon_core.verb:Building package 'leg_detector_msgs' with the following arguments: {'ament_cmake_args': None, 'build_base': '/home/alex/ros2_ws/build/leg_detector_msgs', 'catkin_cmake_args': None, 'catkin_skip_building_tests': False, 'cmake_args': None, 'cmake_clean_cache': False, 'cmake_clean_first': False, 'cmake_force_configure': False, 'cmake_target': None, 'cmake_target_skip_unavailable': False, 'install_base': '/home/alex/ros2_ws/install/leg_detector_msgs', 'merge_install': False, 'path': '/home/alex/ros2_ws/src/leg_detector_msgs', 'symlink_install': False, 'test_result_base': None}
[3.398s] Level 5:colcon.colcon_core.verb:set package 'people_msgs' build argument 'cmake_args' from command line to 'None'
[3.398s] Level 5:colcon.colcon_core.verb:set package 'people_msgs' build argument 'cmake_target' from command line to 'None'
[3.398s] Level 5:colcon.colcon_core.verb:set package 'people_msgs' build argument 'cmake_target_skip_unavailable' from command line to 'False'
[3.398s] Level 5:colcon.colcon_core.verb:set package 'people_msgs' build argument 'cmake_clean_cache' from command line to 'False'
[3.398s] Level 5:colcon.colcon_core.verb:set package 'people_msgs' build argument 'cmake_clean_first' from command line to 'False'
[3.398s] Level 5:colcon.colcon_core.verb:set package 'people_msgs' build argument 'cmake_force_configure' from command line to 'False'
[3.398s] Level 5:colcon.colcon_core.verb:set package 'people_msgs' build argument 'ament_cmake_args' from command line to 'None'
[3.398s] Level 5:colcon.colcon_core.verb:set package 'people_msgs' build argument 'catkin_cmake_args' from command line to 'None'
[3.398s] Level 5:colcon.colcon_core.verb:set package 'people_msgs' build argument 'catkin_skip_building_tests' from command line to 'False'
[3.398s] DEBUG:colcon.colcon_core.verb:Building package 'people_msgs' with the following arguments: {'ament_cmake_args': None, 'build_base': '/home/alex/ros2_ws/build/people_msgs', 'catkin_cmake_args': None, 'catkin_skip_building_tests': False, 'cmake_args': None, 'cmake_clean_cache': False, 'cmake_clean_first': False, 'cmake_force_configure': False, 'cmake_target': None, 'cmake_target_skip_unavailable': False, 'install_base': '/home/alex/ros2_ws/install/people_msgs', 'merge_install': False, 'path': '/home/alex/ros2_ws/src/People_msgs', 'symlink_install': False, 'test_result_base': None}
[3.436s] Level 5:colcon.colcon_core.verb:set package 'leg_detector' build argument 'cmake_args' from command line to 'None'
[3.436s] Level 5:colcon.colcon_core.verb:set package 'leg_detector' build argument 'cmake_target' from command line to 'None'
[3.437s] Level 5:colcon.colcon_core.verb:set package 'leg_detector' build argument 'cmake_target_skip_unavailable' from command line to 'False'
[3.437s] Level 5:colcon.colcon_core.verb:set package 'leg_detector' build argument 'cmake_clean_cache' from command line to 'False'
[3.437s] Level 5:colcon.colcon_core.verb:set package 'leg_detector' build argument 'cmake_clean_first' from command line to 'False'
[3.437s] Level 5:colcon.colcon_core.verb:set package 'leg_detector' build argument 'cmake_force_configure' from command line to 'False'
[3.437s] Level 5:colcon.colcon_core.verb:set package 'leg_detector' build argument 'ament_cmake_args' from command line to 'None'
[3.437s] Level 5:colcon.colcon_core.verb:set package 'leg_detector' build argument 'catkin_cmake_args' from command line to 'None'
[3.437s] Level 5:colcon.colcon_core.verb:set package 'leg_detector' build argument 'catkin_skip_building_tests' from command line to 'False'
[3.437s] DEBUG:colcon.colcon_core.verb:Building package 'leg_detector' with the following arguments: {'ament_cmake_args': None, 'build_base': '/home/alex/ros2_ws/build/leg_detector', 'catkin_cmake_args': None, 'catkin_skip_building_tests': False, 'cmake_args': None, 'cmake_clean_cache': False, 'cmake_clean_first': False, 'cmake_force_configure': False, 'cmake_target': None, 'cmake_target_skip_unavailable': False, 'install_base': '/home/alex/ros2_ws/install/leg_detector', 'merge_install': False, 'path': '/home/alex/ros2_ws/src/leg_detector', 'symlink_install': False, 'test_result_base': None}
[3.478s] Level 5:colcon.colcon_core.verb:set package 'nav2_social_costmap_plugin' build argument 'cmake_args' from command line to 'None'
[3.478s] Level 5:colcon.colcon_core.verb:set package 'nav2_social_costmap_plugin' build argument 'cmake_target' from command line to 'None'
[3.478s] Level 5:colcon.colcon_core.verb:set package 'nav2_social_costmap_plugin' build argument 'cmake_target_skip_unavailable' from command line to 'False'
[3.478s] Level 5:colcon.colcon_core.verb:set package 'nav2_social_costmap_plugin' build argument 'cmake_clean_cache' from command line to 'False'
[3.479s] Level 5:colcon.colcon_core.verb:set package 'nav2_social_costmap_plugin' build argument 'cmake_clean_first' from command line to 'False'
[3.479s] Level 5:colcon.colcon_core.verb:set package 'nav2_social_costmap_plugin' build argument 'cmake_force_configure' from command line to 'False'
[3.479s] Level 5:colcon.colcon_core.verb:set package 'nav2_social_costmap_plugin' build argument 'ament_cmake_args' from command line to 'None'
[3.479s] Level 5:colcon.colcon_core.verb:set package 'nav2_social_costmap_plugin' build argument 'catkin_cmake_args' from command line to 'None'
[3.479s] Level 5:colcon.colcon_core.verb:set package 'nav2_social_costmap_plugin' build argument 'catkin_skip_building_tests' from command line to 'False'
[3.479s] DEBUG:colcon.colcon_core.verb:Building package 'nav2_social_costmap_plugin' with the following arguments: {'ament_cmake_args': None, 'build_base': '/home/alex/ros2_ws/build/nav2_social_costmap_plugin', 'catkin_cmake_args': None, 'catkin_skip_building_tests': False, 'cmake_args': None, 'cmake_clean_cache': False, 'cmake_clean_first': False, 'cmake_force_configure': False, 'cmake_target': None, 'cmake_target_skip_unavailable': False, 'install_base': '/home/alex/ros2_ws/install/nav2_social_costmap_plugin', 'merge_install': False, 'path': '/home/alex/ros2_ws/src/nav2_social_costmap_plugin', 'symlink_install': False, 'test_result_base': None}
[3.515s] Level 5:colcon.colcon_core.verb:set package 'people_pub' build argument 'cmake_args' from command line to 'None'
[3.516s] Level 5:colcon.colcon_core.verb:set package 'people_pub' build argument 'cmake_target' from command line to 'None'
[3.516s] Level 5:colcon.colcon_core.verb:set package 'people_pub' build argument 'cmake_target_skip_unavailable' from command line to 'False'
[3.516s] Level 5:colcon.colcon_core.verb:set package 'people_pub' build argument 'cmake_clean_cache' from command line to 'False'
[3.516s] Level 5:colcon.colcon_core.verb:set package 'people_pub' build argument 'cmake_clean_first' from command line to 'False'
[3.516s] Level 5:colcon.colcon_core.verb:set package 'people_pub' build argument 'cmake_force_configure' from command line to 'False'
[3.516s] Level 5:colcon.colcon_core.verb:set package 'people_pub' build argument 'ament_cmake_args' from command line to 'None'
[3.516s] Level 5:colcon.colcon_core.verb:set package 'people_pub' build argument 'catkin_cmake_args' from command line to 'None'
[3.516s] Level 5:colcon.colcon_core.verb:set package 'people_pub' build argument 'catkin_skip_building_tests' from command line to 'False'
[3.516s] DEBUG:colcon.colcon_core.verb:Building package 'people_pub' with the following arguments: {'ament_cmake_args': None, 'build_base': '/home/alex/ros2_ws/build/people_pub', 'catkin_cmake_args': None, 'catkin_skip_building_tests': False, 'cmake_args': None, 'cmake_clean_cache': False, 'cmake_clean_first': False, 'cmake_force_configure': False, 'cmake_target': None, 'cmake_target_skip_unavailable': False, 'install_base': '/home/alex/ros2_ws/install/people_pub', 'merge_install': False, 'path': '/home/alex/ros2_ws/src/people_pub', 'symlink_install': False, 'test_result_base': None}
[3.545s] INFO:colcon.colcon_core.executor:Executing jobs using 'parallel' executor
[3.581s] DEBUG:colcon.colcon_parallel_executor.executor.parallel:run_until_complete
[3.582s] INFO:colcon.colcon_ros.task.ament_cmake.build:Building ROS package in '/home/alex/ros2_ws/src/leg_detector_msgs' with build type 'ament_cmake'
[3.582s] INFO:colcon.colcon_cmake.task.cmake.build:Building CMake package in '/home/alex/ros2_ws/src/leg_detector_msgs'
[3.628s] INFO:colcon.colcon_core.plugin_system:Skipping extension 'colcon_core.shell.bat': Not used on non-Windows systems
[3.628s] INFO:colcon.colcon_core.shell:Skip shell extension 'powershell' for command environment: Not usable outside of PowerShell
[3.628s] DEBUG:colcon.colcon_core.shell:Skip shell extension 'dsv' for command environment
[3.734s] INFO:colcon.colcon_ros.task.ament_cmake.build:Building ROS package in '/home/alex/ros2_ws/src/People_msgs' with build type 'ament_cmake'
[3.735s] INFO:colcon.colcon_cmake.task.cmake.build:Building CMake package in '/home/alex/ros2_ws/src/People_msgs'
[3.775s] INFO:colcon.colcon_core.shell:Skip shell extension 'powershell' for command environment: Not usable outside of PowerShell
[3.775s] DEBUG:colcon.colcon_core.shell:Skip shell extension 'dsv' for command environment
[3.893s] INFO:colcon.colcon_ros.task.ament_cmake.build:Building ROS package in '/home/alex/ros2_ws/src/articubot_one' with build type 'ament_cmake'
[3.894s] INFO:colcon.colcon_cmake.task.cmake.build:Building CMake package in '/home/alex/ros2_ws/src/articubot_one'
[3.933s] INFO:colcon.colcon_core.shell:Skip shell extension 'powershell' for command environment: Not usable outside of PowerShell
[3.933s] DEBUG:colcon.colcon_core.shell:Skip shell extension 'dsv' for command environment
[4.042s] INFO:colcon.colcon_ros.task.ament_python.build:Building ROS package in '/home/alex/ros2_ws/src/get_state_human' with build type 'ament_python'
[4.042s] Level 1:colcon.colcon_core.shell:create_environment_hook('get_state_human', 'ament_prefix_path')
[4.082s] INFO:colcon.colcon_core.shell:Creating environment hook '/home/alex/ros2_ws/install/get_state_human/share/get_state_human/hook/ament_prefix_path.ps1'
[4.083s] INFO:colcon.colcon_core.shell:Creating environment descriptor '/home/alex/ros2_ws/install/get_state_human/share/get_state_human/hook/ament_prefix_path.dsv'
[4.083s] INFO:colcon.colcon_core.shell:Creating environment hook '/home/alex/ros2_ws/install/get_state_human/share/get_state_human/hook/ament_prefix_path.sh'
[4.118s] INFO:colcon.colcon_core.shell:Skip shell extension 'powershell' for command environment: Not usable outside of PowerShell
[4.118s] DEBUG:colcon.colcon_core.shell:Skip shell extension 'dsv' for command environment
[4.225s] DEBUG:colcon.colcon_core.event_handler.log_command:Invoking command in '/home/alex/ros2_ws/build/leg_detector_msgs': CMAKE_PREFIX_PATH=${CMAKE_PREFIX_PATH}:/home/alex/ros2_ws/install/people_pub:/home/alex/ros2_ws/install/get_state_human:/opt/ros/humble /usr/bin/cmake --build /home/alex/ros2_ws/build/leg_detector_msgs -- -j4 -l4
[4.243s] DEBUG:colcon.colcon_core.event_handler.log_command:Invoking command in '/home/alex/ros2_ws/build/people_msgs': CMAKE_PREFIX_PATH=${CMAKE_PREFIX_PATH}:/home/alex/ros2_ws/install/people_pub:/home/alex/ros2_ws/install/get_state_human:/opt/ros/humble /usr/bin/cmake --build /home/alex/ros2_ws/build/people_msgs -- -j4 -l4
[4.265s] DEBUG:colcon.colcon_core.event_handler.log_command:Invoking command in '/home/alex/ros2_ws/build/articubot_one': CMAKE_PREFIX_PATH=${CMAKE_PREFIX_PATH}:/home/alex/ros2_ws/install/people_pub:/home/alex/ros2_ws/install/get_state_human:/opt/ros/humble /usr/bin/cmake --build /home/alex/ros2_ws/build/articubot_one -- -j4 -l4
[5.417s] INFO:colcon.colcon_core.task.python.build:Building Python package in '/home/alex/ros2_ws/src/get_state_human'
[5.574s] INFO:colcon.colcon_core.shell:Skip shell extension 'powershell' for command environment: Not usable outside of PowerShell
[5.574s] DEBUG:colcon.colcon_core.shell:Skip shell extension 'dsv' for command environment
[5.833s] DEBUG:colcon.colcon_core.event_handler.log_command:Invoked command in '/home/alex/ros2_ws/build/articubot_one' returned '0': CMAKE_PREFIX_PATH=${CMAKE_PREFIX_PATH}:/home/alex/ros2_ws/install/people_pub:/home/alex/ros2_ws/install/get_state_human:/opt/ros/humble /usr/bin/cmake --build /home/alex/ros2_ws/build/articubot_one -- -j4 -l4
[5.993s] DEBUG:colcon.colcon_core.event_handler.log_command:Invoking command in '/home/alex/ros2_ws/build/articubot_one': CMAKE_PREFIX_PATH=${CMAKE_PREFIX_PATH}:/home/alex/ros2_ws/install/people_pub:/home/alex/ros2_ws/install/get_state_human:/opt/ros/humble /usr/bin/cmake --install /home/alex/ros2_ws/build/articubot_one
[6.041s] Level 1:colcon.colcon_core.environment:create_environment_scripts_only(articubot_one)
[6.078s] DEBUG:colcon.colcon_core.event_handler.log_command:Invoked command in '/home/alex/ros2_ws/build/articubot_one' returned '0': CMAKE_PREFIX_PATH=${CMAKE_PREFIX_PATH}:/home/alex/ros2_ws/install/people_pub:/home/alex/ros2_ws/install/get_state_human:/opt/ros/humble /usr/bin/cmake --install /home/alex/ros2_ws/build/articubot_one
[6.191s] Level 1:colcon.colcon_core.environment:checking '/home/alex/ros2_ws/install/articubot_one' for CMake module files
[6.191s] Level 1:colcon.colcon_core.environment:checking '/home/alex/ros2_ws/install/articubot_one' for CMake config files
[6.192s] Level 1:colcon.colcon_core.shell:create_environment_hook('articubot_one', 'cmake_prefix_path')
[6.291s] INFO:colcon.colcon_core.shell:Creating environment hook '/home/alex/ros2_ws/install/articubot_one/share/articubot_one/hook/cmake_prefix_path.ps1'
[6.291s] INFO:colcon.colcon_core.shell:Creating environment descriptor '/home/alex/ros2_ws/install/articubot_one/share/articubot_one/hook/cmake_prefix_path.dsv'
[6.291s] INFO:colcon.colcon_core.shell:Creating environment hook '/home/alex/ros2_ws/install/articubot_one/share/articubot_one/hook/cmake_prefix_path.sh'
[6.292s] Level 1:colcon.colcon_core.environment:checking '/home/alex/ros2_ws/install/articubot_one/bin'
[6.292s] Level 1:colcon.colcon_core.environment:checking '/home/alex/ros2_ws/install/articubot_one/lib/pkgconfig/articubot_one.pc'
[6.293s] Level 1:colcon.colcon_core.environment:checking '/home/alex/ros2_ws/install/articubot_one/lib/python3.10/site-packages'
[6.293s] Level 1:colcon.colcon_core.environment:checking '/home/alex/ros2_ws/install/articubot_one/bin'
[6.326s] INFO:colcon.colcon_core.shell:Creating package script '/home/alex/ros2_ws/install/articubot_one/share/articubot_one/package.ps1'
[6.332s] INFO:colcon.colcon_core.shell:Creating package descriptor '/home/alex/ros2_ws/install/articubot_one/share/articubot_one/package.dsv'
[6.333s] INFO:colcon.colcon_core.shell:Creating package script '/home/alex/ros2_ws/install/articubot_one/share/articubot_one/package.sh'
[6.334s] INFO:colcon.colcon_core.shell:Creating package script '/home/alex/ros2_ws/install/articubot_one/share/articubot_one/package.bash'
[6.335s] INFO:colcon.colcon_core.shell:Creating package script '/home/alex/ros2_ws/install/articubot_one/share/articubot_one/package.zsh'
[6.337s] Level 1:colcon.colcon_core.environment:create_file_with_runtime_dependencies(/home/alex/ros2_ws/install/articubot_one/share/colcon-core/packages/articubot_one)
[6.703s] Level 1:colcon.colcon_core.environment:create_environment_scripts_only(articubot_one)
[6.837s] Level 1:colcon.colcon_core.environment:checking '/home/alex/ros2_ws/install/articubot_one' for CMake module files
[6.837s] Level 1:colcon.colcon_core.environment:checking '/home/alex/ros2_ws/install/articubot_one' for CMake config files
[6.838s] Level 1:colcon.colcon_core.shell:create_environment_hook('articubot_one', 'cmake_prefix_path')
[6.951s] INFO:colcon.colcon_core.shell:Creating environment hook '/home/alex/ros2_ws/install/articubot_one/share/articubot_one/hook/cmake_prefix_path.ps1'
[6.953s] INFO:colcon.colcon_core.shell:Creating environment descriptor '/home/alex/ros2_ws/install/articubot_one/share/articubot_one/hook/cmake_prefix_path.dsv'
[6.957s] INFO:colcon.colcon_core.shell:Creating environment hook '/home/alex/ros2_ws/install/articubot_one/share/articubot_one/hook/cmake_prefix_path.sh'
[6.964s] Level 1:colcon.colcon_core.environment:checking '/home/alex/ros2_ws/install/articubot_one/bin'
[6.964s] Level 1:colcon.colcon_core.environment:checking '/home/alex/ros2_ws/install/articubot_one/lib/pkgconfig/articubot_one.pc'
[6.965s] Level 1:colcon.colcon_core.environment:checking '/home/alex/ros2_ws/install/articubot_one/lib/python3.10/site-packages'
[6.966s] Level 1:colcon.colcon_core.environment:checking '/home/alex/ros2_ws/install/articubot_one/bin'
[7.034s] INFO:colcon.colcon_core.shell:Creating package script '/home/alex/ros2_ws/install/articubot_one/share/articubot_one/package.ps1'
[7.036s] INFO:colcon.colcon_core.shell:Creating package descriptor '/home/alex/ros2_ws/install/articubot_one/share/articubot_one/package.dsv'
[7.039s] INFO:colcon.colcon_core.shell:Creating package script '/home/alex/ros2_ws/install/articubot_one/share/articubot_one/package.sh'
[7.040s] INFO:colcon.colcon_core.shell:Creating package script '/home/alex/ros2_ws/install/articubot_one/share/articubot_one/package.bash'
[7.041s] INFO:colcon.colcon_core.shell:Creating package script '/home/alex/ros2_ws/install/articubot_one/share/articubot_one/package.zsh'
[7.042s] Level 1:colcon.colcon_core.environment:create_file_with_runtime_dependencies(/home/alex/ros2_ws/install/articubot_one/share/colcon-core/packages/articubot_one)
[7.046s] DEBUG:colcon.colcon_core.event_handler.log_command:Invoked command in '/home/alex/ros2_ws/build/leg_detector_msgs' returned '0': CMAKE_PREFIX_PATH=${CMAKE_PREFIX_PATH}:/home/alex/ros2_ws/install/people_pub:/home/alex/ros2_ws/install/get_state_human:/opt/ros/humble /usr/bin/cmake --build /home/alex/ros2_ws/build/leg_detector_msgs -- -j4 -l4
[7.472s] DEBUG:colcon.colcon_core.event_handler.log_command:Invoked command in '/home/alex/ros2_ws/build/people_msgs' returned '0': CMAKE_PREFIX_PATH=${CMAKE_PREFIX_PATH}:/home/alex/ros2_ws/install/people_pub:/home/alex/ros2_ws/install/get_state_human:/opt/ros/humble /usr/bin/cmake --build /home/alex/ros2_ws/build/people_msgs -- -j4 -l4
[7.508s] DEBUG:colcon.colcon_core.event_handler.log_command:Invoking command in '/home/alex/ros2_ws/src/get_state_human': PYTHONPATH=/home/alex/ros2_ws/build/get_state_human/prefix_override:/home/alex/ros2_ws/install/get_state_human/lib/python3.10/site-packages:${PYTHONPATH} /usr/bin/python3 setup.py egg_info --egg-base ../../build/get_state_human build --build-base /home/alex/ros2_ws/build/get_state_human/build install --record /home/alex/ros2_ws/build/get_state_human/install.log --single-version-externally-managed
[7.605s] DEBUG:colcon.colcon_core.event_handler.log_command:Invoking command in '/home/alex/ros2_ws/build/leg_detector_msgs': CMAKE_PREFIX_PATH=${CMAKE_PREFIX_PATH}:/home/alex/ros2_ws/install/people_pub:/home/alex/ros2_ws/install/get_state_human:/opt/ros/humble /usr/bin/cmake --install /home/alex/ros2_ws/build/leg_detector_msgs
[7.878s] Level 1:colcon.colcon_core.environment:create_environment_scripts_only(leg_detector_msgs)
[7.881s] DEBUG:colcon.colcon_core.event_handler.log_command:Invoked command in '/home/alex/ros2_ws/build/leg_detector_msgs' returned '0': CMAKE_PREFIX_PATH=${CMAKE_PREFIX_PATH}:/home/alex/ros2_ws/install/people_pub:/home/alex/ros2_ws/install/get_state_human:/opt/ros/humble /usr/bin/cmake --install /home/alex/ros2_ws/build/leg_detector_msgs
[7.937s] Level 1:colcon.colcon_core.environment:checking '/home/alex/ros2_ws/install/leg_detector_msgs' for CMake module files
[7.938s] Level 1:colcon.colcon_core.environment:checking '/home/alex/ros2_ws/install/leg_detector_msgs' for CMake config files
[7.939s] Level 1:colcon.colcon_core.shell:create_environment_hook('leg_detector_msgs', 'cmake_prefix_path')
[8.004s] INFO:colcon.colcon_core.shell:Creating environment hook '/home/alex/ros2_ws/install/leg_detector_msgs/share/leg_detector_msgs/hook/cmake_prefix_path.ps1'
[8.006s] INFO:colcon.colcon_core.shell:Creating environment descriptor '/home/alex/ros2_ws/install/leg_detector_msgs/share/leg_detector_msgs/hook/cmake_prefix_path.dsv'
[8.007s] INFO:colcon.colcon_core.shell:Creating environment hook '/home/alex/ros2_ws/install/leg_detector_msgs/share/leg_detector_msgs/hook/cmake_prefix_path.sh'
[8.008s] Level 1:colcon.colcon_core.environment:checking '/home/alex/ros2_ws/install/leg_detector_msgs/lib'
[8.008s] Level 1:colcon.colcon_core.shell:create_environment_hook('leg_detector_msgs', 'ld_library_path_lib')
[8.077s] INFO:colcon.colcon_core.shell:Creating environment hook '/home/alex/ros2_ws/install/leg_detector_msgs/share/leg_detector_msgs/hook/ld_library_path_lib.ps1'
[8.078s] INFO:colcon.colcon_core.shell:Creating environment descriptor '/home/alex/ros2_ws/install/leg_detector_msgs/share/leg_detector_msgs/hook/ld_library_path_lib.dsv'
[8.079s] INFO:colcon.colcon_core.shell:Creating environment hook '/home/alex/ros2_ws/install/leg_detector_msgs/share/leg_detector_msgs/hook/ld_library_path_lib.sh'
[8.080s] Level 1:colcon.colcon_core.environment:checking '/home/alex/ros2_ws/install/leg_detector_msgs/bin'
[8.080s] Level 1:colcon.colcon_core.environment:checking '/home/alex/ros2_ws/install/leg_detector_msgs/lib/pkgconfig/leg_detector_msgs.pc'
[8.086s] Level 1:colcon.colcon_core.environment:checking '/home/alex/ros2_ws/install/leg_detector_msgs/lib/python3.10/site-packages'
[8.095s] Level 1:colcon.colcon_core.environment:checking '/home/alex/ros2_ws/install/leg_detector_msgs/bin'
[8.143s] INFO:colcon.colcon_core.shell:Creating package script '/home/alex/ros2_ws/install/leg_detector_msgs/share/leg_detector_msgs/package.ps1'
[8.147s] INFO:colcon.colcon_core.shell:Creating package descriptor '/home/alex/ros2_ws/install/leg_detector_msgs/share/leg_detector_msgs/package.dsv'
[8.148s] INFO:colcon.colcon_core.shell:Creating package script '/home/alex/ros2_ws/install/leg_detector_msgs/share/leg_detector_msgs/package.sh'
[8.148s] INFO:colcon.colcon_core.shell:Creating package script '/home/alex/ros2_ws/install/leg_detector_msgs/share/leg_detector_msgs/package.bash'
[8.149s] INFO:colcon.colcon_core.shell:Creating package script '/home/alex/ros2_ws/install/leg_detector_msgs/share/leg_detector_msgs/package.zsh'
[8.149s] Level 1:colcon.colcon_core.environment:create_file_with_runtime_dependencies(/home/alex/ros2_ws/install/leg_detector_msgs/share/colcon-core/packages/leg_detector_msgs)
[8.154s] DEBUG:colcon.colcon_core.event_handler.log_command:Invoking command in '/home/alex/ros2_ws/build/people_msgs': CMAKE_PREFIX_PATH=${CMAKE_PREFIX_PATH}:/home/alex/ros2_ws/install/people_pub:/home/alex/ros2_ws/install/get_state_human:/opt/ros/humble /usr/bin/cmake --install /home/alex/ros2_ws/build/people_msgs
[8.281s] DEBUG:colcon.colcon_core.event_handler.log_command:Invoked command in '/home/alex/ros2_ws/src/get_state_human' returned '0': PYTHONPATH=/home/alex/ros2_ws/build/get_state_human/prefix_override:/home/alex/ros2_ws/install/get_state_human/lib/python3.10/site-packages:${PYTHONPATH} /usr/bin/python3 setup.py egg_info --egg-base ../../build/get_state_human build --build-base /home/alex/ros2_ws/build/get_state_human/build install --record /home/alex/ros2_ws/build/get_state_human/install.log --single-version-externally-managed
[8.366s] Level 1:colcon.colcon_core.environment:checking '/home/alex/ros2_ws/install/get_state_human' for CMake module files
[8.367s] Level 1:colcon.colcon_core.environment:checking '/home/alex/ros2_ws/install/get_state_human' for CMake config files
[8.367s] Level 1:colcon.colcon_core.environment:checking '/home/alex/ros2_ws/install/get_state_human/lib'
[8.368s] Level 1:colcon.colcon_core.environment:checking '/home/alex/ros2_ws/install/get_state_human/bin'
[8.368s] Level 1:colcon.colcon_core.environment:checking '/home/alex/ros2_ws/install/get_state_human/lib/pkgconfig/get_state_human.pc'
[8.369s] Level 1:colcon.colcon_core.environment:checking '/home/alex/ros2_ws/install/get_state_human/lib/python3.10/site-packages'
[8.369s] Level 1:colcon.colcon_core.shell:create_environment_hook('get_state_human', 'pythonpath')
[8.446s] INFO:colcon.colcon_core.shell:Creating environment hook '/home/alex/ros2_ws/install/get_state_human/share/get_state_human/hook/pythonpath.ps1'
[8.459s] INFO:colcon.colcon_core.shell:Creating environment descriptor '/home/alex/ros2_ws/install/get_state_human/share/get_state_human/hook/pythonpath.dsv'
[8.460s] INFO:colcon.colcon_core.shell:Creating environment hook '/home/alex/ros2_ws/install/get_state_human/share/get_state_human/hook/pythonpath.sh'
[8.460s] Level 1:colcon.colcon_core.environment:checking '/home/alex/ros2_ws/install/get_state_human/bin'
[8.460s] Level 1:colcon.colcon_core.environment:create_environment_scripts_only(get_state_human)
[8.505s] INFO:colcon.colcon_core.shell:Creating package script '/home/alex/ros2_ws/install/get_state_human/share/get_state_human/package.ps1'
[8.507s] INFO:colcon.colcon_core.shell:Creating package descriptor '/home/alex/ros2_ws/install/get_state_human/share/get_state_human/package.dsv'
[8.507s] INFO:colcon.colcon_core.shell:Creating package script '/home/alex/ros2_ws/install/get_state_human/share/get_state_human/package.sh'
[8.508s] INFO:colcon.colcon_core.shell:Creating package script '/home/alex/ros2_ws/install/get_state_human/share/get_state_human/package.bash'
[8.509s] INFO:colcon.colcon_core.shell:Creating package script '/home/alex/ros2_ws/install/get_state_human/share/get_state_human/package.zsh'
[8.511s] Level 1:colcon.colcon_core.environment:create_file_with_runtime_dependencies(/home/alex/ros2_ws/install/get_state_human/share/colcon-core/packages/get_state_human)
[8.515s] Level 1:colcon.colcon_core.environment:create_environment_scripts_only(people_msgs)
[8.524s] DEBUG:colcon.colcon_core.event_handler.log_command:Invoked command in '/home/alex/ros2_ws/build/people_msgs' returned '0': CMAKE_PREFIX_PATH=${CMAKE_PREFIX_PATH}:/home/alex/ros2_ws/install/people_pub:/home/alex/ros2_ws/install/get_state_human:/opt/ros/humble /usr/bin/cmake --install /home/alex/ros2_ws/build/people_msgs
[8.578s] Level 1:colcon.colcon_core.environment:checking '/home/alex/ros2_ws/install/people_msgs' for CMake module files
[8.581s] Level 1:colcon.colcon_core.environment:checking '/home/alex/ros2_ws/install/people_msgs' for CMake config files
[8.582s] Level 1:colcon.colcon_core.shell:create_environment_hook('people_msgs', 'cmake_prefix_path')
[8.613s] INFO:colcon.colcon_core.shell:Creating environment hook '/home/alex/ros2_ws/install/people_msgs/share/people_msgs/hook/cmake_prefix_path.ps1'
[8.613s] INFO:colcon.colcon_core.shell:Creating environment descriptor '/home/alex/ros2_ws/install/people_msgs/share/people_msgs/hook/cmake_prefix_path.dsv'
[8.614s] INFO:colcon.colcon_core.shell:Creating environment hook '/home/alex/ros2_ws/install/people_msgs/share/people_msgs/hook/cmake_prefix_path.sh'
[8.615s] Level 1:colcon.colcon_core.environment:checking '/home/alex/ros2_ws/install/people_msgs/lib'
[8.615s] Level 1:colcon.colcon_core.shell:create_environment_hook('people_msgs', 'ld_library_path_lib')
[8.645s] INFO:colcon.colcon_core.shell:Creating environment hook '/home/alex/ros2_ws/install/people_msgs/share/people_msgs/hook/ld_library_path_lib.ps1'
[8.646s] INFO:colcon.colcon_core.shell:Creating environment descriptor '/home/alex/ros2_ws/install/people_msgs/share/people_msgs/hook/ld_library_path_lib.dsv'
[8.646s] INFO:colcon.colcon_core.shell:Creating environment hook '/home/alex/ros2_ws/install/people_msgs/share/people_msgs/hook/ld_library_path_lib.sh'
[8.647s] Level 1:colcon.colcon_core.environment:checking '/home/alex/ros2_ws/install/people_msgs/bin'
[8.647s] Level 1:colcon.colcon_core.environment:checking '/home/alex/ros2_ws/install/people_msgs/lib/pkgconfig/people_msgs.pc'
[8.649s] Level 1:colcon.colcon_core.environment:checking '/home/alex/ros2_ws/install/people_msgs/lib/python3.10/site-packages'
[8.650s] Level 1:colcon.colcon_core.environment:checking '/home/alex/ros2_ws/install/people_msgs/bin'
[8.690s] INFO:colcon.colcon_core.shell:Creating package script '/home/alex/ros2_ws/install/people_msgs/share/people_msgs/package.ps1'
[8.691s] INFO:colcon.colcon_core.shell:Creating package descriptor '/home/alex/ros2_ws/install/people_msgs/share/people_msgs/package.dsv'
[8.694s] INFO:colcon.colcon_core.shell:Creating package script '/home/alex/ros2_ws/install/people_msgs/share/people_msgs/package.sh'
[8.695s] INFO:colcon.colcon_core.shell:Creating package script '/home/alex/ros2_ws/install/people_msgs/share/people_msgs/package.bash'
[8.696s] INFO:colcon.colcon_core.shell:Creating package script '/home/alex/ros2_ws/install/people_msgs/share/people_msgs/package.zsh'
[8.696s] Level 1:colcon.colcon_core.environment:create_file_with_runtime_dependencies(/home/alex/ros2_ws/install/people_msgs/share/colcon-core/packages/people_msgs)
[8.740s] Level 1:colcon.colcon_core.environment:create_environment_scripts_only(leg_detector_msgs)
[8.785s] Level 1:colcon.colcon_core.environment:checking '/home/alex/ros2_ws/install/leg_detector_msgs' for CMake module files
[8.786s] Level 1:colcon.colcon_core.environment:checking '/home/alex/ros2_ws/install/leg_detector_msgs' for CMake config files
[8.787s] Level 1:colcon.colcon_core.shell:create_environment_hook('leg_detector_msgs', 'cmake_prefix_path')
[8.831s] INFO:colcon.colcon_core.shell:Creating environment hook '/home/alex/ros2_ws/install/leg_detector_msgs/share/leg_detector_msgs/hook/cmake_prefix_path.ps1'
[8.842s] INFO:colcon.colcon_core.shell:Creating environment descriptor '/home/alex/ros2_ws/install/leg_detector_msgs/share/leg_detector_msgs/hook/cmake_prefix_path.dsv'
[8.843s] INFO:colcon.colcon_core.shell:Creating environment hook '/home/alex/ros2_ws/install/leg_detector_msgs/share/leg_detector_msgs/hook/cmake_prefix_path.sh'
[8.845s] Level 1:colcon.colcon_core.environment:checking '/home/alex/ros2_ws/install/leg_detector_msgs/lib'
[8.845s] Level 1:colcon.colcon_core.shell:create_environment_hook('leg_detector_msgs', 'ld_library_path_lib')
[8.892s] INFO:colcon.colcon_core.shell:Creating environment hook '/home/alex/ros2_ws/install/leg_detector_msgs/share/leg_detector_msgs/hook/ld_library_path_lib.ps1'
[8.892s] INFO:colcon.colcon_core.shell:Creating environment descriptor '/home/alex/ros2_ws/install/leg_detector_msgs/share/leg_detector_msgs/hook/ld_library_path_lib.dsv'
[8.893s] INFO:colcon.colcon_core.shell:Creating environment hook '/home/alex/ros2_ws/install/leg_detector_msgs/share/leg_detector_msgs/hook/ld_library_path_lib.sh'
[8.893s] Level 1:colcon.colcon_core.environment:checking '/home/alex/ros2_ws/install/leg_detector_msgs/bin'
[8.893s] Level 1:colcon.colcon_core.environment:checking '/home/alex/ros2_ws/install/leg_detector_msgs/lib/pkgconfig/leg_detector_msgs.pc'
[8.894s] Level 1:colcon.colcon_core.environment:checking '/home/alex/ros2_ws/install/leg_detector_msgs/lib/python3.10/site-packages'
[8.895s] Level 1:colcon.colcon_core.environment:checking '/home/alex/ros2_ws/install/leg_detector_msgs/bin'
[8.947s] INFO:colcon.colcon_core.shell:Creating package script '/home/alex/ros2_ws/install/leg_detector_msgs/share/leg_detector_msgs/package.ps1'
[8.947s] INFO:colcon.colcon_core.shell:Creating package descriptor '/home/alex/ros2_ws/install/leg_detector_msgs/share/leg_detector_msgs/package.dsv'
[8.948s] INFO:colcon.colcon_core.shell:Creating package script '/home/alex/ros2_ws/install/leg_detector_msgs/share/leg_detector_msgs/package.sh'
[8.949s] INFO:colcon.colcon_core.shell:Creating package script '/home/alex/ros2_ws/install/leg_detector_msgs/share/leg_detector_msgs/package.bash'
[8.950s] INFO:colcon.colcon_core.shell:Creating package script '/home/alex/ros2_ws/install/leg_detector_msgs/share/leg_detector_msgs/package.zsh'
[8.953s] Level 1:colcon.colcon_core.environment:create_file_with_runtime_dependencies(/home/alex/ros2_ws/install/leg_detector_msgs/share/colcon-core/packages/leg_detector_msgs)
[8.954s] INFO:colcon.colcon_ros.task.ament_cmake.build:Building ROS package in '/home/alex/ros2_ws/src/leg_detector' with build type 'ament_cmake'
[8.954s] INFO:colcon.colcon_cmake.task.cmake.build:Building CMake package in '/home/alex/ros2_ws/src/leg_detector'
[9.007s] INFO:colcon.colcon_core.shell:Skip shell extension 'powershell' for command environment: Not usable outside of PowerShell
[9.008s] DEBUG:colcon.colcon_core.shell:Skip shell extension 'dsv' for command environment
[9.147s] DEBUG:colcon.colcon_core.event_handler.log_command:Invoking command in '/home/alex/ros2_ws/build/leg_detector': CMAKE_PREFIX_PATH=/home/alex/ros2_ws/install/leg_detector_msgs:/home/alex/ros2_ws/install/nav2_social_costmap_plugin:/home/alex/ros2_ws/install/people_msgs:/home/alex/ros2_ws/install/leg_detector:/home/alex/ros2_ws/install/articubot_one:/home/alex/ros2_ws/install/people_pub:/home/alex/ros2_ws/install/get_state_human:/opt/ros/humble LD_LIBRARY_PATH=/home/alex/ros2_ws/install/leg_detector_msgs/lib:/home/alex/ros2_ws/install/nav2_social_costmap_plugin/lib:/home/alex/ros2_ws/install/people_msgs/lib:/usr/lib/x86_64-linux-gnu/gazebo-11/plugins:/opt/ros/humble/opt/rviz_ogre_vendor/lib:/opt/ros/humble/lib/x86_64-linux-gnu:/opt/ros/humble/lib /usr/bin/cmake --build /home/alex/ros2_ws/build/leg_detector -- -j4 -l4
[9.325s] Level 1:colcon.colcon_core.environment:create_environment_scripts_only(people_msgs)
[9.367s] Level 1:colcon.colcon_core.environment:checking '/home/alex/ros2_ws/install/people_msgs' for CMake module files
[9.368s] Level 1:colcon.colcon_core.environment:checking '/home/alex/ros2_ws/install/people_msgs' for CMake config files
[9.368s] Level 1:colcon.colcon_core.shell:create_environment_hook('people_msgs', 'cmake_prefix_path')
[9.407s] INFO:colcon.colcon_core.shell:Creating environment hook '/home/alex/ros2_ws/install/people_msgs/share/people_msgs/hook/cmake_prefix_path.ps1'
[9.410s] INFO:colcon.colcon_core.shell:Creating environment descriptor '/home/alex/ros2_ws/install/people_msgs/share/people_msgs/hook/cmake_prefix_path.dsv'
[9.410s] INFO:colcon.colcon_core.shell:Creating environment hook '/home/alex/ros2_ws/install/people_msgs/share/people_msgs/hook/cmake_prefix_path.sh'
[9.416s] Level 1:colcon.colcon_core.environment:checking '/home/alex/ros2_ws/install/people_msgs/lib'
[9.420s] Level 1:colcon.colcon_core.shell:create_environment_hook('people_msgs', 'ld_library_path_lib')
[9.469s] INFO:colcon.colcon_core.shell:Creating environment hook '/home/alex/ros2_ws/install/people_msgs/share/people_msgs/hook/ld_library_path_lib.ps1'
[9.470s] INFO:colcon.colcon_core.shell:Creating environment descriptor '/home/alex/ros2_ws/install/people_msgs/share/people_msgs/hook/ld_library_path_lib.dsv'
[9.471s] INFO:colcon.colcon_core.shell:Creating environment hook '/home/alex/ros2_ws/install/people_msgs/share/people_msgs/hook/ld_library_path_lib.sh'
[9.473s] Level 1:colcon.colcon_core.environment:checking '/home/alex/ros2_ws/install/people_msgs/bin'
[9.473s] Level 1:colcon.colcon_core.environment:checking '/home/alex/ros2_ws/install/people_msgs/lib/pkgconfig/people_msgs.pc'
[9.474s] Level 1:colcon.colcon_core.environment:checking '/home/alex/ros2_ws/install/people_msgs/lib/python3.10/site-packages'
[9.474s] Level 1:colcon.colcon_core.environment:checking '/home/alex/ros2_ws/install/people_msgs/bin'
[9.534s] INFO:colcon.colcon_core.shell:Creating package script '/home/alex/ros2_ws/install/people_msgs/share/people_msgs/package.ps1'
[9.535s] INFO:colcon.colcon_core.shell:Creating package descriptor '/home/alex/ros2_ws/install/people_msgs/share/people_msgs/package.dsv'
[9.536s] INFO:colcon.colcon_core.shell:Creating package script '/home/alex/ros2_ws/install/people_msgs/share/people_msgs/package.sh'
[9.539s] INFO:colcon.colcon_core.shell:Creating package script '/home/alex/ros2_ws/install/people_msgs/share/people_msgs/package.bash'
[9.539s] INFO:colcon.colcon_core.shell:Creating package script '/home/alex/ros2_ws/install/people_msgs/share/people_msgs/package.zsh'
[9.540s] Level 1:colcon.colcon_core.environment:create_file_with_runtime_dependencies(/home/alex/ros2_ws/install/people_msgs/share/colcon-core/packages/people_msgs)
[9.542s] INFO:colcon.colcon_ros.task.ament_cmake.build:Building ROS package in '/home/alex/ros2_ws/src/nav2_social_costmap_plugin' with build type 'ament_cmake'
[9.544s] INFO:colcon.colcon_cmake.task.cmake.build:Building CMake package in '/home/alex/ros2_ws/src/nav2_social_costmap_plugin'
[9.595s] INFO:colcon.colcon_core.shell:Skip shell extension 'powershell' for command environment: Not usable outside of PowerShell
[9.595s] DEBUG:colcon.colcon_core.shell:Skip shell extension 'dsv' for command environment
[9.733s] INFO:colcon.colcon_ros.task.ament_python.build:Building ROS package in '/home/alex/ros2_ws/src/people_pub' with build type 'ament_python'
[9.733s] Level 1:colcon.colcon_core.shell:create_environment_hook('people_pub', 'ament_prefix_path')
[9.790s] INFO:colcon.colcon_core.shell:Creating environment hook '/home/alex/ros2_ws/install/people_pub/share/people_pub/hook/ament_prefix_path.ps1'
[9.793s] INFO:colcon.colcon_core.shell:Creating environment descriptor '/home/alex/ros2_ws/install/people_pub/share/people_pub/hook/ament_prefix_path.dsv'
[9.794s] INFO:colcon.colcon_core.shell:Creating environment hook '/home/alex/ros2_ws/install/people_pub/share/people_pub/hook/ament_prefix_path.sh'
[9.825s] INFO:colcon.colcon_core.shell:Skip shell extension 'powershell' for command environment: Not usable outside of PowerShell
[9.825s] DEBUG:colcon.colcon_core.shell:Skip shell extension 'dsv' for command environment
[9.936s] DEBUG:colcon.colcon_core.event_handler.log_command:Invoked command in '/home/alex/ros2_ws/build/leg_detector' returned '0': CMAKE_PREFIX_PATH=/home/alex/ros2_ws/install/leg_detector_msgs:/home/alex/ros2_ws/install/nav2_social_costmap_plugin:/home/alex/ros2_ws/install/people_msgs:/home/alex/ros2_ws/install/leg_detector:/home/alex/ros2_ws/install/articubot_one:/home/alex/ros2_ws/install/people_pub:/home/alex/ros2_ws/install/get_state_human:/opt/ros/humble LD_LIBRARY_PATH=/home/alex/ros2_ws/install/leg_detector_msgs/lib:/home/alex/ros2_ws/install/nav2_social_costmap_plugin/lib:/home/alex/ros2_ws/install/people_msgs/lib:/usr/lib/x86_64-linux-gnu/gazebo-11/plugins:/opt/ros/humble/opt/rviz_ogre_vendor/lib:/opt/ros/humble/lib/x86_64-linux-gnu:/opt/ros/humble/lib /usr/bin/cmake --build /home/alex/ros2_ws/build/leg_detector -- -j4 -l4
[9.951s] DEBUG:colcon.colcon_core.event_handler.log_command:Invoking command in '/home/alex/ros2_ws/build/nav2_social_costmap_plugin': CMAKE_PREFIX_PATH=/home/alex/ros2_ws/install/people_msgs:/home/alex/ros2_ws/install/nav2_social_costmap_plugin:/home/alex/ros2_ws/install/leg_detector:/home/alex/ros2_ws/install/leg_detector_msgs:/home/alex/ros2_ws/install/articubot_one:/home/alex/ros2_ws/install/people_pub:/home/alex/ros2_ws/install/get_state_human:/opt/ros/humble LD_LIBRARY_PATH=/home/alex/ros2_ws/install/people_msgs/lib:/home/alex/ros2_ws/install/nav2_social_costmap_plugin/lib:/home/alex/ros2_ws/install/leg_detector_msgs/lib:/usr/lib/x86_64-linux-gnu/gazebo-11/plugins:/opt/ros/humble/opt/rviz_ogre_vendor/lib:/opt/ros/humble/lib/x86_64-linux-gnu:/opt/ros/humble/lib /usr/bin/cmake --build /home/alex/ros2_ws/build/nav2_social_costmap_plugin -- -j4 -l4
[10.700s] INFO:colcon.colcon_core.task.python.build:Building Python package in '/home/alex/ros2_ws/src/people_pub'
[10.730s] INFO:colcon.colcon_core.shell:Skip shell extension 'powershell' for command environment: Not usable outside of PowerShell
[10.730s] DEBUG:colcon.colcon_core.shell:Skip shell extension 'dsv' for command environment
[10.872s] DEBUG:colcon.colcon_core.event_handler.log_command:Invoking command in '/home/alex/ros2_ws/build/leg_detector': CMAKE_PREFIX_PATH=/home/alex/ros2_ws/install/leg_detector_msgs:/home/alex/ros2_ws/install/nav2_social_costmap_plugin:/home/alex/ros2_ws/install/people_msgs:/home/alex/ros2_ws/install/leg_detector:/home/alex/ros2_ws/install/articubot_one:/home/alex/ros2_ws/install/people_pub:/home/alex/ros2_ws/install/get_state_human:/opt/ros/humble LD_LIBRARY_PATH=/home/alex/ros2_ws/install/leg_detector_msgs/lib:/home/alex/ros2_ws/install/nav2_social_costmap_plugin/lib:/home/alex/ros2_ws/install/people_msgs/lib:/usr/lib/x86_64-linux-gnu/gazebo-11/plugins:/opt/ros/humble/opt/rviz_ogre_vendor/lib:/opt/ros/humble/lib/x86_64-linux-gnu:/opt/ros/humble/lib /usr/bin/cmake --install /home/alex/ros2_ws/build/leg_detector
[10.888s] DEBUG:colcon.colcon_core.event_handler.log_command:Invoked command in '/home/alex/ros2_ws/build/nav2_social_costmap_plugin' returned '0': CMAKE_PREFIX_PATH=/home/alex/ros2_ws/install/people_msgs:/home/alex/ros2_ws/install/nav2_social_costmap_plugin:/home/alex/ros2_ws/install/leg_detector:/home/alex/ros2_ws/install/leg_detector_msgs:/home/alex/ros2_ws/install/articubot_one:/home/alex/ros2_ws/install/people_pub:/home/alex/ros2_ws/install/get_state_human:/opt/ros/humble LD_LIBRARY_PATH=/home/alex/ros2_ws/install/people_msgs/lib:/home/alex/ros2_ws/install/nav2_social_costmap_plugin/lib:/home/alex/ros2_ws/install/leg_detector_msgs/lib:/usr/lib/x86_64-linux-gnu/gazebo-11/plugins:/opt/ros/humble/opt/rviz_ogre_vendor/lib:/opt/ros/humble/lib/x86_64-linux-gnu:/opt/ros/humble/lib /usr/bin/cmake --build /home/alex/ros2_ws/build/nav2_social_costmap_plugin -- -j4 -l4
[10.946s] Level 1:colcon.colcon_core.environment:create_environment_scripts_only(leg_detector)
[10.948s] DEBUG:colcon.colcon_core.event_handler.log_command:Invoked command in '/home/alex/ros2_ws/build/leg_detector' returned '0': CMAKE_PREFIX_PATH=/home/alex/ros2_ws/install/leg_detector_msgs:/home/alex/ros2_ws/install/nav2_social_costmap_plugin:/home/alex/ros2_ws/install/people_msgs:/home/alex/ros2_ws/install/leg_detector:/home/alex/ros2_ws/install/articubot_one:/home/alex/ros2_ws/install/people_pub:/home/alex/ros2_ws/install/get_state_human:/opt/ros/humble LD_LIBRARY_PATH=/home/alex/ros2_ws/install/leg_detector_msgs/lib:/home/alex/ros2_ws/install/nav2_social_costmap_plugin/lib:/home/alex/ros2_ws/install/people_msgs/lib:/usr/lib/x86_64-linux-gnu/gazebo-11/plugins:/opt/ros/humble/opt/rviz_ogre_vendor/lib:/opt/ros/humble/lib/x86_64-linux-gnu:/opt/ros/humble/lib /usr/bin/cmake --install /home/alex/ros2_ws/build/leg_detector
[11.010s] Level 1:colcon.colcon_core.environment:checking '/home/alex/ros2_ws/install/leg_detector' for CMake module files
[11.011s] Level 1:colcon.colcon_core.environment:checking '/home/alex/ros2_ws/install/leg_detector' for CMake config files
[11.012s] Level 1:colcon.colcon_core.shell:create_environment_hook('leg_detector', 'cmake_prefix_path')
[11.080s] INFO:colcon.colcon_core.shell:Creating environment hook '/home/alex/ros2_ws/install/leg_detector/share/leg_detector/hook/cmake_prefix_path.ps1'
[11.080s] INFO:colcon.colcon_core.shell:Creating environment descriptor '/home/alex/ros2_ws/install/leg_detector/share/leg_detector/hook/cmake_prefix_path.dsv'
[11.081s] INFO:colcon.colcon_core.shell:Creating environment hook '/home/alex/ros2_ws/install/leg_detector/share/leg_detector/hook/cmake_prefix_path.sh'
[11.082s] Level 1:colcon.colcon_core.environment:checking '/home/alex/ros2_ws/install/leg_detector/lib'
[11.082s] Level 1:colcon.colcon_core.environment:checking '/home/alex/ros2_ws/install/leg_detector/bin'
[11.083s] Level 1:colcon.colcon_core.environment:checking '/home/alex/ros2_ws/install/leg_detector/lib/pkgconfig/leg_detector.pc'
[11.085s] Level 1:colcon.colcon_core.environment:checking '/home/alex/ros2_ws/install/leg_detector/lib/python3.10/site-packages'
[11.086s] Level 1:colcon.colcon_core.environment:checking '/home/alex/ros2_ws/install/leg_detector/bin'
[11.137s] INFO:colcon.colcon_core.shell:Creating package script '/home/alex/ros2_ws/install/leg_detector/share/leg_detector/package.ps1'
[11.138s] INFO:colcon.colcon_core.shell:Creating package descriptor '/home/alex/ros2_ws/install/leg_detector/share/leg_detector/package.dsv'
[11.139s] INFO:colcon.colcon_core.shell:Creating package script '/home/alex/ros2_ws/install/leg_detector/share/leg_detector/package.sh'
[11.139s] INFO:colcon.colcon_core.shell:Creating package script '/home/alex/ros2_ws/install/leg_detector/share/leg_detector/package.bash'
[11.140s] INFO:colcon.colcon_core.shell:Creating package script '/home/alex/ros2_ws/install/leg_detector/share/leg_detector/package.zsh'
[11.141s] Level 1:colcon.colcon_core.environment:create_file_with_runtime_dependencies(/home/alex/ros2_ws/install/leg_detector/share/colcon-core/packages/leg_detector)
[11.172s] DEBUG:colcon.colcon_core.event_handler.log_command:Invoking command in '/home/alex/ros2_ws/build/nav2_social_costmap_plugin': CMAKE_PREFIX_PATH=/home/alex/ros2_ws/install/people_msgs:/home/alex/ros2_ws/install/nav2_social_costmap_plugin:/home/alex/ros2_ws/install/leg_detector:/home/alex/ros2_ws/install/leg_detector_msgs:/home/alex/ros2_ws/install/articubot_one:/home/alex/ros2_ws/install/people_pub:/home/alex/ros2_ws/install/get_state_human:/opt/ros/humble LD_LIBRARY_PATH=/home/alex/ros2_ws/install/people_msgs/lib:/home/alex/ros2_ws/install/nav2_social_costmap_plugin/lib:/home/alex/ros2_ws/install/leg_detector_msgs/lib:/usr/lib/x86_64-linux-gnu/gazebo-11/plugins:/opt/ros/humble/opt/rviz_ogre_vendor/lib:/opt/ros/humble/lib/x86_64-linux-gnu:/opt/ros/humble/lib /usr/bin/cmake --install /home/alex/ros2_ws/build/nav2_social_costmap_plugin
[11.203s] Level 1:colcon.colcon_core.environment:create_environment_scripts_only(nav2_social_costmap_plugin)
[11.211s] DEBUG:colcon.colcon_core.event_handler.log_command:Invoked command in '/home/alex/ros2_ws/build/nav2_social_costmap_plugin' returned '0': CMAKE_PREFIX_PATH=/home/alex/ros2_ws/install/people_msgs:/home/alex/ros2_ws/install/nav2_social_costmap_plugin:/home/alex/ros2_ws/install/leg_detector:/home/alex/ros2_ws/install/leg_detector_msgs:/home/alex/ros2_ws/install/articubot_one:/home/alex/ros2_ws/install/people_pub:/home/alex/ros2_ws/install/get_state_human:/opt/ros/humble LD_LIBRARY_PATH=/home/alex/ros2_ws/install/people_msgs/lib:/home/alex/ros2_ws/install/nav2_social_costmap_plugin/lib:/home/alex/ros2_ws/install/leg_detector_msgs/lib:/usr/lib/x86_64-linux-gnu/gazebo-11/plugins:/opt/ros/humble/opt/rviz_ogre_vendor/lib:/opt/ros/humble/lib/x86_64-linux-gnu:/opt/ros/humble/lib /usr/bin/cmake --install /home/alex/ros2_ws/build/nav2_social_costmap_plugin
[11.258s] Level 1:colcon.colcon_core.environment:checking '/home/alex/ros2_ws/install/nav2_social_costmap_plugin' for CMake module files
[11.259s] Level 1:colcon.colcon_core.environment:checking '/home/alex/ros2_ws/install/nav2_social_costmap_plugin' for CMake config files
[11.259s] Level 1:colcon.colcon_core.shell:create_environment_hook('nav2_social_costmap_plugin', 'cmake_prefix_path')
[11.310s] INFO:colcon.colcon_core.shell:Creating environment hook '/home/alex/ros2_ws/install/nav2_social_costmap_plugin/share/nav2_social_costmap_plugin/hook/cmake_prefix_path.ps1'
[11.311s] INFO:colcon.colcon_core.shell:Creating environment descriptor '/home/alex/ros2_ws/install/nav2_social_costmap_plugin/share/nav2_social_costmap_plugin/hook/cmake_prefix_path.dsv'
[11.316s] INFO:colcon.colcon_core.shell:Creating environment hook '/home/alex/ros2_ws/install/nav2_social_costmap_plugin/share/nav2_social_costmap_plugin/hook/cmake_prefix_path.sh'
[11.317s] Level 1:colcon.colcon_core.environment:checking '/home/alex/ros2_ws/install/nav2_social_costmap_plugin/lib'
[11.318s] Level 1:colcon.colcon_core.shell:create_environment_hook('nav2_social_costmap_plugin', 'ld_library_path_lib')
[11.387s] INFO:colcon.colcon_core.shell:Creating environment hook '/home/alex/ros2_ws/install/nav2_social_costmap_plugin/share/nav2_social_costmap_plugin/hook/ld_library_path_lib.ps1'
[11.388s] INFO:colcon.colcon_core.shell:Creating environment descriptor '/home/alex/ros2_ws/install/nav2_social_costmap_plugin/share/nav2_social_costmap_plugin/hook/ld_library_path_lib.dsv'
[11.389s] INFO:colcon.colcon_core.shell:Creating environment hook '/home/alex/ros2_ws/install/nav2_social_costmap_plugin/share/nav2_social_costmap_plugin/hook/ld_library_path_lib.sh'
[11.390s] Level 1:colcon.colcon_core.environment:checking '/home/alex/ros2_ws/install/nav2_social_costmap_plugin/bin'
[11.390s] Level 1:colcon.colcon_core.environment:checking '/home/alex/ros2_ws/install/nav2_social_costmap_plugin/lib/pkgconfig/nav2_social_costmap_plugin.pc'
[11.390s] Level 1:colcon.colcon_core.environment:checking '/home/alex/ros2_ws/install/nav2_social_costmap_plugin/lib/python3.10/site-packages'
[11.390s] Level 1:colcon.colcon_core.environment:checking '/home/alex/ros2_ws/install/nav2_social_costmap_plugin/bin'
[11.428s] INFO:colcon.colcon_core.shell:Creating package script '/home/alex/ros2_ws/install/nav2_social_costmap_plugin/share/nav2_social_costmap_plugin/package.ps1'
[11.429s] INFO:colcon.colcon_core.shell:Creating package descriptor '/home/alex/ros2_ws/install/nav2_social_costmap_plugin/share/nav2_social_costmap_plugin/package.dsv'
[11.429s] INFO:colcon.colcon_core.shell:Creating package script '/home/alex/ros2_ws/install/nav2_social_costmap_plugin/share/nav2_social_costmap_plugin/package.sh'
[11.430s] INFO:colcon.colcon_core.shell:Creating package script '/home/alex/ros2_ws/install/nav2_social_costmap_plugin/share/nav2_social_costmap_plugin/package.bash'
[11.430s] INFO:colcon.colcon_core.shell:Creating package script '/home/alex/ros2_ws/install/nav2_social_costmap_plugin/share/nav2_social_costmap_plugin/package.zsh'
[11.431s] Level 1:colcon.colcon_core.environment:create_file_with_runtime_dependencies(/home/alex/ros2_ws/install/nav2_social_costmap_plugin/share/colcon-core/packages/nav2_social_costmap_plugin)
[11.498s] Level 1:colcon.colcon_core.environment:create_environment_scripts_only(leg_detector)
[11.533s] Level 1:colcon.colcon_core.environment:checking '/home/alex/ros2_ws/install/leg_detector' for CMake module files
[11.533s] Level 1:colcon.colcon_core.environment:checking '/home/alex/ros2_ws/install/leg_detector' for CMake config files
[11.538s] Level 1:colcon.colcon_core.shell:create_environment_hook('leg_detector', 'cmake_prefix_path')
[11.585s] INFO:colcon.colcon_core.shell:Creating environment hook '/home/alex/ros2_ws/install/leg_detector/share/leg_detector/hook/cmake_prefix_path.ps1'
[11.586s] INFO:colcon.colcon_core.shell:Creating environment descriptor '/home/alex/ros2_ws/install/leg_detector/share/leg_detector/hook/cmake_prefix_path.dsv'
[11.587s] INFO:colcon.colcon_core.shell:Creating environment hook '/home/alex/ros2_ws/install/leg_detector/share/leg_detector/hook/cmake_prefix_path.sh'
[11.588s] Level 1:colcon.colcon_core.environment:checking '/home/alex/ros2_ws/install/leg_detector/lib'
[11.589s] Level 1:colcon.colcon_core.environment:checking '/home/alex/ros2_ws/install/leg_detector/bin'
[11.589s] Level 1:colcon.colcon_core.environment:checking '/home/alex/ros2_ws/install/leg_detector/lib/pkgconfig/leg_detector.pc'
[11.589s] Level 1:colcon.colcon_core.environment:checking '/home/alex/ros2_ws/install/leg_detector/lib/python3.10/site-packages'
[11.589s] Level 1:colcon.colcon_core.environment:checking '/home/alex/ros2_ws/install/leg_detector/bin'
[11.617s] INFO:colcon.colcon_core.shell:Creating package script '/home/alex/ros2_ws/install/leg_detector/share/leg_detector/package.ps1'
[11.618s] INFO:colcon.colcon_core.shell:Creating package descriptor '/home/alex/ros2_ws/install/leg_detector/share/leg_detector/package.dsv'
[11.619s] INFO:colcon.colcon_core.shell:Creating package script '/home/alex/ros2_ws/install/leg_detector/share/leg_detector/package.sh'
[11.619s] INFO:colcon.colcon_core.shell:Creating package script '/home/alex/ros2_ws/install/leg_detector/share/leg_detector/package.bash'
[11.620s] INFO:colcon.colcon_core.shell:Creating package script '/home/alex/ros2_ws/install/leg_detector/share/leg_detector/package.zsh'
[11.623s] Level 1:colcon.colcon_core.environment:create_file_with_runtime_dependencies(/home/alex/ros2_ws/install/leg_detector/share/colcon-core/packages/leg_detector)
[11.670s] Level 1:colcon.colcon_core.environment:create_environment_scripts_only(nav2_social_costmap_plugin)
[11.700s] Level 1:colcon.colcon_core.environment:checking '/home/alex/ros2_ws/install/nav2_social_costmap_plugin' for CMake module files
[11.700s] Level 1:colcon.colcon_core.environment:checking '/home/alex/ros2_ws/install/nav2_social_costmap_plugin' for CMake config files
[11.702s] Level 1:colcon.colcon_core.shell:create_environment_hook('nav2_social_costmap_plugin', 'cmake_prefix_path')
[11.728s] INFO:colcon.colcon_core.shell:Creating environment hook '/home/alex/ros2_ws/install/nav2_social_costmap_plugin/share/nav2_social_costmap_plugin/hook/cmake_prefix_path.ps1'
[11.731s] INFO:colcon.colcon_core.shell:Creating environment descriptor '/home/alex/ros2_ws/install/nav2_social_costmap_plugin/share/nav2_social_costmap_plugin/hook/cmake_prefix_path.dsv'
[11.732s] INFO:colcon.colcon_core.shell:Creating environment hook '/home/alex/ros2_ws/install/nav2_social_costmap_plugin/share/nav2_social_costmap_plugin/hook/cmake_prefix_path.sh'
[11.733s] Level 1:colcon.colcon_core.environment:checking '/home/alex/ros2_ws/install/nav2_social_costmap_plugin/lib'
[11.733s] Level 1:colcon.colcon_core.shell:create_environment_hook('nav2_social_costmap_plugin', 'ld_library_path_lib')
[11.775s] INFO:colcon.colcon_core.shell:Creating environment hook '/home/alex/ros2_ws/install/nav2_social_costmap_plugin/share/nav2_social_costmap_plugin/hook/ld_library_path_lib.ps1'
[11.789s] INFO:colcon.colcon_core.shell:Creating environment descriptor '/home/alex/ros2_ws/install/nav2_social_costmap_plugin/share/nav2_social_costmap_plugin/hook/ld_library_path_lib.dsv'
[11.790s] INFO:colcon.colcon_core.shell:Creating environment hook '/home/alex/ros2_ws/install/nav2_social_costmap_plugin/share/nav2_social_costmap_plugin/hook/ld_library_path_lib.sh'
[11.790s] Level 1:colcon.colcon_core.environment:checking '/home/alex/ros2_ws/install/nav2_social_costmap_plugin/bin'
[11.790s] Level 1:colcon.colcon_core.environment:checking '/home/alex/ros2_ws/install/nav2_social_costmap_plugin/lib/pkgconfig/nav2_social_costmap_plugin.pc'
[11.791s] Level 1:colcon.colcon_core.environment:checking '/home/alex/ros2_ws/install/nav2_social_costmap_plugin/lib/python3.10/site-packages'
[11.791s] Level 1:colcon.colcon_core.environment:checking '/home/alex/ros2_ws/install/nav2_social_costmap_plugin/bin'
[11.842s] INFO:colcon.colcon_core.shell:Creating package script '/home/alex/ros2_ws/install/nav2_social_costmap_plugin/share/nav2_social_costmap_plugin/package.ps1'
[11.846s] INFO:colcon.colcon_core.shell:Creating package descriptor '/home/alex/ros2_ws/install/nav2_social_costmap_plugin/share/nav2_social_costmap_plugin/package.dsv'
[11.852s] INFO:colcon.colcon_core.shell:Creating package script '/home/alex/ros2_ws/install/nav2_social_costmap_plugin/share/nav2_social_costmap_plugin/package.sh'
[11.854s] INFO:colcon.colcon_core.shell:Creating package script '/home/alex/ros2_ws/install/nav2_social_costmap_plugin/share/nav2_social_costmap_plugin/package.bash'
[11.854s] INFO:colcon.colcon_core.shell:Creating package script '/home/alex/ros2_ws/install/nav2_social_costmap_plugin/share/nav2_social_costmap_plugin/package.zsh'
[11.855s] Level 1:colcon.colcon_core.environment:create_file_with_runtime_dependencies(/home/alex/ros2_ws/install/nav2_social_costmap_plugin/share/colcon-core/packages/nav2_social_costmap_plugin)
[12.133s] DEBUG:colcon.colcon_core.event_handler.log_command:Invoking command in '/home/alex/ros2_ws/src/people_pub': CMAKE_PREFIX_PATH=/home/alex/ros2_ws/install/people_msgs:/home/alex/ros2_ws/install/leg_detector_msgs:/home/alex/ros2_ws/install/nav2_social_costmap_plugin:/home/alex/ros2_ws/install/leg_detector:/home/alex/ros2_ws/install/articubot_one LD_LIBRARY_PATH=/home/alex/ros2_ws/install/people_msgs/lib:/home/alex/ros2_ws/install/leg_detector_msgs/lib:/home/alex/ros2_ws/install/nav2_social_costmap_plugin/lib:/usr/lib/x86_64-linux-gnu/gazebo-11/plugins:/opt/ros/humble/opt/rviz_ogre_vendor/lib:/opt/ros/humble/lib/x86_64-linux-gnu:/opt/ros/humble/lib PYTHONPATH=/home/alex/ros2_ws/build/people_pub/prefix_override:/home/alex/ros2_ws/install/people_pub/lib/python3.10/site-packages:${PYTHONPATH} /usr/bin/python3 setup.py egg_info --egg-base ../../build/people_pub build --build-base /home/alex/ros2_ws/build/people_pub/build install --record /home/alex/ros2_ws/build/people_pub/install.log --single-version-externally-managed
[12.917s] DEBUG:colcon.colcon_core.event_handler.log_command:Invoked command in '/home/alex/ros2_ws/src/people_pub' returned '0': CMAKE_PREFIX_PATH=/home/alex/ros2_ws/install/people_msgs:/home/alex/ros2_ws/install/leg_detector_msgs:/home/alex/ros2_ws/install/nav2_social_costmap_plugin:/home/alex/ros2_ws/install/leg_detector:/home/alex/ros2_ws/install/articubot_one LD_LIBRARY_PATH=/home/alex/ros2_ws/install/people_msgs/lib:/home/alex/ros2_ws/install/leg_detector_msgs/lib:/home/alex/ros2_ws/install/nav2_social_costmap_plugin/lib:/usr/lib/x86_64-linux-gnu/gazebo-11/plugins:/opt/ros/humble/opt/rviz_ogre_vendor/lib:/opt/ros/humble/lib/x86_64-linux-gnu:/opt/ros/humble/lib PYTHONPATH=/home/alex/ros2_ws/build/people_pub/prefix_override:/home/alex/ros2_ws/install/people_pub/lib/python3.10/site-packages:${PYTHONPATH} /usr/bin/python3 setup.py egg_info --egg-base ../../build/people_pub build --build-base /home/alex/ros2_ws/build/people_pub/build install --record /home/alex/ros2_ws/build/people_pub/install.log --single-version-externally-managed
[12.973s] Level 1:colcon.colcon_core.environment:checking '/home/alex/ros2_ws/install/people_pub' for CMake module files
[12.975s] Level 1:colcon.colcon_core.environment:checking '/home/alex/ros2_ws/install/people_pub' for CMake config files
[12.975s] Level 1:colcon.colcon_core.environment:checking '/home/alex/ros2_ws/install/people_pub/lib'
[12.976s] Level 1:colcon.colcon_core.environment:checking '/home/alex/ros2_ws/install/people_pub/bin'
[12.976s] Level 1:colcon.colcon_core.environment:checking '/home/alex/ros2_ws/install/people_pub/lib/pkgconfig/people_pub.pc'
[12.976s] Level 1:colcon.colcon_core.environment:checking '/home/alex/ros2_ws/install/people_pub/lib/python3.10/site-packages'
[12.976s] Level 1:colcon.colcon_core.shell:create_environment_hook('people_pub', 'pythonpath')
[13.022s] INFO:colcon.colcon_core.shell:Creating environment hook '/home/alex/ros2_ws/install/people_pub/share/people_pub/hook/pythonpath.ps1'
[13.023s] INFO:colcon.colcon_core.shell:Creating environment descriptor '/home/alex/ros2_ws/install/people_pub/share/people_pub/hook/pythonpath.dsv'
[13.023s] INFO:colcon.colcon_core.shell:Creating environment hook '/home/alex/ros2_ws/install/people_pub/share/people_pub/hook/pythonpath.sh'
[13.024s] Level 1:colcon.colcon_core.environment:checking '/home/alex/ros2_ws/install/people_pub/bin'
[13.024s] Level 1:colcon.colcon_core.environment:create_environment_scripts_only(people_pub)
[13.087s] INFO:colcon.colcon_core.shell:Creating package script '/home/alex/ros2_ws/install/people_pub/share/people_pub/package.ps1'
[13.089s] INFO:colcon.colcon_core.shell:Creating package descriptor '/home/alex/ros2_ws/install/people_pub/share/people_pub/package.dsv'
[13.089s] INFO:colcon.colcon_core.shell:Creating package script '/home/alex/ros2_ws/install/people_pub/share/people_pub/package.sh'
[13.090s] INFO:colcon.colcon_core.shell:Creating package script '/home/alex/ros2_ws/install/people_pub/share/people_pub/package.bash'
[13.091s] INFO:colcon.colcon_core.shell:Creating package script '/home/alex/ros2_ws/install/people_pub/share/people_pub/package.zsh'
[13.092s] Level 1:colcon.colcon_core.environment:create_file_with_runtime_dependencies(/home/alex/ros2_ws/install/people_pub/share/colcon-core/packages/people_pub)
[13.092s] DEBUG:colcon.colcon_parallel_executor.executor.parallel:closing loop
[13.092s] DEBUG:colcon.colcon_parallel_executor.executor.parallel:loop closed
[13.093s] DEBUG:colcon.colcon_parallel_executor.executor.parallel:run_until_complete finished with '0'
[13.093s] DEBUG:colcon.colcon_core.event_reactor:joining thread
[13.148s] INFO:colcon.colcon_core.plugin_system:Skipping extension 'colcon_notification.desktop_notification.terminal_notifier': Not used on non-Darwin systems
[13.148s] INFO:colcon.colcon_core.plugin_system:Skipping extension 'colcon_notification.desktop_notification.win32': Not used on non-Windows systems
[13.148s] INFO:colcon.colcon_notification.desktop_notification:Sending desktop notification using 'notify2'
[13.188s] DEBUG:colcon.colcon_core.event_reactor:joined thread
[13.220s] INFO:colcon.colcon_core.shell:Creating prefix script '/home/alex/ros2_ws/install/local_setup.ps1'
[13.221s] INFO:colcon.colcon_core.shell:Creating prefix util module '/home/alex/ros2_ws/install/_local_setup_util_ps1.py'
[13.223s] INFO:colcon.colcon_core.shell:Creating prefix chain script '/home/alex/ros2_ws/install/setup.ps1'
[13.262s] INFO:colcon.colcon_core.shell:Creating prefix script '/home/alex/ros2_ws/install/local_setup.sh'
[13.263s] INFO:colcon.colcon_core.shell:Creating prefix util module '/home/alex/ros2_ws/install/_local_setup_util_sh.py'
[13.264s] INFO:colcon.colcon_core.shell:Creating prefix chain script '/home/alex/ros2_ws/install/setup.sh'
[13.307s] INFO:colcon.colcon_core.shell:Creating prefix script '/home/alex/ros2_ws/install/local_setup.bash'
[13.308s] INFO:colcon.colcon_core.shell:Creating prefix chain script '/home/alex/ros2_ws/install/setup.bash'
[13.349s] INFO:colcon.colcon_core.shell:Creating prefix script '/home/alex/ros2_ws/install/local_setup.zsh'
[13.350s] INFO:colcon.colcon_core.shell:Creating prefix chain script '/home/alex/ros2_ws/install/setup.zsh'
