running egg_info
creating ../../build/people_pub/people_pub.egg-info
writing ../../build/people_pub/people_pub.egg-info/PKG-INFO
writing dependency_links to ../../build/people_pub/people_pub.egg-info/dependency_links.txt
writing entry points to ../../build/people_pub/people_pub.egg-info/entry_points.txt
writing requirements to ../../build/people_pub/people_pub.egg-info/requires.txt
writing top-level names to ../../build/people_pub/people_pub.egg-info/top_level.txt
writing manifest file '../../build/people_pub/people_pub.egg-info/SOURCES.txt'
reading manifest file '../../build/people_pub/people_pub.egg-info/SOURCES.txt'
adding license file 'LICENSE'
writing manifest file '../../build/people_pub/people_pub.egg-info/SOURCES.txt'
running build
running build_py
creating /home/alex/ros2_ws/build/people_pub/build
creating /home/alex/ros2_ws/build/people_pub/build/lib
creating /home/alex/ros2_ws/build/people_pub/build/lib/people_pub
copying people_pub/people_publisher.py -> /home/alex/ros2_ws/build/people_pub/build/lib/people_pub
copying people_pub/__init__.py -> /home/alex/ros2_ws/build/people_pub/build/lib/people_pub
running install
running install_lib
creating /home/alex/ros2_ws/install/people_pub/lib/python3.10/site-packages/people_pub
copying /home/alex/ros2_ws/build/people_pub/build/lib/people_pub/people_publisher.py -> /home/alex/ros2_ws/install/people_pub/lib/python3.10/site-packages/people_pub
copying /home/alex/ros2_ws/build/people_pub/build/lib/people_pub/__init__.py -> /home/alex/ros2_ws/install/people_pub/lib/python3.10/site-packages/people_pub
byte-compiling /home/alex/ros2_ws/install/people_pub/lib/python3.10/site-packages/people_pub/people_publisher.py to people_publisher.cpython-310.pyc
byte-compiling /home/alex/ros2_ws/install/people_pub/lib/python3.10/site-packages/people_pub/__init__.py to __init__.cpython-310.pyc
running install_data
creating /home/alex/ros2_ws/install/people_pub/share/ament_index
creating /home/alex/ros2_ws/install/people_pub/share/ament_index/resource_index
creating /home/alex/ros2_ws/install/people_pub/share/ament_index/resource_index/packages
copying resource/people_pub -> /home/alex/ros2_ws/install/people_pub/share/ament_index/resource_index/packages
copying package.xml -> /home/alex/ros2_ws/install/people_pub/share/people_pub
running install_egg_info
Copying ../../build/people_pub/people_pub.egg-info to /home/alex/ros2_ws/install/people_pub/lib/python3.10/site-packages/people_pub-0.0.0-py3.10.egg-info
running install_scripts
Installing people_publish script to /home/alex/ros2_ws/install/people_pub/lib/people_pub
writing list of installed files to '/home/alex/ros2_ws/build/people_pub/install.log'
