[0.999s] Invoking command in '/home/alex/ros2_ws/src/people_pub': AMENT_PREFIX_PATH=/home/alex/ros2_ws/install/people_msgs:${AMENT_PREFIX_PATH} CMAKE_PREFIX_PATH=/home/alex/ros2_ws/install/people_msgs LD_LIBRARY_PATH=/home/alex/ros2_ws/install/people_msgs/lib:${LD_LIBRARY_PATH} PYTHONPATH=/home/alex/ros2_ws/build/people_pub/prefix_override:/home/alex/ros2_ws/install/people_pub/lib/python3.10/site-packages:/home/alex/ros2_ws/install/people_msgs/local/lib/python3.10/dist-packages:${PYTHONPATH} /usr/bin/python3 setup.py egg_info --egg-base ../../build/people_pub build --build-base /home/alex/ros2_ws/build/people_pub/build install --record /home/alex/ros2_ws/build/people_pub/install.log --single-version-externally-managed
[1.285s] running egg_info
[1.285s] creating ../../build/people_pub/people_pub.egg-info
[1.285s] writing ../../build/people_pub/people_pub.egg-info/PKG-INFO
[1.286s] writing dependency_links to ../../build/people_pub/people_pub.egg-info/dependency_links.txt
[1.286s] writing entry points to ../../build/people_pub/people_pub.egg-info/entry_points.txt
[1.286s] writing requirements to ../../build/people_pub/people_pub.egg-info/requires.txt
[1.286s] writing top-level names to ../../build/people_pub/people_pub.egg-info/top_level.txt
[1.286s] writing manifest file '../../build/people_pub/people_pub.egg-info/SOURCES.txt'
[1.288s] reading manifest file '../../build/people_pub/people_pub.egg-info/SOURCES.txt'
[1.288s] adding license file 'LICENSE'
[1.289s] writing manifest file '../../build/people_pub/people_pub.egg-info/SOURCES.txt'
[1.289s] running build
[1.289s] running build_py
[1.290s] creating /home/alex/ros2_ws/build/people_pub/build
[1.290s] creating /home/alex/ros2_ws/build/people_pub/build/lib
[1.290s] creating /home/alex/ros2_ws/build/people_pub/build/lib/people_pub
[1.290s] copying people_pub/people_publisher.py -> /home/alex/ros2_ws/build/people_pub/build/lib/people_pub
[1.290s] copying people_pub/__init__.py -> /home/alex/ros2_ws/build/people_pub/build/lib/people_pub
[1.290s] running install
[1.290s] running install_lib
[1.291s] creating /home/alex/ros2_ws/install/people_pub/lib/python3.10/site-packages/people_pub
[1.291s] copying /home/alex/ros2_ws/build/people_pub/build/lib/people_pub/people_publisher.py -> /home/alex/ros2_ws/install/people_pub/lib/python3.10/site-packages/people_pub
[1.291s] copying /home/alex/ros2_ws/build/people_pub/build/lib/people_pub/__init__.py -> /home/alex/ros2_ws/install/people_pub/lib/python3.10/site-packages/people_pub
[1.292s] byte-compiling /home/alex/ros2_ws/install/people_pub/lib/python3.10/site-packages/people_pub/people_publisher.py to people_publisher.cpython-310.pyc
[1.292s] byte-compiling /home/alex/ros2_ws/install/people_pub/lib/python3.10/site-packages/people_pub/__init__.py to __init__.cpython-310.pyc
[1.293s] running install_data
[1.293s] creating /home/alex/ros2_ws/install/people_pub/share/ament_index
[1.294s] creating /home/alex/ros2_ws/install/people_pub/share/ament_index/resource_index
[1.294s] creating /home/alex/ros2_ws/install/people_pub/share/ament_index/resource_index/packages
[1.294s] copying resource/people_pub -> /home/alex/ros2_ws/install/people_pub/share/ament_index/resource_index/packages
[1.294s] copying package.xml -> /home/alex/ros2_ws/install/people_pub/share/people_pub
[1.294s] running install_egg_info
[1.295s] Copying ../../build/people_pub/people_pub.egg-info to /home/alex/ros2_ws/install/people_pub/lib/python3.10/site-packages/people_pub-0.0.0-py3.10.egg-info
[1.297s] running install_scripts
[1.321s] Installing people_publish script to /home/alex/ros2_ws/install/people_pub/lib/people_pub
[1.321s] writing list of installed files to '/home/alex/ros2_ws/build/people_pub/install.log'
[1.354s] Invoked command in '/home/alex/ros2_ws/src/people_pub' returned '0': AMENT_PREFIX_PATH=/home/alex/ros2_ws/install/people_msgs:${AMENT_PREFIX_PATH} CMAKE_PREFIX_PATH=/home/alex/ros2_ws/install/people_msgs LD_LIBRARY_PATH=/home/alex/ros2_ws/install/people_msgs/lib:${LD_LIBRARY_PATH} PYTHONPATH=/home/alex/ros2_ws/build/people_pub/prefix_override:/home/alex/ros2_ws/install/people_pub/lib/python3.10/site-packages:/home/alex/ros2_ws/install/people_msgs/local/lib/python3.10/dist-packages:${PYTHONPATH} /usr/bin/python3 setup.py egg_info --egg-base ../../build/people_pub build --build-base /home/alex/ros2_ws/build/people_pub/build install --record /home/alex/ros2_ws/build/people_pub/install.log --single-version-externally-managed
