[1.078s] DEBUG:colcon:Command line arguments: ['/usr/bin/colcon', 'build']
[1.078s] DEBUG:colcon:Parsed command line arguments: Namespace(log_base=None, log_level=None, verb_name='build', build_base='build', install_base='install', merge_install=False, symlink_install=False, test_result_base=None, continue_on_error=False, executor='parallel', parallel_workers=4, event_handlers=None, ignore_user_meta=False, metas=['./colcon.meta'], base_paths=['.'], packages_ignore=None, packages_ignore_regex=None, paths=None, packages_up_to=None, packages_up_to_regex=None, packages_above=None, packages_above_and_dependencies=None, packages_above_depth=None, packages_select_by_dep=None, packages_skip_by_dep=None, packages_skip_up_to=None, packages_select_build_failed=False, packages_skip_build_finished=False, packages_select_test_failures=False, packages_skip_test_passed=False, packages_select=None, packages_skip=None, packages_select_regex=None, packages_skip_regex=None, packages_start=None, packages_end=None, allow_overriding=[], cmake_args=None, cmake_target=None, cmake_target_skip_unavailable=False, cmake_clean_cache=False, cmake_clean_first=False, cmake_force_configure=False, ament_cmake_args=None, catkin_cmake_args=None, catkin_skip_building_tests=False, verb_parser=<colcon_defaults.argument_parser.defaults.DefaultArgumentsDecorator object at 0x7f05740820b0>, verb_extension=<colcon_core.verb.build.BuildVerb object at 0x7f0574081a20>, main=<bound method BuildVerb.main of <colcon_core.verb.build.BuildVerb object at 0x7f0574081a20>>)
[1.126s] Level 1:colcon.colcon_core.package_discovery:discover_packages(colcon_meta) check parameters
[1.126s] Level 1:colcon.colcon_core.package_discovery:discover_packages(recursive) check parameters
[1.126s] Level 1:colcon.colcon_core.package_discovery:discover_packages(ignore) check parameters
[1.127s] Level 1:colcon.colcon_core.package_discovery:discover_packages(path) check parameters
[1.127s] Level 1:colcon.colcon_core.package_discovery:discover_packages(colcon_meta) discover
[1.127s] Level 1:colcon.colcon_core.package_discovery:discover_packages(recursive) discover
[1.127s] INFO:colcon.colcon_core.package_discovery:Crawling recursively for packages in '/home/alex/ros2_ws'
[1.127s] Level 1:colcon.colcon_core.package_identification:_identify(.) by extensions ['ignore', 'ignore_ament_install']
[1.127s] Level 1:colcon.colcon_core.package_identification:_identify(.) by extension 'ignore'
[1.127s] Level 1:colcon.colcon_core.package_identification:_identify(.) by extension 'ignore_ament_install'
[1.127s] Level 1:colcon.colcon_core.package_identification:_identify(.) by extensions ['colcon_pkg']
[1.127s] Level 1:colcon.colcon_core.package_identification:_identify(.) by extension 'colcon_pkg'
[1.127s] Level 1:colcon.colcon_core.package_identification:_identify(.) by extensions ['colcon_meta']
[1.127s] Level 1:colcon.colcon_core.package_identification:_identify(.) by extension 'colcon_meta'
[1.127s] Level 1:colcon.colcon_core.package_identification:_identify(.) by extensions ['ros']
[1.127s] Level 1:colcon.colcon_core.package_identification:_identify(.) by extension 'ros'
[1.138s] Level 1:colcon.colcon_core.package_identification:_identify(.) by extensions ['cmake', 'python']
[1.138s] Level 1:colcon.colcon_core.package_identification:_identify(.) by extension 'cmake'
[1.138s] Level 1:colcon.colcon_core.package_identification:_identify(.) by extension 'python'
[1.138s] Level 1:colcon.colcon_core.package_identification:_identify(.) by extensions ['python_setup_py']
[1.138s] Level 1:colcon.colcon_core.package_identification:_identify(.) by extension 'python_setup_py'
[1.139s] Level 1:colcon.colcon_core.package_identification:_identify(build) by extensions ['ignore', 'ignore_ament_install']
[1.139s] Level 1:colcon.colcon_core.package_identification:_identify(build) by extension 'ignore'
[1.139s] Level 1:colcon.colcon_core.package_identification:_identify(build) ignored
[1.139s] Level 1:colcon.colcon_core.package_identification:_identify(install) by extensions ['ignore', 'ignore_ament_install']
[1.139s] Level 1:colcon.colcon_core.package_identification:_identify(install) by extension 'ignore'
[1.139s] Level 1:colcon.colcon_core.package_identification:_identify(install) ignored
[1.139s] Level 1:colcon.colcon_core.package_identification:_identify(log) by extensions ['ignore', 'ignore_ament_install']
[1.139s] Level 1:colcon.colcon_core.package_identification:_identify(log) by extension 'ignore'
[1.139s] Level 1:colcon.colcon_core.package_identification:_identify(log) ignored
[1.140s] Level 1:colcon.colcon_core.package_identification:_identify(src) by extensions ['ignore', 'ignore_ament_install']
[1.140s] Level 1:colcon.colcon_core.package_identification:_identify(src) by extension 'ignore'
[1.140s] Level 1:colcon.colcon_core.package_identification:_identify(src) by extension 'ignore_ament_install'
[1.140s] Level 1:colcon.colcon_core.package_identification:_identify(src) by extensions ['colcon_pkg']
[1.140s] Level 1:colcon.colcon_core.package_identification:_identify(src) by extension 'colcon_pkg'
[1.140s] Level 1:colcon.colcon_core.package_identification:_identify(src) by extensions ['colcon_meta']
[1.140s] Level 1:colcon.colcon_core.package_identification:_identify(src) by extension 'colcon_meta'
[1.140s] Level 1:colcon.colcon_core.package_identification:_identify(src) by extensions ['ros']
[1.140s] Level 1:colcon.colcon_core.package_identification:_identify(src) by extension 'ros'
[1.140s] Level 1:colcon.colcon_core.package_identification:_identify(src) by extensions ['cmake', 'python']
[1.140s] Level 1:colcon.colcon_core.package_identification:_identify(src) by extension 'cmake'
[1.140s] Level 1:colcon.colcon_core.package_identification:_identify(src) by extension 'python'
[1.140s] Level 1:colcon.colcon_core.package_identification:_identify(src) by extensions ['python_setup_py']
[1.140s] Level 1:colcon.colcon_core.package_identification:_identify(src) by extension 'python_setup_py'
[1.140s] Level 1:colcon.colcon_core.package_identification:_identify(src/People_msgs) by extensions ['ignore', 'ignore_ament_install']
[1.140s] Level 1:colcon.colcon_core.package_identification:_identify(src/People_msgs) by extension 'ignore'
[1.140s] Level 1:colcon.colcon_core.package_identification:_identify(src/People_msgs) by extension 'ignore_ament_install'
[1.141s] Level 1:colcon.colcon_core.package_identification:_identify(src/People_msgs) by extensions ['colcon_pkg']
[1.141s] Level 1:colcon.colcon_core.package_identification:_identify(src/People_msgs) by extension 'colcon_pkg'
[1.141s] Level 1:colcon.colcon_core.package_identification:_identify(src/People_msgs) by extensions ['colcon_meta']
[1.141s] Level 1:colcon.colcon_core.package_identification:_identify(src/People_msgs) by extension 'colcon_meta'
[1.141s] Level 1:colcon.colcon_core.package_identification:_identify(src/People_msgs) by extensions ['ros']
[1.141s] Level 1:colcon.colcon_core.package_identification:_identify(src/People_msgs) by extension 'ros'
[1.143s] DEBUG:colcon.colcon_core.package_identification:Package 'src/People_msgs' with type 'ros.ament_cmake' and name 'people_msgs'
[1.143s] Level 1:colcon.colcon_core.package_identification:_identify(src/articubot_one) by extensions ['ignore', 'ignore_ament_install']
[1.144s] Level 1:colcon.colcon_core.package_identification:_identify(src/articubot_one) by extension 'ignore'
[1.144s] Level 1:colcon.colcon_core.package_identification:_identify(src/articubot_one) by extension 'ignore_ament_install'
[1.144s] Level 1:colcon.colcon_core.package_identification:_identify(src/articubot_one) by extensions ['colcon_pkg']
[1.144s] Level 1:colcon.colcon_core.package_identification:_identify(src/articubot_one) by extension 'colcon_pkg'
[1.144s] Level 1:colcon.colcon_core.package_identification:_identify(src/articubot_one) by extensions ['colcon_meta']
[1.144s] Level 1:colcon.colcon_core.package_identification:_identify(src/articubot_one) by extension 'colcon_meta'
[1.144s] Level 1:colcon.colcon_core.package_identification:_identify(src/articubot_one) by extensions ['ros']
[1.144s] Level 1:colcon.colcon_core.package_identification:_identify(src/articubot_one) by extension 'ros'
[1.144s] DEBUG:colcon.colcon_core.package_identification:Package 'src/articubot_one' with type 'ros.ament_cmake' and name 'articubot_one'
[1.144s] Level 1:colcon.colcon_core.package_identification:_identify(src/get_state_human) by extensions ['ignore', 'ignore_ament_install']
[1.144s] Level 1:colcon.colcon_core.package_identification:_identify(src/get_state_human) by extension 'ignore'
[1.145s] Level 1:colcon.colcon_core.package_identification:_identify(src/get_state_human) by extension 'ignore_ament_install'
[1.145s] Level 1:colcon.colcon_core.package_identification:_identify(src/get_state_human) by extensions ['colcon_pkg']
[1.145s] Level 1:colcon.colcon_core.package_identification:_identify(src/get_state_human) by extension 'colcon_pkg'
[1.145s] Level 1:colcon.colcon_core.package_identification:_identify(src/get_state_human) by extensions ['colcon_meta']
[1.145s] Level 1:colcon.colcon_core.package_identification:_identify(src/get_state_human) by extension 'colcon_meta'
[1.145s] Level 1:colcon.colcon_core.package_identification:_identify(src/get_state_human) by extensions ['ros']
[1.145s] Level 1:colcon.colcon_core.package_identification:_identify(src/get_state_human) by extension 'ros'
[1.145s] DEBUG:colcon.colcon_core.package_identification:Package 'src/get_state_human' with type 'ros.ament_python' and name 'get_state_human'
[1.145s] Level 1:colcon.colcon_core.package_identification:_identify(src/leg_detector) by extensions ['ignore', 'ignore_ament_install']
[1.145s] Level 1:colcon.colcon_core.package_identification:_identify(src/leg_detector) by extension 'ignore'
[1.145s] Level 1:colcon.colcon_core.package_identification:_identify(src/leg_detector) by extension 'ignore_ament_install'
[1.146s] Level 1:colcon.colcon_core.package_identification:_identify(src/leg_detector) by extensions ['colcon_pkg']
[1.146s] Level 1:colcon.colcon_core.package_identification:_identify(src/leg_detector) by extension 'colcon_pkg'
[1.146s] Level 1:colcon.colcon_core.package_identification:_identify(src/leg_detector) by extensions ['colcon_meta']
[1.146s] Level 1:colcon.colcon_core.package_identification:_identify(src/leg_detector) by extension 'colcon_meta'
[1.146s] Level 1:colcon.colcon_core.package_identification:_identify(src/leg_detector) by extensions ['ros']
[1.146s] Level 1:colcon.colcon_core.package_identification:_identify(src/leg_detector) by extension 'ros'
[1.147s] DEBUG:colcon.colcon_core.package_identification:Package 'src/leg_detector' with type 'ros.ament_cmake' and name 'leg_detector'
[1.147s] Level 1:colcon.colcon_core.package_identification:_identify(src/leg_detector_msgs) by extensions ['ignore', 'ignore_ament_install']
[1.147s] Level 1:colcon.colcon_core.package_identification:_identify(src/leg_detector_msgs) by extension 'ignore'
[1.147s] Level 1:colcon.colcon_core.package_identification:_identify(src/leg_detector_msgs) by extension 'ignore_ament_install'
[1.147s] Level 1:colcon.colcon_core.package_identification:_identify(src/leg_detector_msgs) by extensions ['colcon_pkg']
[1.147s] Level 1:colcon.colcon_core.package_identification:_identify(src/leg_detector_msgs) by extension 'colcon_pkg'
[1.147s] Level 1:colcon.colcon_core.package_identification:_identify(src/leg_detector_msgs) by extensions ['colcon_meta']
[1.147s] Level 1:colcon.colcon_core.package_identification:_identify(src/leg_detector_msgs) by extension 'colcon_meta'
[1.147s] Level 1:colcon.colcon_core.package_identification:_identify(src/leg_detector_msgs) by extensions ['ros']
[1.147s] Level 1:colcon.colcon_core.package_identification:_identify(src/leg_detector_msgs) by extension 'ros'
[1.149s] DEBUG:colcon.colcon_core.package_identification:Package 'src/leg_detector_msgs' with type 'ros.ament_cmake' and name 'leg_detector_msgs'
[1.149s] Level 1:colcon.colcon_core.package_identification:_identify(src/nav2_social_costmap_plugin) by extensions ['ignore', 'ignore_ament_install']
[1.149s] Level 1:colcon.colcon_core.package_identification:_identify(src/nav2_social_costmap_plugin) by extension 'ignore'
[1.149s] Level 1:colcon.colcon_core.package_identification:_identify(src/nav2_social_costmap_plugin) by extension 'ignore_ament_install'
[1.149s] Level 1:colcon.colcon_core.package_identification:_identify(src/nav2_social_costmap_plugin) by extensions ['colcon_pkg']
[1.149s] Level 1:colcon.colcon_core.package_identification:_identify(src/nav2_social_costmap_plugin) by extension 'colcon_pkg'
[1.149s] Level 1:colcon.colcon_core.package_identification:_identify(src/nav2_social_costmap_plugin) by extensions ['colcon_meta']
[1.149s] Level 1:colcon.colcon_core.package_identification:_identify(src/nav2_social_costmap_plugin) by extension 'colcon_meta'
[1.149s] Level 1:colcon.colcon_core.package_identification:_identify(src/nav2_social_costmap_plugin) by extensions ['ros']
[1.149s] Level 1:colcon.colcon_core.package_identification:_identify(src/nav2_social_costmap_plugin) by extension 'ros'
[1.150s] DEBUG:colcon.colcon_core.package_identification:Package 'src/nav2_social_costmap_plugin' with type 'ros.ament_cmake' and name 'nav2_social_costmap_plugin'
[1.150s] Level 1:colcon.colcon_core.package_identification:_identify(src/people_pub) by extensions ['ignore', 'ignore_ament_install']
[1.150s] Level 1:colcon.colcon_core.package_identification:_identify(src/people_pub) by extension 'ignore'
[1.150s] Level 1:colcon.colcon_core.package_identification:_identify(src/people_pub) by extension 'ignore_ament_install'
[1.151s] Level 1:colcon.colcon_core.package_identification:_identify(src/people_pub) by extensions ['colcon_pkg']
[1.151s] Level 1:colcon.colcon_core.package_identification:_identify(src/people_pub) by extension 'colcon_pkg'
[1.151s] Level 1:colcon.colcon_core.package_identification:_identify(src/people_pub) by extensions ['colcon_meta']
[1.151s] Level 1:colcon.colcon_core.package_identification:_identify(src/people_pub) by extension 'colcon_meta'
[1.151s] Level 1:colcon.colcon_core.package_identification:_identify(src/people_pub) by extensions ['ros']
[1.151s] Level 1:colcon.colcon_core.package_identification:_identify(src/people_pub) by extension 'ros'
[1.151s] DEBUG:colcon.colcon_core.package_identification:Package 'src/people_pub' with type 'ros.ament_python' and name 'people_pub'
[1.152s] Level 1:colcon.colcon_core.package_discovery:discover_packages(recursive) using defaults
[1.152s] Level 1:colcon.colcon_core.package_discovery:discover_packages(ignore) discover
[1.152s] Level 1:colcon.colcon_core.package_discovery:discover_packages(ignore) using defaults
[1.152s] Level 1:colcon.colcon_core.package_discovery:discover_packages(path) discover
[1.152s] Level 1:colcon.colcon_core.package_discovery:discover_packages(path) using defaults
[1.249s] Level 1:colcon.colcon_core.package_discovery:discover_packages(prefix_path) check parameters
[1.249s] Level 1:colcon.colcon_core.package_discovery:discover_packages(prefix_path) discover
[1.282s] DEBUG:colcon.colcon_installed_package_information.package_discovery:Found 7 installed packages in /home/alex/ros2_ws/install
[1.300s] DEBUG:colcon.colcon_installed_package_information.package_discovery:Found 387 installed packages in /opt/ros/humble
[1.301s] Level 1:colcon.colcon_core.package_discovery:discover_packages(prefix_path) using defaults
[1.422s] Level 5:colcon.colcon_core.verb:set package 'articubot_one' build argument 'cmake_args' from command line to 'None'
[1.422s] Level 5:colcon.colcon_core.verb:set package 'articubot_one' build argument 'cmake_target' from command line to 'None'
[1.422s] Level 5:colcon.colcon_core.verb:set package 'articubot_one' build argument 'cmake_target_skip_unavailable' from command line to 'False'
[1.422s] Level 5:colcon.colcon_core.verb:set package 'articubot_one' build argument 'cmake_clean_cache' from command line to 'False'
[1.422s] Level 5:colcon.colcon_core.verb:set package 'articubot_one' build argument 'cmake_clean_first' from command line to 'False'
[1.422s] Level 5:colcon.colcon_core.verb:set package 'articubot_one' build argument 'cmake_force_configure' from command line to 'False'
[1.422s] Level 5:colcon.colcon_core.verb:set package 'articubot_one' build argument 'ament_cmake_args' from command line to 'None'
[1.423s] Level 5:colcon.colcon_core.verb:set package 'articubot_one' build argument 'catkin_cmake_args' from command line to 'None'
[1.423s] Level 5:colcon.colcon_core.verb:set package 'articubot_one' build argument 'catkin_skip_building_tests' from command line to 'False'
[1.423s] DEBUG:colcon.colcon_core.verb:Building package 'articubot_one' with the following arguments: {'ament_cmake_args': None, 'build_base': '/home/alex/ros2_ws/build/articubot_one', 'catkin_cmake_args': None, 'catkin_skip_building_tests': False, 'cmake_args': None, 'cmake_clean_cache': False, 'cmake_clean_first': False, 'cmake_force_configure': False, 'cmake_target': None, 'cmake_target_skip_unavailable': False, 'install_base': '/home/alex/ros2_ws/install/articubot_one', 'merge_install': False, 'path': '/home/alex/ros2_ws/src/articubot_one', 'symlink_install': False, 'test_result_base': None}
[1.438s] Level 5:colcon.colcon_core.verb:set package 'get_state_human' build argument 'cmake_args' from command line to 'None'
[1.438s] Level 5:colcon.colcon_core.verb:set package 'get_state_human' build argument 'cmake_target' from command line to 'None'
[1.438s] Level 5:colcon.colcon_core.verb:set package 'get_state_human' build argument 'cmake_target_skip_unavailable' from command line to 'False'
[1.438s] Level 5:colcon.colcon_core.verb:set package 'get_state_human' build argument 'cmake_clean_cache' from command line to 'False'
[1.438s] Level 5:colcon.colcon_core.verb:set package 'get_state_human' build argument 'cmake_clean_first' from command line to 'False'
[1.438s] Level 5:colcon.colcon_core.verb:set package 'get_state_human' build argument 'cmake_force_configure' from command line to 'False'
[1.438s] Level 5:colcon.colcon_core.verb:set package 'get_state_human' build argument 'ament_cmake_args' from command line to 'None'
[1.438s] Level 5:colcon.colcon_core.verb:set package 'get_state_human' build argument 'catkin_cmake_args' from command line to 'None'
[1.438s] Level 5:colcon.colcon_core.verb:set package 'get_state_human' build argument 'catkin_skip_building_tests' from command line to 'False'
[1.438s] DEBUG:colcon.colcon_core.verb:Building package 'get_state_human' with the following arguments: {'ament_cmake_args': None, 'build_base': '/home/alex/ros2_ws/build/get_state_human', 'catkin_cmake_args': None, 'catkin_skip_building_tests': False, 'cmake_args': None, 'cmake_clean_cache': False, 'cmake_clean_first': False, 'cmake_force_configure': False, 'cmake_target': None, 'cmake_target_skip_unavailable': False, 'install_base': '/home/alex/ros2_ws/install/get_state_human', 'merge_install': False, 'path': '/home/alex/ros2_ws/src/get_state_human', 'symlink_install': False, 'test_result_base': None}
[1.454s] Level 5:colcon.colcon_core.verb:set package 'leg_detector_msgs' build argument 'cmake_args' from command line to 'None'
[1.454s] Level 5:colcon.colcon_core.verb:set package 'leg_detector_msgs' build argument 'cmake_target' from command line to 'None'
[1.454s] Level 5:colcon.colcon_core.verb:set package 'leg_detector_msgs' build argument 'cmake_target_skip_unavailable' from command line to 'False'
[1.454s] Level 5:colcon.colcon_core.verb:set package 'leg_detector_msgs' build argument 'cmake_clean_cache' from command line to 'False'
[1.454s] Level 5:colcon.colcon_core.verb:set package 'leg_detector_msgs' build argument 'cmake_clean_first' from command line to 'False'
[1.454s] Level 5:colcon.colcon_core.verb:set package 'leg_detector_msgs' build argument 'cmake_force_configure' from command line to 'False'
[1.454s] Level 5:colcon.colcon_core.verb:set package 'leg_detector_msgs' build argument 'ament_cmake_args' from command line to 'None'
[1.455s] Level 5:colcon.colcon_core.verb:set package 'leg_detector_msgs' build argument 'catkin_cmake_args' from command line to 'None'
[1.455s] Level 5:colcon.colcon_core.verb:set package 'leg_detector_msgs' build argument 'catkin_skip_building_tests' from command line to 'False'
[1.455s] DEBUG:colcon.colcon_core.verb:Building package 'leg_detector_msgs' with the following arguments: {'ament_cmake_args': None, 'build_base': '/home/alex/ros2_ws/build/leg_detector_msgs', 'catkin_cmake_args': None, 'catkin_skip_building_tests': False, 'cmake_args': None, 'cmake_clean_cache': False, 'cmake_clean_first': False, 'cmake_force_configure': False, 'cmake_target': None, 'cmake_target_skip_unavailable': False, 'install_base': '/home/alex/ros2_ws/install/leg_detector_msgs', 'merge_install': False, 'path': '/home/alex/ros2_ws/src/leg_detector_msgs', 'symlink_install': False, 'test_result_base': None}
[1.470s] Level 5:colcon.colcon_core.verb:set package 'people_msgs' build argument 'cmake_args' from command line to 'None'
[1.470s] Level 5:colcon.colcon_core.verb:set package 'people_msgs' build argument 'cmake_target' from command line to 'None'
[1.470s] Level 5:colcon.colcon_core.verb:set package 'people_msgs' build argument 'cmake_target_skip_unavailable' from command line to 'False'
[1.471s] Level 5:colcon.colcon_core.verb:set package 'people_msgs' build argument 'cmake_clean_cache' from command line to 'False'
[1.471s] Level 5:colcon.colcon_core.verb:set package 'people_msgs' build argument 'cmake_clean_first' from command line to 'False'
[1.471s] Level 5:colcon.colcon_core.verb:set package 'people_msgs' build argument 'cmake_force_configure' from command line to 'False'
[1.471s] Level 5:colcon.colcon_core.verb:set package 'people_msgs' build argument 'ament_cmake_args' from command line to 'None'
[1.471s] Level 5:colcon.colcon_core.verb:set package 'people_msgs' build argument 'catkin_cmake_args' from command line to 'None'
[1.471s] Level 5:colcon.colcon_core.verb:set package 'people_msgs' build argument 'catkin_skip_building_tests' from command line to 'False'
[1.471s] DEBUG:colcon.colcon_core.verb:Building package 'people_msgs' with the following arguments: {'ament_cmake_args': None, 'build_base': '/home/alex/ros2_ws/build/people_msgs', 'catkin_cmake_args': None, 'catkin_skip_building_tests': False, 'cmake_args': None, 'cmake_clean_cache': False, 'cmake_clean_first': False, 'cmake_force_configure': False, 'cmake_target': None, 'cmake_target_skip_unavailable': False, 'install_base': '/home/alex/ros2_ws/install/people_msgs', 'merge_install': False, 'path': '/home/alex/ros2_ws/src/People_msgs', 'symlink_install': False, 'test_result_base': None}
[1.486s] Level 5:colcon.colcon_core.verb:set package 'leg_detector' build argument 'cmake_args' from command line to 'None'
[1.487s] Level 5:colcon.colcon_core.verb:set package 'leg_detector' build argument 'cmake_target' from command line to 'None'
[1.487s] Level 5:colcon.colcon_core.verb:set package 'leg_detector' build argument 'cmake_target_skip_unavailable' from command line to 'False'
[1.487s] Level 5:colcon.colcon_core.verb:set package 'leg_detector' build argument 'cmake_clean_cache' from command line to 'False'
[1.487s] Level 5:colcon.colcon_core.verb:set package 'leg_detector' build argument 'cmake_clean_first' from command line to 'False'
[1.487s] Level 5:colcon.colcon_core.verb:set package 'leg_detector' build argument 'cmake_force_configure' from command line to 'False'
[1.487s] Level 5:colcon.colcon_core.verb:set package 'leg_detector' build argument 'ament_cmake_args' from command line to 'None'
[1.487s] Level 5:colcon.colcon_core.verb:set package 'leg_detector' build argument 'catkin_cmake_args' from command line to 'None'
[1.487s] Level 5:colcon.colcon_core.verb:set package 'leg_detector' build argument 'catkin_skip_building_tests' from command line to 'False'
[1.487s] DEBUG:colcon.colcon_core.verb:Building package 'leg_detector' with the following arguments: {'ament_cmake_args': None, 'build_base': '/home/alex/ros2_ws/build/leg_detector', 'catkin_cmake_args': None, 'catkin_skip_building_tests': False, 'cmake_args': None, 'cmake_clean_cache': False, 'cmake_clean_first': False, 'cmake_force_configure': False, 'cmake_target': None, 'cmake_target_skip_unavailable': False, 'install_base': '/home/alex/ros2_ws/install/leg_detector', 'merge_install': False, 'path': '/home/alex/ros2_ws/src/leg_detector', 'symlink_install': False, 'test_result_base': None}
[1.502s] Level 5:colcon.colcon_core.verb:set package 'nav2_social_costmap_plugin' build argument 'cmake_args' from command line to 'None'
[1.502s] Level 5:colcon.colcon_core.verb:set package 'nav2_social_costmap_plugin' build argument 'cmake_target' from command line to 'None'
[1.502s] Level 5:colcon.colcon_core.verb:set package 'nav2_social_costmap_plugin' build argument 'cmake_target_skip_unavailable' from command line to 'False'
[1.502s] Level 5:colcon.colcon_core.verb:set package 'nav2_social_costmap_plugin' build argument 'cmake_clean_cache' from command line to 'False'
[1.502s] Level 5:colcon.colcon_core.verb:set package 'nav2_social_costmap_plugin' build argument 'cmake_clean_first' from command line to 'False'
[1.502s] Level 5:colcon.colcon_core.verb:set package 'nav2_social_costmap_plugin' build argument 'cmake_force_configure' from command line to 'False'
[1.502s] Level 5:colcon.colcon_core.verb:set package 'nav2_social_costmap_plugin' build argument 'ament_cmake_args' from command line to 'None'
[1.503s] Level 5:colcon.colcon_core.verb:set package 'nav2_social_costmap_plugin' build argument 'catkin_cmake_args' from command line to 'None'
[1.503s] Level 5:colcon.colcon_core.verb:set package 'nav2_social_costmap_plugin' build argument 'catkin_skip_building_tests' from command line to 'False'
[1.503s] DEBUG:colcon.colcon_core.verb:Building package 'nav2_social_costmap_plugin' with the following arguments: {'ament_cmake_args': None, 'build_base': '/home/alex/ros2_ws/build/nav2_social_costmap_plugin', 'catkin_cmake_args': None, 'catkin_skip_building_tests': False, 'cmake_args': None, 'cmake_clean_cache': False, 'cmake_clean_first': False, 'cmake_force_configure': False, 'cmake_target': None, 'cmake_target_skip_unavailable': False, 'install_base': '/home/alex/ros2_ws/install/nav2_social_costmap_plugin', 'merge_install': False, 'path': '/home/alex/ros2_ws/src/nav2_social_costmap_plugin', 'symlink_install': False, 'test_result_base': None}
[1.518s] Level 5:colcon.colcon_core.verb:set package 'people_pub' build argument 'cmake_args' from command line to 'None'
[1.518s] Level 5:colcon.colcon_core.verb:set package 'people_pub' build argument 'cmake_target' from command line to 'None'
[1.518s] Level 5:colcon.colcon_core.verb:set package 'people_pub' build argument 'cmake_target_skip_unavailable' from command line to 'False'
[1.518s] Level 5:colcon.colcon_core.verb:set package 'people_pub' build argument 'cmake_clean_cache' from command line to 'False'
[1.518s] Level 5:colcon.colcon_core.verb:set package 'people_pub' build argument 'cmake_clean_first' from command line to 'False'
[1.518s] Level 5:colcon.colcon_core.verb:set package 'people_pub' build argument 'cmake_force_configure' from command line to 'False'
[1.518s] Level 5:colcon.colcon_core.verb:set package 'people_pub' build argument 'ament_cmake_args' from command line to 'None'
[1.518s] Level 5:colcon.colcon_core.verb:set package 'people_pub' build argument 'catkin_cmake_args' from command line to 'None'
[1.518s] Level 5:colcon.colcon_core.verb:set package 'people_pub' build argument 'catkin_skip_building_tests' from command line to 'False'
[1.518s] DEBUG:colcon.colcon_core.verb:Building package 'people_pub' with the following arguments: {'ament_cmake_args': None, 'build_base': '/home/alex/ros2_ws/build/people_pub', 'catkin_cmake_args': None, 'catkin_skip_building_tests': False, 'cmake_args': None, 'cmake_clean_cache': False, 'cmake_clean_first': False, 'cmake_force_configure': False, 'cmake_target': None, 'cmake_target_skip_unavailable': False, 'install_base': '/home/alex/ros2_ws/install/people_pub', 'merge_install': False, 'path': '/home/alex/ros2_ws/src/people_pub', 'symlink_install': False, 'test_result_base': None}
[1.534s] INFO:colcon.colcon_core.executor:Executing jobs using 'parallel' executor
[1.550s] DEBUG:colcon.colcon_parallel_executor.executor.parallel:run_until_complete
[1.550s] INFO:colcon.colcon_ros.task.ament_cmake.build:Building ROS package in '/home/alex/ros2_ws/src/leg_detector_msgs' with build type 'ament_cmake'
[1.550s] INFO:colcon.colcon_cmake.task.cmake.build:Building CMake package in '/home/alex/ros2_ws/src/leg_detector_msgs'
[1.571s] INFO:colcon.colcon_core.plugin_system:Skipping extension 'colcon_core.shell.bat': Not used on non-Windows systems
[1.571s] INFO:colcon.colcon_core.shell:Skip shell extension 'powershell' for command environment: Not usable outside of PowerShell
[1.571s] DEBUG:colcon.colcon_core.shell:Skip shell extension 'dsv' for command environment
[1.623s] INFO:colcon.colcon_ros.task.ament_cmake.build:Building ROS package in '/home/alex/ros2_ws/src/People_msgs' with build type 'ament_cmake'
[1.623s] INFO:colcon.colcon_cmake.task.cmake.build:Building CMake package in '/home/alex/ros2_ws/src/People_msgs'
[1.642s] INFO:colcon.colcon_core.shell:Skip shell extension 'powershell' for command environment: Not usable outside of PowerShell
[1.642s] DEBUG:colcon.colcon_core.shell:Skip shell extension 'dsv' for command environment
[1.697s] INFO:colcon.colcon_ros.task.ament_cmake.build:Building ROS package in '/home/alex/ros2_ws/src/articubot_one' with build type 'ament_cmake'
[1.697s] INFO:colcon.colcon_cmake.task.cmake.build:Building CMake package in '/home/alex/ros2_ws/src/articubot_one'
[1.715s] INFO:colcon.colcon_core.shell:Skip shell extension 'powershell' for command environment: Not usable outside of PowerShell
[1.715s] DEBUG:colcon.colcon_core.shell:Skip shell extension 'dsv' for command environment
[1.768s] INFO:colcon.colcon_ros.task.ament_python.build:Building ROS package in '/home/alex/ros2_ws/src/get_state_human' with build type 'ament_python'
[1.768s] Level 1:colcon.colcon_core.shell:create_environment_hook('get_state_human', 'ament_prefix_path')
[1.787s] INFO:colcon.colcon_core.shell:Creating environment hook '/home/alex/ros2_ws/install/get_state_human/share/get_state_human/hook/ament_prefix_path.ps1'
[1.788s] INFO:colcon.colcon_core.shell:Creating environment descriptor '/home/alex/ros2_ws/install/get_state_human/share/get_state_human/hook/ament_prefix_path.dsv'
[1.788s] INFO:colcon.colcon_core.shell:Creating environment hook '/home/alex/ros2_ws/install/get_state_human/share/get_state_human/hook/ament_prefix_path.sh'
[1.805s] INFO:colcon.colcon_core.shell:Skip shell extension 'powershell' for command environment: Not usable outside of PowerShell
[1.805s] DEBUG:colcon.colcon_core.shell:Skip shell extension 'dsv' for command environment
[1.880s] DEBUG:colcon.colcon_core.event_handler.log_command:Invoking command in '/home/alex/ros2_ws/build/leg_detector_msgs': CMAKE_PREFIX_PATH=${CMAKE_PREFIX_PATH}:/home/alex/ros2_ws/install/people_pub:/home/alex/ros2_ws/install/get_state_human:/opt/ros/humble /usr/bin/cmake --build /home/alex/ros2_ws/build/leg_detector_msgs -- -j4 -l4
[1.884s] DEBUG:colcon.colcon_core.event_handler.log_command:Invoking command in '/home/alex/ros2_ws/build/people_msgs': CMAKE_PREFIX_PATH=${CMAKE_PREFIX_PATH}:/home/alex/ros2_ws/install/people_pub:/home/alex/ros2_ws/install/get_state_human:/opt/ros/humble /usr/bin/cmake --build /home/alex/ros2_ws/build/people_msgs -- -j4 -l4
[1.887s] DEBUG:colcon.colcon_core.event_handler.log_command:Invoking command in '/home/alex/ros2_ws/build/articubot_one': CMAKE_PREFIX_PATH=${CMAKE_PREFIX_PATH}:/home/alex/ros2_ws/install/people_pub:/home/alex/ros2_ws/install/get_state_human:/opt/ros/humble /usr/bin/cmake --build /home/alex/ros2_ws/build/articubot_one -- -j4 -l4
[2.275s] INFO:colcon.colcon_core.task.python.build:Building Python package in '/home/alex/ros2_ws/src/get_state_human'
[2.297s] INFO:colcon.colcon_core.shell:Skip shell extension 'powershell' for command environment: Not usable outside of PowerShell
[2.298s] DEBUG:colcon.colcon_core.shell:Skip shell extension 'dsv' for command environment
[2.390s] DEBUG:colcon.colcon_core.event_handler.log_command:Invoked command in '/home/alex/ros2_ws/build/articubot_one' returned '0': CMAKE_PREFIX_PATH=${CMAKE_PREFIX_PATH}:/home/alex/ros2_ws/install/people_pub:/home/alex/ros2_ws/install/get_state_human:/opt/ros/humble /usr/bin/cmake --build /home/alex/ros2_ws/build/articubot_one -- -j4 -l4
[2.433s] DEBUG:colcon.colcon_core.event_handler.log_command:Invoking command in '/home/alex/ros2_ws/build/articubot_one': CMAKE_PREFIX_PATH=${CMAKE_PREFIX_PATH}:/home/alex/ros2_ws/install/people_pub:/home/alex/ros2_ws/install/get_state_human:/opt/ros/humble /usr/bin/cmake --install /home/alex/ros2_ws/build/articubot_one
[2.448s] Level 1:colcon.colcon_core.environment:create_environment_scripts_only(articubot_one)
[2.450s] DEBUG:colcon.colcon_core.event_handler.log_command:Invoked command in '/home/alex/ros2_ws/build/articubot_one' returned '0': CMAKE_PREFIX_PATH=${CMAKE_PREFIX_PATH}:/home/alex/ros2_ws/install/people_pub:/home/alex/ros2_ws/install/get_state_human:/opt/ros/humble /usr/bin/cmake --install /home/alex/ros2_ws/build/articubot_one
[2.472s] Level 1:colcon.colcon_core.environment:checking '/home/alex/ros2_ws/install/articubot_one' for CMake module files
[2.472s] Level 1:colcon.colcon_core.environment:checking '/home/alex/ros2_ws/install/articubot_one' for CMake config files
[2.473s] Level 1:colcon.colcon_core.shell:create_environment_hook('articubot_one', 'cmake_prefix_path')
[2.492s] INFO:colcon.colcon_core.shell:Creating environment hook '/home/alex/ros2_ws/install/articubot_one/share/articubot_one/hook/cmake_prefix_path.ps1'
[2.493s] INFO:colcon.colcon_core.shell:Creating environment descriptor '/home/alex/ros2_ws/install/articubot_one/share/articubot_one/hook/cmake_prefix_path.dsv'
[2.493s] INFO:colcon.colcon_core.shell:Creating environment hook '/home/alex/ros2_ws/install/articubot_one/share/articubot_one/hook/cmake_prefix_path.sh'
[2.494s] Level 1:colcon.colcon_core.environment:checking '/home/alex/ros2_ws/install/articubot_one/bin'
[2.494s] Level 1:colcon.colcon_core.environment:checking '/home/alex/ros2_ws/install/articubot_one/lib/pkgconfig/articubot_one.pc'
[2.494s] Level 1:colcon.colcon_core.environment:checking '/home/alex/ros2_ws/install/articubot_one/lib/python3.10/site-packages'
[2.494s] Level 1:colcon.colcon_core.environment:checking '/home/alex/ros2_ws/install/articubot_one/bin'
[2.512s] INFO:colcon.colcon_core.shell:Creating package script '/home/alex/ros2_ws/install/articubot_one/share/articubot_one/package.ps1'
[2.513s] INFO:colcon.colcon_core.shell:Creating package descriptor '/home/alex/ros2_ws/install/articubot_one/share/articubot_one/package.dsv'
[2.513s] INFO:colcon.colcon_core.shell:Creating package script '/home/alex/ros2_ws/install/articubot_one/share/articubot_one/package.sh'
[2.514s] INFO:colcon.colcon_core.shell:Creating package script '/home/alex/ros2_ws/install/articubot_one/share/articubot_one/package.bash'
[2.515s] INFO:colcon.colcon_core.shell:Creating package script '/home/alex/ros2_ws/install/articubot_one/share/articubot_one/package.zsh'
[2.515s] Level 1:colcon.colcon_core.environment:create_file_with_runtime_dependencies(/home/alex/ros2_ws/install/articubot_one/share/colcon-core/packages/articubot_one)
[2.517s] DEBUG:colcon.colcon_core.event_handler.log_command:Invoked command in '/home/alex/ros2_ws/build/people_msgs' returned '0': CMAKE_PREFIX_PATH=${CMAKE_PREFIX_PATH}:/home/alex/ros2_ws/install/people_pub:/home/alex/ros2_ws/install/get_state_human:/opt/ros/humble /usr/bin/cmake --build /home/alex/ros2_ws/build/people_msgs -- -j4 -l4
[2.527s] DEBUG:colcon.colcon_core.event_handler.log_command:Invoked command in '/home/alex/ros2_ws/build/leg_detector_msgs' returned '0': CMAKE_PREFIX_PATH=${CMAKE_PREFIX_PATH}:/home/alex/ros2_ws/install/people_pub:/home/alex/ros2_ws/install/get_state_human:/opt/ros/humble /usr/bin/cmake --build /home/alex/ros2_ws/build/leg_detector_msgs -- -j4 -l4
[2.562s] Level 1:colcon.colcon_core.environment:create_environment_scripts_only(articubot_one)
[2.580s] Level 1:colcon.colcon_core.environment:checking '/home/alex/ros2_ws/install/articubot_one' for CMake module files
[2.581s] Level 1:colcon.colcon_core.environment:checking '/home/alex/ros2_ws/install/articubot_one' for CMake config files
[2.581s] Level 1:colcon.colcon_core.shell:create_environment_hook('articubot_one', 'cmake_prefix_path')
[2.599s] INFO:colcon.colcon_core.shell:Creating environment hook '/home/alex/ros2_ws/install/articubot_one/share/articubot_one/hook/cmake_prefix_path.ps1'
[2.600s] INFO:colcon.colcon_core.shell:Creating environment descriptor '/home/alex/ros2_ws/install/articubot_one/share/articubot_one/hook/cmake_prefix_path.dsv'
[2.600s] INFO:colcon.colcon_core.shell:Creating environment hook '/home/alex/ros2_ws/install/articubot_one/share/articubot_one/hook/cmake_prefix_path.sh'
[2.600s] Level 1:colcon.colcon_core.environment:checking '/home/alex/ros2_ws/install/articubot_one/bin'
[2.601s] Level 1:colcon.colcon_core.environment:checking '/home/alex/ros2_ws/install/articubot_one/lib/pkgconfig/articubot_one.pc'
[2.601s] Level 1:colcon.colcon_core.environment:checking '/home/alex/ros2_ws/install/articubot_one/lib/python3.10/site-packages'
[2.601s] Level 1:colcon.colcon_core.environment:checking '/home/alex/ros2_ws/install/articubot_one/bin'
[2.619s] INFO:colcon.colcon_core.shell:Creating package script '/home/alex/ros2_ws/install/articubot_one/share/articubot_one/package.ps1'
[2.620s] INFO:colcon.colcon_core.shell:Creating package descriptor '/home/alex/ros2_ws/install/articubot_one/share/articubot_one/package.dsv'
[2.620s] INFO:colcon.colcon_core.shell:Creating package script '/home/alex/ros2_ws/install/articubot_one/share/articubot_one/package.sh'
[2.621s] INFO:colcon.colcon_core.shell:Creating package script '/home/alex/ros2_ws/install/articubot_one/share/articubot_one/package.bash'
[2.621s] INFO:colcon.colcon_core.shell:Creating package script '/home/alex/ros2_ws/install/articubot_one/share/articubot_one/package.zsh'
[2.621s] Level 1:colcon.colcon_core.environment:create_file_with_runtime_dependencies(/home/alex/ros2_ws/install/articubot_one/share/colcon-core/packages/articubot_one)
[2.688s] DEBUG:colcon.colcon_core.event_handler.log_command:Invoking command in '/home/alex/ros2_ws/build/leg_detector_msgs': CMAKE_PREFIX_PATH=${CMAKE_PREFIX_PATH}:/home/alex/ros2_ws/install/people_pub:/home/alex/ros2_ws/install/get_state_human:/opt/ros/humble /usr/bin/cmake --install /home/alex/ros2_ws/build/leg_detector_msgs
[2.706s] DEBUG:colcon.colcon_core.event_handler.log_command:Invoking command in '/home/alex/ros2_ws/build/people_msgs': CMAKE_PREFIX_PATH=${CMAKE_PREFIX_PATH}:/home/alex/ros2_ws/install/people_pub:/home/alex/ros2_ws/install/get_state_human:/opt/ros/humble /usr/bin/cmake --install /home/alex/ros2_ws/build/people_msgs
[2.770s] Level 1:colcon.colcon_core.environment:create_environment_scripts_only(leg_detector_msgs)
[2.786s] DEBUG:colcon.colcon_core.event_handler.log_command:Invoked command in '/home/alex/ros2_ws/build/leg_detector_msgs' returned '0': CMAKE_PREFIX_PATH=${CMAKE_PREFIX_PATH}:/home/alex/ros2_ws/install/people_pub:/home/alex/ros2_ws/install/get_state_human:/opt/ros/humble /usr/bin/cmake --install /home/alex/ros2_ws/build/leg_detector_msgs
[2.799s] Level 1:colcon.colcon_core.environment:checking '/home/alex/ros2_ws/install/leg_detector_msgs' for CMake module files
[2.799s] Level 1:colcon.colcon_core.environment:checking '/home/alex/ros2_ws/install/leg_detector_msgs' for CMake config files
[2.800s] Level 1:colcon.colcon_core.shell:create_environment_hook('leg_detector_msgs', 'cmake_prefix_path')
[2.821s] INFO:colcon.colcon_core.shell:Creating environment hook '/home/alex/ros2_ws/install/leg_detector_msgs/share/leg_detector_msgs/hook/cmake_prefix_path.ps1'
[2.821s] INFO:colcon.colcon_core.shell:Creating environment descriptor '/home/alex/ros2_ws/install/leg_detector_msgs/share/leg_detector_msgs/hook/cmake_prefix_path.dsv'
[2.822s] INFO:colcon.colcon_core.shell:Creating environment hook '/home/alex/ros2_ws/install/leg_detector_msgs/share/leg_detector_msgs/hook/cmake_prefix_path.sh'
[2.823s] Level 1:colcon.colcon_core.environment:checking '/home/alex/ros2_ws/install/leg_detector_msgs/lib'
[2.823s] Level 1:colcon.colcon_core.shell:create_environment_hook('leg_detector_msgs', 'ld_library_path_lib')
[2.845s] INFO:colcon.colcon_core.shell:Creating environment hook '/home/alex/ros2_ws/install/leg_detector_msgs/share/leg_detector_msgs/hook/ld_library_path_lib.ps1'
[2.846s] INFO:colcon.colcon_core.shell:Creating environment descriptor '/home/alex/ros2_ws/install/leg_detector_msgs/share/leg_detector_msgs/hook/ld_library_path_lib.dsv'
[2.846s] INFO:colcon.colcon_core.shell:Creating environment hook '/home/alex/ros2_ws/install/leg_detector_msgs/share/leg_detector_msgs/hook/ld_library_path_lib.sh'
[2.846s] Level 1:colcon.colcon_core.environment:checking '/home/alex/ros2_ws/install/leg_detector_msgs/bin'
[2.847s] Level 1:colcon.colcon_core.environment:checking '/home/alex/ros2_ws/install/leg_detector_msgs/lib/pkgconfig/leg_detector_msgs.pc'
[2.847s] Level 1:colcon.colcon_core.environment:checking '/home/alex/ros2_ws/install/leg_detector_msgs/lib/python3.10/site-packages'
[2.847s] Level 1:colcon.colcon_core.environment:checking '/home/alex/ros2_ws/install/leg_detector_msgs/bin'
[2.869s] INFO:colcon.colcon_core.shell:Creating package script '/home/alex/ros2_ws/install/leg_detector_msgs/share/leg_detector_msgs/package.ps1'
[2.870s] INFO:colcon.colcon_core.shell:Creating package descriptor '/home/alex/ros2_ws/install/leg_detector_msgs/share/leg_detector_msgs/package.dsv'
[2.871s] INFO:colcon.colcon_core.shell:Creating package script '/home/alex/ros2_ws/install/leg_detector_msgs/share/leg_detector_msgs/package.sh'
[2.871s] INFO:colcon.colcon_core.shell:Creating package script '/home/alex/ros2_ws/install/leg_detector_msgs/share/leg_detector_msgs/package.bash'
[2.871s] INFO:colcon.colcon_core.shell:Creating package script '/home/alex/ros2_ws/install/leg_detector_msgs/share/leg_detector_msgs/package.zsh'
[2.872s] Level 1:colcon.colcon_core.environment:create_file_with_runtime_dependencies(/home/alex/ros2_ws/install/leg_detector_msgs/share/colcon-core/packages/leg_detector_msgs)
[2.876s] Level 1:colcon.colcon_core.environment:create_environment_scripts_only(people_msgs)
[2.877s] DEBUG:colcon.colcon_core.event_handler.log_command:Invoking command in '/home/alex/ros2_ws/src/get_state_human': PYTHONPATH=/home/alex/ros2_ws/build/get_state_human/prefix_override:/home/alex/ros2_ws/install/get_state_human/lib/python3.10/site-packages:${PYTHONPATH} /usr/bin/python3 setup.py egg_info --egg-base ../../build/get_state_human build --build-base /home/alex/ros2_ws/build/get_state_human/build install --record /home/alex/ros2_ws/build/get_state_human/install.log --single-version-externally-managed
[2.878s] DEBUG:colcon.colcon_core.event_handler.log_command:Invoked command in '/home/alex/ros2_ws/build/people_msgs' returned '0': CMAKE_PREFIX_PATH=${CMAKE_PREFIX_PATH}:/home/alex/ros2_ws/install/people_pub:/home/alex/ros2_ws/install/get_state_human:/opt/ros/humble /usr/bin/cmake --install /home/alex/ros2_ws/build/people_msgs
[2.900s] Level 1:colcon.colcon_core.environment:checking '/home/alex/ros2_ws/install/people_msgs' for CMake module files
[2.901s] Level 1:colcon.colcon_core.environment:checking '/home/alex/ros2_ws/install/people_msgs' for CMake config files
[2.901s] Level 1:colcon.colcon_core.shell:create_environment_hook('people_msgs', 'cmake_prefix_path')
[2.925s] INFO:colcon.colcon_core.shell:Creating environment hook '/home/alex/ros2_ws/install/people_msgs/share/people_msgs/hook/cmake_prefix_path.ps1'
[2.926s] INFO:colcon.colcon_core.shell:Creating environment descriptor '/home/alex/ros2_ws/install/people_msgs/share/people_msgs/hook/cmake_prefix_path.dsv'
[2.926s] INFO:colcon.colcon_core.shell:Creating environment hook '/home/alex/ros2_ws/install/people_msgs/share/people_msgs/hook/cmake_prefix_path.sh'
[2.927s] Level 1:colcon.colcon_core.environment:checking '/home/alex/ros2_ws/install/people_msgs/lib'
[2.927s] Level 1:colcon.colcon_core.shell:create_environment_hook('people_msgs', 'ld_library_path_lib')
[2.949s] INFO:colcon.colcon_core.shell:Creating environment hook '/home/alex/ros2_ws/install/people_msgs/share/people_msgs/hook/ld_library_path_lib.ps1'
[2.950s] INFO:colcon.colcon_core.shell:Creating environment descriptor '/home/alex/ros2_ws/install/people_msgs/share/people_msgs/hook/ld_library_path_lib.dsv'
[2.950s] INFO:colcon.colcon_core.shell:Creating environment hook '/home/alex/ros2_ws/install/people_msgs/share/people_msgs/hook/ld_library_path_lib.sh'
[2.950s] Level 1:colcon.colcon_core.environment:checking '/home/alex/ros2_ws/install/people_msgs/bin'
[2.951s] Level 1:colcon.colcon_core.environment:checking '/home/alex/ros2_ws/install/people_msgs/lib/pkgconfig/people_msgs.pc'
[2.951s] Level 1:colcon.colcon_core.environment:checking '/home/alex/ros2_ws/install/people_msgs/lib/python3.10/site-packages'
[2.951s] Level 1:colcon.colcon_core.environment:checking '/home/alex/ros2_ws/install/people_msgs/bin'
[2.974s] INFO:colcon.colcon_core.shell:Creating package script '/home/alex/ros2_ws/install/people_msgs/share/people_msgs/package.ps1'
[2.975s] INFO:colcon.colcon_core.shell:Creating package descriptor '/home/alex/ros2_ws/install/people_msgs/share/people_msgs/package.dsv'
[2.975s] INFO:colcon.colcon_core.shell:Creating package script '/home/alex/ros2_ws/install/people_msgs/share/people_msgs/package.sh'
[2.976s] INFO:colcon.colcon_core.shell:Creating package script '/home/alex/ros2_ws/install/people_msgs/share/people_msgs/package.bash'
[2.976s] INFO:colcon.colcon_core.shell:Creating package script '/home/alex/ros2_ws/install/people_msgs/share/people_msgs/package.zsh'
[2.976s] Level 1:colcon.colcon_core.environment:create_file_with_runtime_dependencies(/home/alex/ros2_ws/install/people_msgs/share/colcon-core/packages/people_msgs)
[3.087s] Level 1:colcon.colcon_core.environment:create_environment_scripts_only(leg_detector_msgs)
[3.110s] Level 1:colcon.colcon_core.environment:checking '/home/alex/ros2_ws/install/leg_detector_msgs' for CMake module files
[3.111s] Level 1:colcon.colcon_core.environment:checking '/home/alex/ros2_ws/install/leg_detector_msgs' for CMake config files
[3.111s] Level 1:colcon.colcon_core.shell:create_environment_hook('leg_detector_msgs', 'cmake_prefix_path')
[3.133s] INFO:colcon.colcon_core.shell:Creating environment hook '/home/alex/ros2_ws/install/leg_detector_msgs/share/leg_detector_msgs/hook/cmake_prefix_path.ps1'
[3.134s] INFO:colcon.colcon_core.shell:Creating environment descriptor '/home/alex/ros2_ws/install/leg_detector_msgs/share/leg_detector_msgs/hook/cmake_prefix_path.dsv'
[3.134s] INFO:colcon.colcon_core.shell:Creating environment hook '/home/alex/ros2_ws/install/leg_detector_msgs/share/leg_detector_msgs/hook/cmake_prefix_path.sh'
[3.135s] Level 1:colcon.colcon_core.environment:checking '/home/alex/ros2_ws/install/leg_detector_msgs/lib'
[3.135s] Level 1:colcon.colcon_core.shell:create_environment_hook('leg_detector_msgs', 'ld_library_path_lib')
[3.157s] INFO:colcon.colcon_core.shell:Creating environment hook '/home/alex/ros2_ws/install/leg_detector_msgs/share/leg_detector_msgs/hook/ld_library_path_lib.ps1'
[3.157s] INFO:colcon.colcon_core.shell:Creating environment descriptor '/home/alex/ros2_ws/install/leg_detector_msgs/share/leg_detector_msgs/hook/ld_library_path_lib.dsv'
[3.158s] INFO:colcon.colcon_core.shell:Creating environment hook '/home/alex/ros2_ws/install/leg_detector_msgs/share/leg_detector_msgs/hook/ld_library_path_lib.sh'
[3.158s] Level 1:colcon.colcon_core.environment:checking '/home/alex/ros2_ws/install/leg_detector_msgs/bin'
[3.158s] Level 1:colcon.colcon_core.environment:checking '/home/alex/ros2_ws/install/leg_detector_msgs/lib/pkgconfig/leg_detector_msgs.pc'
[3.159s] Level 1:colcon.colcon_core.environment:checking '/home/alex/ros2_ws/install/leg_detector_msgs/lib/python3.10/site-packages'
[3.159s] Level 1:colcon.colcon_core.environment:checking '/home/alex/ros2_ws/install/leg_detector_msgs/bin'
[3.181s] INFO:colcon.colcon_core.shell:Creating package script '/home/alex/ros2_ws/install/leg_detector_msgs/share/leg_detector_msgs/package.ps1'
[3.182s] INFO:colcon.colcon_core.shell:Creating package descriptor '/home/alex/ros2_ws/install/leg_detector_msgs/share/leg_detector_msgs/package.dsv'
[3.183s] INFO:colcon.colcon_core.shell:Creating package script '/home/alex/ros2_ws/install/leg_detector_msgs/share/leg_detector_msgs/package.sh'
[3.183s] INFO:colcon.colcon_core.shell:Creating package script '/home/alex/ros2_ws/install/leg_detector_msgs/share/leg_detector_msgs/package.bash'
[3.184s] INFO:colcon.colcon_core.shell:Creating package script '/home/alex/ros2_ws/install/leg_detector_msgs/share/leg_detector_msgs/package.zsh'
[3.184s] Level 1:colcon.colcon_core.environment:create_file_with_runtime_dependencies(/home/alex/ros2_ws/install/leg_detector_msgs/share/colcon-core/packages/leg_detector_msgs)
[3.185s] INFO:colcon.colcon_ros.task.ament_cmake.build:Building ROS package in '/home/alex/ros2_ws/src/leg_detector' with build type 'ament_cmake'
[3.185s] INFO:colcon.colcon_cmake.task.cmake.build:Building CMake package in '/home/alex/ros2_ws/src/leg_detector'
[3.208s] INFO:colcon.colcon_core.shell:Skip shell extension 'powershell' for command environment: Not usable outside of PowerShell
[3.209s] DEBUG:colcon.colcon_core.shell:Skip shell extension 'dsv' for command environment
[3.308s] Level 1:colcon.colcon_core.environment:create_environment_scripts_only(people_msgs)
[3.330s] Level 1:colcon.colcon_core.environment:checking '/home/alex/ros2_ws/install/people_msgs' for CMake module files
[3.331s] Level 1:colcon.colcon_core.environment:checking '/home/alex/ros2_ws/install/people_msgs' for CMake config files
[3.331s] Level 1:colcon.colcon_core.shell:create_environment_hook('people_msgs', 'cmake_prefix_path')
[3.353s] INFO:colcon.colcon_core.shell:Creating environment hook '/home/alex/ros2_ws/install/people_msgs/share/people_msgs/hook/cmake_prefix_path.ps1'
[3.353s] INFO:colcon.colcon_core.shell:Creating environment descriptor '/home/alex/ros2_ws/install/people_msgs/share/people_msgs/hook/cmake_prefix_path.dsv'
[3.354s] INFO:colcon.colcon_core.shell:Creating environment hook '/home/alex/ros2_ws/install/people_msgs/share/people_msgs/hook/cmake_prefix_path.sh'
[3.354s] Level 1:colcon.colcon_core.environment:checking '/home/alex/ros2_ws/install/people_msgs/lib'
[3.355s] Level 1:colcon.colcon_core.shell:create_environment_hook('people_msgs', 'ld_library_path_lib')
[3.377s] INFO:colcon.colcon_core.shell:Creating environment hook '/home/alex/ros2_ws/install/people_msgs/share/people_msgs/hook/ld_library_path_lib.ps1'
[3.377s] INFO:colcon.colcon_core.shell:Creating environment descriptor '/home/alex/ros2_ws/install/people_msgs/share/people_msgs/hook/ld_library_path_lib.dsv'
[3.377s] INFO:colcon.colcon_core.shell:Creating environment hook '/home/alex/ros2_ws/install/people_msgs/share/people_msgs/hook/ld_library_path_lib.sh'
[3.378s] Level 1:colcon.colcon_core.environment:checking '/home/alex/ros2_ws/install/people_msgs/bin'
[3.378s] Level 1:colcon.colcon_core.environment:checking '/home/alex/ros2_ws/install/people_msgs/lib/pkgconfig/people_msgs.pc'
[3.378s] Level 1:colcon.colcon_core.environment:checking '/home/alex/ros2_ws/install/people_msgs/lib/python3.10/site-packages'
[3.379s] Level 1:colcon.colcon_core.environment:checking '/home/alex/ros2_ws/install/people_msgs/bin'
[3.401s] INFO:colcon.colcon_core.shell:Creating package script '/home/alex/ros2_ws/install/people_msgs/share/people_msgs/package.ps1'
[3.402s] INFO:colcon.colcon_core.shell:Creating package descriptor '/home/alex/ros2_ws/install/people_msgs/share/people_msgs/package.dsv'
[3.402s] INFO:colcon.colcon_core.shell:Creating package script '/home/alex/ros2_ws/install/people_msgs/share/people_msgs/package.sh'
[3.403s] INFO:colcon.colcon_core.shell:Creating package script '/home/alex/ros2_ws/install/people_msgs/share/people_msgs/package.bash'
[3.403s] INFO:colcon.colcon_core.shell:Creating package script '/home/alex/ros2_ws/install/people_msgs/share/people_msgs/package.zsh'
[3.404s] Level 1:colcon.colcon_core.environment:create_file_with_runtime_dependencies(/home/alex/ros2_ws/install/people_msgs/share/colcon-core/packages/people_msgs)
[3.404s] INFO:colcon.colcon_ros.task.ament_cmake.build:Building ROS package in '/home/alex/ros2_ws/src/nav2_social_costmap_plugin' with build type 'ament_cmake'
[3.405s] INFO:colcon.colcon_cmake.task.cmake.build:Building CMake package in '/home/alex/ros2_ws/src/nav2_social_costmap_plugin'
[3.427s] INFO:colcon.colcon_core.shell:Skip shell extension 'powershell' for command environment: Not usable outside of PowerShell
[3.427s] DEBUG:colcon.colcon_core.shell:Skip shell extension 'dsv' for command environment
[3.497s] INFO:colcon.colcon_ros.task.ament_python.build:Building ROS package in '/home/alex/ros2_ws/src/people_pub' with build type 'ament_python'
[3.497s] Level 1:colcon.colcon_core.shell:create_environment_hook('people_pub', 'ament_prefix_path')
[3.519s] INFO:colcon.colcon_core.shell:Creating environment hook '/home/alex/ros2_ws/install/people_pub/share/people_pub/hook/ament_prefix_path.ps1'
[3.520s] INFO:colcon.colcon_core.shell:Creating environment descriptor '/home/alex/ros2_ws/install/people_pub/share/people_pub/hook/ament_prefix_path.dsv'
[3.520s] INFO:colcon.colcon_core.shell:Creating environment hook '/home/alex/ros2_ws/install/people_pub/share/people_pub/hook/ament_prefix_path.sh'
[3.542s] INFO:colcon.colcon_core.shell:Skip shell extension 'powershell' for command environment: Not usable outside of PowerShell
[3.542s] DEBUG:colcon.colcon_core.shell:Skip shell extension 'dsv' for command environment
[3.616s] DEBUG:colcon.colcon_core.event_handler.log_command:Invoking command in '/home/alex/ros2_ws/build/leg_detector': CMAKE_PREFIX_PATH=/home/alex/ros2_ws/install/leg_detector_msgs:/home/alex/ros2_ws/install/leg_detector:/home/alex/ros2_ws/install/nav2_social_costmap_plugin:/home/alex/ros2_ws/install/people_msgs:/home/alex/ros2_ws/install/articubot_one:/home/alex/ros2_ws/install/people_pub:/home/alex/ros2_ws/install/get_state_human:/opt/ros/humble LD_LIBRARY_PATH=/home/alex/ros2_ws/install/leg_detector_msgs/lib:/home/alex/ros2_ws/install/nav2_social_costmap_plugin/lib:/home/alex/ros2_ws/install/people_msgs/lib:/usr/lib/x86_64-linux-gnu/gazebo-11/plugins:/opt/ros/humble/opt/rviz_ogre_vendor/lib:/opt/ros/humble/lib/x86_64-linux-gnu:/opt/ros/humble/lib /usr/bin/cmake --build /home/alex/ros2_ws/build/leg_detector -- -j4 -l4
[3.617s] DEBUG:colcon.colcon_core.event_handler.log_command:Invoked command in '/home/alex/ros2_ws/src/get_state_human' returned '0': PYTHONPATH=/home/alex/ros2_ws/build/get_state_human/prefix_override:/home/alex/ros2_ws/install/get_state_human/lib/python3.10/site-packages:${PYTHONPATH} /usr/bin/python3 setup.py egg_info --egg-base ../../build/get_state_human build --build-base /home/alex/ros2_ws/build/get_state_human/build install --record /home/alex/ros2_ws/build/get_state_human/install.log --single-version-externally-managed
[3.639s] Level 1:colcon.colcon_core.environment:checking '/home/alex/ros2_ws/install/get_state_human' for CMake module files
[3.640s] Level 1:colcon.colcon_core.environment:checking '/home/alex/ros2_ws/install/get_state_human' for CMake config files
[3.640s] Level 1:colcon.colcon_core.environment:checking '/home/alex/ros2_ws/install/get_state_human/lib'
[3.640s] Level 1:colcon.colcon_core.environment:checking '/home/alex/ros2_ws/install/get_state_human/bin'
[3.640s] Level 1:colcon.colcon_core.environment:checking '/home/alex/ros2_ws/install/get_state_human/lib/pkgconfig/get_state_human.pc'
[3.641s] Level 1:colcon.colcon_core.environment:checking '/home/alex/ros2_ws/install/get_state_human/lib/python3.10/site-packages'
[3.641s] Level 1:colcon.colcon_core.shell:create_environment_hook('get_state_human', 'pythonpath')
[3.663s] INFO:colcon.colcon_core.shell:Creating environment hook '/home/alex/ros2_ws/install/get_state_human/share/get_state_human/hook/pythonpath.ps1'
[3.663s] INFO:colcon.colcon_core.shell:Creating environment descriptor '/home/alex/ros2_ws/install/get_state_human/share/get_state_human/hook/pythonpath.dsv'
[3.664s] INFO:colcon.colcon_core.shell:Creating environment hook '/home/alex/ros2_ws/install/get_state_human/share/get_state_human/hook/pythonpath.sh'
[3.665s] Level 1:colcon.colcon_core.environment:checking '/home/alex/ros2_ws/install/get_state_human/bin'
[3.665s] Level 1:colcon.colcon_core.environment:create_environment_scripts_only(get_state_human)
[3.687s] INFO:colcon.colcon_core.shell:Creating package script '/home/alex/ros2_ws/install/get_state_human/share/get_state_human/package.ps1'
[3.687s] INFO:colcon.colcon_core.shell:Creating package descriptor '/home/alex/ros2_ws/install/get_state_human/share/get_state_human/package.dsv'
[3.688s] INFO:colcon.colcon_core.shell:Creating package script '/home/alex/ros2_ws/install/get_state_human/share/get_state_human/package.sh'
[3.688s] INFO:colcon.colcon_core.shell:Creating package script '/home/alex/ros2_ws/install/get_state_human/share/get_state_human/package.bash'
[3.689s] INFO:colcon.colcon_core.shell:Creating package script '/home/alex/ros2_ws/install/get_state_human/share/get_state_human/package.zsh'
[3.689s] Level 1:colcon.colcon_core.environment:create_file_with_runtime_dependencies(/home/alex/ros2_ws/install/get_state_human/share/colcon-core/packages/get_state_human)
[3.695s] DEBUG:colcon.colcon_core.event_handler.log_command:Invoking command in '/home/alex/ros2_ws/build/nav2_social_costmap_plugin': CMAKE_PREFIX_PATH=/home/alex/ros2_ws/install/people_msgs:/home/alex/ros2_ws/install/leg_detector:/home/alex/ros2_ws/install/nav2_social_costmap_plugin:/home/alex/ros2_ws/install/leg_detector_msgs:/home/alex/ros2_ws/install/articubot_one:/home/alex/ros2_ws/install/people_pub:/home/alex/ros2_ws/install/get_state_human:/opt/ros/humble LD_LIBRARY_PATH=/home/alex/ros2_ws/install/people_msgs/lib:/home/alex/ros2_ws/install/nav2_social_costmap_plugin/lib:/home/alex/ros2_ws/install/leg_detector_msgs/lib:/usr/lib/x86_64-linux-gnu/gazebo-11/plugins:/opt/ros/humble/opt/rviz_ogre_vendor/lib:/opt/ros/humble/lib/x86_64-linux-gnu:/opt/ros/humble/lib /usr/bin/cmake --build /home/alex/ros2_ws/build/nav2_social_costmap_plugin -- -j4 -l4
[4.000s] INFO:colcon.colcon_core.task.python.build:Building Python package in '/home/alex/ros2_ws/src/people_pub'
[4.017s] INFO:colcon.colcon_core.shell:Skip shell extension 'powershell' for command environment: Not usable outside of PowerShell
[4.017s] DEBUG:colcon.colcon_core.shell:Skip shell extension 'dsv' for command environment
[4.078s] DEBUG:colcon.colcon_core.event_handler.log_command:Invoked command in '/home/alex/ros2_ws/build/leg_detector' returned '0': CMAKE_PREFIX_PATH=/home/alex/ros2_ws/install/leg_detector_msgs:/home/alex/ros2_ws/install/leg_detector:/home/alex/ros2_ws/install/nav2_social_costmap_plugin:/home/alex/ros2_ws/install/people_msgs:/home/alex/ros2_ws/install/articubot_one:/home/alex/ros2_ws/install/people_pub:/home/alex/ros2_ws/install/get_state_human:/opt/ros/humble LD_LIBRARY_PATH=/home/alex/ros2_ws/install/leg_detector_msgs/lib:/home/alex/ros2_ws/install/nav2_social_costmap_plugin/lib:/home/alex/ros2_ws/install/people_msgs/lib:/usr/lib/x86_64-linux-gnu/gazebo-11/plugins:/opt/ros/humble/opt/rviz_ogre_vendor/lib:/opt/ros/humble/lib/x86_64-linux-gnu:/opt/ros/humble/lib /usr/bin/cmake --build /home/alex/ros2_ws/build/leg_detector -- -j4 -l4
[4.079s] DEBUG:colcon.colcon_core.event_handler.log_command:Invoked command in '/home/alex/ros2_ws/build/nav2_social_costmap_plugin' returned '0': CMAKE_PREFIX_PATH=/home/alex/ros2_ws/install/people_msgs:/home/alex/ros2_ws/install/leg_detector:/home/alex/ros2_ws/install/nav2_social_costmap_plugin:/home/alex/ros2_ws/install/leg_detector_msgs:/home/alex/ros2_ws/install/articubot_one:/home/alex/ros2_ws/install/people_pub:/home/alex/ros2_ws/install/get_state_human:/opt/ros/humble LD_LIBRARY_PATH=/home/alex/ros2_ws/install/people_msgs/lib:/home/alex/ros2_ws/install/nav2_social_costmap_plugin/lib:/home/alex/ros2_ws/install/leg_detector_msgs/lib:/usr/lib/x86_64-linux-gnu/gazebo-11/plugins:/opt/ros/humble/opt/rviz_ogre_vendor/lib:/opt/ros/humble/lib/x86_64-linux-gnu:/opt/ros/humble/lib /usr/bin/cmake --build /home/alex/ros2_ws/build/nav2_social_costmap_plugin -- -j4 -l4
[4.120s] DEBUG:colcon.colcon_core.event_handler.log_command:Invoking command in '/home/alex/ros2_ws/build/nav2_social_costmap_plugin': CMAKE_PREFIX_PATH=/home/alex/ros2_ws/install/people_msgs:/home/alex/ros2_ws/install/leg_detector:/home/alex/ros2_ws/install/nav2_social_costmap_plugin:/home/alex/ros2_ws/install/leg_detector_msgs:/home/alex/ros2_ws/install/articubot_one:/home/alex/ros2_ws/install/people_pub:/home/alex/ros2_ws/install/get_state_human:/opt/ros/humble LD_LIBRARY_PATH=/home/alex/ros2_ws/install/people_msgs/lib:/home/alex/ros2_ws/install/nav2_social_costmap_plugin/lib:/home/alex/ros2_ws/install/leg_detector_msgs/lib:/usr/lib/x86_64-linux-gnu/gazebo-11/plugins:/opt/ros/humble/opt/rviz_ogre_vendor/lib:/opt/ros/humble/lib/x86_64-linux-gnu:/opt/ros/humble/lib /usr/bin/cmake --install /home/alex/ros2_ws/build/nav2_social_costmap_plugin
[4.135s] Level 1:colcon.colcon_core.environment:create_environment_scripts_only(nav2_social_costmap_plugin)
[4.143s] DEBUG:colcon.colcon_core.event_handler.log_command:Invoked command in '/home/alex/ros2_ws/build/nav2_social_costmap_plugin' returned '0': CMAKE_PREFIX_PATH=/home/alex/ros2_ws/install/people_msgs:/home/alex/ros2_ws/install/leg_detector:/home/alex/ros2_ws/install/nav2_social_costmap_plugin:/home/alex/ros2_ws/install/leg_detector_msgs:/home/alex/ros2_ws/install/articubot_one:/home/alex/ros2_ws/install/people_pub:/home/alex/ros2_ws/install/get_state_human:/opt/ros/humble LD_LIBRARY_PATH=/home/alex/ros2_ws/install/people_msgs/lib:/home/alex/ros2_ws/install/nav2_social_costmap_plugin/lib:/home/alex/ros2_ws/install/leg_detector_msgs/lib:/usr/lib/x86_64-linux-gnu/gazebo-11/plugins:/opt/ros/humble/opt/rviz_ogre_vendor/lib:/opt/ros/humble/lib/x86_64-linux-gnu:/opt/ros/humble/lib /usr/bin/cmake --install /home/alex/ros2_ws/build/nav2_social_costmap_plugin
[4.155s] Level 1:colcon.colcon_core.environment:checking '/home/alex/ros2_ws/install/nav2_social_costmap_plugin' for CMake module files
[4.155s] Level 1:colcon.colcon_core.environment:checking '/home/alex/ros2_ws/install/nav2_social_costmap_plugin' for CMake config files
[4.155s] Level 1:colcon.colcon_core.shell:create_environment_hook('nav2_social_costmap_plugin', 'cmake_prefix_path')
[4.174s] INFO:colcon.colcon_core.shell:Creating environment hook '/home/alex/ros2_ws/install/nav2_social_costmap_plugin/share/nav2_social_costmap_plugin/hook/cmake_prefix_path.ps1'
[4.174s] INFO:colcon.colcon_core.shell:Creating environment descriptor '/home/alex/ros2_ws/install/nav2_social_costmap_plugin/share/nav2_social_costmap_plugin/hook/cmake_prefix_path.dsv'
[4.175s] INFO:colcon.colcon_core.shell:Creating environment hook '/home/alex/ros2_ws/install/nav2_social_costmap_plugin/share/nav2_social_costmap_plugin/hook/cmake_prefix_path.sh'
[4.175s] Level 1:colcon.colcon_core.environment:checking '/home/alex/ros2_ws/install/nav2_social_costmap_plugin/lib'
[4.175s] Level 1:colcon.colcon_core.shell:create_environment_hook('nav2_social_costmap_plugin', 'ld_library_path_lib')
[4.197s] INFO:colcon.colcon_core.shell:Creating environment hook '/home/alex/ros2_ws/install/nav2_social_costmap_plugin/share/nav2_social_costmap_plugin/hook/ld_library_path_lib.ps1'
[4.198s] INFO:colcon.colcon_core.shell:Creating environment descriptor '/home/alex/ros2_ws/install/nav2_social_costmap_plugin/share/nav2_social_costmap_plugin/hook/ld_library_path_lib.dsv'
[4.198s] INFO:colcon.colcon_core.shell:Creating environment hook '/home/alex/ros2_ws/install/nav2_social_costmap_plugin/share/nav2_social_costmap_plugin/hook/ld_library_path_lib.sh'
[4.199s] Level 1:colcon.colcon_core.environment:checking '/home/alex/ros2_ws/install/nav2_social_costmap_plugin/bin'
[4.199s] Level 1:colcon.colcon_core.environment:checking '/home/alex/ros2_ws/install/nav2_social_costmap_plugin/lib/pkgconfig/nav2_social_costmap_plugin.pc'
[4.199s] Level 1:colcon.colcon_core.environment:checking '/home/alex/ros2_ws/install/nav2_social_costmap_plugin/lib/python3.10/site-packages'
[4.199s] Level 1:colcon.colcon_core.environment:checking '/home/alex/ros2_ws/install/nav2_social_costmap_plugin/bin'
[4.223s] INFO:colcon.colcon_core.shell:Creating package script '/home/alex/ros2_ws/install/nav2_social_costmap_plugin/share/nav2_social_costmap_plugin/package.ps1'
[4.223s] INFO:colcon.colcon_core.shell:Creating package descriptor '/home/alex/ros2_ws/install/nav2_social_costmap_plugin/share/nav2_social_costmap_plugin/package.dsv'
[4.224s] INFO:colcon.colcon_core.shell:Creating package script '/home/alex/ros2_ws/install/nav2_social_costmap_plugin/share/nav2_social_costmap_plugin/package.sh'
[4.224s] INFO:colcon.colcon_core.shell:Creating package script '/home/alex/ros2_ws/install/nav2_social_costmap_plugin/share/nav2_social_costmap_plugin/package.bash'
[4.225s] INFO:colcon.colcon_core.shell:Creating package script '/home/alex/ros2_ws/install/nav2_social_costmap_plugin/share/nav2_social_costmap_plugin/package.zsh'
[4.225s] Level 1:colcon.colcon_core.environment:create_file_with_runtime_dependencies(/home/alex/ros2_ws/install/nav2_social_costmap_plugin/share/colcon-core/packages/nav2_social_costmap_plugin)
[4.228s] DEBUG:colcon.colcon_core.event_handler.log_command:Invoking command in '/home/alex/ros2_ws/build/leg_detector': CMAKE_PREFIX_PATH=/home/alex/ros2_ws/install/leg_detector_msgs:/home/alex/ros2_ws/install/leg_detector:/home/alex/ros2_ws/install/nav2_social_costmap_plugin:/home/alex/ros2_ws/install/people_msgs:/home/alex/ros2_ws/install/articubot_one:/home/alex/ros2_ws/install/people_pub:/home/alex/ros2_ws/install/get_state_human:/opt/ros/humble LD_LIBRARY_PATH=/home/alex/ros2_ws/install/leg_detector_msgs/lib:/home/alex/ros2_ws/install/nav2_social_costmap_plugin/lib:/home/alex/ros2_ws/install/people_msgs/lib:/usr/lib/x86_64-linux-gnu/gazebo-11/plugins:/opt/ros/humble/opt/rviz_ogre_vendor/lib:/opt/ros/humble/lib/x86_64-linux-gnu:/opt/ros/humble/lib /usr/bin/cmake --install /home/alex/ros2_ws/build/leg_detector
[4.245s] Level 1:colcon.colcon_core.environment:create_environment_scripts_only(leg_detector)
[4.283s] DEBUG:colcon.colcon_core.event_handler.log_command:Invoked command in '/home/alex/ros2_ws/build/leg_detector' returned '0': CMAKE_PREFIX_PATH=/home/alex/ros2_ws/install/leg_detector_msgs:/home/alex/ros2_ws/install/leg_detector:/home/alex/ros2_ws/install/nav2_social_costmap_plugin:/home/alex/ros2_ws/install/people_msgs:/home/alex/ros2_ws/install/articubot_one:/home/alex/ros2_ws/install/people_pub:/home/alex/ros2_ws/install/get_state_human:/opt/ros/humble LD_LIBRARY_PATH=/home/alex/ros2_ws/install/leg_detector_msgs/lib:/home/alex/ros2_ws/install/nav2_social_costmap_plugin/lib:/home/alex/ros2_ws/install/people_msgs/lib:/usr/lib/x86_64-linux-gnu/gazebo-11/plugins:/opt/ros/humble/opt/rviz_ogre_vendor/lib:/opt/ros/humble/lib/x86_64-linux-gnu:/opt/ros/humble/lib /usr/bin/cmake --install /home/alex/ros2_ws/build/leg_detector
[4.290s] Level 1:colcon.colcon_core.environment:checking '/home/alex/ros2_ws/install/leg_detector' for CMake module files
[4.290s] Level 1:colcon.colcon_core.environment:checking '/home/alex/ros2_ws/install/leg_detector' for CMake config files
[4.291s] Level 1:colcon.colcon_core.shell:create_environment_hook('leg_detector', 'cmake_prefix_path')
[4.313s] INFO:colcon.colcon_core.shell:Creating environment hook '/home/alex/ros2_ws/install/leg_detector/share/leg_detector/hook/cmake_prefix_path.ps1'
[4.314s] INFO:colcon.colcon_core.shell:Creating environment descriptor '/home/alex/ros2_ws/install/leg_detector/share/leg_detector/hook/cmake_prefix_path.dsv'
[4.314s] INFO:colcon.colcon_core.shell:Creating environment hook '/home/alex/ros2_ws/install/leg_detector/share/leg_detector/hook/cmake_prefix_path.sh'
[4.315s] Level 1:colcon.colcon_core.environment:checking '/home/alex/ros2_ws/install/leg_detector/lib'
[4.315s] Level 1:colcon.colcon_core.environment:checking '/home/alex/ros2_ws/install/leg_detector/bin'
[4.315s] Level 1:colcon.colcon_core.environment:checking '/home/alex/ros2_ws/install/leg_detector/lib/pkgconfig/leg_detector.pc'
[4.315s] Level 1:colcon.colcon_core.environment:checking '/home/alex/ros2_ws/install/leg_detector/lib/python3.10/site-packages'
[4.315s] Level 1:colcon.colcon_core.environment:checking '/home/alex/ros2_ws/install/leg_detector/bin'
[4.337s] INFO:colcon.colcon_core.shell:Creating package script '/home/alex/ros2_ws/install/leg_detector/share/leg_detector/package.ps1'
[4.338s] INFO:colcon.colcon_core.shell:Creating package descriptor '/home/alex/ros2_ws/install/leg_detector/share/leg_detector/package.dsv'
[4.339s] INFO:colcon.colcon_core.shell:Creating package script '/home/alex/ros2_ws/install/leg_detector/share/leg_detector/package.sh'
[4.339s] INFO:colcon.colcon_core.shell:Creating package script '/home/alex/ros2_ws/install/leg_detector/share/leg_detector/package.bash'
[4.339s] INFO:colcon.colcon_core.shell:Creating package script '/home/alex/ros2_ws/install/leg_detector/share/leg_detector/package.zsh'
[4.340s] Level 1:colcon.colcon_core.environment:create_file_with_runtime_dependencies(/home/alex/ros2_ws/install/leg_detector/share/colcon-core/packages/leg_detector)
[4.364s] Level 1:colcon.colcon_core.environment:create_environment_scripts_only(nav2_social_costmap_plugin)
[4.386s] Level 1:colcon.colcon_core.environment:checking '/home/alex/ros2_ws/install/nav2_social_costmap_plugin' for CMake module files
[4.387s] Level 1:colcon.colcon_core.environment:checking '/home/alex/ros2_ws/install/nav2_social_costmap_plugin' for CMake config files
[4.387s] Level 1:colcon.colcon_core.shell:create_environment_hook('nav2_social_costmap_plugin', 'cmake_prefix_path')
[4.409s] INFO:colcon.colcon_core.shell:Creating environment hook '/home/alex/ros2_ws/install/nav2_social_costmap_plugin/share/nav2_social_costmap_plugin/hook/cmake_prefix_path.ps1'
[4.410s] INFO:colcon.colcon_core.shell:Creating environment descriptor '/home/alex/ros2_ws/install/nav2_social_costmap_plugin/share/nav2_social_costmap_plugin/hook/cmake_prefix_path.dsv'
[4.411s] INFO:colcon.colcon_core.shell:Creating environment hook '/home/alex/ros2_ws/install/nav2_social_costmap_plugin/share/nav2_social_costmap_plugin/hook/cmake_prefix_path.sh'
[4.411s] Level 1:colcon.colcon_core.environment:checking '/home/alex/ros2_ws/install/nav2_social_costmap_plugin/lib'
[4.411s] Level 1:colcon.colcon_core.shell:create_environment_hook('nav2_social_costmap_plugin', 'ld_library_path_lib')
[4.433s] INFO:colcon.colcon_core.shell:Creating environment hook '/home/alex/ros2_ws/install/nav2_social_costmap_plugin/share/nav2_social_costmap_plugin/hook/ld_library_path_lib.ps1'
[4.434s] INFO:colcon.colcon_core.shell:Creating environment descriptor '/home/alex/ros2_ws/install/nav2_social_costmap_plugin/share/nav2_social_costmap_plugin/hook/ld_library_path_lib.dsv'
[4.434s] INFO:colcon.colcon_core.shell:Creating environment hook '/home/alex/ros2_ws/install/nav2_social_costmap_plugin/share/nav2_social_costmap_plugin/hook/ld_library_path_lib.sh'
[4.435s] Level 1:colcon.colcon_core.environment:checking '/home/alex/ros2_ws/install/nav2_social_costmap_plugin/bin'
[4.435s] Level 1:colcon.colcon_core.environment:checking '/home/alex/ros2_ws/install/nav2_social_costmap_plugin/lib/pkgconfig/nav2_social_costmap_plugin.pc'
[4.435s] Level 1:colcon.colcon_core.environment:checking '/home/alex/ros2_ws/install/nav2_social_costmap_plugin/lib/python3.10/site-packages'
[4.436s] Level 1:colcon.colcon_core.environment:checking '/home/alex/ros2_ws/install/nav2_social_costmap_plugin/bin'
[4.458s] INFO:colcon.colcon_core.shell:Creating package script '/home/alex/ros2_ws/install/nav2_social_costmap_plugin/share/nav2_social_costmap_plugin/package.ps1'
[4.458s] INFO:colcon.colcon_core.shell:Creating package descriptor '/home/alex/ros2_ws/install/nav2_social_costmap_plugin/share/nav2_social_costmap_plugin/package.dsv'
[4.459s] INFO:colcon.colcon_core.shell:Creating package script '/home/alex/ros2_ws/install/nav2_social_costmap_plugin/share/nav2_social_costmap_plugin/package.sh'
[4.460s] INFO:colcon.colcon_core.shell:Creating package script '/home/alex/ros2_ws/install/nav2_social_costmap_plugin/share/nav2_social_costmap_plugin/package.bash'
[4.460s] INFO:colcon.colcon_core.shell:Creating package script '/home/alex/ros2_ws/install/nav2_social_costmap_plugin/share/nav2_social_costmap_plugin/package.zsh'
[4.461s] Level 1:colcon.colcon_core.environment:create_file_with_runtime_dependencies(/home/alex/ros2_ws/install/nav2_social_costmap_plugin/share/colcon-core/packages/nav2_social_costmap_plugin)
[4.484s] Level 1:colcon.colcon_core.environment:create_environment_scripts_only(leg_detector)
[4.507s] Level 1:colcon.colcon_core.environment:checking '/home/alex/ros2_ws/install/leg_detector' for CMake module files
[4.507s] Level 1:colcon.colcon_core.environment:checking '/home/alex/ros2_ws/install/leg_detector' for CMake config files
[4.508s] Level 1:colcon.colcon_core.shell:create_environment_hook('leg_detector', 'cmake_prefix_path')
[4.530s] INFO:colcon.colcon_core.shell:Creating environment hook '/home/alex/ros2_ws/install/leg_detector/share/leg_detector/hook/cmake_prefix_path.ps1'
[4.530s] INFO:colcon.colcon_core.shell:Creating environment descriptor '/home/alex/ros2_ws/install/leg_detector/share/leg_detector/hook/cmake_prefix_path.dsv'
[4.531s] INFO:colcon.colcon_core.shell:Creating environment hook '/home/alex/ros2_ws/install/leg_detector/share/leg_detector/hook/cmake_prefix_path.sh'
[4.531s] Level 1:colcon.colcon_core.environment:checking '/home/alex/ros2_ws/install/leg_detector/lib'
[4.531s] Level 1:colcon.colcon_core.environment:checking '/home/alex/ros2_ws/install/leg_detector/bin'
[4.532s] Level 1:colcon.colcon_core.environment:checking '/home/alex/ros2_ws/install/leg_detector/lib/pkgconfig/leg_detector.pc'
[4.532s] Level 1:colcon.colcon_core.environment:checking '/home/alex/ros2_ws/install/leg_detector/lib/python3.10/site-packages'
[4.532s] Level 1:colcon.colcon_core.environment:checking '/home/alex/ros2_ws/install/leg_detector/bin'
[4.554s] INFO:colcon.colcon_core.shell:Creating package script '/home/alex/ros2_ws/install/leg_detector/share/leg_detector/package.ps1'
[4.555s] INFO:colcon.colcon_core.shell:Creating package descriptor '/home/alex/ros2_ws/install/leg_detector/share/leg_detector/package.dsv'
[4.555s] INFO:colcon.colcon_core.shell:Creating package script '/home/alex/ros2_ws/install/leg_detector/share/leg_detector/package.sh'
[4.556s] INFO:colcon.colcon_core.shell:Creating package script '/home/alex/ros2_ws/install/leg_detector/share/leg_detector/package.bash'
[4.556s] INFO:colcon.colcon_core.shell:Creating package script '/home/alex/ros2_ws/install/leg_detector/share/leg_detector/package.zsh'
[4.557s] Level 1:colcon.colcon_core.environment:create_file_with_runtime_dependencies(/home/alex/ros2_ws/install/leg_detector/share/colcon-core/packages/leg_detector)
[4.609s] DEBUG:colcon.colcon_core.event_handler.log_command:Invoking command in '/home/alex/ros2_ws/src/people_pub': CMAKE_PREFIX_PATH=/home/alex/ros2_ws/install/people_msgs:/home/alex/ros2_ws/install/leg_detector_msgs:/home/alex/ros2_ws/install/leg_detector:/home/alex/ros2_ws/install/nav2_social_costmap_plugin:/home/alex/ros2_ws/install/articubot_one LD_LIBRARY_PATH=/home/alex/ros2_ws/install/people_msgs/lib:/home/alex/ros2_ws/install/leg_detector_msgs/lib:/home/alex/ros2_ws/install/nav2_social_costmap_plugin/lib:/usr/lib/x86_64-linux-gnu/gazebo-11/plugins:/opt/ros/humble/opt/rviz_ogre_vendor/lib:/opt/ros/humble/lib/x86_64-linux-gnu:/opt/ros/humble/lib PYTHONPATH=/home/alex/ros2_ws/build/people_pub/prefix_override:/home/alex/ros2_ws/install/people_pub/lib/python3.10/site-packages:${PYTHONPATH} /usr/bin/python3 setup.py egg_info --egg-base ../../build/people_pub build --build-base /home/alex/ros2_ws/build/people_pub/build install --record /home/alex/ros2_ws/build/people_pub/install.log --single-version-externally-managed
[5.038s] DEBUG:colcon.colcon_core.event_handler.log_command:Invoked command in '/home/alex/ros2_ws/src/people_pub' returned '0': CMAKE_PREFIX_PATH=/home/alex/ros2_ws/install/people_msgs:/home/alex/ros2_ws/install/leg_detector_msgs:/home/alex/ros2_ws/install/leg_detector:/home/alex/ros2_ws/install/nav2_social_costmap_plugin:/home/alex/ros2_ws/install/articubot_one LD_LIBRARY_PATH=/home/alex/ros2_ws/install/people_msgs/lib:/home/alex/ros2_ws/install/leg_detector_msgs/lib:/home/alex/ros2_ws/install/nav2_social_costmap_plugin/lib:/usr/lib/x86_64-linux-gnu/gazebo-11/plugins:/opt/ros/humble/opt/rviz_ogre_vendor/lib:/opt/ros/humble/lib/x86_64-linux-gnu:/opt/ros/humble/lib PYTHONPATH=/home/alex/ros2_ws/build/people_pub/prefix_override:/home/alex/ros2_ws/install/people_pub/lib/python3.10/site-packages:${PYTHONPATH} /usr/bin/python3 setup.py egg_info --egg-base ../../build/people_pub build --build-base /home/alex/ros2_ws/build/people_pub/build install --record /home/alex/ros2_ws/build/people_pub/install.log --single-version-externally-managed
[5.061s] Level 1:colcon.colcon_core.environment:checking '/home/alex/ros2_ws/install/people_pub' for CMake module files
[5.062s] Level 1:colcon.colcon_core.environment:checking '/home/alex/ros2_ws/install/people_pub' for CMake config files
[5.063s] Level 1:colcon.colcon_core.environment:checking '/home/alex/ros2_ws/install/people_pub/lib'
[5.063s] Level 1:colcon.colcon_core.environment:checking '/home/alex/ros2_ws/install/people_pub/bin'
[5.063s] Level 1:colcon.colcon_core.environment:checking '/home/alex/ros2_ws/install/people_pub/lib/pkgconfig/people_pub.pc'
[5.063s] Level 1:colcon.colcon_core.environment:checking '/home/alex/ros2_ws/install/people_pub/lib/python3.10/site-packages'
[5.063s] Level 1:colcon.colcon_core.shell:create_environment_hook('people_pub', 'pythonpath')
[5.086s] INFO:colcon.colcon_core.shell:Creating environment hook '/home/alex/ros2_ws/install/people_pub/share/people_pub/hook/pythonpath.ps1'
[5.087s] INFO:colcon.colcon_core.shell:Creating environment descriptor '/home/alex/ros2_ws/install/people_pub/share/people_pub/hook/pythonpath.dsv'
[5.087s] INFO:colcon.colcon_core.shell:Creating environment hook '/home/alex/ros2_ws/install/people_pub/share/people_pub/hook/pythonpath.sh'
[5.088s] Level 1:colcon.colcon_core.environment:checking '/home/alex/ros2_ws/install/people_pub/bin'
[5.088s] Level 1:colcon.colcon_core.environment:create_environment_scripts_only(people_pub)
[5.123s] INFO:colcon.colcon_core.shell:Creating package script '/home/alex/ros2_ws/install/people_pub/share/people_pub/package.ps1'
[5.124s] INFO:colcon.colcon_core.shell:Creating package descriptor '/home/alex/ros2_ws/install/people_pub/share/people_pub/package.dsv'
[5.124s] INFO:colcon.colcon_core.shell:Creating package script '/home/alex/ros2_ws/install/people_pub/share/people_pub/package.sh'
[5.125s] INFO:colcon.colcon_core.shell:Creating package script '/home/alex/ros2_ws/install/people_pub/share/people_pub/package.bash'
[5.125s] INFO:colcon.colcon_core.shell:Creating package script '/home/alex/ros2_ws/install/people_pub/share/people_pub/package.zsh'
[5.126s] Level 1:colcon.colcon_core.environment:create_file_with_runtime_dependencies(/home/alex/ros2_ws/install/people_pub/share/colcon-core/packages/people_pub)
[5.126s] DEBUG:colcon.colcon_parallel_executor.executor.parallel:closing loop
[5.126s] DEBUG:colcon.colcon_parallel_executor.executor.parallel:loop closed
[5.126s] DEBUG:colcon.colcon_parallel_executor.executor.parallel:run_until_complete finished with '0'
[5.126s] DEBUG:colcon.colcon_core.event_reactor:joining thread
[5.151s] INFO:colcon.colcon_core.plugin_system:Skipping extension 'colcon_notification.desktop_notification.terminal_notifier': Not used on non-Darwin systems
[5.151s] INFO:colcon.colcon_core.plugin_system:Skipping extension 'colcon_notification.desktop_notification.win32': Not used on non-Windows systems
[5.151s] INFO:colcon.colcon_notification.desktop_notification:Sending desktop notification using 'notify2'
[5.164s] DEBUG:colcon.colcon_core.event_reactor:joined thread
[5.181s] INFO:colcon.colcon_core.shell:Creating prefix script '/home/alex/ros2_ws/install/local_setup.ps1'
[5.182s] INFO:colcon.colcon_core.shell:Creating prefix util module '/home/alex/ros2_ws/install/_local_setup_util_ps1.py'
[5.183s] INFO:colcon.colcon_core.shell:Creating prefix chain script '/home/alex/ros2_ws/install/setup.ps1'
[5.202s] INFO:colcon.colcon_core.shell:Creating prefix script '/home/alex/ros2_ws/install/local_setup.sh'
[5.202s] INFO:colcon.colcon_core.shell:Creating prefix util module '/home/alex/ros2_ws/install/_local_setup_util_sh.py'
[5.203s] INFO:colcon.colcon_core.shell:Creating prefix chain script '/home/alex/ros2_ws/install/setup.sh'
[5.226s] INFO:colcon.colcon_core.shell:Creating prefix script '/home/alex/ros2_ws/install/local_setup.bash'
[5.227s] INFO:colcon.colcon_core.shell:Creating prefix chain script '/home/alex/ros2_ws/install/setup.bash'
[5.250s] INFO:colcon.colcon_core.shell:Creating prefix script '/home/alex/ros2_ws/install/local_setup.zsh'
[5.250s] INFO:colcon.colcon_core.shell:Creating prefix chain script '/home/alex/ros2_ws/install/setup.zsh'
